=== Starting job ID 0 on node midway3-0029.rcc.local ===
Running AMP experiment for n = 2000
>>> Script started

=== Running for rho = 0.8 ===

=== Current trial for n = 2000, trial = 1 ===
[1 1 2]
[1 1 2]

=== Current trial for n = 2000, trial = 2 ===
[1 1 2]
[1 1 2]

=== Current trial for n = 2000, trial = 3 ===
[1 1 2]
[1 1 2]

=== Current trial for n = 2000, trial = 4 ===
[1 1 2]
[1 1 2]

=== Current trial for n = 2000, trial = 5 ===
[1 1 2]
[1 1 2]

=== Current trial for n = 2000, trial = 6 ===
[1 1 2]
[1 1 2]

=== Current trial for n = 2000, trial = 7 ===
[1 1 2]
[1 1 2]

=== Current trial for n = 2000, trial = 8 ===
[1 1 2]
[1 1 2]

=== Current trial for n = 2000, trial = 9 ===
[1 1 2]
[1 1 2]

=== Current trial for n = 2000, trial = 10 ===
[1 1 2]
[1 1 2]

=== Current trial for n = 2000, trial = 11 ===
[1 1 2]
[1 1 2]

=== Current trial for n = 2000, trial = 12 ===
[1 1 2]
[1 1 2]

=== Current trial for n = 2000, trial = 13 ===
[1 1 2]
[1 1 2]

=== Current trial for n = 2000, trial = 14 ===
[1 1 2]
[1 1 2]

=== Current trial for n = 2000, trial = 15 ===
[1 1 2]
[1 1 2]

=== Current trial for n = 2000, trial = 16 ===
[1 1 2]
[1 1 2]

=== Current trial for n = 2000, trial = 17 ===
[1 1 2]
[1 1 2]

=== Current trial for n = 2000, trial = 18 ===
[1 1 2]
[1 1 2]

=== Current trial for n = 2000, trial = 19 ===
[1 1 2]
[1 1 2]

=== Current trial for n = 2000, trial = 20 ===
[1 1 2]
[1 1 2]

=== Current trial for n = 2000, trial = 21 ===
[1 1 2]
[1 1 2]

=== Current trial for n = 2000, trial = 22 ===
[1 1 2]
[1 1 2]

=== Current trial for n = 2000, trial = 23 ===
[1 1 2]
[1 1 2]

=== Current trial for n = 2000, trial = 24 ===
[1 1 2]
[1 1 2]

=== Current trial for n = 2000, trial = 25 ===
[1 1 2]
[1 1 2]

=== Current trial for n = 2000, trial = 26 ===
[1 1 2]
[1 1 2]

=== Current trial for n = 2000, trial = 27 ===
[1 1 2]
[1 1 2]

=== Current trial for n = 2000, trial = 28 ===
[1 1 2]
[1 1 2]

=== Current trial for n = 2000, trial = 29 ===
[1 1 2]
[1 1 2]

=== Current trial for n = 2000, trial = 30 ===
[1 1 2]
[1 1 2]

=== Current trial for n = 2000, trial = 31 ===
[1 1 2]
[1 1 2]

=== Current trial for n = 2000, trial = 32 ===
[1 1 2]
[1 1 2]

=== Current trial for n = 2000, trial = 33 ===
[1 1 2]
[1 1 2]

=== Current trial for n = 2000, trial = 34 ===
[1 1 2]
[1 1 2]

=== Current trial for n = 2000, trial = 35 ===
[1 1 2]
[1 1 2]

=== Current trial for n = 2000, trial = 36 ===
[1 1 2]
[1 1 2]

=== Current trial for n = 2000, trial = 37 ===
[1 1 2]
[1 1 2]

=== Current trial for n = 2000, trial = 38 ===
[1 1 2]
[1 1 2]

=== Current trial for n = 2000, trial = 39 ===
[1 1 2]
[1 1 2]

=== Current trial for n = 2000, trial = 40 ===
[1 1 2]
[1 1 2]

=== Current trial for n = 2000, trial = 41 ===
[1 1 2]
[1 1 2]

=== Current trial for n = 2000, trial = 42 ===
[1 1 2]
[1 1 2]

=== Current trial for n = 2000, trial = 43 ===
[1 1 2]
[1 1 2]

=== Current trial for n = 2000, trial = 44 ===
[1 1 2]
[1 1 2]

=== Current trial for n = 2000, trial = 45 ===
[1 1 2]
[1 1 2]

=== Current trial for n = 2000, trial = 46 ===
[1 1 2]
[1 1 2]

=== Current trial for n = 2000, trial = 47 ===
[1 1 2]
[1 1 2]

=== Current trial for n = 2000, trial = 48 ===
[1 1 2]
[1 1 2]

=== Current trial for n = 2000, trial = 49 ===
[1 1 2]
[1 1 2]

=== Current trial for n = 2000, trial = 50 ===
[1 1 2]
[1 1 2]

=== For rho = 0.8, the results are {'clustered recontruction error': [np.float64(0.044929922752065775), np.float64(0.1783561647862391), np.float64(0.002146188893820827)], 'distinct recontruction error': [np.float64(0.039830084493763955), np.float64(0.19664964379192396), np.float64(0.002156343234914482)], 'same recontruction error': [np.float64(0.09265269141452101), np.float64(0.25897613356915583), np.float64(0.038441700724907574)], 'pred_clustered': np.float64(0.14319010725481648), 'pred_same_cluster': np.float64(0.19505833338462203), 'pred_distinct_clusters': np.float64(0.1577883232657467)} ===

=== Running for rho = 0.85 ===

=== Current trial for n = 2000, trial = 1 ===
[1 1 2]
[1 1 2]

=== Current trial for n = 2000, trial = 2 ===
[1 1 2]
[1 1 2]

=== Current trial for n = 2000, trial = 3 ===
[1 1 2]
[1 1 2]

=== Current trial for n = 2000, trial = 4 ===
[1 1 2]
[1 1 2]

=== Current trial for n = 2000, trial = 5 ===
[1 1 2]
[1 1 2]

=== Current trial for n = 2000, trial = 6 ===
[1 1 2]
[1 1 2]

=== Current trial for n = 2000, trial = 7 ===
[1 1 2]
[1 1 2]

=== Current trial for n = 2000, trial = 8 ===
[1 1 2]
[1 1 2]

=== Current trial for n = 2000, trial = 9 ===
[1 1 2]
[1 1 2]

=== Current trial for n = 2000, trial = 10 ===
[1 1 2]
[1 1 2]

=== Current trial for n = 2000, trial = 11 ===
[1 1 2]
[1 1 2]

=== Current trial for n = 2000, trial = 12 ===
[1 1 2]
[1 1 2]

=== Current trial for n = 2000, trial = 13 ===
[1 1 2]
[1 1 2]

=== Current trial for n = 2000, trial = 14 ===
[1 1 2]
[1 1 2]

=== Current trial for n = 2000, trial = 15 ===
[1 1 2]
[1 1 2]

=== Current trial for n = 2000, trial = 16 ===
[1 1 2]
[1 1 2]

=== Current trial for n = 2000, trial = 17 ===
[1 1 2]
[1 1 2]

=== Current trial for n = 2000, trial = 18 ===
[1 1 2]
[1 1 2]

=== Current trial for n = 2000, trial = 19 ===
[1 1 2]
[1 1 2]

=== Current trial for n = 2000, trial = 20 ===
[1 1 2]
[1 1 2]

=== Current trial for n = 2000, trial = 21 ===
[1 1 2]
[1 1 2]

=== Current trial for n = 2000, trial = 22 ===
[1 1 2]
[1 1 2]

=== Current trial for n = 2000, trial = 23 ===
[1 1 2]
[1 1 2]

=== Current trial for n = 2000, trial = 24 ===
[1 1 2]
[1 1 2]

=== Current trial for n = 2000, trial = 25 ===
[1 1 2]
[1 1 2]

=== Current trial for n = 2000, trial = 26 ===
[1 1 2]
[1 1 2]

=== Current trial for n = 2000, trial = 27 ===
[1 1 2]
[1 1 2]

=== Current trial for n = 2000, trial = 28 ===
[1 1 2]
[1 1 2]

=== Current trial for n = 2000, trial = 29 ===
[1 1 2]
[1 1 2]

=== Current trial for n = 2000, trial = 30 ===
[1 1 2]
[1 1 2]

=== Current trial for n = 2000, trial = 31 ===
[1 1 2]
[1 1 2]

=== Current trial for n = 2000, trial = 32 ===
[1 1 2]
[1 1 2]

=== Current trial for n = 2000, trial = 33 ===
[1 1 2]
[1 1 2]

=== Current trial for n = 2000, trial = 34 ===
[1 1 2]
[1 1 2]

=== Current trial for n = 2000, trial = 35 ===
[1 1 2]
[1 1 2]

=== Current trial for n = 2000, trial = 36 ===
[1 1 2]
[1 1 2]

=== Current trial for n = 2000, trial = 37 ===
[1 1 2]
[1 1 2]

=== Current trial for n = 2000, trial = 38 ===
[1 1 2]
[1 1 2]

=== Current trial for n = 2000, trial = 39 ===
[1 1 2]
[1 1 2]

=== Current trial for n = 2000, trial = 40 ===
[1 1 2]
[1 1 2]

=== Current trial for n = 2000, trial = 41 ===
[1 1 2]
[1 1 2]

=== Current trial for n = 2000, trial = 42 ===
[1 1 2]
[1 1 2]

=== Current trial for n = 2000, trial = 43 ===
[1 1 2]
[1 1 2]

=== Current trial for n = 2000, trial = 44 ===
[1 1 2]
[1 1 2]

=== Current trial for n = 2000, trial = 45 ===
[1 1 2]
[1 1 2]

=== Current trial for n = 2000, trial = 46 ===
[1 1 2]
[1 1 2]

=== Current trial for n = 2000, trial = 47 ===
[1 1 2]
[1 1 2]

=== Current trial for n = 2000, trial = 48 ===
[1 1 2]
[1 1 2]

=== Current trial for n = 2000, trial = 49 ===
[1 1 2]
[1 1 2]

=== Current trial for n = 2000, trial = 50 ===
[1 1 2]
[1 1 2]

=== For rho = 0.85, the results are {'clustered recontruction error': [np.float64(0.03729246739191675), np.float64(0.18320156863026052), np.float64(0.0020627439533494824)], 'distinct recontruction error': [np.float64(0.03885686788549929), np.float64(0.22173255844474468), np.float64(0.0020448306572540694)], 'same recontruction error': [np.float64(0.0921606114672142), np.float64(0.2648529359299702), np.float64(0.0378736287301959)], 'pred_clustered': np.float64(0.1342269959254898), 'pred_same_cluster': np.float64(0.1811298166666306), 'pred_distinct_clusters': np.float64(0.15400887410445982)} ===

=== Running for rho = 0.9 ===

=== Current trial for n = 2000, trial = 1 ===
[1 1 2]
[1 1 2]

=== Current trial for n = 2000, trial = 2 ===
[1 1 2]
[1 1 2]

=== Current trial for n = 2000, trial = 3 ===
[1 1 2]
[1 1 2]

=== Current trial for n = 2000, trial = 4 ===
[1 1 2]
[1 1 2]

=== Current trial for n = 2000, trial = 5 ===
[1 1 2]
[1 1 2]

=== Current trial for n = 2000, trial = 6 ===
[1 1 2]
[1 1 2]

=== Current trial for n = 2000, trial = 7 ===
[1 1 2]
[1 1 2]

=== Current trial for n = 2000, trial = 8 ===
[1 1 2]
[1 1 2]

=== Current trial for n = 2000, trial = 9 ===
[1 1 2]
[1 1 2]

=== Current trial for n = 2000, trial = 10 ===
[1 1 2]
[1 1 2]

=== Current trial for n = 2000, trial = 11 ===
[1 1 2]
[1 1 2]

=== Current trial for n = 2000, trial = 12 ===
[1 1 2]
[1 1 2]

=== Current trial for n = 2000, trial = 13 ===
[1 1 2]
[1 1 2]

=== Current trial for n = 2000, trial = 14 ===
[1 1 2]
[1 1 2]

=== Current trial for n = 2000, trial = 15 ===
[1 1 2]
[1 1 2]

=== Current trial for n = 2000, trial = 16 ===
[1 1 2]
[1 1 2]

=== Current trial for n = 2000, trial = 17 ===
[1 1 2]
[1 1 2]

=== Current trial for n = 2000, trial = 18 ===
[1 1 2]
[1 1 2]

=== Current trial for n = 2000, trial = 19 ===
[1 1 2]
[1 1 2]

=== Current trial for n = 2000, trial = 20 ===
[1 1 2]
[1 1 2]

=== Current trial for n = 2000, trial = 21 ===
[1 1 2]
[1 1 2]

=== Current trial for n = 2000, trial = 22 ===
[1 1 2]
[1 1 2]

=== Current trial for n = 2000, trial = 23 ===
[1 1 2]
[1 1 2]

=== Current trial for n = 2000, trial = 24 ===
[1 1 2]
[1 1 2]

=== Current trial for n = 2000, trial = 25 ===
[1 1 2]
[1 1 2]

=== Current trial for n = 2000, trial = 26 ===
[1 1 2]
[1 1 2]

=== Current trial for n = 2000, trial = 27 ===
[1 1 2]
[1 1 2]

=== Current trial for n = 2000, trial = 28 ===
[1 1 2]
[1 1 2]

=== Current trial for n = 2000, trial = 29 ===
[1 1 2]
[1 1 2]

=== Current trial for n = 2000, trial = 30 ===
[1 1 2]
[1 1 2]

=== Current trial for n = 2000, trial = 31 ===
[1 1 2]
[1 1 2]

=== Current trial for n = 2000, trial = 32 ===
[1 1 2]
[1 1 2]

=== Current trial for n = 2000, trial = 33 ===
[1 1 2]
[1 1 2]

=== Current trial for n = 2000, trial = 34 ===
[1 1 2]
[1 1 2]

=== Current trial for n = 2000, trial = 35 ===
[1 1 2]
[1 1 2]

=== Current trial for n = 2000, trial = 36 ===
[1 1 2]
[1 1 2]

=== Current trial for n = 2000, trial = 37 ===
[1 1 2]
[1 1 2]

=== Current trial for n = 2000, trial = 38 ===
[1 1 2]
[1 1 2]

=== Current trial for n = 2000, trial = 39 ===
[1 1 2]
[1 1 2]

=== Current trial for n = 2000, trial = 40 ===
[1 1 2]
[1 1 2]

=== Current trial for n = 2000, trial = 41 ===
[1 1 2]
[1 1 2]

=== Current trial for n = 2000, trial = 42 ===
[1 1 2]
[1 1 2]

=== Current trial for n = 2000, trial = 43 ===
[1 1 2]
[1 1 2]

=== Current trial for n = 2000, trial = 44 ===
[1 1 2]
[1 1 2]

=== Current trial for n = 2000, trial = 45 ===
[1 1 2]
[1 1 2]

=== Current trial for n = 2000, trial = 46 ===
[1 1 2]
[1 1 2]

=== Current trial for n = 2000, trial = 47 ===
[1 1 2]
[1 1 2]

=== Current trial for n = 2000, trial = 48 ===
[1 1 2]
[1 1 2]

=== Current trial for n = 2000, trial = 49 ===
[1 1 2]
[1 1 2]

=== Current trial for n = 2000, trial = 50 ===
[1 1 2]
[1 1 2]

=== For rho = 0.9, the results are {'clustered recontruction error': [np.float64(0.02850061598771554), np.float64(0.17666349833544603), np.float64(0.0015135057254592552)], 'distinct recontruction error': [np.float64(0.03996096802511031), np.float64(0.2320787034606056), np.float64(0.0015287128259292276)], 'same recontruction error': [np.float64(0.07535262650208328), np.float64(0.2368128611763934), np.float64(0.03410762962139801)], 'pred_clustered': np.float64(0.11951042039970858), 'pred_same_cluster': np.float64(0.15796900922287405), 'pred_distinct_clusters': np.float64(0.14663952147091527)} ===

=== Running for rho = 0.95 ===

=== Current trial for n = 2000, trial = 1 ===
[1 1 2]
[1 1 2]

=== Current trial for n = 2000, trial = 2 ===
[1 1 2]
[1 1 2]

=== Current trial for n = 2000, trial = 3 ===
[1 1 2]
[1 1 2]

=== Current trial for n = 2000, trial = 4 ===
[1 1 2]
[1 1 2]

=== Current trial for n = 2000, trial = 5 ===
[1 1 2]
[1 1 2]

=== Current trial for n = 2000, trial = 6 ===
[1 1 2]
[1 1 2]

=== Current trial for n = 2000, trial = 7 ===
[1 1 2]
[1 1 2]

=== Current trial for n = 2000, trial = 8 ===
[1 1 2]
[1 1 2]

=== Current trial for n = 2000, trial = 9 ===
[1 1 2]
[1 1 2]

=== Current trial for n = 2000, trial = 10 ===
[1 1 2]
[1 1 2]

=== Current trial for n = 2000, trial = 11 ===
[1 1 2]
[1 1 2]

=== Current trial for n = 2000, trial = 12 ===
[1 1 2]
[1 1 2]

=== Current trial for n = 2000, trial = 13 ===
[1 1 2]
[1 1 2]

=== Current trial for n = 2000, trial = 14 ===
[1 1 2]
[1 1 2]

=== Current trial for n = 2000, trial = 15 ===
[1 1 2]
[1 1 2]

=== Current trial for n = 2000, trial = 16 ===
[1 1 2]
[1 1 2]

=== Current trial for n = 2000, trial = 17 ===
[1 1 2]
[1 1 2]

=== Current trial for n = 2000, trial = 18 ===
[1 1 2]
[1 1 2]

=== Current trial for n = 2000, trial = 19 ===
[1 1 2]
[1 1 2]

=== Current trial for n = 2000, trial = 20 ===
[1 1 2]
[1 1 2]

=== Current trial for n = 2000, trial = 21 ===
[1 1 2]
[1 1 2]

=== Current trial for n = 2000, trial = 22 ===
[1 1 2]
[1 1 2]

=== Current trial for n = 2000, trial = 23 ===
[1 1 2]
[1 1 2]

=== Current trial for n = 2000, trial = 24 ===
[1 1 2]
[1 1 2]

=== Current trial for n = 2000, trial = 25 ===
[1 1 2]
[1 1 2]

=== Current trial for n = 2000, trial = 26 ===
[1 1 2]
[1 1 2]

=== Current trial for n = 2000, trial = 27 ===
[1 1 2]
[1 1 2]

=== Current trial for n = 2000, trial = 28 ===
[1 1 2]
[1 1 2]

=== Current trial for n = 2000, trial = 29 ===
[1 1 2]
[1 1 2]

=== Current trial for n = 2000, trial = 30 ===
[1 1 2]
[1 1 2]

=== Current trial for n = 2000, trial = 31 ===
[1 1 2]
[1 1 2]

=== Current trial for n = 2000, trial = 32 ===
[1 1 2]
[1 1 2]

=== Current trial for n = 2000, trial = 33 ===
[1 1 2]
[1 1 2]

=== Current trial for n = 2000, trial = 34 ===
[1 1 2]
[1 1 2]

=== Current trial for n = 2000, trial = 35 ===
[1 1 2]
[1 1 2]

=== Current trial for n = 2000, trial = 36 ===
[1 1 2]
[1 1 2]

=== Current trial for n = 2000, trial = 37 ===
[1 1 2]
[1 1 2]

=== Current trial for n = 2000, trial = 38 ===
[1 1 2]
[1 1 2]

=== Current trial for n = 2000, trial = 39 ===
[1 1 2]
[1 1 2]

=== Current trial for n = 2000, trial = 40 ===
[1 1 2]
[1 1 2]

=== Current trial for n = 2000, trial = 41 ===
[1 1 2]
[1 1 2]

=== Current trial for n = 2000, trial = 42 ===
[1 1 2]
[1 1 2]

=== Current trial for n = 2000, trial = 43 ===
[1 1 2]
[1 1 2]

=== Current trial for n = 2000, trial = 44 ===
[1 1 2]
[1 1 2]

=== Current trial for n = 2000, trial = 45 ===
[1 1 2]
[1 1 2]

=== Current trial for n = 2000, trial = 46 ===
[1 1 2]
[1 1 2]

=== Current trial for n = 2000, trial = 47 ===
[1 1 2]
[1 1 2]

=== Current trial for n = 2000, trial = 48 ===
[1 1 2]
[1 1 2]

=== Current trial for n = 2000, trial = 49 ===
[1 1 2]
[1 1 2]

=== Current trial for n = 2000, trial = 50 ===
[1 1 2]
[1 1 2]

=== For rho = 0.95, the results are {'clustered recontruction error': [np.float64(0.022162406881442543), np.float64(0.13619346548061656), np.float64(0.0018947282922170928)], 'distinct recontruction error': [np.float64(0.038998453358202345), np.float64(0.19259095744531382), np.float64(0.0018762769000811635)], 'same recontruction error': [np.float64(0.06153797292951373), np.float64(0.18186726950395599), np.float64(0.029379252340626022)], 'pred_clustered': np.float64(0.09192220683776622), 'pred_same_cluster': np.float64(0.11193002761154838), 'pred_distinct_clusters': np.float64(0.12603920649157194)} ===

=== Running for rho = 1.0 ===

=== Current trial for n = 2000, trial = 1 ===
[1 1 2]
[1 1 2]

=== Current trial for n = 2000, trial = 2 ===
[1 1 2]
[1 1 2]

=== Current trial for n = 2000, trial = 3 ===
[1 1 2]
[1 1 2]

=== Current trial for n = 2000, trial = 4 ===
[1 1 2]
[1 1 2]

=== Current trial for n = 2000, trial = 5 ===
[1 1 2]
[1 1 2]

=== Current trial for n = 2000, trial = 6 ===
[1 1 2]
[1 1 2]

=== Current trial for n = 2000, trial = 7 ===
[1 1 2]
[1 1 2]

=== Current trial for n = 2000, trial = 8 ===
[1 1 2]
[1 1 2]

=== Current trial for n = 2000, trial = 9 ===
[1 1 2]
[1 1 2]

=== Current trial for n = 2000, trial = 10 ===
[1 1 2]
[1 1 2]

=== Current trial for n = 2000, trial = 11 ===
[1 1 2]
[1 1 2]

=== Current trial for n = 2000, trial = 12 ===
[1 1 2]
[1 1 2]

=== Current trial for n = 2000, trial = 13 ===
[1 1 2]
[1 1 2]

=== Current trial for n = 2000, trial = 14 ===
[1 1 2]
[1 1 2]

=== Current trial for n = 2000, trial = 15 ===
[1 1 2]
[1 1 2]

=== Current trial for n = 2000, trial = 16 ===
[1 1 2]
[1 1 2]

=== Current trial for n = 2000, trial = 17 ===
[1 1 2]
[1 1 2]

=== Current trial for n = 2000, trial = 18 ===
[1 1 2]
[1 1 2]

=== Current trial for n = 2000, trial = 19 ===
[1 1 2]
[1 1 2]

=== Current trial for n = 2000, trial = 20 ===
[1 1 2]
[1 1 2]

=== Current trial for n = 2000, trial = 21 ===
[1 1 2]
[1 1 2]

=== Current trial for n = 2000, trial = 22 ===
[1 1 2]
[1 1 2]

=== Current trial for n = 2000, trial = 23 ===
[1 1 2]
[1 1 2]

=== Current trial for n = 2000, trial = 24 ===
[1 1 2]
[1 1 2]

=== Current trial for n = 2000, trial = 25 ===
[1 1 2]
[1 1 2]

=== Current trial for n = 2000, trial = 26 ===
[1 1 2]
[1 1 2]

=== Current trial for n = 2000, trial = 27 ===
[1 1 2]
[1 1 2]

=== Current trial for n = 2000, trial = 28 ===
[1 1 2]
[1 1 2]

=== Current trial for n = 2000, trial = 29 ===
[1 1 2]
[1 1 2]

=== Current trial for n = 2000, trial = 30 ===
[1 1 2]
[1 1 2]

=== Current trial for n = 2000, trial = 31 ===
[1 1 2]
[1 1 2]

=== Current trial for n = 2000, trial = 32 ===
[1 1 2]
[1 1 2]

=== Current trial for n = 2000, trial = 33 ===
[1 1 2]
[1 1 2]

=== Current trial for n = 2000, trial = 34 ===
[1 1 2]
[1 1 2]

=== Current trial for n = 2000, trial = 35 ===
[1 1 2]
[1 1 2]

=== Current trial for n = 2000, trial = 36 ===
[1 1 2]
[1 1 2]

=== Current trial for n = 2000, trial = 37 ===
[1 1 2]
[1 1 2]

=== Current trial for n = 2000, trial = 38 ===
[1 1 2]
[1 1 2]

=== Current trial for n = 2000, trial = 39 ===
[1 1 2]
[1 1 2]

=== Current trial for n = 2000, trial = 40 ===
[1 1 2]
[1 1 2]

=== Current trial for n = 2000, trial = 41 ===
[1 1 2]
[1 1 2]

=== Current trial for n = 2000, trial = 42 ===
[1 1 2]
[1 1 2]

=== Current trial for n = 2000, trial = 43 ===
[1 1 2]
[1 1 2]

=== Current trial for n = 2000, trial = 44 ===
[1 1 2]
[1 1 2]

=== Current trial for n = 2000, trial = 45 ===
[1 1 2]
[1 1 2]

=== Current trial for n = 2000, trial = 46 ===
[1 1 2]
[1 1 2]

=== Current trial for n = 2000, trial = 47 ===
[1 1 2]
[1 1 2]

=== Current trial for n = 2000, trial = 48 ===
[1 1 2]
[1 1 2]

=== Current trial for n = 2000, trial = 49 ===
[1 1 2]
[1 1 2]

=== Current trial for n = 2000, trial = 50 ===
[1 1 2]
[1 1 2]

=== For rho = 1.0, the results are {'clustered recontruction error': [np.float64(0.016025393748525952), np.float64(0.021246625617065376), np.float64(0.0014419557014357983)], 'distinct recontruction error': [np.float64(0.03685347409338932), np.float64(0.04515504742064464), np.float64(0.001481695365261404)], 'same recontruction error': [np.float64(0.04886777199576328), np.float64(0.0613905177719699), np.float64(0.024431708464012814)], 'pred_clustered': np.float64(0.01726523779430768), 'pred_same_cluster': np.float64(0.028416692794009414), 'pred_distinct_clusters': np.float64(0.05341488474432457)} ===
>>> Reconstruction errors saved to Results/pred_vary_rho/rho_results_n_2000.csv
>>> Prediction errors saved to Results/pred_vary_rho/prediction_results_n_2000.csv
