=== Starting job ID 3 on node midway3-0030.rcc.local ===
Running AMP experiment for n = 3500
>>> Script started

=== Running for rho = 0.8 ===

=== Current trial for n = 3500, trial = 1 ===
[1 1 2]
[1 1 2]

=== Current trial for n = 3500, trial = 2 ===
[1 1 2]
[1 1 2]

=== Current trial for n = 3500, trial = 3 ===
[1 1 2]
[1 1 2]

=== Current trial for n = 3500, trial = 4 ===
[1 1 2]
[1 1 2]

=== Current trial for n = 3500, trial = 5 ===
[1 1 2]
[1 1 2]

=== Current trial for n = 3500, trial = 6 ===
[1 1 2]
[1 1 2]

=== Current trial for n = 3500, trial = 7 ===
[1 1 2]
[1 1 2]

=== Current trial for n = 3500, trial = 8 ===
[1 1 2]
[1 1 2]

=== Current trial for n = 3500, trial = 9 ===
[1 1 2]
[1 1 2]

=== Current trial for n = 3500, trial = 10 ===
[1 1 2]
[1 1 2]

=== Current trial for n = 3500, trial = 11 ===
[1 1 2]
[1 1 2]

=== Current trial for n = 3500, trial = 12 ===
[1 1 2]
[1 1 2]

=== Current trial for n = 3500, trial = 13 ===
[1 1 2]
[1 1 2]

=== Current trial for n = 3500, trial = 14 ===
[1 1 2]
[1 1 2]

=== Current trial for n = 3500, trial = 15 ===
[1 1 2]
[1 1 2]

=== Current trial for n = 3500, trial = 16 ===
[1 1 2]
[1 1 2]

=== Current trial for n = 3500, trial = 17 ===
[1 1 2]
[1 1 2]

=== Current trial for n = 3500, trial = 18 ===
[1 1 2]
[1 1 2]

=== Current trial for n = 3500, trial = 19 ===
[1 1 2]
[1 1 2]

=== Current trial for n = 3500, trial = 20 ===
[1 1 2]
[1 1 2]

=== Current trial for n = 3500, trial = 21 ===
[1 1 2]
[1 1 2]

=== Current trial for n = 3500, trial = 22 ===
[1 1 2]
[1 1 2]

=== Current trial for n = 3500, trial = 23 ===
[1 1 2]
[1 1 2]

=== Current trial for n = 3500, trial = 24 ===
[1 1 2]
[1 1 2]

=== Current trial for n = 3500, trial = 25 ===
[1 1 2]
[1 1 2]

=== Current trial for n = 3500, trial = 26 ===
[1 1 2]
[1 1 2]

=== Current trial for n = 3500, trial = 27 ===
[1 1 2]
[1 1 2]

=== Current trial for n = 3500, trial = 28 ===
[1 1 2]
[1 1 2]

=== Current trial for n = 3500, trial = 29 ===
[1 1 2]
[1 1 2]

=== Current trial for n = 3500, trial = 30 ===
[1 1 2]
[1 1 2]

=== Current trial for n = 3500, trial = 31 ===
[1 1 2]
[1 1 2]

=== Current trial for n = 3500, trial = 32 ===
[1 1 2]
[1 1 2]

=== Current trial for n = 3500, trial = 33 ===
[1 1 2]
[1 1 2]

=== Current trial for n = 3500, trial = 34 ===
[1 1 2]
[1 1 2]

=== Current trial for n = 3500, trial = 35 ===
[1 1 2]
[1 1 2]

=== Current trial for n = 3500, trial = 36 ===
[1 1 2]
[1 1 2]

=== Current trial for n = 3500, trial = 37 ===
[1 1 2]
[1 1 2]

=== Current trial for n = 3500, trial = 38 ===
[1 1 2]
[1 1 2]

=== Current trial for n = 3500, trial = 39 ===
[1 1 2]
[1 1 2]

=== Current trial for n = 3500, trial = 40 ===
[1 1 2]
[1 1 2]

=== Current trial for n = 3500, trial = 41 ===
[1 1 2]
[1 1 2]

=== Current trial for n = 3500, trial = 42 ===
[1 1 2]
[1 1 2]

=== Current trial for n = 3500, trial = 43 ===
[1 1 2]
[1 1 2]

=== Current trial for n = 3500, trial = 44 ===
[1 1 2]
[1 1 2]

=== Current trial for n = 3500, trial = 45 ===
[1 1 2]
[1 1 2]

=== Current trial for n = 3500, trial = 46 ===
[1 1 2]
[1 1 2]

=== Current trial for n = 3500, trial = 47 ===
[1 1 2]
[1 1 2]

=== Current trial for n = 3500, trial = 48 ===
[1 1 2]
[1 1 2]

=== Current trial for n = 3500, trial = 49 ===
[1 1 2]
[1 1 2]

=== Current trial for n = 3500, trial = 50 ===
[1 1 2]
[1 1 2]

=== For rho = 0.8, the results are {'clustered recontruction error': [np.float64(0.04254877588802703), np.float64(0.17950518103446733), np.float64(0.001209962003983733)], 'distinct recontruction error': [np.float64(0.038288821811214936), np.float64(0.1962082397024114), np.float64(0.0011963859335155699)], 'same recontruction error': [np.float64(0.0940734370413509), np.float64(0.2635912298383949), np.float64(0.03662124156916677)], 'pred_clustered': np.float64(0.14333740866088418), 'pred_same_cluster': np.float64(0.19305126336057504), 'pred_distinct_clusters': np.float64(0.16053528602405776)} ===

=== Running for rho = 0.85 ===

=== Current trial for n = 3500, trial = 1 ===
[1 1 2]
[1 1 2]

=== Current trial for n = 3500, trial = 2 ===
[1 1 2]
[1 1 2]

=== Current trial for n = 3500, trial = 3 ===
[1 1 2]
[1 1 2]

=== Current trial for n = 3500, trial = 4 ===
[1 1 2]
[1 1 2]

=== Current trial for n = 3500, trial = 5 ===
[1 1 2]
[1 1 2]

=== Current trial for n = 3500, trial = 6 ===
[1 1 2]
[1 1 2]

=== Current trial for n = 3500, trial = 7 ===
[1 1 2]
[1 1 2]

=== Current trial for n = 3500, trial = 8 ===
[1 1 2]
[1 1 2]

=== Current trial for n = 3500, trial = 9 ===
[1 1 2]
[1 1 2]

=== Current trial for n = 3500, trial = 10 ===
[1 1 2]
[1 1 2]

=== Current trial for n = 3500, trial = 11 ===
[1 1 2]
[1 1 2]

=== Current trial for n = 3500, trial = 12 ===
[1 1 2]
[1 1 2]

=== Current trial for n = 3500, trial = 13 ===
[1 1 2]
[1 1 2]

=== Current trial for n = 3500, trial = 14 ===
[1 1 2]
[1 1 2]

=== Current trial for n = 3500, trial = 15 ===
[1 1 2]
[1 1 2]

=== Current trial for n = 3500, trial = 16 ===
[1 1 2]
[1 1 2]

=== Current trial for n = 3500, trial = 17 ===
[1 1 2]
[1 1 2]

=== Current trial for n = 3500, trial = 18 ===
[1 1 2]
[1 1 2]

=== Current trial for n = 3500, trial = 19 ===
[1 1 2]
[1 1 2]

=== Current trial for n = 3500, trial = 20 ===
[1 1 2]
[1 1 2]

=== Current trial for n = 3500, trial = 21 ===
[1 1 2]
[1 1 2]

=== Current trial for n = 3500, trial = 22 ===
[1 1 2]
[1 1 2]

=== Current trial for n = 3500, trial = 23 ===
[1 1 2]
[1 1 2]

=== Current trial for n = 3500, trial = 24 ===
[1 1 2]
[1 1 2]

=== Current trial for n = 3500, trial = 25 ===
[1 1 2]
[1 1 2]

=== Current trial for n = 3500, trial = 26 ===
[1 1 2]
[1 1 2]

=== Current trial for n = 3500, trial = 27 ===
[1 1 2]
[1 1 2]

=== Current trial for n = 3500, trial = 28 ===
[1 1 2]
[1 1 2]

=== Current trial for n = 3500, trial = 29 ===
[1 1 2]
[1 1 2]

=== Current trial for n = 3500, trial = 30 ===
[1 1 2]
[1 1 2]

=== Current trial for n = 3500, trial = 31 ===
[1 1 2]
[1 1 2]

=== Current trial for n = 3500, trial = 32 ===
[1 1 2]
[1 1 2]

=== Current trial for n = 3500, trial = 33 ===
[1 1 2]
[1 1 2]

=== Current trial for n = 3500, trial = 34 ===
[1 1 2]
[1 1 2]

=== Current trial for n = 3500, trial = 35 ===
[1 1 2]
[1 1 2]

=== Current trial for n = 3500, trial = 36 ===
[1 1 2]
[1 1 2]

=== Current trial for n = 3500, trial = 37 ===
[1 1 2]
[1 1 2]

=== Current trial for n = 3500, trial = 38 ===
[1 1 2]
[1 1 2]

=== Current trial for n = 3500, trial = 39 ===
[1 1 2]
[1 1 2]

=== Current trial for n = 3500, trial = 40 ===
[1 1 2]
[1 1 2]

=== Current trial for n = 3500, trial = 41 ===
[1 1 2]
[1 1 2]

=== Current trial for n = 3500, trial = 42 ===
[1 1 2]
[1 1 2]

=== Current trial for n = 3500, trial = 43 ===
[1 1 2]
[1 1 2]

=== Current trial for n = 3500, trial = 44 ===
[1 1 2]
[1 1 2]

=== Current trial for n = 3500, trial = 45 ===
[1 1 2]
[1 1 2]

=== Current trial for n = 3500, trial = 46 ===
[1 1 2]
[1 1 2]

=== Current trial for n = 3500, trial = 47 ===
[1 1 2]
[1 1 2]

=== Current trial for n = 3500, trial = 48 ===
[1 1 2]
[1 1 2]

=== Current trial for n = 3500, trial = 49 ===
[1 1 2]
[1 1 2]

=== Current trial for n = 3500, trial = 50 ===
[1 1 2]
[1 1 2]

=== For rho = 0.85, the results are {'clustered recontruction error': [np.float64(0.036602986264960016), np.float64(0.18265793477903763), np.float64(0.0017780308620778255)], 'distinct recontruction error': [np.float64(0.03755321779260666), np.float64(0.22159408274861583), np.float64(0.0017680214624718014)], 'same recontruction error': [np.float64(0.08430004794307144), np.float64(0.2578816245767241), np.float64(0.03700663578007082)], 'pred_clustered': np.float64(0.13141021615166915), 'pred_same_cluster': np.float64(0.18068530013295983), 'pred_distinct_clusters': np.float64(0.14734337744842402)} ===

=== Running for rho = 0.9 ===

=== Current trial for n = 3500, trial = 1 ===
[1 1 2]
[1 1 2]

=== Current trial for n = 3500, trial = 2 ===
[1 1 2]
[1 1 2]

=== Current trial for n = 3500, trial = 3 ===
[1 1 2]
[1 1 2]

=== Current trial for n = 3500, trial = 4 ===
[1 1 2]
[1 1 2]

=== Current trial for n = 3500, trial = 5 ===
[1 1 2]
[1 1 2]

=== Current trial for n = 3500, trial = 6 ===
[1 1 2]
[1 1 2]

=== Current trial for n = 3500, trial = 7 ===
[1 1 2]
[1 1 2]

=== Current trial for n = 3500, trial = 8 ===
[1 1 2]
[1 1 2]

=== Current trial for n = 3500, trial = 9 ===
[1 1 2]
[1 1 2]

=== Current trial for n = 3500, trial = 10 ===
[1 1 2]
[1 1 2]

=== Current trial for n = 3500, trial = 11 ===
[1 1 2]
[1 1 2]

=== Current trial for n = 3500, trial = 12 ===
[1 1 2]
[1 1 2]

=== Current trial for n = 3500, trial = 13 ===
[1 1 2]
[1 1 2]

=== Current trial for n = 3500, trial = 14 ===
[1 1 2]
[1 1 2]

=== Current trial for n = 3500, trial = 15 ===
[1 1 2]
[1 1 2]

=== Current trial for n = 3500, trial = 16 ===
[1 1 2]
[1 1 2]

=== Current trial for n = 3500, trial = 17 ===
[1 1 2]
[1 1 2]

=== Current trial for n = 3500, trial = 18 ===
[1 1 2]
[1 1 2]

=== Current trial for n = 3500, trial = 19 ===
[1 1 2]
[1 1 2]

=== Current trial for n = 3500, trial = 20 ===
[1 1 2]
[1 1 2]

=== Current trial for n = 3500, trial = 21 ===
[1 1 2]
[1 1 2]

=== Current trial for n = 3500, trial = 22 ===
[1 1 2]
[1 1 2]

=== Current trial for n = 3500, trial = 23 ===
[1 1 2]
[1 1 2]

=== Current trial for n = 3500, trial = 24 ===
[1 1 2]
[1 1 2]

=== Current trial for n = 3500, trial = 25 ===
[1 1 2]
[1 1 2]

=== Current trial for n = 3500, trial = 26 ===
[1 1 2]
[1 1 2]

=== Current trial for n = 3500, trial = 27 ===
[1 1 2]
[1 1 2]

=== Current trial for n = 3500, trial = 28 ===
[1 1 2]
[1 1 2]

=== Current trial for n = 3500, trial = 29 ===
[1 1 2]
[1 1 2]

=== Current trial for n = 3500, trial = 30 ===
[1 1 2]
[1 1 2]

=== Current trial for n = 3500, trial = 31 ===
[1 1 2]
[1 1 2]

=== Current trial for n = 3500, trial = 32 ===
[1 1 2]
[1 1 2]

=== Current trial for n = 3500, trial = 33 ===
[1 1 2]
[1 1 2]

=== Current trial for n = 3500, trial = 34 ===
[1 1 2]
[1 1 2]

=== Current trial for n = 3500, trial = 35 ===
[1 1 2]
[1 1 2]

=== Current trial for n = 3500, trial = 36 ===
[1 1 2]
[1 1 2]

=== Current trial for n = 3500, trial = 37 ===
[1 1 2]
[1 1 2]

=== Current trial for n = 3500, trial = 38 ===
[1 1 2]
[1 1 2]

=== Current trial for n = 3500, trial = 39 ===
[1 1 2]
[1 1 2]

=== Current trial for n = 3500, trial = 40 ===
[1 1 2]
[1 1 2]

=== Current trial for n = 3500, trial = 41 ===
[1 1 2]
[1 1 2]

=== Current trial for n = 3500, trial = 42 ===
[1 1 2]
[1 1 2]

=== Current trial for n = 3500, trial = 43 ===
[1 1 2]
[1 1 2]

=== Current trial for n = 3500, trial = 44 ===
[1 1 2]
[1 1 2]

=== Current trial for n = 3500, trial = 45 ===
[1 1 2]
[1 1 2]

=== Current trial for n = 3500, trial = 46 ===
[1 1 2]
[1 1 2]

=== Current trial for n = 3500, trial = 47 ===
[1 1 2]
[1 1 2]

=== Current trial for n = 3500, trial = 48 ===
[1 1 2]
[1 1 2]

=== Current trial for n = 3500, trial = 49 ===
[1 1 2]
[1 1 2]

=== Current trial for n = 3500, trial = 50 ===
[1 1 2]
[1 1 2]

=== For rho = 0.9, the results are {'clustered recontruction error': [np.float64(0.027022742692310118), np.float64(0.1748724012891526), np.float64(0.001633200649523818)], 'distinct recontruction error': [np.float64(0.037737834720310774), np.float64(0.22939182938872166), np.float64(0.0016483740271535305)], 'same recontruction error': [np.float64(0.0751402554666682), np.float64(0.23938650826681157), np.float64(0.03388660952014455)], 'pred_clustered': np.float64(0.11700624532515212), 'pred_same_cluster': np.float64(0.16095087011278555), 'pred_distinct_clusters': np.float64(0.13830295843673174)} ===

=== Running for rho = 0.95 ===

=== Current trial for n = 3500, trial = 1 ===
[1 1 2]
[1 1 2]

=== Current trial for n = 3500, trial = 2 ===
[1 1 2]
[1 1 2]

=== Current trial for n = 3500, trial = 3 ===
[1 1 2]
[1 1 2]

=== Current trial for n = 3500, trial = 4 ===
[1 1 2]
[1 1 2]

=== Current trial for n = 3500, trial = 5 ===
[1 1 2]
[1 1 2]

=== Current trial for n = 3500, trial = 6 ===
[1 1 2]
[1 1 2]

=== Current trial for n = 3500, trial = 7 ===
[1 1 2]
[1 1 2]

=== Current trial for n = 3500, trial = 8 ===
[1 1 2]
[1 1 2]

=== Current trial for n = 3500, trial = 9 ===
[1 1 2]
[1 1 2]

=== Current trial for n = 3500, trial = 10 ===
[1 1 2]
[1 1 2]

=== Current trial for n = 3500, trial = 11 ===
[1 1 2]
[1 1 2]

=== Current trial for n = 3500, trial = 12 ===
[1 1 2]
[1 1 2]

=== Current trial for n = 3500, trial = 13 ===
[1 1 2]
[1 1 2]

=== Current trial for n = 3500, trial = 14 ===
[1 1 2]
[1 1 2]

=== Current trial for n = 3500, trial = 15 ===
[1 1 2]
[1 1 2]

=== Current trial for n = 3500, trial = 16 ===
[1 1 2]
[1 1 2]

=== Current trial for n = 3500, trial = 17 ===
[1 1 2]
[1 1 2]

=== Current trial for n = 3500, trial = 18 ===
[1 1 2]
[1 1 2]

=== Current trial for n = 3500, trial = 19 ===
[1 1 2]
[1 1 2]

=== Current trial for n = 3500, trial = 20 ===
[1 1 2]
[1 1 2]

=== Current trial for n = 3500, trial = 21 ===
[1 1 2]
[1 1 2]

=== Current trial for n = 3500, trial = 22 ===
[1 1 2]
[1 1 2]

=== Current trial for n = 3500, trial = 23 ===
[1 1 2]
[1 1 2]

=== Current trial for n = 3500, trial = 24 ===
[1 1 2]
[1 1 2]

=== Current trial for n = 3500, trial = 25 ===
[1 1 2]
[1 1 2]

=== Current trial for n = 3500, trial = 26 ===
[1 1 2]
[1 1 2]

=== Current trial for n = 3500, trial = 27 ===
[1 1 2]
[1 1 2]

=== Current trial for n = 3500, trial = 28 ===
[1 1 2]
[1 1 2]

=== Current trial for n = 3500, trial = 29 ===
[1 1 2]
[1 1 2]

=== Current trial for n = 3500, trial = 30 ===
[1 1 2]
[1 1 2]

=== Current trial for n = 3500, trial = 31 ===
[1 1 2]
[1 1 2]

=== Current trial for n = 3500, trial = 32 ===
[1 1 2]
[1 1 2]

=== Current trial for n = 3500, trial = 33 ===
[1 1 2]
[1 1 2]

=== Current trial for n = 3500, trial = 34 ===
[1 1 2]
[1 1 2]

=== Current trial for n = 3500, trial = 35 ===
[1 1 2]
[1 1 2]

=== Current trial for n = 3500, trial = 36 ===
[1 1 2]
[1 1 2]

=== Current trial for n = 3500, trial = 37 ===
[1 1 2]
[1 1 2]

=== Current trial for n = 3500, trial = 38 ===
[1 1 2]
[1 1 2]

=== Current trial for n = 3500, trial = 39 ===
[1 1 2]
[1 1 2]

=== Current trial for n = 3500, trial = 40 ===
[1 1 2]
[1 1 2]

=== Current trial for n = 3500, trial = 41 ===
[1 1 2]
[1 1 2]

=== Current trial for n = 3500, trial = 42 ===
[1 1 2]
[1 1 2]

=== Current trial for n = 3500, trial = 43 ===
[1 1 2]
[1 1 2]

=== Current trial for n = 3500, trial = 44 ===
[1 1 2]
[1 1 2]

=== Current trial for n = 3500, trial = 45 ===
[1 1 2]
[1 1 2]

=== Current trial for n = 3500, trial = 46 ===
[1 1 2]
[1 1 2]

=== Current trial for n = 3500, trial = 47 ===
[1 1 2]
[1 1 2]

=== Current trial for n = 3500, trial = 48 ===
[1 1 2]
[1 1 2]

=== Current trial for n = 3500, trial = 49 ===
[1 1 2]
[1 1 2]

=== Current trial for n = 3500, trial = 50 ===
[1 1 2]
[1 1 2]

=== For rho = 0.95, the results are {'clustered recontruction error': [np.float64(0.019247655511620068), np.float64(0.13508859033869622), np.float64(0.0016288946795210482)], 'distinct recontruction error': [np.float64(0.039617101685637236), np.float64(0.18731689229278994), np.float64(0.0015958301428418715)], 'same recontruction error': [np.float64(0.06147787414054817), np.float64(0.17820274574748887), np.float64(0.029939175045549094)], 'pred_clustered': np.float64(0.08737852473510452), 'pred_same_cluster': np.float64(0.11027103772818524), 'pred_distinct_clusters': np.float64(0.11762167113263819)} ===

=== Running for rho = 1.0 ===

=== Current trial for n = 3500, trial = 1 ===
[1 1 2]
[1 1 2]

=== Current trial for n = 3500, trial = 2 ===
[1 1 2]
[1 1 2]

=== Current trial for n = 3500, trial = 3 ===
[1 1 2]
[1 1 2]

=== Current trial for n = 3500, trial = 4 ===
[1 1 2]
[1 1 2]

=== Current trial for n = 3500, trial = 5 ===
[1 1 2]
[1 1 2]

=== Current trial for n = 3500, trial = 6 ===
[1 1 2]
[1 1 2]

=== Current trial for n = 3500, trial = 7 ===
[1 1 2]
[1 1 2]

=== Current trial for n = 3500, trial = 8 ===
[1 1 2]
[1 1 2]

=== Current trial for n = 3500, trial = 9 ===
[1 1 2]
[1 1 2]

=== Current trial for n = 3500, trial = 10 ===
[1 1 2]
[1 1 2]

=== Current trial for n = 3500, trial = 11 ===
[1 1 2]
[1 1 2]

=== Current trial for n = 3500, trial = 12 ===
[1 1 2]
[1 1 2]

=== Current trial for n = 3500, trial = 13 ===
[1 1 2]
[1 1 2]

=== Current trial for n = 3500, trial = 14 ===
[1 1 2]
[1 1 2]

=== Current trial for n = 3500, trial = 15 ===
[1 1 2]
[1 1 2]

=== Current trial for n = 3500, trial = 16 ===
[1 1 2]
[1 1 2]

=== Current trial for n = 3500, trial = 17 ===
[1 1 2]
[1 1 2]

=== Current trial for n = 3500, trial = 18 ===
[1 1 2]
[1 1 2]

=== Current trial for n = 3500, trial = 19 ===
[1 1 2]
[1 1 2]

=== Current trial for n = 3500, trial = 20 ===
[1 1 2]
[1 1 2]

=== Current trial for n = 3500, trial = 21 ===
[1 1 2]
[1 1 2]

=== Current trial for n = 3500, trial = 22 ===
[1 1 2]
[1 1 2]

=== Current trial for n = 3500, trial = 23 ===
[1 1 2]
[1 1 2]

=== Current trial for n = 3500, trial = 24 ===
[1 1 2]
[1 1 2]

=== Current trial for n = 3500, trial = 25 ===
[1 1 2]
[1 1 2]

=== Current trial for n = 3500, trial = 26 ===
[1 1 2]
[1 1 2]

=== Current trial for n = 3500, trial = 27 ===
[1 1 2]
[1 1 2]

=== Current trial for n = 3500, trial = 28 ===
[1 1 2]
[1 1 2]

=== Current trial for n = 3500, trial = 29 ===
[1 1 2]
[1 1 2]

=== Current trial for n = 3500, trial = 30 ===
[1 1 2]
[1 1 2]

=== Current trial for n = 3500, trial = 31 ===
[1 1 2]
[1 1 2]

=== Current trial for n = 3500, trial = 32 ===
[1 1 2]
[1 1 2]

=== Current trial for n = 3500, trial = 33 ===
[1 1 2]
[1 1 2]

=== Current trial for n = 3500, trial = 34 ===
[1 1 2]
[1 1 2]

=== Current trial for n = 3500, trial = 35 ===
[1 1 2]
[1 1 2]

=== Current trial for n = 3500, trial = 36 ===
[1 1 2]
[1 1 2]

=== Current trial for n = 3500, trial = 37 ===
[1 1 2]
[1 1 2]

=== Current trial for n = 3500, trial = 38 ===
[1 1 2]
[1 1 2]

=== Current trial for n = 3500, trial = 39 ===
[1 1 2]
[1 1 2]

=== Current trial for n = 3500, trial = 40 ===
[1 1 2]
[1 1 2]

=== Current trial for n = 3500, trial = 41 ===
[1 1 2]
[1 1 2]

=== Current trial for n = 3500, trial = 42 ===
[1 1 2]
[1 1 2]

=== Current trial for n = 3500, trial = 43 ===
[1 1 2]
[1 1 2]

=== Current trial for n = 3500, trial = 44 ===
[1 1 2]
[1 1 2]

=== Current trial for n = 3500, trial = 45 ===
[1 1 2]
[1 1 2]

=== Current trial for n = 3500, trial = 46 ===
[1 1 2]
[1 1 2]

=== Current trial for n = 3500, trial = 47 ===
[1 1 2]
[1 1 2]

=== Current trial for n = 3500, trial = 48 ===
[1 1 2]
[1 1 2]

=== Current trial for n = 3500, trial = 49 ===
[1 1 2]
[1 1 2]

=== Current trial for n = 3500, trial = 50 ===
[1 1 2]
[1 1 2]

=== For rho = 1.0, the results are {'clustered recontruction error': [np.float64(0.016722006460493884), np.float64(0.0194299369740119), np.float64(0.0014871303279302803)], 'distinct recontruction error': [np.float64(0.03913661055712811), np.float64(0.04367576565060613), np.float64(0.001474104754250662)], 'same recontruction error': [np.float64(0.04943324457385469), np.float64(0.06226486856115889), np.float64(0.024541719970234036)], 'pred_clustered': np.float64(0.020604261739274127), 'pred_same_cluster': np.float64(0.03298044454762016), 'pred_distinct_clusters': np.float64(0.06260017944954553)} ===
>>> Reconstruction errors saved to Results/pred_vary_rho/rho_results_n_3500.csv
>>> Prediction errors saved to Results/pred_vary_rho/prediction_results_n_3500.csv
