=== Starting job ID 2 on node midway3-0209.rcc.local ===
Running AMP experiment for n = 3000
>>> Script started

=== Running for rho = 0.8 ===

=== Current trial for n = 3000, trial = 1 ===
[1 1 2]

=== Current trial for n = 3000, trial = 2 ===
[1 1 2]

=== Current trial for n = 3000, trial = 3 ===
[1 1 2]

=== Current trial for n = 3000, trial = 4 ===
[1 1 2]

=== Current trial for n = 3000, trial = 5 ===
[1 1 2]

=== Current trial for n = 3000, trial = 6 ===
[1 1 2]

=== Current trial for n = 3000, trial = 7 ===
[1 1 2]

=== Current trial for n = 3000, trial = 8 ===
[1 1 2]

=== Current trial for n = 3000, trial = 9 ===
[1 1 2]

=== Current trial for n = 3000, trial = 10 ===
[1 1 2]

=== Current trial for n = 3000, trial = 11 ===
[1 1 2]

=== Current trial for n = 3000, trial = 12 ===
[1 1 2]

=== Current trial for n = 3000, trial = 13 ===
[1 1 2]

=== Current trial for n = 3000, trial = 14 ===
[1 1 2]

=== Current trial for n = 3000, trial = 15 ===
[1 1 2]

=== Current trial for n = 3000, trial = 16 ===
[1 1 2]

=== Current trial for n = 3000, trial = 17 ===
[1 1 2]

=== Current trial for n = 3000, trial = 18 ===
[1 1 2]

=== Current trial for n = 3000, trial = 19 ===
[1 1 2]

=== Current trial for n = 3000, trial = 20 ===
[1 1 2]

=== Current trial for n = 3000, trial = 21 ===
[1 1 2]

=== Current trial for n = 3000, trial = 22 ===
[1 1 2]

=== Current trial for n = 3000, trial = 23 ===
[1 1 2]

=== Current trial for n = 3000, trial = 24 ===
[1 1 2]

=== Current trial for n = 3000, trial = 25 ===
[1 1 2]

=== Current trial for n = 3000, trial = 26 ===
[1 1 2]

=== Current trial for n = 3000, trial = 27 ===
[1 1 2]

=== Current trial for n = 3000, trial = 28 ===
[1 1 2]

=== Current trial for n = 3000, trial = 29 ===
[1 1 2]

=== Current trial for n = 3000, trial = 30 ===
[1 1 2]

=== Current trial for n = 3000, trial = 31 ===
[1 1 2]

=== Current trial for n = 3000, trial = 32 ===
[1 1 2]

=== Current trial for n = 3000, trial = 33 ===
[1 1 2]

=== Current trial for n = 3000, trial = 34 ===
[1 1 2]

=== Current trial for n = 3000, trial = 35 ===
[1 1 2]

=== Current trial for n = 3000, trial = 36 ===
[1 1 2]

=== Current trial for n = 3000, trial = 37 ===
[1 1 2]

=== Current trial for n = 3000, trial = 38 ===
[1 1 2]

=== Current trial for n = 3000, trial = 39 ===
[1 1 2]

=== Current trial for n = 3000, trial = 40 ===
[1 1 2]

=== Current trial for n = 3000, trial = 41 ===
[1 1 2]

=== Current trial for n = 3000, trial = 42 ===
[1 1 2]

=== Current trial for n = 3000, trial = 43 ===
[1 1 2]

=== Current trial for n = 3000, trial = 44 ===
[1 1 2]

=== Current trial for n = 3000, trial = 45 ===
[1 1 2]

=== Current trial for n = 3000, trial = 46 ===
[1 1 2]

=== Current trial for n = 3000, trial = 47 ===
[1 1 2]

=== Current trial for n = 3000, trial = 48 ===
[1 1 2]

=== Current trial for n = 3000, trial = 49 ===
[1 1 2]

=== Current trial for n = 3000, trial = 50 ===
[1 1 2]

=== For rho = 0.8, the results are {'clustered': [np.float64(0.0408026274930742), np.float64(0.17942396276092107), np.float64(0.0014524457564649615)], 'distinct': [np.float64(0.039627912398933915), np.float64(0.19472625221613615), np.float64(0.0014412000486693159)]} ===

=== Running for rho = 0.85 ===

=== Current trial for n = 3000, trial = 1 ===
[1 1 2]

=== Current trial for n = 3000, trial = 2 ===
[1 1 2]

=== Current trial for n = 3000, trial = 3 ===
[1 1 2]

=== Current trial for n = 3000, trial = 4 ===
[1 1 2]

=== Current trial for n = 3000, trial = 5 ===
[1 1 2]

=== Current trial for n = 3000, trial = 6 ===
[1 1 2]

=== Current trial for n = 3000, trial = 7 ===
[1 1 2]

=== Current trial for n = 3000, trial = 8 ===
[1 1 2]

=== Current trial for n = 3000, trial = 9 ===
[1 1 2]

=== Current trial for n = 3000, trial = 10 ===
[1 1 2]

=== Current trial for n = 3000, trial = 11 ===
[1 1 2]

=== Current trial for n = 3000, trial = 12 ===
[1 1 2]

=== Current trial for n = 3000, trial = 13 ===
[1 1 2]

=== Current trial for n = 3000, trial = 14 ===
[1 1 2]

=== Current trial for n = 3000, trial = 15 ===
[1 1 2]

=== Current trial for n = 3000, trial = 16 ===
[1 1 2]

=== Current trial for n = 3000, trial = 17 ===
[1 1 2]

=== Current trial for n = 3000, trial = 18 ===
[1 1 2]

=== Current trial for n = 3000, trial = 19 ===
[1 1 2]

=== Current trial for n = 3000, trial = 20 ===
[1 1 2]

=== Current trial for n = 3000, trial = 21 ===
[1 1 2]

=== Current trial for n = 3000, trial = 22 ===
[1 1 2]

=== Current trial for n = 3000, trial = 23 ===
[1 1 2]

=== Current trial for n = 3000, trial = 24 ===
[1 1 2]

=== Current trial for n = 3000, trial = 25 ===
[1 1 2]

=== Current trial for n = 3000, trial = 26 ===
[1 1 2]

=== Current trial for n = 3000, trial = 27 ===
[1 1 2]

=== Current trial for n = 3000, trial = 28 ===
[1 1 2]

=== Current trial for n = 3000, trial = 29 ===
[1 1 2]

=== Current trial for n = 3000, trial = 30 ===
[1 1 2]

=== Current trial for n = 3000, trial = 31 ===
[1 1 2]

=== Current trial for n = 3000, trial = 32 ===
[1 1 2]

=== Current trial for n = 3000, trial = 33 ===
[1 1 2]

=== Current trial for n = 3000, trial = 34 ===
[1 1 2]

=== Current trial for n = 3000, trial = 35 ===
[1 1 2]

=== Current trial for n = 3000, trial = 36 ===
[1 1 2]

=== Current trial for n = 3000, trial = 37 ===
[1 1 2]

=== Current trial for n = 3000, trial = 38 ===
[1 1 2]

=== Current trial for n = 3000, trial = 39 ===
[1 1 2]

=== Current trial for n = 3000, trial = 40 ===
[1 1 2]

=== Current trial for n = 3000, trial = 41 ===
[1 1 2]

=== Current trial for n = 3000, trial = 42 ===
[1 1 2]

=== Current trial for n = 3000, trial = 43 ===
[1 1 2]

=== Current trial for n = 3000, trial = 44 ===
[1 1 2]

=== Current trial for n = 3000, trial = 45 ===
[1 1 2]

=== Current trial for n = 3000, trial = 46 ===
[1 1 2]

=== Current trial for n = 3000, trial = 47 ===
[1 1 2]

=== Current trial for n = 3000, trial = 48 ===
[1 1 2]

=== Current trial for n = 3000, trial = 49 ===
[1 1 2]

=== Current trial for n = 3000, trial = 50 ===
[1 1 2]

=== For rho = 0.85, the results are {'clustered': [np.float64(0.037134269198436314), np.float64(0.18616479136414743), np.float64(0.001606911171269082)], 'distinct': [np.float64(0.03720829207147578), np.float64(0.2245602438405199), np.float64(0.0016121670952860627)]} ===

=== Running for rho = 0.9 ===

=== Current trial for n = 3000, trial = 1 ===
[1 1 2]

=== Current trial for n = 3000, trial = 2 ===
[1 1 2]

=== Current trial for n = 3000, trial = 3 ===
[1 1 2]

=== Current trial for n = 3000, trial = 4 ===
[1 1 2]

=== Current trial for n = 3000, trial = 5 ===
[1 1 2]

=== Current trial for n = 3000, trial = 6 ===
[1 1 2]

=== Current trial for n = 3000, trial = 7 ===
[1 1 2]

=== Current trial for n = 3000, trial = 8 ===
[1 1 2]

=== Current trial for n = 3000, trial = 9 ===
[1 1 2]

=== Current trial for n = 3000, trial = 10 ===
[1 1 2]

=== Current trial for n = 3000, trial = 11 ===
[1 1 2]

=== Current trial for n = 3000, trial = 12 ===
[1 1 2]

=== Current trial for n = 3000, trial = 13 ===
[1 1 2]

=== Current trial for n = 3000, trial = 14 ===
[1 1 2]

=== Current trial for n = 3000, trial = 15 ===
[1 1 2]

=== Current trial for n = 3000, trial = 16 ===
[1 1 2]

=== Current trial for n = 3000, trial = 17 ===
[1 1 2]

=== Current trial for n = 3000, trial = 18 ===
[1 1 2]

=== Current trial for n = 3000, trial = 19 ===
[1 1 2]

=== Current trial for n = 3000, trial = 20 ===
[1 1 2]

=== Current trial for n = 3000, trial = 21 ===
[1 1 2]

=== Current trial for n = 3000, trial = 22 ===
[1 1 2]

=== Current trial for n = 3000, trial = 23 ===
[1 1 2]

=== Current trial for n = 3000, trial = 24 ===
[1 1 2]

=== Current trial for n = 3000, trial = 25 ===
[1 1 2]

=== Current trial for n = 3000, trial = 26 ===
[1 1 2]

=== Current trial for n = 3000, trial = 27 ===
[1 1 2]

=== Current trial for n = 3000, trial = 28 ===
[1 1 2]

=== Current trial for n = 3000, trial = 29 ===
[1 1 2]

=== Current trial for n = 3000, trial = 30 ===
[1 1 2]

=== Current trial for n = 3000, trial = 31 ===
[1 1 2]

=== Current trial for n = 3000, trial = 32 ===
[1 1 2]

=== Current trial for n = 3000, trial = 33 ===
[1 1 2]

=== Current trial for n = 3000, trial = 34 ===
[1 1 2]

=== Current trial for n = 3000, trial = 35 ===
[1 1 2]

=== Current trial for n = 3000, trial = 36 ===
[1 1 2]

=== Current trial for n = 3000, trial = 37 ===
[1 1 2]

=== Current trial for n = 3000, trial = 38 ===
[1 1 2]

=== Current trial for n = 3000, trial = 39 ===
[1 1 2]

=== Current trial for n = 3000, trial = 40 ===
[1 1 2]

=== Current trial for n = 3000, trial = 41 ===
[1 1 2]

=== Current trial for n = 3000, trial = 42 ===
[1 1 2]

=== Current trial for n = 3000, trial = 43 ===
[1 1 2]

=== Current trial for n = 3000, trial = 44 ===
[1 1 2]

=== Current trial for n = 3000, trial = 45 ===
[1 1 2]

=== Current trial for n = 3000, trial = 46 ===
[1 1 2]

=== Current trial for n = 3000, trial = 47 ===
[1 1 2]

=== Current trial for n = 3000, trial = 48 ===
[1 1 2]

=== Current trial for n = 3000, trial = 49 ===
[1 1 2]

=== Current trial for n = 3000, trial = 50 ===
[1 1 2]

=== For rho = 0.9, the results are {'clustered': [np.float64(0.029063395031280696), np.float64(0.1758036285087626), np.float64(0.001327140235133803)], 'distinct': [np.float64(0.039008697096760955), np.float64(0.23031002352021943), np.float64(0.0013172146419476599)]} ===

=== Running for rho = 0.95 ===

=== Current trial for n = 3000, trial = 1 ===
[1 1 2]

=== Current trial for n = 3000, trial = 2 ===
[1 1 2]

=== Current trial for n = 3000, trial = 3 ===
[1 1 2]

=== Current trial for n = 3000, trial = 4 ===
[1 1 2]

=== Current trial for n = 3000, trial = 5 ===
[1 1 2]

=== Current trial for n = 3000, trial = 6 ===
[1 1 2]

=== Current trial for n = 3000, trial = 7 ===
[1 1 2]

=== Current trial for n = 3000, trial = 8 ===
[1 1 2]

=== Current trial for n = 3000, trial = 9 ===
[1 1 2]

=== Current trial for n = 3000, trial = 10 ===
[1 1 2]

=== Current trial for n = 3000, trial = 11 ===
[1 1 2]

=== Current trial for n = 3000, trial = 12 ===
[1 1 2]

=== Current trial for n = 3000, trial = 13 ===
[1 1 2]

=== Current trial for n = 3000, trial = 14 ===
[1 1 2]

=== Current trial for n = 3000, trial = 15 ===
[1 1 2]

=== Current trial for n = 3000, trial = 16 ===
[1 1 2]

=== Current trial for n = 3000, trial = 17 ===
[1 1 2]

=== Current trial for n = 3000, trial = 18 ===
[1 1 2]

=== Current trial for n = 3000, trial = 19 ===
[1 1 2]

=== Current trial for n = 3000, trial = 20 ===
[1 1 2]

=== Current trial for n = 3000, trial = 21 ===
[1 1 2]

=== Current trial for n = 3000, trial = 22 ===
[1 1 2]

=== Current trial for n = 3000, trial = 23 ===
[1 1 2]

=== Current trial for n = 3000, trial = 24 ===
[1 1 2]

=== Current trial for n = 3000, trial = 25 ===
[1 1 2]

=== Current trial for n = 3000, trial = 26 ===
[1 1 2]

=== Current trial for n = 3000, trial = 27 ===
[1 1 2]

=== Current trial for n = 3000, trial = 28 ===
[1 1 2]

=== Current trial for n = 3000, trial = 29 ===
[1 1 2]

=== Current trial for n = 3000, trial = 30 ===
[1 1 2]

=== Current trial for n = 3000, trial = 31 ===
[1 1 2]

=== Current trial for n = 3000, trial = 32 ===
[1 1 2]

=== Current trial for n = 3000, trial = 33 ===
[1 1 2]

=== Current trial for n = 3000, trial = 34 ===
[1 1 2]

=== Current trial for n = 3000, trial = 35 ===
[1 1 2]

=== Current trial for n = 3000, trial = 36 ===
[1 1 2]

=== Current trial for n = 3000, trial = 37 ===
[1 1 2]

=== Current trial for n = 3000, trial = 38 ===
[1 1 2]

=== Current trial for n = 3000, trial = 39 ===
[1 1 2]

=== Current trial for n = 3000, trial = 40 ===
[1 1 2]

=== Current trial for n = 3000, trial = 41 ===
[1 1 2]

=== Current trial for n = 3000, trial = 42 ===
[1 1 2]

=== Current trial for n = 3000, trial = 43 ===
[1 1 2]

=== Current trial for n = 3000, trial = 44 ===
[1 1 2]

=== Current trial for n = 3000, trial = 45 ===
[1 1 2]

=== Current trial for n = 3000, trial = 46 ===
[1 1 2]

=== Current trial for n = 3000, trial = 47 ===
[1 1 2]

=== Current trial for n = 3000, trial = 48 ===
[1 1 2]

=== Current trial for n = 3000, trial = 49 ===
[1 1 2]

=== Current trial for n = 3000, trial = 50 ===
[1 1 2]

=== For rho = 0.95, the results are {'clustered': [np.float64(0.020870051985387984), np.float64(0.133029553433961), np.float64(0.0017640820689641225)], 'distinct': [np.float64(0.03914626802017403), np.float64(0.18870906557834735), np.float64(0.0017503891367617794)]} ===

=== Running for rho = 1.0 ===

=== Current trial for n = 3000, trial = 1 ===
[1 1 2]

=== Current trial for n = 3000, trial = 2 ===
[1 1 2]

=== Current trial for n = 3000, trial = 3 ===
[1 1 2]

=== Current trial for n = 3000, trial = 4 ===
[1 1 2]

=== Current trial for n = 3000, trial = 5 ===
[1 1 2]

=== Current trial for n = 3000, trial = 6 ===
[1 1 2]

=== Current trial for n = 3000, trial = 7 ===
[1 1 2]

=== Current trial for n = 3000, trial = 8 ===
[1 1 2]

=== Current trial for n = 3000, trial = 9 ===
[1 1 2]

=== Current trial for n = 3000, trial = 10 ===
[1 1 2]

=== Current trial for n = 3000, trial = 11 ===
[1 1 2]

=== Current trial for n = 3000, trial = 12 ===
[1 1 2]

=== Current trial for n = 3000, trial = 13 ===
[1 1 2]

=== Current trial for n = 3000, trial = 14 ===
[1 1 2]

=== Current trial for n = 3000, trial = 15 ===
[1 1 2]

=== Current trial for n = 3000, trial = 16 ===
[1 1 2]

=== Current trial for n = 3000, trial = 17 ===
[1 1 2]

=== Current trial for n = 3000, trial = 18 ===
[1 1 2]

=== Current trial for n = 3000, trial = 19 ===
[1 1 2]

=== Current trial for n = 3000, trial = 20 ===
[1 1 2]

=== Current trial for n = 3000, trial = 21 ===
[1 1 2]

=== Current trial for n = 3000, trial = 22 ===
[1 1 2]

=== Current trial for n = 3000, trial = 23 ===
[1 1 2]

=== Current trial for n = 3000, trial = 24 ===
[1 1 2]

=== Current trial for n = 3000, trial = 25 ===
[1 1 2]

=== Current trial for n = 3000, trial = 26 ===
[1 1 2]

=== Current trial for n = 3000, trial = 27 ===
[1 1 2]

=== Current trial for n = 3000, trial = 28 ===
[1 1 2]

=== Current trial for n = 3000, trial = 29 ===
[1 1 2]

=== Current trial for n = 3000, trial = 30 ===
[1 1 2]

=== Current trial for n = 3000, trial = 31 ===
[1 1 2]

=== Current trial for n = 3000, trial = 32 ===
[1 1 2]

=== Current trial for n = 3000, trial = 33 ===
[1 1 2]

=== Current trial for n = 3000, trial = 34 ===
[1 1 2]

=== Current trial for n = 3000, trial = 35 ===
[1 1 2]

=== Current trial for n = 3000, trial = 36 ===
[1 1 2]

=== Current trial for n = 3000, trial = 37 ===
[1 1 2]

=== Current trial for n = 3000, trial = 38 ===
[1 1 2]

=== Current trial for n = 3000, trial = 39 ===
[1 1 2]

=== Current trial for n = 3000, trial = 40 ===
[1 1 2]

=== Current trial for n = 3000, trial = 41 ===
[1 1 2]

=== Current trial for n = 3000, trial = 42 ===
[1 1 2]

=== Current trial for n = 3000, trial = 43 ===
[1 1 2]

=== Current trial for n = 3000, trial = 44 ===
[1 1 2]

=== Current trial for n = 3000, trial = 45 ===
[1 1 2]

=== Current trial for n = 3000, trial = 46 ===
[1 1 2]

=== Current trial for n = 3000, trial = 47 ===
[1 1 2]

=== Current trial for n = 3000, trial = 48 ===
[1 1 2]

=== Current trial for n = 3000, trial = 49 ===
[1 1 2]

=== Current trial for n = 3000, trial = 50 ===
[1 1 2]

=== For rho = 1.0, the results are {'clustered': [np.float64(0.014686134840390575), np.float64(0.019532762090583522), np.float64(0.0015823544746455059)], 'distinct': [np.float64(0.038857093317988756), np.float64(0.04495253847012003), np.float64(0.0015994919030315516)]} ===
>>> Results saved to Results/vary_rho/rho_results_n_3000.csv
>>> Plots saved in Plots/vary_rho
