=== Starting job ID 0 on node midway3-0056.rcc.local ===
Running AMP experiment for n = 2000
>>> Script started

=== Running for rho = 0.8 ===

=== Current trial for n = 2000, trial = 1 ===
[1 1 2]

=== Current trial for n = 2000, trial = 2 ===
[1 1 2]

=== Current trial for n = 2000, trial = 3 ===
[1 1 2]

=== Current trial for n = 2000, trial = 4 ===
[1 1 2]

=== Current trial for n = 2000, trial = 5 ===
[1 1 2]

=== Current trial for n = 2000, trial = 6 ===
[1 1 2]

=== Current trial for n = 2000, trial = 7 ===
[1 1 2]

=== Current trial for n = 2000, trial = 8 ===
[1 1 2]

=== Current trial for n = 2000, trial = 9 ===
[1 1 2]

=== Current trial for n = 2000, trial = 10 ===
[1 1 2]

=== Current trial for n = 2000, trial = 11 ===
[1 1 2]

=== Current trial for n = 2000, trial = 12 ===
[1 1 2]

=== Current trial for n = 2000, trial = 13 ===
[1 1 2]

=== Current trial for n = 2000, trial = 14 ===
[1 1 2]

=== Current trial for n = 2000, trial = 15 ===
[1 1 2]

=== Current trial for n = 2000, trial = 16 ===
[1 1 2]

=== Current trial for n = 2000, trial = 17 ===
[1 1 2]

=== Current trial for n = 2000, trial = 18 ===
[1 1 2]

=== Current trial for n = 2000, trial = 19 ===
[1 1 2]

=== Current trial for n = 2000, trial = 20 ===
[1 1 2]

=== Current trial for n = 2000, trial = 21 ===
[1 1 2]

=== Current trial for n = 2000, trial = 22 ===
[1 1 2]

=== Current trial for n = 2000, trial = 23 ===
[1 1 2]

=== Current trial for n = 2000, trial = 24 ===
[1 1 2]

=== Current trial for n = 2000, trial = 25 ===
[1 1 2]

=== Current trial for n = 2000, trial = 26 ===
[1 1 2]

=== Current trial for n = 2000, trial = 27 ===
[1 1 2]

=== Current trial for n = 2000, trial = 28 ===
[1 1 2]

=== Current trial for n = 2000, trial = 29 ===
[1 1 2]

=== Current trial for n = 2000, trial = 30 ===
[1 1 2]

=== Current trial for n = 2000, trial = 31 ===
[1 1 2]

=== Current trial for n = 2000, trial = 32 ===
[1 1 2]

=== Current trial for n = 2000, trial = 33 ===
[1 1 2]

=== Current trial for n = 2000, trial = 34 ===
[1 1 2]

=== Current trial for n = 2000, trial = 35 ===
[1 1 2]

=== Current trial for n = 2000, trial = 36 ===
[1 1 2]

=== Current trial for n = 2000, trial = 37 ===
[1 1 2]

=== Current trial for n = 2000, trial = 38 ===
[1 1 2]

=== Current trial for n = 2000, trial = 39 ===
[1 1 2]

=== Current trial for n = 2000, trial = 40 ===
[1 1 2]

=== Current trial for n = 2000, trial = 41 ===
[1 1 2]

=== Current trial for n = 2000, trial = 42 ===
[1 1 2]

=== Current trial for n = 2000, trial = 43 ===
[1 1 2]

=== Current trial for n = 2000, trial = 44 ===
[1 1 2]

=== Current trial for n = 2000, trial = 45 ===
[1 1 2]

=== Current trial for n = 2000, trial = 46 ===
[1 1 2]

=== Current trial for n = 2000, trial = 47 ===
[1 1 2]

=== Current trial for n = 2000, trial = 48 ===
[1 1 2]

=== Current trial for n = 2000, trial = 49 ===
[1 1 2]

=== Current trial for n = 2000, trial = 50 ===
[1 1 2]

=== For rho = 0.8, the results are {'clustered': [np.float64(0.04378448258500336), np.float64(0.18315057650172378), np.float64(0.0026719590905510994)], 'distinct': [np.float64(0.03749955272312225), np.float64(0.1994280059433025), np.float64(0.00263402202997728)]} ===

=== Running for rho = 0.85 ===

=== Current trial for n = 2000, trial = 1 ===
[1 1 2]

=== Current trial for n = 2000, trial = 2 ===
[1 1 2]

=== Current trial for n = 2000, trial = 3 ===
[1 1 2]

=== Current trial for n = 2000, trial = 4 ===
[1 1 2]

=== Current trial for n = 2000, trial = 5 ===
[1 1 2]

=== Current trial for n = 2000, trial = 6 ===
[1 1 2]

=== Current trial for n = 2000, trial = 7 ===
[1 1 2]

=== Current trial for n = 2000, trial = 8 ===
[1 1 2]

=== Current trial for n = 2000, trial = 9 ===
[1 1 2]

=== Current trial for n = 2000, trial = 10 ===
[1 1 2]

=== Current trial for n = 2000, trial = 11 ===
[1 1 2]

=== Current trial for n = 2000, trial = 12 ===
[1 1 2]

=== Current trial for n = 2000, trial = 13 ===
[1 1 2]

=== Current trial for n = 2000, trial = 14 ===
[1 1 2]

=== Current trial for n = 2000, trial = 15 ===
[1 1 2]

=== Current trial for n = 2000, trial = 16 ===
[1 1 2]

=== Current trial for n = 2000, trial = 17 ===
[1 1 2]

=== Current trial for n = 2000, trial = 18 ===
[1 1 2]

=== Current trial for n = 2000, trial = 19 ===
[1 1 2]

=== Current trial for n = 2000, trial = 20 ===
[1 1 2]

=== Current trial for n = 2000, trial = 21 ===
[1 1 2]

=== Current trial for n = 2000, trial = 22 ===
[1 1 2]

=== Current trial for n = 2000, trial = 23 ===
[1 1 2]

=== Current trial for n = 2000, trial = 24 ===
[1 1 2]

=== Current trial for n = 2000, trial = 25 ===
[1 1 2]

=== Current trial for n = 2000, trial = 26 ===
[1 1 2]

=== Current trial for n = 2000, trial = 27 ===
[1 1 2]

=== Current trial for n = 2000, trial = 28 ===
[1 1 2]

=== Current trial for n = 2000, trial = 29 ===
[1 1 2]

=== Current trial for n = 2000, trial = 30 ===
[1 1 2]

=== Current trial for n = 2000, trial = 31 ===
[1 1 2]

=== Current trial for n = 2000, trial = 32 ===
[1 1 2]

=== Current trial for n = 2000, trial = 33 ===
[1 1 2]

=== Current trial for n = 2000, trial = 34 ===
[1 1 2]

=== Current trial for n = 2000, trial = 35 ===
[1 1 2]

=== Current trial for n = 2000, trial = 36 ===
[1 1 2]

=== Current trial for n = 2000, trial = 37 ===
[1 1 2]

=== Current trial for n = 2000, trial = 38 ===
[1 1 2]

=== Current trial for n = 2000, trial = 39 ===
[1 1 2]

=== Current trial for n = 2000, trial = 40 ===
[1 1 2]

=== Current trial for n = 2000, trial = 41 ===
[1 1 2]

=== Current trial for n = 2000, trial = 42 ===
[1 1 2]

=== Current trial for n = 2000, trial = 43 ===
[1 1 2]

=== Current trial for n = 2000, trial = 44 ===
[1 1 2]

=== Current trial for n = 2000, trial = 45 ===
[1 1 2]

=== Current trial for n = 2000, trial = 46 ===
[1 1 2]

=== Current trial for n = 2000, trial = 47 ===
[1 1 2]

=== Current trial for n = 2000, trial = 48 ===
[1 1 2]

=== Current trial for n = 2000, trial = 49 ===
[1 1 2]

=== Current trial for n = 2000, trial = 50 ===
[1 1 2]

=== For rho = 0.85, the results are {'clustered': [np.float64(0.037774201742634156), np.float64(0.1839971783199972), np.float64(0.001460578774328409)], 'distinct': [np.float64(0.04112403412032609), np.float64(0.22390227601787957), np.float64(0.0014828834534903856)]} ===

=== Running for rho = 0.9 ===

=== Current trial for n = 2000, trial = 1 ===
[1 1 2]

=== Current trial for n = 2000, trial = 2 ===
[1 1 2]

=== Current trial for n = 2000, trial = 3 ===
[1 1 2]

=== Current trial for n = 2000, trial = 4 ===
[1 1 2]

=== Current trial for n = 2000, trial = 5 ===
[1 1 2]

=== Current trial for n = 2000, trial = 6 ===
[1 1 2]

=== Current trial for n = 2000, trial = 7 ===
[1 1 2]

=== Current trial for n = 2000, trial = 8 ===
[1 1 2]

=== Current trial for n = 2000, trial = 9 ===
[1 1 2]

=== Current trial for n = 2000, trial = 10 ===
[1 1 2]

=== Current trial for n = 2000, trial = 11 ===
[1 1 2]

=== Current trial for n = 2000, trial = 12 ===
[1 1 2]

=== Current trial for n = 2000, trial = 13 ===
[1 1 2]

=== Current trial for n = 2000, trial = 14 ===
[1 1 2]

=== Current trial for n = 2000, trial = 15 ===
[1 1 2]

=== Current trial for n = 2000, trial = 16 ===
[1 1 2]

=== Current trial for n = 2000, trial = 17 ===
[1 1 2]

=== Current trial for n = 2000, trial = 18 ===
[1 1 2]

=== Current trial for n = 2000, trial = 19 ===
[1 1 2]

=== Current trial for n = 2000, trial = 20 ===
[1 1 2]

=== Current trial for n = 2000, trial = 21 ===
[1 1 2]

=== Current trial for n = 2000, trial = 22 ===
[1 1 2]

=== Current trial for n = 2000, trial = 23 ===
[1 1 2]

=== Current trial for n = 2000, trial = 24 ===
[1 1 2]

=== Current trial for n = 2000, trial = 25 ===
[1 1 2]

=== Current trial for n = 2000, trial = 26 ===
[1 1 2]

=== Current trial for n = 2000, trial = 27 ===
[1 1 2]

=== Current trial for n = 2000, trial = 28 ===
[1 1 2]

=== Current trial for n = 2000, trial = 29 ===
[1 1 2]

=== Current trial for n = 2000, trial = 30 ===
[1 1 2]

=== Current trial for n = 2000, trial = 31 ===
[1 1 2]

=== Current trial for n = 2000, trial = 32 ===
[1 1 2]

=== Current trial for n = 2000, trial = 33 ===
[1 1 2]

=== Current trial for n = 2000, trial = 34 ===
[1 1 2]

=== Current trial for n = 2000, trial = 35 ===
[1 1 2]

=== Current trial for n = 2000, trial = 36 ===
[1 1 2]

=== Current trial for n = 2000, trial = 37 ===
[1 1 2]

=== Current trial for n = 2000, trial = 38 ===
[1 1 2]

=== Current trial for n = 2000, trial = 39 ===
[1 1 2]

=== Current trial for n = 2000, trial = 40 ===
[1 1 2]

=== Current trial for n = 2000, trial = 41 ===
[1 1 2]

=== Current trial for n = 2000, trial = 42 ===
[1 1 2]

=== Current trial for n = 2000, trial = 43 ===
[1 1 2]

=== Current trial for n = 2000, trial = 44 ===
[1 1 2]

=== Current trial for n = 2000, trial = 45 ===
[1 1 2]

=== Current trial for n = 2000, trial = 46 ===
[1 1 2]

=== Current trial for n = 2000, trial = 47 ===
[1 1 2]

=== Current trial for n = 2000, trial = 48 ===
[1 1 2]

=== Current trial for n = 2000, trial = 49 ===
[1 1 2]

=== Current trial for n = 2000, trial = 50 ===
[1 1 2]

=== For rho = 0.9, the results are {'clustered': [np.float64(0.031405453977961545), np.float64(0.17921863244426972), np.float64(0.002043210682548083)], 'distinct': [np.float64(0.03838052036183902), np.float64(0.2341313254738806), np.float64(0.002032344555530698)]} ===

=== Running for rho = 0.95 ===

=== Current trial for n = 2000, trial = 1 ===
[1 1 2]

=== Current trial for n = 2000, trial = 2 ===
[1 1 2]

=== Current trial for n = 2000, trial = 3 ===
[1 1 2]

=== Current trial for n = 2000, trial = 4 ===
[1 1 2]

=== Current trial for n = 2000, trial = 5 ===
[1 1 2]

=== Current trial for n = 2000, trial = 6 ===
[1 1 2]

=== Current trial for n = 2000, trial = 7 ===
[1 1 2]

=== Current trial for n = 2000, trial = 8 ===
[1 1 2]

=== Current trial for n = 2000, trial = 9 ===
[1 1 2]

=== Current trial for n = 2000, trial = 10 ===
[1 1 2]

=== Current trial for n = 2000, trial = 11 ===
[1 1 2]

=== Current trial for n = 2000, trial = 12 ===
[1 1 2]

=== Current trial for n = 2000, trial = 13 ===
[1 1 2]

=== Current trial for n = 2000, trial = 14 ===
[1 1 2]

=== Current trial for n = 2000, trial = 15 ===
[1 1 2]

=== Current trial for n = 2000, trial = 16 ===
[1 1 2]

=== Current trial for n = 2000, trial = 17 ===
[1 1 2]

=== Current trial for n = 2000, trial = 18 ===
[1 1 2]

=== Current trial for n = 2000, trial = 19 ===
[1 1 2]

=== Current trial for n = 2000, trial = 20 ===
[1 1 2]

=== Current trial for n = 2000, trial = 21 ===
[1 1 2]

=== Current trial for n = 2000, trial = 22 ===
[1 1 2]

=== Current trial for n = 2000, trial = 23 ===
[1 1 2]

=== Current trial for n = 2000, trial = 24 ===
[1 1 2]

=== Current trial for n = 2000, trial = 25 ===
[1 1 2]

=== Current trial for n = 2000, trial = 26 ===
[1 1 2]

=== Current trial for n = 2000, trial = 27 ===
[1 1 2]

=== Current trial for n = 2000, trial = 28 ===
[1 1 2]

=== Current trial for n = 2000, trial = 29 ===
[1 1 2]

=== Current trial for n = 2000, trial = 30 ===
[1 1 2]

=== Current trial for n = 2000, trial = 31 ===
[1 1 2]

=== Current trial for n = 2000, trial = 32 ===
[1 1 2]

=== Current trial for n = 2000, trial = 33 ===
[1 1 2]

=== Current trial for n = 2000, trial = 34 ===
[1 1 2]

=== Current trial for n = 2000, trial = 35 ===
[1 1 2]

=== Current trial for n = 2000, trial = 36 ===
[1 1 2]

=== Current trial for n = 2000, trial = 37 ===
[1 1 2]

=== Current trial for n = 2000, trial = 38 ===
[1 1 2]

=== Current trial for n = 2000, trial = 39 ===
[1 1 2]

=== Current trial for n = 2000, trial = 40 ===
[1 1 2]

=== Current trial for n = 2000, trial = 41 ===
[1 1 2]

=== Current trial for n = 2000, trial = 42 ===
[1 1 2]

=== Current trial for n = 2000, trial = 43 ===
[1 1 2]

=== Current trial for n = 2000, trial = 44 ===
[1 1 2]

=== Current trial for n = 2000, trial = 45 ===
[1 1 2]

=== Current trial for n = 2000, trial = 46 ===
[1 1 2]

=== Current trial for n = 2000, trial = 47 ===
[1 1 2]

=== Current trial for n = 2000, trial = 48 ===
[1 1 2]

=== Current trial for n = 2000, trial = 49 ===
[1 1 2]

=== Current trial for n = 2000, trial = 50 ===
[1 1 2]

=== For rho = 0.95, the results are {'clustered': [np.float64(0.02102752746646638), np.float64(0.1359875512563832), np.float64(0.002391737126836033)], 'distinct': [np.float64(0.0382100257194271), np.float64(0.19240148662735282), np.float64(0.0023878272499497865)]} ===

=== Running for rho = 1.0 ===

=== Current trial for n = 2000, trial = 1 ===
[1 1 2]

=== Current trial for n = 2000, trial = 2 ===
[1 1 2]

=== Current trial for n = 2000, trial = 3 ===
[1 1 2]

=== Current trial for n = 2000, trial = 4 ===
[1 1 2]

=== Current trial for n = 2000, trial = 5 ===
[1 1 2]

=== Current trial for n = 2000, trial = 6 ===
[1 1 2]

=== Current trial for n = 2000, trial = 7 ===
[1 1 2]

=== Current trial for n = 2000, trial = 8 ===
[1 1 2]

=== Current trial for n = 2000, trial = 9 ===
[1 1 2]

=== Current trial for n = 2000, trial = 10 ===
[1 1 2]

=== Current trial for n = 2000, trial = 11 ===
[1 1 2]

=== Current trial for n = 2000, trial = 12 ===
[1 1 2]

=== Current trial for n = 2000, trial = 13 ===
[1 1 2]

=== Current trial for n = 2000, trial = 14 ===
[1 1 2]

=== Current trial for n = 2000, trial = 15 ===
[1 1 2]

=== Current trial for n = 2000, trial = 16 ===
[1 1 2]

=== Current trial for n = 2000, trial = 17 ===
[1 1 2]

=== Current trial for n = 2000, trial = 18 ===
[1 1 2]

=== Current trial for n = 2000, trial = 19 ===
[1 1 2]

=== Current trial for n = 2000, trial = 20 ===
[1 1 2]

=== Current trial for n = 2000, trial = 21 ===
[1 1 2]

=== Current trial for n = 2000, trial = 22 ===
[1 1 2]

=== Current trial for n = 2000, trial = 23 ===
[1 1 2]

=== Current trial for n = 2000, trial = 24 ===
[1 1 2]

=== Current trial for n = 2000, trial = 25 ===
[1 1 2]

=== Current trial for n = 2000, trial = 26 ===
[1 1 2]

=== Current trial for n = 2000, trial = 27 ===
[1 1 2]

=== Current trial for n = 2000, trial = 28 ===
[1 1 2]

=== Current trial for n = 2000, trial = 29 ===
[1 1 2]

=== Current trial for n = 2000, trial = 30 ===
[1 1 2]

=== Current trial for n = 2000, trial = 31 ===
[1 1 2]

=== Current trial for n = 2000, trial = 32 ===
[1 1 2]

=== Current trial for n = 2000, trial = 33 ===
[1 1 2]

=== Current trial for n = 2000, trial = 34 ===
[1 1 2]

=== Current trial for n = 2000, trial = 35 ===
[1 1 2]

=== Current trial for n = 2000, trial = 36 ===
[1 1 2]

=== Current trial for n = 2000, trial = 37 ===
[1 1 2]

=== Current trial for n = 2000, trial = 38 ===
[1 1 2]

=== Current trial for n = 2000, trial = 39 ===
[1 1 2]

=== Current trial for n = 2000, trial = 40 ===
[1 1 2]

=== Current trial for n = 2000, trial = 41 ===
[1 1 2]

=== Current trial for n = 2000, trial = 42 ===
[1 1 2]

=== Current trial for n = 2000, trial = 43 ===
[1 1 2]

=== Current trial for n = 2000, trial = 44 ===
[1 1 2]

=== Current trial for n = 2000, trial = 45 ===
[1 1 2]

=== Current trial for n = 2000, trial = 46 ===
[1 1 2]

=== Current trial for n = 2000, trial = 47 ===
[1 1 2]

=== Current trial for n = 2000, trial = 48 ===
[1 1 2]

=== Current trial for n = 2000, trial = 49 ===
[1 1 2]

=== Current trial for n = 2000, trial = 50 ===
[1 1 2]

=== For rho = 1.0, the results are {'clustered': [np.float64(0.014537534071743418), np.float64(0.021052267999123103), np.float64(0.0015800683687773338)], 'distinct': [np.float64(0.03893806293545864), np.float64(0.04538193776169695), np.float64(0.0016259478982313985)]} ===
>>> Results saved to Results/vary_rho/rho_results_n_2000.csv
>>> Plots saved in Plots/vary_rho
