=== Starting job ID 3 on node midway3-0073.rcc.local ===
Running AMP experiment for n = 3500
>>> Script started

=== Running for rho = 0.8 ===

=== Current trial for n = 3500, trial = 1 ===
[1 1 2]

=== Current trial for n = 3500, trial = 2 ===
[1 1 2]

=== Current trial for n = 3500, trial = 3 ===
[1 1 2]

=== Current trial for n = 3500, trial = 4 ===
[1 1 2]

=== Current trial for n = 3500, trial = 5 ===
[1 1 2]

=== Current trial for n = 3500, trial = 6 ===
[1 1 2]

=== Current trial for n = 3500, trial = 7 ===
[1 1 2]

=== Current trial for n = 3500, trial = 8 ===
[1 1 2]

=== Current trial for n = 3500, trial = 9 ===
[1 1 2]

=== Current trial for n = 3500, trial = 10 ===
[1 1 2]

=== Current trial for n = 3500, trial = 11 ===
[1 1 2]

=== Current trial for n = 3500, trial = 12 ===
[1 1 2]

=== Current trial for n = 3500, trial = 13 ===
[1 1 2]

=== Current trial for n = 3500, trial = 14 ===
[1 1 2]

=== Current trial for n = 3500, trial = 15 ===
[1 1 2]

=== Current trial for n = 3500, trial = 16 ===
[1 1 2]

=== Current trial for n = 3500, trial = 17 ===
[1 1 2]

=== Current trial for n = 3500, trial = 18 ===
[1 1 2]

=== Current trial for n = 3500, trial = 19 ===
[1 1 2]

=== Current trial for n = 3500, trial = 20 ===
[1 1 2]

=== Current trial for n = 3500, trial = 21 ===
[1 1 2]

=== Current trial for n = 3500, trial = 22 ===
[1 1 2]

=== Current trial for n = 3500, trial = 23 ===
[1 1 2]

=== Current trial for n = 3500, trial = 24 ===
[1 1 2]

=== Current trial for n = 3500, trial = 25 ===
[1 1 2]

=== Current trial for n = 3500, trial = 26 ===
[1 1 2]

=== Current trial for n = 3500, trial = 27 ===
[1 1 2]

=== Current trial for n = 3500, trial = 28 ===
[1 1 2]

=== Current trial for n = 3500, trial = 29 ===
[1 1 2]

=== Current trial for n = 3500, trial = 30 ===
[1 1 2]

=== Current trial for n = 3500, trial = 31 ===
[1 1 2]

=== Current trial for n = 3500, trial = 32 ===
[1 1 2]

=== Current trial for n = 3500, trial = 33 ===
[1 1 2]

=== Current trial for n = 3500, trial = 34 ===
[1 1 2]

=== Current trial for n = 3500, trial = 35 ===
[1 1 2]

=== Current trial for n = 3500, trial = 36 ===
[1 1 2]

=== Current trial for n = 3500, trial = 37 ===
[1 1 2]

=== Current trial for n = 3500, trial = 38 ===
[1 1 2]

=== Current trial for n = 3500, trial = 39 ===
[1 1 2]

=== Current trial for n = 3500, trial = 40 ===
[1 1 2]

=== Current trial for n = 3500, trial = 41 ===
[1 1 2]

=== Current trial for n = 3500, trial = 42 ===
[1 1 2]

=== Current trial for n = 3500, trial = 43 ===
[1 1 2]

=== Current trial for n = 3500, trial = 44 ===
[1 1 2]

=== Current trial for n = 3500, trial = 45 ===
[1 1 2]

=== Current trial for n = 3500, trial = 46 ===
[1 1 2]

=== Current trial for n = 3500, trial = 47 ===
[1 1 2]

=== Current trial for n = 3500, trial = 48 ===
[1 1 2]

=== Current trial for n = 3500, trial = 49 ===
[1 1 2]

=== Current trial for n = 3500, trial = 50 ===
[1 1 2]

=== For rho = 0.8, the results are {'clustered': [np.float64(0.0429850271121923), np.float64(0.1754049494254847), np.float64(0.0013369963877254323)], 'distinct': [np.float64(0.03845917315745554), np.float64(0.1934587340345341), np.float64(0.0013468015554633384)]} ===

=== Running for rho = 0.85 ===

=== Current trial for n = 3500, trial = 1 ===
[1 1 2]

=== Current trial for n = 3500, trial = 2 ===
[1 1 2]

=== Current trial for n = 3500, trial = 3 ===
[1 1 2]

=== Current trial for n = 3500, trial = 4 ===
[1 1 2]

=== Current trial for n = 3500, trial = 5 ===
[1 1 2]

=== Current trial for n = 3500, trial = 6 ===
[1 1 2]

=== Current trial for n = 3500, trial = 7 ===
[1 1 2]

=== Current trial for n = 3500, trial = 8 ===
[1 1 2]

=== Current trial for n = 3500, trial = 9 ===
[1 1 2]

=== Current trial for n = 3500, trial = 10 ===
[1 1 2]

=== Current trial for n = 3500, trial = 11 ===
[1 1 2]

=== Current trial for n = 3500, trial = 12 ===
[1 1 2]

=== Current trial for n = 3500, trial = 13 ===
[1 1 2]

=== Current trial for n = 3500, trial = 14 ===
[1 1 2]

=== Current trial for n = 3500, trial = 15 ===
[1 1 2]

=== Current trial for n = 3500, trial = 16 ===
[1 1 2]

=== Current trial for n = 3500, trial = 17 ===
[1 1 2]

=== Current trial for n = 3500, trial = 18 ===
[1 1 2]

=== Current trial for n = 3500, trial = 19 ===
[1 1 2]

=== Current trial for n = 3500, trial = 20 ===
[1 1 2]

=== Current trial for n = 3500, trial = 21 ===
[1 1 2]

=== Current trial for n = 3500, trial = 22 ===
[1 1 2]

=== Current trial for n = 3500, trial = 23 ===
[1 1 2]

=== Current trial for n = 3500, trial = 24 ===
[1 1 2]

=== Current trial for n = 3500, trial = 25 ===
[1 1 2]

=== Current trial for n = 3500, trial = 26 ===
[1 1 2]

=== Current trial for n = 3500, trial = 27 ===
[1 1 2]

=== Current trial for n = 3500, trial = 28 ===
[1 1 2]

=== Current trial for n = 3500, trial = 29 ===
[1 1 2]

=== Current trial for n = 3500, trial = 30 ===
[1 1 2]

=== Current trial for n = 3500, trial = 31 ===
[1 1 2]

=== Current trial for n = 3500, trial = 32 ===
[1 1 2]

=== Current trial for n = 3500, trial = 33 ===
[1 1 2]

=== Current trial for n = 3500, trial = 34 ===
[1 1 2]

=== Current trial for n = 3500, trial = 35 ===
[1 1 2]

=== Current trial for n = 3500, trial = 36 ===
[1 1 2]

=== Current trial for n = 3500, trial = 37 ===
[1 1 2]

=== Current trial for n = 3500, trial = 38 ===
[1 1 2]

=== Current trial for n = 3500, trial = 39 ===
[1 1 2]

=== Current trial for n = 3500, trial = 40 ===
[1 1 2]

=== Current trial for n = 3500, trial = 41 ===
[1 1 2]

=== Current trial for n = 3500, trial = 42 ===
[1 1 2]

=== Current trial for n = 3500, trial = 43 ===
[1 1 2]

=== Current trial for n = 3500, trial = 44 ===
[1 1 2]

=== Current trial for n = 3500, trial = 45 ===
[1 1 2]

=== Current trial for n = 3500, trial = 46 ===
[1 1 2]

=== Current trial for n = 3500, trial = 47 ===
[1 1 2]

=== Current trial for n = 3500, trial = 48 ===
[1 1 2]

=== Current trial for n = 3500, trial = 49 ===
[1 1 2]

=== Current trial for n = 3500, trial = 50 ===
[1 1 2]

=== For rho = 0.85, the results are {'clustered': [np.float64(0.03567475822543687), np.float64(0.18348435790057574), np.float64(0.001733043631054619)], 'distinct': [np.float64(0.03745150201497396), np.float64(0.22161986762286368), np.float64(0.0017515939252481707)]} ===

=== Running for rho = 0.9 ===

=== Current trial for n = 3500, trial = 1 ===
[1 1 2]

=== Current trial for n = 3500, trial = 2 ===
[1 1 2]

=== Current trial for n = 3500, trial = 3 ===
[1 1 2]

=== Current trial for n = 3500, trial = 4 ===
[1 1 2]

=== Current trial for n = 3500, trial = 5 ===
[1 1 2]

=== Current trial for n = 3500, trial = 6 ===
[1 1 2]

=== Current trial for n = 3500, trial = 7 ===
[1 1 2]

=== Current trial for n = 3500, trial = 8 ===
[1 1 2]

=== Current trial for n = 3500, trial = 9 ===
[1 1 2]

=== Current trial for n = 3500, trial = 10 ===
[1 1 2]

=== Current trial for n = 3500, trial = 11 ===
[1 1 2]

=== Current trial for n = 3500, trial = 12 ===
[1 1 2]

=== Current trial for n = 3500, trial = 13 ===
[1 1 2]

=== Current trial for n = 3500, trial = 14 ===
[1 1 2]

=== Current trial for n = 3500, trial = 15 ===
[1 1 2]

=== Current trial for n = 3500, trial = 16 ===
[1 1 2]

=== Current trial for n = 3500, trial = 17 ===
[1 1 2]

=== Current trial for n = 3500, trial = 18 ===
[1 1 2]

=== Current trial for n = 3500, trial = 19 ===
[1 1 2]

=== Current trial for n = 3500, trial = 20 ===
[1 1 2]

=== Current trial for n = 3500, trial = 21 ===
[1 1 2]

=== Current trial for n = 3500, trial = 22 ===
[1 1 2]

=== Current trial for n = 3500, trial = 23 ===
[1 1 2]

=== Current trial for n = 3500, trial = 24 ===
[1 1 2]

=== Current trial for n = 3500, trial = 25 ===
[1 1 2]

=== Current trial for n = 3500, trial = 26 ===
[1 1 2]

=== Current trial for n = 3500, trial = 27 ===
[1 1 2]

=== Current trial for n = 3500, trial = 28 ===
[1 1 2]

=== Current trial for n = 3500, trial = 29 ===
[1 1 2]

=== Current trial for n = 3500, trial = 30 ===
[1 1 2]

=== Current trial for n = 3500, trial = 31 ===
[1 1 2]

=== Current trial for n = 3500, trial = 32 ===
[1 1 2]

=== Current trial for n = 3500, trial = 33 ===
[1 1 2]

=== Current trial for n = 3500, trial = 34 ===
[1 1 2]

=== Current trial for n = 3500, trial = 35 ===
[1 1 2]

=== Current trial for n = 3500, trial = 36 ===
[1 1 2]

=== Current trial for n = 3500, trial = 37 ===
[1 1 2]

=== Current trial for n = 3500, trial = 38 ===
[1 1 2]

=== Current trial for n = 3500, trial = 39 ===
[1 1 2]

=== Current trial for n = 3500, trial = 40 ===
[1 1 2]

=== Current trial for n = 3500, trial = 41 ===
[1 1 2]

=== Current trial for n = 3500, trial = 42 ===
[1 1 2]

=== Current trial for n = 3500, trial = 43 ===
[1 1 2]

=== Current trial for n = 3500, trial = 44 ===
[1 1 2]

=== Current trial for n = 3500, trial = 45 ===
[1 1 2]

=== Current trial for n = 3500, trial = 46 ===
[1 1 2]

=== Current trial for n = 3500, trial = 47 ===
[1 1 2]

=== Current trial for n = 3500, trial = 48 ===
[1 1 2]

=== Current trial for n = 3500, trial = 49 ===
[1 1 2]

=== Current trial for n = 3500, trial = 50 ===
[1 1 2]

=== For rho = 0.9, the results are {'clustered': [np.float64(0.02883092433348441), np.float64(0.17492128117511963), np.float64(0.0019297398212298766)], 'distinct': [np.float64(0.04128803001909075), np.float64(0.22981980671254768), np.float64(0.001965758856679173)]} ===

=== Running for rho = 0.95 ===

=== Current trial for n = 3500, trial = 1 ===
[1 1 2]

=== Current trial for n = 3500, trial = 2 ===
[1 1 2]

=== Current trial for n = 3500, trial = 3 ===
[1 1 2]

=== Current trial for n = 3500, trial = 4 ===
[1 1 2]

=== Current trial for n = 3500, trial = 5 ===
[1 1 2]

=== Current trial for n = 3500, trial = 6 ===
[1 1 2]

=== Current trial for n = 3500, trial = 7 ===
[1 1 2]

=== Current trial for n = 3500, trial = 8 ===
[1 1 2]

=== Current trial for n = 3500, trial = 9 ===
[1 1 2]

=== Current trial for n = 3500, trial = 10 ===
[1 1 2]

=== Current trial for n = 3500, trial = 11 ===
[1 1 2]

=== Current trial for n = 3500, trial = 12 ===
[1 1 2]

=== Current trial for n = 3500, trial = 13 ===
[1 1 2]

=== Current trial for n = 3500, trial = 14 ===
[1 1 2]

=== Current trial for n = 3500, trial = 15 ===
[1 1 2]

=== Current trial for n = 3500, trial = 16 ===
[1 1 2]

=== Current trial for n = 3500, trial = 17 ===
[1 1 2]

=== Current trial for n = 3500, trial = 18 ===
[1 1 2]

=== Current trial for n = 3500, trial = 19 ===
[1 1 2]

=== Current trial for n = 3500, trial = 20 ===
[1 1 2]

=== Current trial for n = 3500, trial = 21 ===
[1 1 2]

=== Current trial for n = 3500, trial = 22 ===
[1 1 2]

=== Current trial for n = 3500, trial = 23 ===
[1 1 2]

=== Current trial for n = 3500, trial = 24 ===
[1 1 2]

=== Current trial for n = 3500, trial = 25 ===
[1 1 2]

=== Current trial for n = 3500, trial = 26 ===
[1 1 2]

=== Current trial for n = 3500, trial = 27 ===
[1 1 2]

=== Current trial for n = 3500, trial = 28 ===
[1 1 2]

=== Current trial for n = 3500, trial = 29 ===
[1 1 2]

=== Current trial for n = 3500, trial = 30 ===
[1 1 2]

=== Current trial for n = 3500, trial = 31 ===
[1 1 2]

=== Current trial for n = 3500, trial = 32 ===
[1 1 2]

=== Current trial for n = 3500, trial = 33 ===
[1 1 2]

=== Current trial for n = 3500, trial = 34 ===
[1 1 2]

=== Current trial for n = 3500, trial = 35 ===
[1 1 2]

=== Current trial for n = 3500, trial = 36 ===
[1 1 2]

=== Current trial for n = 3500, trial = 37 ===
[1 1 2]

=== Current trial for n = 3500, trial = 38 ===
[1 1 2]

=== Current trial for n = 3500, trial = 39 ===
[1 1 2]

=== Current trial for n = 3500, trial = 40 ===
[1 1 2]

=== Current trial for n = 3500, trial = 41 ===
[1 1 2]

=== Current trial for n = 3500, trial = 42 ===
[1 1 2]

=== Current trial for n = 3500, trial = 43 ===
[1 1 2]

=== Current trial for n = 3500, trial = 44 ===
[1 1 2]

=== Current trial for n = 3500, trial = 45 ===
[1 1 2]

=== Current trial for n = 3500, trial = 46 ===
[1 1 2]

=== Current trial for n = 3500, trial = 47 ===
[1 1 2]

=== Current trial for n = 3500, trial = 48 ===
[1 1 2]

=== Current trial for n = 3500, trial = 49 ===
[1 1 2]

=== Current trial for n = 3500, trial = 50 ===
[1 1 2]

=== For rho = 0.95, the results are {'clustered': [np.float64(0.018658334827298905), np.float64(0.13220753947160854), np.float64(0.0017092945086929273)], 'distinct': [np.float64(0.035307858915350494), np.float64(0.1881115816914425), np.float64(0.0017224266999308366)]} ===

=== Running for rho = 1.0 ===

=== Current trial for n = 3500, trial = 1 ===
[1 1 2]

=== Current trial for n = 3500, trial = 2 ===
[1 1 2]

=== Current trial for n = 3500, trial = 3 ===
[1 1 2]

=== Current trial for n = 3500, trial = 4 ===
[1 1 2]

=== Current trial for n = 3500, trial = 5 ===
[1 1 2]

=== Current trial for n = 3500, trial = 6 ===
[1 1 2]

=== Current trial for n = 3500, trial = 7 ===
[1 1 2]

=== Current trial for n = 3500, trial = 8 ===
[1 1 2]

=== Current trial for n = 3500, trial = 9 ===
[1 1 2]

=== Current trial for n = 3500, trial = 10 ===
[1 1 2]

=== Current trial for n = 3500, trial = 11 ===
[1 1 2]

=== Current trial for n = 3500, trial = 12 ===
[1 1 2]

=== Current trial for n = 3500, trial = 13 ===
[1 1 2]

=== Current trial for n = 3500, trial = 14 ===
[1 1 2]

=== Current trial for n = 3500, trial = 15 ===
[1 1 2]

=== Current trial for n = 3500, trial = 16 ===
[1 1 2]

=== Current trial for n = 3500, trial = 17 ===
[1 1 2]

=== Current trial for n = 3500, trial = 18 ===
[1 1 2]

=== Current trial for n = 3500, trial = 19 ===
[1 1 2]

=== Current trial for n = 3500, trial = 20 ===
[1 1 2]

=== Current trial for n = 3500, trial = 21 ===
[1 1 2]

=== Current trial for n = 3500, trial = 22 ===
[1 1 2]

=== Current trial for n = 3500, trial = 23 ===
[1 1 2]

=== Current trial for n = 3500, trial = 24 ===
[1 1 2]

=== Current trial for n = 3500, trial = 25 ===
[1 1 2]

=== Current trial for n = 3500, trial = 26 ===
[1 1 2]

=== Current trial for n = 3500, trial = 27 ===
[1 1 2]

=== Current trial for n = 3500, trial = 28 ===
[1 1 2]

=== Current trial for n = 3500, trial = 29 ===
[1 1 2]

=== Current trial for n = 3500, trial = 30 ===
[1 1 2]

=== Current trial for n = 3500, trial = 31 ===
[1 1 2]

=== Current trial for n = 3500, trial = 32 ===
[1 1 2]

=== Current trial for n = 3500, trial = 33 ===
[1 1 2]

=== Current trial for n = 3500, trial = 34 ===
[1 1 2]

=== Current trial for n = 3500, trial = 35 ===
[1 1 2]

=== Current trial for n = 3500, trial = 36 ===
[1 1 2]

=== Current trial for n = 3500, trial = 37 ===
[1 1 2]

=== Current trial for n = 3500, trial = 38 ===
[1 1 2]

=== Current trial for n = 3500, trial = 39 ===
[1 1 2]

=== Current trial for n = 3500, trial = 40 ===
[1 1 2]

=== Current trial for n = 3500, trial = 41 ===
[1 1 2]

=== Current trial for n = 3500, trial = 42 ===
[1 1 2]

=== Current trial for n = 3500, trial = 43 ===
[1 1 2]

=== Current trial for n = 3500, trial = 44 ===
[1 1 2]

=== Current trial for n = 3500, trial = 45 ===
[1 1 2]

=== Current trial for n = 3500, trial = 46 ===
[1 1 2]

=== Current trial for n = 3500, trial = 47 ===
[1 1 2]

=== Current trial for n = 3500, trial = 48 ===
[1 1 2]

=== Current trial for n = 3500, trial = 49 ===
[1 1 2]

=== Current trial for n = 3500, trial = 50 ===
[1 1 2]

=== For rho = 1.0, the results are {'clustered': [np.float64(0.014337258646789839), np.float64(0.018497853404109862), np.float64(0.0019444675405582866)], 'distinct': [np.float64(0.03780092704544551), np.float64(0.04455904437851412), np.float64(0.001978776136307419)]} ===
>>> Results saved to Results/vary_rho/rho_results_n_3500.csv
>>> Plots saved in Plots/vary_rho
