=== Starting job ID 1 on node midway3-0129.rcc.local ===
Running AMP experiment for n = 2500
>>> Script started

=== Running for rho = 0.8 ===

=== Current trial for n = 2500, trial = 1 ===
[1 1 2]

=== Current trial for n = 2500, trial = 2 ===
[1 1 2]

=== Current trial for n = 2500, trial = 3 ===
[1 1 2]

=== Current trial for n = 2500, trial = 4 ===
[1 1 2]

=== Current trial for n = 2500, trial = 5 ===
[1 1 2]

=== Current trial for n = 2500, trial = 6 ===
[1 1 2]

=== Current trial for n = 2500, trial = 7 ===
[1 1 2]

=== Current trial for n = 2500, trial = 8 ===
[1 1 2]

=== Current trial for n = 2500, trial = 9 ===
[1 1 2]

=== Current trial for n = 2500, trial = 10 ===
[1 1 2]

=== Current trial for n = 2500, trial = 11 ===
[1 1 2]

=== Current trial for n = 2500, trial = 12 ===
[1 1 2]

=== Current trial for n = 2500, trial = 13 ===
[1 1 2]

=== Current trial for n = 2500, trial = 14 ===
[1 1 2]

=== Current trial for n = 2500, trial = 15 ===
[1 1 2]

=== Current trial for n = 2500, trial = 16 ===
[1 1 2]

=== Current trial for n = 2500, trial = 17 ===
[1 1 2]

=== Current trial for n = 2500, trial = 18 ===
[1 1 2]

=== Current trial for n = 2500, trial = 19 ===
[1 1 2]

=== Current trial for n = 2500, trial = 20 ===
[1 1 2]

=== Current trial for n = 2500, trial = 21 ===
[1 1 2]

=== Current trial for n = 2500, trial = 22 ===
[1 1 2]

=== Current trial for n = 2500, trial = 23 ===
[1 1 2]

=== Current trial for n = 2500, trial = 24 ===
[1 1 2]

=== Current trial for n = 2500, trial = 25 ===
[1 1 2]

=== Current trial for n = 2500, trial = 26 ===
[1 1 2]

=== Current trial for n = 2500, trial = 27 ===
[1 1 2]

=== Current trial for n = 2500, trial = 28 ===
[1 1 2]

=== Current trial for n = 2500, trial = 29 ===
[1 1 2]

=== Current trial for n = 2500, trial = 30 ===
[1 1 2]

=== Current trial for n = 2500, trial = 31 ===
[1 1 2]

=== Current trial for n = 2500, trial = 32 ===
[1 1 2]

=== Current trial for n = 2500, trial = 33 ===
[1 1 2]

=== Current trial for n = 2500, trial = 34 ===
[1 1 2]

=== Current trial for n = 2500, trial = 35 ===
[1 1 2]

=== Current trial for n = 2500, trial = 36 ===
[1 1 2]

=== Current trial for n = 2500, trial = 37 ===
[1 1 2]

=== Current trial for n = 2500, trial = 38 ===
[1 1 2]

=== Current trial for n = 2500, trial = 39 ===
[1 1 2]

=== Current trial for n = 2500, trial = 40 ===
[1 1 2]

=== Current trial for n = 2500, trial = 41 ===
[1 1 2]

=== Current trial for n = 2500, trial = 42 ===
[1 1 2]

=== Current trial for n = 2500, trial = 43 ===
[1 1 2]

=== Current trial for n = 2500, trial = 44 ===
[1 1 2]

=== Current trial for n = 2500, trial = 45 ===
[1 1 2]

=== Current trial for n = 2500, trial = 46 ===
[1 1 2]

=== Current trial for n = 2500, trial = 47 ===
[1 1 2]

=== Current trial for n = 2500, trial = 48 ===
[1 1 2]

=== Current trial for n = 2500, trial = 49 ===
[1 1 2]

=== Current trial for n = 2500, trial = 50 ===
[1 1 2]

=== For rho = 0.8, the results are {'clustered': [np.float64(0.04506975967518034), np.float64(0.17257301837582378), np.float64(0.0017080510175658912)], 'distinct': [np.float64(0.03986934357503402), np.float64(0.19395007995139546), np.float64(0.0017210904234907507)]} ===

=== Running for rho = 0.85 ===

=== Current trial for n = 2500, trial = 1 ===
[1 1 2]

=== Current trial for n = 2500, trial = 2 ===
[1 1 2]

=== Current trial for n = 2500, trial = 3 ===
[1 1 2]

=== Current trial for n = 2500, trial = 4 ===
[1 1 2]

=== Current trial for n = 2500, trial = 5 ===
[1 1 2]

=== Current trial for n = 2500, trial = 6 ===
[1 1 2]

=== Current trial for n = 2500, trial = 7 ===
[1 1 2]

=== Current trial for n = 2500, trial = 8 ===
[1 1 2]

=== Current trial for n = 2500, trial = 9 ===
[1 1 2]

=== Current trial for n = 2500, trial = 10 ===
[1 1 2]

=== Current trial for n = 2500, trial = 11 ===
[1 1 2]

=== Current trial for n = 2500, trial = 12 ===
[1 1 2]

=== Current trial for n = 2500, trial = 13 ===
[1 1 2]

=== Current trial for n = 2500, trial = 14 ===
[1 1 2]

=== Current trial for n = 2500, trial = 15 ===
[1 1 2]

=== Current trial for n = 2500, trial = 16 ===
[1 1 2]

=== Current trial for n = 2500, trial = 17 ===
[1 1 2]

=== Current trial for n = 2500, trial = 18 ===
[1 1 2]

=== Current trial for n = 2500, trial = 19 ===
[1 1 2]

=== Current trial for n = 2500, trial = 20 ===
[1 1 2]

=== Current trial for n = 2500, trial = 21 ===
[1 1 2]

=== Current trial for n = 2500, trial = 22 ===
[1 1 2]

=== Current trial for n = 2500, trial = 23 ===
[1 1 2]

=== Current trial for n = 2500, trial = 24 ===
[1 1 2]

=== Current trial for n = 2500, trial = 25 ===
[1 1 2]

=== Current trial for n = 2500, trial = 26 ===
[1 1 2]

=== Current trial for n = 2500, trial = 27 ===
[1 1 2]

=== Current trial for n = 2500, trial = 28 ===
[1 1 2]

=== Current trial for n = 2500, trial = 29 ===
[1 1 2]

=== Current trial for n = 2500, trial = 30 ===
[1 1 2]

=== Current trial for n = 2500, trial = 31 ===
[1 1 2]

=== Current trial for n = 2500, trial = 32 ===
[1 1 2]

=== Current trial for n = 2500, trial = 33 ===
[1 1 2]

=== Current trial for n = 2500, trial = 34 ===
[1 1 2]

=== Current trial for n = 2500, trial = 35 ===
[1 1 2]

=== Current trial for n = 2500, trial = 36 ===
[1 1 2]

=== Current trial for n = 2500, trial = 37 ===
[1 1 2]

=== Current trial for n = 2500, trial = 38 ===
[1 1 2]

=== Current trial for n = 2500, trial = 39 ===
[1 1 2]

=== Current trial for n = 2500, trial = 40 ===
[1 1 2]

=== Current trial for n = 2500, trial = 41 ===
[1 1 2]

=== Current trial for n = 2500, trial = 42 ===
[1 1 2]

=== Current trial for n = 2500, trial = 43 ===
[1 1 2]

=== Current trial for n = 2500, trial = 44 ===
[1 1 2]

=== Current trial for n = 2500, trial = 45 ===
[1 1 2]

=== Current trial for n = 2500, trial = 46 ===
[1 1 2]

=== Current trial for n = 2500, trial = 47 ===
[1 1 2]

=== Current trial for n = 2500, trial = 48 ===
[1 1 2]

=== Current trial for n = 2500, trial = 49 ===
[1 1 2]

=== Current trial for n = 2500, trial = 50 ===
[1 1 2]

=== For rho = 0.85, the results are {'clustered': [np.float64(0.0348023956650016), np.float64(0.1821444542648928), np.float64(0.0018489893109939796)], 'distinct': [np.float64(0.03758467632616811), np.float64(0.22205329614276728), np.float64(0.001854018105028199)]} ===

=== Running for rho = 0.9 ===

=== Current trial for n = 2500, trial = 1 ===
[1 1 2]

=== Current trial for n = 2500, trial = 2 ===
[1 1 2]

=== Current trial for n = 2500, trial = 3 ===
[1 1 2]

=== Current trial for n = 2500, trial = 4 ===
[1 1 2]

=== Current trial for n = 2500, trial = 5 ===
[1 1 2]

=== Current trial for n = 2500, trial = 6 ===
[1 1 2]

=== Current trial for n = 2500, trial = 7 ===
[1 1 2]

=== Current trial for n = 2500, trial = 8 ===
[1 1 2]

=== Current trial for n = 2500, trial = 9 ===
[1 1 2]

=== Current trial for n = 2500, trial = 10 ===
[1 1 2]

=== Current trial for n = 2500, trial = 11 ===
[1 1 2]

=== Current trial for n = 2500, trial = 12 ===
[1 1 2]

=== Current trial for n = 2500, trial = 13 ===
[1 1 2]

=== Current trial for n = 2500, trial = 14 ===
[1 1 2]

=== Current trial for n = 2500, trial = 15 ===
[1 1 2]

=== Current trial for n = 2500, trial = 16 ===
[1 1 2]

=== Current trial for n = 2500, trial = 17 ===
[1 1 2]

=== Current trial for n = 2500, trial = 18 ===
[1 1 2]

=== Current trial for n = 2500, trial = 19 ===
[1 1 2]

=== Current trial for n = 2500, trial = 20 ===
[1 1 2]

=== Current trial for n = 2500, trial = 21 ===
[1 1 2]

=== Current trial for n = 2500, trial = 22 ===
[1 1 2]

=== Current trial for n = 2500, trial = 23 ===
[1 1 2]

=== Current trial for n = 2500, trial = 24 ===
[1 1 2]

=== Current trial for n = 2500, trial = 25 ===
[1 1 2]

=== Current trial for n = 2500, trial = 26 ===
[1 1 2]

=== Current trial for n = 2500, trial = 27 ===
[1 1 2]

=== Current trial for n = 2500, trial = 28 ===
[1 1 2]

=== Current trial for n = 2500, trial = 29 ===
[1 1 2]

=== Current trial for n = 2500, trial = 30 ===
[1 1 2]

=== Current trial for n = 2500, trial = 31 ===
[1 1 2]

=== Current trial for n = 2500, trial = 32 ===
[1 1 2]

=== Current trial for n = 2500, trial = 33 ===
[1 1 2]

=== Current trial for n = 2500, trial = 34 ===
[1 1 2]

=== Current trial for n = 2500, trial = 35 ===
[1 1 2]

=== Current trial for n = 2500, trial = 36 ===
[1 1 2]

=== Current trial for n = 2500, trial = 37 ===
[1 1 2]

=== Current trial for n = 2500, trial = 38 ===
[1 1 2]

=== Current trial for n = 2500, trial = 39 ===
[1 1 2]

=== Current trial for n = 2500, trial = 40 ===
[1 1 2]

=== Current trial for n = 2500, trial = 41 ===
[1 1 2]

=== Current trial for n = 2500, trial = 42 ===
[1 1 2]

=== Current trial for n = 2500, trial = 43 ===
[1 1 2]

=== Current trial for n = 2500, trial = 44 ===
[1 1 2]

=== Current trial for n = 2500, trial = 45 ===
[1 1 2]

=== Current trial for n = 2500, trial = 46 ===
[1 1 2]

=== Current trial for n = 2500, trial = 47 ===
[1 1 2]

=== Current trial for n = 2500, trial = 48 ===
[1 1 2]

=== Current trial for n = 2500, trial = 49 ===
[1 1 2]

=== Current trial for n = 2500, trial = 50 ===
[1 1 2]

=== For rho = 0.9, the results are {'clustered': [np.float64(0.028716903997803418), np.float64(0.17485631561612408), np.float64(0.0015409239851088673)], 'distinct': [np.float64(0.04018016876079036), np.float64(0.229723135443304), np.float64(0.0015587543193483475)]} ===

=== Running for rho = 0.95 ===

=== Current trial for n = 2500, trial = 1 ===
[1 1 2]

=== Current trial for n = 2500, trial = 2 ===
[1 1 2]

=== Current trial for n = 2500, trial = 3 ===
[1 1 2]

=== Current trial for n = 2500, trial = 4 ===
[1 1 2]

=== Current trial for n = 2500, trial = 5 ===
[1 1 2]

=== Current trial for n = 2500, trial = 6 ===
[1 1 2]

=== Current trial for n = 2500, trial = 7 ===
[1 1 2]

=== Current trial for n = 2500, trial = 8 ===
[1 1 2]

=== Current trial for n = 2500, trial = 9 ===
[1 1 2]

=== Current trial for n = 2500, trial = 10 ===
[1 1 2]

=== Current trial for n = 2500, trial = 11 ===
[1 1 2]

=== Current trial for n = 2500, trial = 12 ===
[1 1 2]

=== Current trial for n = 2500, trial = 13 ===
[1 1 2]

=== Current trial for n = 2500, trial = 14 ===
[1 1 2]

=== Current trial for n = 2500, trial = 15 ===
[1 1 2]

=== Current trial for n = 2500, trial = 16 ===
[1 1 2]

=== Current trial for n = 2500, trial = 17 ===
[1 1 2]

=== Current trial for n = 2500, trial = 18 ===
[1 1 2]

=== Current trial for n = 2500, trial = 19 ===
[1 1 2]

=== Current trial for n = 2500, trial = 20 ===
[1 1 2]

=== Current trial for n = 2500, trial = 21 ===
[1 1 2]

=== Current trial for n = 2500, trial = 22 ===
[1 1 2]

=== Current trial for n = 2500, trial = 23 ===
[1 1 2]

=== Current trial for n = 2500, trial = 24 ===
[1 1 2]

=== Current trial for n = 2500, trial = 25 ===
[1 1 2]

=== Current trial for n = 2500, trial = 26 ===
[1 1 2]

=== Current trial for n = 2500, trial = 27 ===
[1 1 2]

=== Current trial for n = 2500, trial = 28 ===
[1 1 2]

=== Current trial for n = 2500, trial = 29 ===
[1 1 2]

=== Current trial for n = 2500, trial = 30 ===
[1 1 2]

=== Current trial for n = 2500, trial = 31 ===
[1 1 2]

=== Current trial for n = 2500, trial = 32 ===
[1 1 2]

=== Current trial for n = 2500, trial = 33 ===
[1 1 2]

=== Current trial for n = 2500, trial = 34 ===
[1 1 2]

=== Current trial for n = 2500, trial = 35 ===
[1 1 2]

=== Current trial for n = 2500, trial = 36 ===
[1 1 2]

=== Current trial for n = 2500, trial = 37 ===
[1 1 2]

=== Current trial for n = 2500, trial = 38 ===
[1 1 2]

=== Current trial for n = 2500, trial = 39 ===
[1 1 2]

=== Current trial for n = 2500, trial = 40 ===
[1 1 2]

=== Current trial for n = 2500, trial = 41 ===
[1 1 2]

=== Current trial for n = 2500, trial = 42 ===
[1 1 2]

=== Current trial for n = 2500, trial = 43 ===
[1 1 2]

=== Current trial for n = 2500, trial = 44 ===
[1 1 2]

=== Current trial for n = 2500, trial = 45 ===
[1 1 2]

=== Current trial for n = 2500, trial = 46 ===
[1 1 2]

=== Current trial for n = 2500, trial = 47 ===
[1 1 2]

=== Current trial for n = 2500, trial = 48 ===
[1 1 2]

=== Current trial for n = 2500, trial = 49 ===
[1 1 2]

=== Current trial for n = 2500, trial = 50 ===
[1 1 2]

=== For rho = 0.95, the results are {'clustered': [np.float64(0.02052934761233861), np.float64(0.13543304583622187), np.float64(0.00162967022733532)], 'distinct': [np.float64(0.03891223016079786), np.float64(0.18944844006858957), np.float64(0.0016259232344931485)]} ===

=== Running for rho = 1.0 ===

=== Current trial for n = 2500, trial = 1 ===
[1 1 2]

=== Current trial for n = 2500, trial = 2 ===
[1 1 2]

=== Current trial for n = 2500, trial = 3 ===
[1 1 2]

=== Current trial for n = 2500, trial = 4 ===
[1 1 2]

=== Current trial for n = 2500, trial = 5 ===
[1 1 2]

=== Current trial for n = 2500, trial = 6 ===
[1 1 2]

=== Current trial for n = 2500, trial = 7 ===
[1 1 2]

=== Current trial for n = 2500, trial = 8 ===
[1 1 2]

=== Current trial for n = 2500, trial = 9 ===
[1 1 2]

=== Current trial for n = 2500, trial = 10 ===
[1 1 2]

=== Current trial for n = 2500, trial = 11 ===
[1 1 2]

=== Current trial for n = 2500, trial = 12 ===
[1 1 2]

=== Current trial for n = 2500, trial = 13 ===
[1 1 2]

=== Current trial for n = 2500, trial = 14 ===
[1 1 2]

=== Current trial for n = 2500, trial = 15 ===
[1 1 2]

=== Current trial for n = 2500, trial = 16 ===
[1 1 2]

=== Current trial for n = 2500, trial = 17 ===
[1 1 2]

=== Current trial for n = 2500, trial = 18 ===
[1 1 2]

=== Current trial for n = 2500, trial = 19 ===
[1 1 2]

=== Current trial for n = 2500, trial = 20 ===
[1 1 2]

=== Current trial for n = 2500, trial = 21 ===
[1 1 2]

=== Current trial for n = 2500, trial = 22 ===
[1 1 2]

=== Current trial for n = 2500, trial = 23 ===
[1 1 2]

=== Current trial for n = 2500, trial = 24 ===
[1 1 2]

=== Current trial for n = 2500, trial = 25 ===
[1 1 2]

=== Current trial for n = 2500, trial = 26 ===
[1 1 2]

=== Current trial for n = 2500, trial = 27 ===
[1 1 2]

=== Current trial for n = 2500, trial = 28 ===
[1 1 2]

=== Current trial for n = 2500, trial = 29 ===
[1 1 2]

=== Current trial for n = 2500, trial = 30 ===
[1 1 2]

=== Current trial for n = 2500, trial = 31 ===
[1 1 2]

=== Current trial for n = 2500, trial = 32 ===
[1 1 2]

=== Current trial for n = 2500, trial = 33 ===
[1 1 2]

=== Current trial for n = 2500, trial = 34 ===
[1 1 2]

=== Current trial for n = 2500, trial = 35 ===
[1 1 2]

=== Current trial for n = 2500, trial = 36 ===
[1 1 2]

=== Current trial for n = 2500, trial = 37 ===
[1 1 2]

=== Current trial for n = 2500, trial = 38 ===
[1 1 2]

=== Current trial for n = 2500, trial = 39 ===
[1 1 2]

=== Current trial for n = 2500, trial = 40 ===
[1 1 2]

=== Current trial for n = 2500, trial = 41 ===
[1 1 2]

=== Current trial for n = 2500, trial = 42 ===
[1 1 2]

=== Current trial for n = 2500, trial = 43 ===
[1 1 2]

=== Current trial for n = 2500, trial = 44 ===
[1 1 2]

=== Current trial for n = 2500, trial = 45 ===
[1 1 2]

=== Current trial for n = 2500, trial = 46 ===
[1 1 2]

=== Current trial for n = 2500, trial = 47 ===
[1 1 2]

=== Current trial for n = 2500, trial = 48 ===
[1 1 2]

=== Current trial for n = 2500, trial = 49 ===
[1 1 2]

=== Current trial for n = 2500, trial = 50 ===
[1 1 2]

=== For rho = 1.0, the results are {'clustered': [np.float64(0.014519520072352791), np.float64(0.021318203313077818), np.float64(0.0019110170092392126)], 'distinct': [np.float64(0.03787053902526813), np.float64(0.045841901236066206), np.float64(0.0019222549393135301)]} ===
>>> Results saved to Results/vary_rho/rho_results_n_2500.csv
>>> Plots saved in Plots/vary_rho
