=== Starting job ID 4 on node midway3-0074.rcc.local ===
Running AMP experiment for n = 4000
>>> Script started

=== Running for rho = 0.8 ===

=== Current trial for n = 4000, trial = 1 ===
[1 1 2]

=== Current trial for n = 4000, trial = 2 ===
[1 1 2]

=== Current trial for n = 4000, trial = 3 ===
[1 1 2]

=== Current trial for n = 4000, trial = 4 ===
[1 1 2]

=== Current trial for n = 4000, trial = 5 ===
[1 1 2]

=== Current trial for n = 4000, trial = 6 ===
[1 1 2]

=== Current trial for n = 4000, trial = 7 ===
[1 1 2]

=== Current trial for n = 4000, trial = 8 ===
[1 1 2]

=== Current trial for n = 4000, trial = 9 ===
[1 1 2]

=== Current trial for n = 4000, trial = 10 ===
[1 1 2]

=== Current trial for n = 4000, trial = 11 ===
[1 1 2]

=== Current trial for n = 4000, trial = 12 ===
[1 1 2]

=== Current trial for n = 4000, trial = 13 ===
[1 1 2]

=== Current trial for n = 4000, trial = 14 ===
[1 1 2]

=== Current trial for n = 4000, trial = 15 ===
[1 1 2]

=== Current trial for n = 4000, trial = 16 ===
[1 1 2]

=== Current trial for n = 4000, trial = 17 ===
[1 1 2]

=== Current trial for n = 4000, trial = 18 ===
[1 1 2]

=== Current trial for n = 4000, trial = 19 ===
[1 1 2]

=== Current trial for n = 4000, trial = 20 ===
[1 1 2]

=== Current trial for n = 4000, trial = 21 ===
[1 1 2]

=== Current trial for n = 4000, trial = 22 ===
[1 1 2]

=== Current trial for n = 4000, trial = 23 ===
[1 1 2]

=== Current trial for n = 4000, trial = 24 ===
[1 1 2]

=== Current trial for n = 4000, trial = 25 ===
[1 1 2]

=== Current trial for n = 4000, trial = 26 ===
[1 1 2]

=== Current trial for n = 4000, trial = 27 ===
[1 1 2]

=== Current trial for n = 4000, trial = 28 ===
[1 1 2]

=== Current trial for n = 4000, trial = 29 ===
[1 1 2]

=== Current trial for n = 4000, trial = 30 ===
[1 1 2]

=== Current trial for n = 4000, trial = 31 ===
[1 1 2]

=== Current trial for n = 4000, trial = 32 ===
[1 1 2]

=== Current trial for n = 4000, trial = 33 ===
[1 1 2]

=== Current trial for n = 4000, trial = 34 ===
[1 1 2]

=== Current trial for n = 4000, trial = 35 ===
[1 1 2]

=== Current trial for n = 4000, trial = 36 ===
[1 1 2]

=== Current trial for n = 4000, trial = 37 ===
[1 1 2]

=== Current trial for n = 4000, trial = 38 ===
[1 1 2]

=== Current trial for n = 4000, trial = 39 ===
[1 1 2]

=== Current trial for n = 4000, trial = 40 ===
[1 1 2]

=== Current trial for n = 4000, trial = 41 ===
[1 1 2]

=== Current trial for n = 4000, trial = 42 ===
[1 1 2]

=== Current trial for n = 4000, trial = 43 ===
[1 1 2]

=== Current trial for n = 4000, trial = 44 ===
[1 1 2]

=== Current trial for n = 4000, trial = 45 ===
[1 1 2]

=== Current trial for n = 4000, trial = 46 ===
[1 1 2]

=== Current trial for n = 4000, trial = 47 ===
[1 1 2]

=== Current trial for n = 4000, trial = 48 ===
[1 1 2]

=== Current trial for n = 4000, trial = 49 ===
[1 1 2]

=== Current trial for n = 4000, trial = 50 ===
[1 1 2]

=== For rho = 0.8, the results are {'clustered': [np.float64(0.04048744974397434), np.float64(0.17622915074578174), np.float64(0.0017960899212624338)], 'distinct': [np.float64(0.037674377441833995), np.float64(0.19352399851176802), np.float64(0.0017779517498039531)]} ===

=== Running for rho = 0.85 ===

=== Current trial for n = 4000, trial = 1 ===
[1 1 2]

=== Current trial for n = 4000, trial = 2 ===
[1 1 2]

=== Current trial for n = 4000, trial = 3 ===
[1 1 2]

=== Current trial for n = 4000, trial = 4 ===
[1 1 2]

=== Current trial for n = 4000, trial = 5 ===
[1 1 2]

=== Current trial for n = 4000, trial = 6 ===
[1 1 2]

=== Current trial for n = 4000, trial = 7 ===
[1 1 2]

=== Current trial for n = 4000, trial = 8 ===
[1 1 2]

=== Current trial for n = 4000, trial = 9 ===
[1 1 2]

=== Current trial for n = 4000, trial = 10 ===
[1 1 2]

=== Current trial for n = 4000, trial = 11 ===
[1 1 2]

=== Current trial for n = 4000, trial = 12 ===
[1 1 2]

=== Current trial for n = 4000, trial = 13 ===
[1 1 2]

=== Current trial for n = 4000, trial = 14 ===
[1 1 2]

=== Current trial for n = 4000, trial = 15 ===
[1 1 2]

=== Current trial for n = 4000, trial = 16 ===
[1 1 2]

=== Current trial for n = 4000, trial = 17 ===
[1 1 2]

=== Current trial for n = 4000, trial = 18 ===
[1 1 2]

=== Current trial for n = 4000, trial = 19 ===
[1 1 2]

=== Current trial for n = 4000, trial = 20 ===
[1 1 2]

=== Current trial for n = 4000, trial = 21 ===
[1 1 2]

=== Current trial for n = 4000, trial = 22 ===
[1 1 2]

=== Current trial for n = 4000, trial = 23 ===
[1 1 2]

=== Current trial for n = 4000, trial = 24 ===
[1 1 2]

=== Current trial for n = 4000, trial = 25 ===
[1 1 2]

=== Current trial for n = 4000, trial = 26 ===
[1 1 2]

=== Current trial for n = 4000, trial = 27 ===
[1 1 2]

=== Current trial for n = 4000, trial = 28 ===
[1 1 2]

=== Current trial for n = 4000, trial = 29 ===
[1 1 2]

=== Current trial for n = 4000, trial = 30 ===
[1 1 2]

=== Current trial for n = 4000, trial = 31 ===
[1 1 2]

=== Current trial for n = 4000, trial = 32 ===
[1 1 2]

=== Current trial for n = 4000, trial = 33 ===
[1 1 2]

=== Current trial for n = 4000, trial = 34 ===
[1 1 2]

=== Current trial for n = 4000, trial = 35 ===
[1 1 2]

=== Current trial for n = 4000, trial = 36 ===
[1 1 2]

=== Current trial for n = 4000, trial = 37 ===
[1 1 2]

=== Current trial for n = 4000, trial = 38 ===
[1 1 2]

=== Current trial for n = 4000, trial = 39 ===
[1 1 2]

=== Current trial for n = 4000, trial = 40 ===
[1 1 2]

=== Current trial for n = 4000, trial = 41 ===
[1 1 2]

=== Current trial for n = 4000, trial = 42 ===
[1 1 2]

=== Current trial for n = 4000, trial = 43 ===
[1 1 2]

=== Current trial for n = 4000, trial = 44 ===
[1 1 2]

=== Current trial for n = 4000, trial = 45 ===
[1 1 2]

=== Current trial for n = 4000, trial = 46 ===
[1 1 2]

=== Current trial for n = 4000, trial = 47 ===
[1 1 2]

=== Current trial for n = 4000, trial = 48 ===
[1 1 2]

=== Current trial for n = 4000, trial = 49 ===
[1 1 2]

=== Current trial for n = 4000, trial = 50 ===
[1 1 2]

=== For rho = 0.85, the results are {'clustered': [np.float64(0.035248454525657585), np.float64(0.1815768414992786), np.float64(0.0013775469930953962)], 'distinct': [np.float64(0.03735607915523174), np.float64(0.22149139012129754), np.float64(0.0013400674109287202)]} ===

=== Running for rho = 0.9 ===

=== Current trial for n = 4000, trial = 1 ===
[1 1 2]

=== Current trial for n = 4000, trial = 2 ===
[1 1 2]

=== Current trial for n = 4000, trial = 3 ===
[1 1 2]

=== Current trial for n = 4000, trial = 4 ===
[1 1 2]

=== Current trial for n = 4000, trial = 5 ===
[1 1 2]

=== Current trial for n = 4000, trial = 6 ===
[1 1 2]

=== Current trial for n = 4000, trial = 7 ===
[1 1 2]

=== Current trial for n = 4000, trial = 8 ===
[1 1 2]

=== Current trial for n = 4000, trial = 9 ===
[1 1 2]

=== Current trial for n = 4000, trial = 10 ===
[1 1 2]

=== Current trial for n = 4000, trial = 11 ===
[1 1 2]

=== Current trial for n = 4000, trial = 12 ===
[1 1 2]

=== Current trial for n = 4000, trial = 13 ===
[1 1 2]

=== Current trial for n = 4000, trial = 14 ===
[1 1 2]

=== Current trial for n = 4000, trial = 15 ===
[1 1 2]

=== Current trial for n = 4000, trial = 16 ===
[1 1 2]

=== Current trial for n = 4000, trial = 17 ===
[1 1 2]

=== Current trial for n = 4000, trial = 18 ===
[1 1 2]

=== Current trial for n = 4000, trial = 19 ===
[1 1 2]

=== Current trial for n = 4000, trial = 20 ===
[1 1 2]

=== Current trial for n = 4000, trial = 21 ===
[1 1 2]

=== Current trial for n = 4000, trial = 22 ===
[1 1 2]

=== Current trial for n = 4000, trial = 23 ===
[1 1 2]

=== Current trial for n = 4000, trial = 24 ===
[1 1 2]

=== Current trial for n = 4000, trial = 25 ===
[1 1 2]

=== Current trial for n = 4000, trial = 26 ===
[1 1 2]

=== Current trial for n = 4000, trial = 27 ===
[1 1 2]

=== Current trial for n = 4000, trial = 28 ===
[1 1 2]

=== Current trial for n = 4000, trial = 29 ===
[1 1 2]

=== Current trial for n = 4000, trial = 30 ===
[1 1 2]

=== Current trial for n = 4000, trial = 31 ===
[1 1 2]

=== Current trial for n = 4000, trial = 32 ===
[1 1 2]

=== Current trial for n = 4000, trial = 33 ===
[1 1 2]

=== Current trial for n = 4000, trial = 34 ===
[1 1 2]

=== Current trial for n = 4000, trial = 35 ===
[1 1 2]

=== Current trial for n = 4000, trial = 36 ===
[1 1 2]

=== Current trial for n = 4000, trial = 37 ===
[1 1 2]

=== Current trial for n = 4000, trial = 38 ===
[1 1 2]

=== Current trial for n = 4000, trial = 39 ===
[1 1 2]

=== Current trial for n = 4000, trial = 40 ===
[1 1 2]

=== Current trial for n = 4000, trial = 41 ===
[1 1 2]

=== Current trial for n = 4000, trial = 42 ===
[1 1 2]

=== Current trial for n = 4000, trial = 43 ===
[1 1 2]

=== Current trial for n = 4000, trial = 44 ===
[1 1 2]

=== Current trial for n = 4000, trial = 45 ===
[1 1 2]

=== Current trial for n = 4000, trial = 46 ===
[1 1 2]

=== Current trial for n = 4000, trial = 47 ===
[1 1 2]

=== Current trial for n = 4000, trial = 48 ===
[1 1 2]

=== Current trial for n = 4000, trial = 49 ===
[1 1 2]

=== Current trial for n = 4000, trial = 50 ===
[1 1 2]

=== For rho = 0.9, the results are {'clustered': [np.float64(0.02774989818555093), np.float64(0.1730783989566738), np.float64(0.0017046446242383498)], 'distinct': [np.float64(0.039113846873010824), np.float64(0.22850043022363833), np.float64(0.001710074321299713)]} ===

=== Running for rho = 0.95 ===

=== Current trial for n = 4000, trial = 1 ===
[1 1 2]

=== Current trial for n = 4000, trial = 2 ===
[1 1 2]

=== Current trial for n = 4000, trial = 3 ===
[1 1 2]

=== Current trial for n = 4000, trial = 4 ===
[1 1 2]

=== Current trial for n = 4000, trial = 5 ===
[1 1 2]

=== Current trial for n = 4000, trial = 6 ===
[1 1 2]

=== Current trial for n = 4000, trial = 7 ===
[1 1 2]

=== Current trial for n = 4000, trial = 8 ===
[1 1 2]

=== Current trial for n = 4000, trial = 9 ===
[1 1 2]

=== Current trial for n = 4000, trial = 10 ===
[1 1 2]

=== Current trial for n = 4000, trial = 11 ===
[1 1 2]

=== Current trial for n = 4000, trial = 12 ===
[1 1 2]

=== Current trial for n = 4000, trial = 13 ===
[1 1 2]

=== Current trial for n = 4000, trial = 14 ===
[1 1 2]

=== Current trial for n = 4000, trial = 15 ===
[1 1 2]

=== Current trial for n = 4000, trial = 16 ===
[1 1 2]

=== Current trial for n = 4000, trial = 17 ===
[1 1 2]

=== Current trial for n = 4000, trial = 18 ===
[1 1 2]

=== Current trial for n = 4000, trial = 19 ===
[1 1 2]

=== Current trial for n = 4000, trial = 20 ===
[1 1 2]

=== Current trial for n = 4000, trial = 21 ===
[1 1 2]

=== Current trial for n = 4000, trial = 22 ===
[1 1 2]

=== Current trial for n = 4000, trial = 23 ===
[1 1 2]

=== Current trial for n = 4000, trial = 24 ===
[1 1 2]

=== Current trial for n = 4000, trial = 25 ===
[1 1 2]

=== Current trial for n = 4000, trial = 26 ===
[1 1 2]

=== Current trial for n = 4000, trial = 27 ===
[1 1 2]

=== Current trial for n = 4000, trial = 28 ===
[1 1 2]

=== Current trial for n = 4000, trial = 29 ===
[1 1 2]

=== Current trial for n = 4000, trial = 30 ===
[1 1 2]

=== Current trial for n = 4000, trial = 31 ===
[1 1 2]

=== Current trial for n = 4000, trial = 32 ===
[1 1 2]

=== Current trial for n = 4000, trial = 33 ===
[1 1 2]

=== Current trial for n = 4000, trial = 34 ===
[1 1 2]

=== Current trial for n = 4000, trial = 35 ===
[1 1 2]

=== Current trial for n = 4000, trial = 36 ===
[1 1 2]

=== Current trial for n = 4000, trial = 37 ===
[1 1 2]

=== Current trial for n = 4000, trial = 38 ===
[1 1 2]

=== Current trial for n = 4000, trial = 39 ===
[1 1 2]

=== Current trial for n = 4000, trial = 40 ===
[1 1 2]

=== Current trial for n = 4000, trial = 41 ===
[1 1 2]

=== Current trial for n = 4000, trial = 42 ===
[1 1 2]

=== Current trial for n = 4000, trial = 43 ===
[1 1 2]

=== Current trial for n = 4000, trial = 44 ===
[1 1 2]

=== Current trial for n = 4000, trial = 45 ===
[1 1 2]

=== Current trial for n = 4000, trial = 46 ===
[1 1 2]

=== Current trial for n = 4000, trial = 47 ===
[1 1 2]

=== Current trial for n = 4000, trial = 48 ===
[1 1 2]

=== Current trial for n = 4000, trial = 49 ===
[1 1 2]

=== Current trial for n = 4000, trial = 50 ===
[1 1 2]

=== For rho = 0.95, the results are {'clustered': [np.float64(0.020346284408437776), np.float64(0.13336096709211936), np.float64(0.0015328432273498758)], 'distinct': [np.float64(0.03814376098815465), np.float64(0.18830042191744714), np.float64(0.0015575843415654284)]} ===

=== Running for rho = 1.0 ===

=== Current trial for n = 4000, trial = 1 ===
[1 1 2]

=== Current trial for n = 4000, trial = 2 ===
[1 1 2]

=== Current trial for n = 4000, trial = 3 ===
[1 1 2]

=== Current trial for n = 4000, trial = 4 ===
[1 1 2]

=== Current trial for n = 4000, trial = 5 ===
[1 1 2]

=== Current trial for n = 4000, trial = 6 ===
[1 1 2]

=== Current trial for n = 4000, trial = 7 ===
[1 1 2]

=== Current trial for n = 4000, trial = 8 ===
[1 1 2]

=== Current trial for n = 4000, trial = 9 ===
[1 1 2]

=== Current trial for n = 4000, trial = 10 ===
[1 1 2]

=== Current trial for n = 4000, trial = 11 ===
[1 1 2]

=== Current trial for n = 4000, trial = 12 ===
[1 1 2]

=== Current trial for n = 4000, trial = 13 ===
[1 1 2]

=== Current trial for n = 4000, trial = 14 ===
[1 1 2]

=== Current trial for n = 4000, trial = 15 ===
[1 1 2]

=== Current trial for n = 4000, trial = 16 ===
[1 1 2]

=== Current trial for n = 4000, trial = 17 ===
[1 1 2]

=== Current trial for n = 4000, trial = 18 ===
[1 1 2]

=== Current trial for n = 4000, trial = 19 ===
[1 1 2]

=== Current trial for n = 4000, trial = 20 ===
[1 1 2]

=== Current trial for n = 4000, trial = 21 ===
[1 1 2]

=== Current trial for n = 4000, trial = 22 ===
[1 1 2]

=== Current trial for n = 4000, trial = 23 ===
[1 1 2]

=== Current trial for n = 4000, trial = 24 ===
[1 1 2]

=== Current trial for n = 4000, trial = 25 ===
[1 1 2]

=== Current trial for n = 4000, trial = 26 ===
[1 1 2]

=== Current trial for n = 4000, trial = 27 ===
[1 1 2]

=== Current trial for n = 4000, trial = 28 ===
[1 1 2]

=== Current trial for n = 4000, trial = 29 ===
[1 1 2]

=== Current trial for n = 4000, trial = 30 ===
[1 1 2]

=== Current trial for n = 4000, trial = 31 ===
[1 1 2]

=== Current trial for n = 4000, trial = 32 ===
[1 1 2]

=== Current trial for n = 4000, trial = 33 ===
[1 1 2]

=== Current trial for n = 4000, trial = 34 ===
[1 1 2]

=== Current trial for n = 4000, trial = 35 ===
[1 1 2]

=== Current trial for n = 4000, trial = 36 ===
[1 1 2]

=== Current trial for n = 4000, trial = 37 ===
[1 1 2]

=== Current trial for n = 4000, trial = 38 ===
[1 1 2]

=== Current trial for n = 4000, trial = 39 ===
[1 1 2]

=== Current trial for n = 4000, trial = 40 ===
[1 1 2]

=== Current trial for n = 4000, trial = 41 ===
[1 1 2]

=== Current trial for n = 4000, trial = 42 ===
[1 1 2]

=== Current trial for n = 4000, trial = 43 ===
[1 1 2]

=== Current trial for n = 4000, trial = 44 ===
[1 1 2]

=== Current trial for n = 4000, trial = 45 ===
[1 1 2]

=== Current trial for n = 4000, trial = 46 ===
[1 1 2]

=== Current trial for n = 4000, trial = 47 ===
[1 1 2]

=== Current trial for n = 4000, trial = 48 ===
[1 1 2]

=== Current trial for n = 4000, trial = 49 ===
[1 1 2]

=== Current trial for n = 4000, trial = 50 ===
[1 1 2]

=== For rho = 1.0, the results are {'clustered': [np.float64(0.015360994678861989), np.float64(0.02024467630231773), np.float64(0.00164274839743979)], 'distinct': [np.float64(0.03737572427117984), np.float64(0.044024148176166955), np.float64(0.0016474042612628088)]} ===
>>> Results saved to Results/vary_rho/rho_results_n_4000.csv
>>> Plots saved in Plots/vary_rho
