=== Starting job ID 4 on node midway3-0140.rcc.local ===
Running AMP experiment for n = 4000
>>> Script started
>>> Running AMP comparison experiment with n = 4000

=== Current trial for n = 4000, trial = 1 ===
[1 1 2]
[Nonlinear] Ep 0, loss 5.7572
[Nonlinear] Ep 100, loss 1.1176
[Nonlinear] Ep 200, loss 0.0918
[Nonlinear] Ep 300, loss 0.0281
[Nonlinear] Ep 400, loss 0.0264
[Nonlinear] Ep 500, loss 0.0264
[Nonlinear] Ep 600, loss 0.0264
[Nonlinear] Ep 700, loss 0.0263
[Nonlinear] Ep 800, loss 0.0263
[Nonlinear] Ep 900, loss 0.0263
[Nonlinear] Ep 1000, loss 0.0263
[Nonlinear] Ep 1100, loss 0.0263
[Nonlinear] Ep 1200, loss 0.0263
[Nonlinear] Ep 1300, loss 0.0263
[Nonlinear] Ep 1400, loss 0.0262
[Nonlinear] Ep 1500, loss 0.0262
[Nonlinear] Ep 1600, loss 0.0262
[Nonlinear] Ep 1700, loss 0.0262
[Nonlinear] Ep 1800, loss 0.0262
[Nonlinear] Ep 1900, loss 0.0262
[1 1 2]
[Nonlinear] Ep 0, loss 6.1719
[Nonlinear] Ep 100, loss 2.4250
[Nonlinear] Ep 200, loss 0.2595
[Nonlinear] Ep 300, loss 0.0536
[Nonlinear] Ep 400, loss 0.0429
[Nonlinear] Ep 500, loss 0.0399
[Nonlinear] Ep 600, loss 0.0383
[Nonlinear] Ep 700, loss 0.0373
[Nonlinear] Ep 800, loss 0.0366
[Nonlinear] Ep 900, loss 0.0361
[Nonlinear] Ep 1000, loss 0.0357
[Nonlinear] Ep 1100, loss 0.0354
[Nonlinear] Ep 1200, loss 0.0352
[Nonlinear] Ep 1300, loss 0.0350
[Nonlinear] Ep 1400, loss 0.0349
[Nonlinear] Ep 1500, loss 0.0347
[Nonlinear] Ep 1600, loss 0.0346
[Nonlinear] Ep 1700, loss 0.0344
[Nonlinear] Ep 1800, loss 0.0343
[Nonlinear] Ep 1900, loss 0.0341
[Nonlinear] Ep 0, loss 6.6729
[Nonlinear] Ep 100, loss 0.9017
[Nonlinear] Ep 200, loss 0.1207
[Nonlinear] Ep 300, loss 0.1050
[Nonlinear] Ep 400, loss 0.1037
[Nonlinear] Ep 500, loss 0.1035
[Nonlinear] Ep 600, loss 0.1034
[Nonlinear] Ep 700, loss 0.1033
[Nonlinear] Ep 800, loss 0.1032
[Nonlinear] Ep 900, loss 0.1032
[Nonlinear] Ep 1000, loss 0.1031
[Nonlinear] Ep 1100, loss 0.1031
[Nonlinear] Ep 1200, loss 0.1031
[Nonlinear] Ep 1300, loss 0.1031
[Nonlinear] Ep 1400, loss 0.1031
[Nonlinear] Ep 1500, loss 0.1031
[Nonlinear] Ep 1600, loss 0.1031
[Nonlinear] Ep 1700, loss 0.1031
[Nonlinear] Ep 1800, loss 0.1031
[Nonlinear] Ep 1900, loss 0.1031

=== Current trial for n = 4000, trial = 2 ===
[1 1 2]
[Nonlinear] Ep 0, loss 2.0781
[Nonlinear] Ep 100, loss 0.1266
[Nonlinear] Ep 200, loss 0.0119
[Nonlinear] Ep 300, loss 0.0115
[Nonlinear] Ep 400, loss 0.0115
[Nonlinear] Ep 500, loss 0.0115
[Nonlinear] Ep 600, loss 0.0115
[Nonlinear] Ep 700, loss 0.0115
[Nonlinear] Ep 800, loss 0.0115
[Nonlinear] Ep 900, loss 0.0115
[Nonlinear] Ep 1000, loss 0.0115
[Nonlinear] Ep 1100, loss 0.0115
[Nonlinear] Ep 1200, loss 0.0115
[Nonlinear] Ep 1300, loss 0.0115
[Nonlinear] Ep 1400, loss 0.0115
[Nonlinear] Ep 1500, loss 0.0115
[Nonlinear] Ep 1600, loss 0.0115
[Nonlinear] Ep 1700, loss 0.0115
[Nonlinear] Ep 1800, loss 0.0115
[Nonlinear] Ep 1900, loss 0.0115
[1 1 2]
[Nonlinear] Ep 0, loss 2.0022
[Nonlinear] Ep 100, loss 0.5358
[Nonlinear] Ep 200, loss 0.0304
[Nonlinear] Ep 300, loss 0.0203
[Nonlinear] Ep 400, loss 0.0192
[Nonlinear] Ep 500, loss 0.0187
[Nonlinear] Ep 600, loss 0.0184
[Nonlinear] Ep 700, loss 0.0181
[Nonlinear] Ep 800, loss 0.0179
[Nonlinear] Ep 900, loss 0.0176
[Nonlinear] Ep 1000, loss 0.0174
[Nonlinear] Ep 1100, loss 0.0173
[Nonlinear] Ep 1200, loss 0.0171
[Nonlinear] Ep 1300, loss 0.0170
[Nonlinear] Ep 1400, loss 0.0168
[Nonlinear] Ep 1500, loss 0.0167
[Nonlinear] Ep 1600, loss 0.0166
[Nonlinear] Ep 1700, loss 0.0164
[Nonlinear] Ep 1800, loss 0.0163
[Nonlinear] Ep 1900, loss 0.0162
[Nonlinear] Ep 0, loss 1.9032
[Nonlinear] Ep 100, loss 0.0729
[Nonlinear] Ep 200, loss 0.0117
[Nonlinear] Ep 300, loss 0.0116
[Nonlinear] Ep 400, loss 0.0115
[Nonlinear] Ep 500, loss 0.0115
[Nonlinear] Ep 600, loss 0.0115
[Nonlinear] Ep 700, loss 0.0115
[Nonlinear] Ep 800, loss 0.0115
[Nonlinear] Ep 900, loss 0.0115
[Nonlinear] Ep 1000, loss 0.0115
[Nonlinear] Ep 1100, loss 0.0115
[Nonlinear] Ep 1200, loss 0.0115
[Nonlinear] Ep 1300, loss 0.0115
[Nonlinear] Ep 1400, loss 0.0115
[Nonlinear] Ep 1500, loss 0.0115
[Nonlinear] Ep 1600, loss 0.0115
[Nonlinear] Ep 1700, loss 0.0115
[Nonlinear] Ep 1800, loss 0.0115
[Nonlinear] Ep 1900, loss 0.0115

=== Current trial for n = 4000, trial = 3 ===
[1 1 2]
[Nonlinear] Ep 0, loss 6.2964
[Nonlinear] Ep 100, loss 1.7448
[Nonlinear] Ep 200, loss 0.0558
[Nonlinear] Ep 300, loss 0.0225
[Nonlinear] Ep 400, loss 0.0221
[Nonlinear] Ep 500, loss 0.0220
[Nonlinear] Ep 600, loss 0.0220
[Nonlinear] Ep 700, loss 0.0220
[Nonlinear] Ep 800, loss 0.0220
[Nonlinear] Ep 900, loss 0.0220
[Nonlinear] Ep 1000, loss 0.0220
[Nonlinear] Ep 1100, loss 0.0219
[Nonlinear] Ep 1200, loss 0.0219
[Nonlinear] Ep 1300, loss 0.0219
[Nonlinear] Ep 1400, loss 0.0219
[Nonlinear] Ep 1500, loss 0.0219
[Nonlinear] Ep 1600, loss 0.0219
[Nonlinear] Ep 1700, loss 0.0219
[Nonlinear] Ep 1800, loss 0.0218
[Nonlinear] Ep 1900, loss 0.0218
[1 1 2]
[Nonlinear] Ep 0, loss 5.6600
[Nonlinear] Ep 100, loss 1.8599
[Nonlinear] Ep 200, loss 0.0986
[Nonlinear] Ep 300, loss 0.0316
[Nonlinear] Ep 400, loss 0.0287
[Nonlinear] Ep 500, loss 0.0286
[Nonlinear] Ep 600, loss 0.0285
[Nonlinear] Ep 700, loss 0.0284
[Nonlinear] Ep 800, loss 0.0284
[Nonlinear] Ep 900, loss 0.0283
[Nonlinear] Ep 1000, loss 0.0282
[Nonlinear] Ep 1100, loss 0.0282
[Nonlinear] Ep 1200, loss 0.0281
[Nonlinear] Ep 1300, loss 0.0280
[Nonlinear] Ep 1400, loss 0.0279
[Nonlinear] Ep 1500, loss 0.0278
[Nonlinear] Ep 1600, loss 0.0278
[Nonlinear] Ep 1700, loss 0.0277
[Nonlinear] Ep 1800, loss 0.0276
[Nonlinear] Ep 1900, loss 0.0276
[Nonlinear] Ep 0, loss 4.8070
[Nonlinear] Ep 100, loss 0.4381
[Nonlinear] Ep 200, loss 0.1138
[Nonlinear] Ep 300, loss 0.1111
[Nonlinear] Ep 400, loss 0.1093
[Nonlinear] Ep 500, loss 0.1076
[Nonlinear] Ep 600, loss 0.1062
[Nonlinear] Ep 700, loss 0.1051
[Nonlinear] Ep 800, loss 0.1043
[Nonlinear] Ep 900, loss 0.1037
[Nonlinear] Ep 1000, loss 0.1033
[Nonlinear] Ep 1100, loss 0.1030
[Nonlinear] Ep 1200, loss 0.1029
[Nonlinear] Ep 1300, loss 0.1028
[Nonlinear] Ep 1400, loss 0.1027
[Nonlinear] Ep 1500, loss 0.1027
[Nonlinear] Ep 1600, loss 0.1027
[Nonlinear] Ep 1700, loss 0.1027
[Nonlinear] Ep 1800, loss 0.1027
[Nonlinear] Ep 1900, loss 0.1027

=== Current trial for n = 4000, trial = 4 ===
[1 1 2]
[Nonlinear] Ep 0, loss 1.7249
[Nonlinear] Ep 100, loss 0.1696
[Nonlinear] Ep 200, loss 0.0118
[Nonlinear] Ep 300, loss 0.0118
[Nonlinear] Ep 400, loss 0.0118
[Nonlinear] Ep 500, loss 0.0118
[Nonlinear] Ep 600, loss 0.0118
[Nonlinear] Ep 700, loss 0.0118
[Nonlinear] Ep 800, loss 0.0118
[Nonlinear] Ep 900, loss 0.0118
[Nonlinear] Ep 1000, loss 0.0118
[Nonlinear] Ep 1100, loss 0.0118
[Nonlinear] Ep 1200, loss 0.0118
[Nonlinear] Ep 1300, loss 0.0118
[Nonlinear] Ep 1400, loss 0.0118
[Nonlinear] Ep 1500, loss 0.0118
[Nonlinear] Ep 1600, loss 0.0118
[Nonlinear] Ep 1700, loss 0.0118
[Nonlinear] Ep 1800, loss 0.0118
[Nonlinear] Ep 1900, loss 0.0118
[1 1 2]
[Nonlinear] Ep 0, loss 1.7298
[Nonlinear] Ep 100, loss 0.3273
[Nonlinear] Ep 200, loss 0.0158
[Nonlinear] Ep 300, loss 0.0145
[Nonlinear] Ep 400, loss 0.0143
[Nonlinear] Ep 500, loss 0.0141
[Nonlinear] Ep 600, loss 0.0140
[Nonlinear] Ep 700, loss 0.0139
[Nonlinear] Ep 800, loss 0.0138
[Nonlinear] Ep 900, loss 0.0137
[Nonlinear] Ep 1000, loss 0.0137
[Nonlinear] Ep 1100, loss 0.0136
[Nonlinear] Ep 1200, loss 0.0136
[Nonlinear] Ep 1300, loss 0.0135
[Nonlinear] Ep 1400, loss 0.0135
[Nonlinear] Ep 1500, loss 0.0135
[Nonlinear] Ep 1600, loss 0.0134
[Nonlinear] Ep 1700, loss 0.0134
[Nonlinear] Ep 1800, loss 0.0134
[Nonlinear] Ep 1900, loss 0.0134
[Nonlinear] Ep 0, loss 2.6587
[Nonlinear] Ep 100, loss 0.4188
[Nonlinear] Ep 200, loss 0.0260
[Nonlinear] Ep 300, loss 0.0123
[Nonlinear] Ep 400, loss 0.0118
[Nonlinear] Ep 500, loss 0.0118
[Nonlinear] Ep 600, loss 0.0118
[Nonlinear] Ep 700, loss 0.0118
[Nonlinear] Ep 800, loss 0.0118
[Nonlinear] Ep 900, loss 0.0118
[Nonlinear] Ep 1000, loss 0.0118
[Nonlinear] Ep 1100, loss 0.0118
[Nonlinear] Ep 1200, loss 0.0118
[Nonlinear] Ep 1300, loss 0.0118
[Nonlinear] Ep 1400, loss 0.0118
[Nonlinear] Ep 1500, loss 0.0118
[Nonlinear] Ep 1600, loss 0.0118
[Nonlinear] Ep 1700, loss 0.0118
[Nonlinear] Ep 1800, loss 0.0118
[Nonlinear] Ep 1900, loss 0.0118

=== Current trial for n = 4000, trial = 5 ===
[1 1 2]
[Nonlinear] Ep 0, loss 7.3302
[Nonlinear] Ep 100, loss 2.2733
[Nonlinear] Ep 200, loss 0.2426
[Nonlinear] Ep 300, loss 0.0365
[Nonlinear] Ep 400, loss 0.0265
[Nonlinear] Ep 500, loss 0.0254
[Nonlinear] Ep 600, loss 0.0253
[Nonlinear] Ep 700, loss 0.0253
[Nonlinear] Ep 800, loss 0.0253
[Nonlinear] Ep 900, loss 0.0253
[Nonlinear] Ep 1000, loss 0.0253
[Nonlinear] Ep 1100, loss 0.0253
[Nonlinear] Ep 1200, loss 0.0253
[Nonlinear] Ep 1300, loss 0.0253
[Nonlinear] Ep 1400, loss 0.0252
[Nonlinear] Ep 1500, loss 0.0252
[Nonlinear] Ep 1600, loss 0.0252
[Nonlinear] Ep 1700, loss 0.0252
[Nonlinear] Ep 1800, loss 0.0252
[Nonlinear] Ep 1900, loss 0.0252
[1 1 2]
[Nonlinear] Ep 0, loss 5.8243
[Nonlinear] Ep 100, loss 1.9066
[Nonlinear] Ep 200, loss 0.1472
[Nonlinear] Ep 300, loss 0.0475
[Nonlinear] Ep 400, loss 0.0394
[Nonlinear] Ep 500, loss 0.0373
[Nonlinear] Ep 600, loss 0.0363
[Nonlinear] Ep 700, loss 0.0356
[Nonlinear] Ep 800, loss 0.0352
[Nonlinear] Ep 900, loss 0.0350
[Nonlinear] Ep 1000, loss 0.0348
[Nonlinear] Ep 1100, loss 0.0347
[Nonlinear] Ep 1200, loss 0.0346
[Nonlinear] Ep 1300, loss 0.0345
[Nonlinear] Ep 1400, loss 0.0344
[Nonlinear] Ep 1500, loss 0.0342
[Nonlinear] Ep 1600, loss 0.0341
[Nonlinear] Ep 1700, loss 0.0340
[Nonlinear] Ep 1800, loss 0.0339
[Nonlinear] Ep 1900, loss 0.0338
[Nonlinear] Ep 0, loss 7.8933
[Nonlinear] Ep 100, loss 1.2055
[Nonlinear] Ep 200, loss 0.1493
[Nonlinear] Ep 300, loss 0.1151
[Nonlinear] Ep 400, loss 0.1083
[Nonlinear] Ep 500, loss 0.1060
[Nonlinear] Ep 600, loss 0.1045
[Nonlinear] Ep 700, loss 0.1033
[Nonlinear] Ep 800, loss 0.1024
[Nonlinear] Ep 900, loss 0.1016
[Nonlinear] Ep 1000, loss 0.1010
[Nonlinear] Ep 1100, loss 0.1005
[Nonlinear] Ep 1200, loss 0.1002
[Nonlinear] Ep 1300, loss 0.1000
[Nonlinear] Ep 1400, loss 0.0999
[Nonlinear] Ep 1500, loss 0.0998
[Nonlinear] Ep 1600, loss 0.0997
[Nonlinear] Ep 1700, loss 0.0997
[Nonlinear] Ep 1800, loss 0.0997
[Nonlinear] Ep 1900, loss 0.0996

=== Current trial for n = 4000, trial = 6 ===
[1 1 2]
[Nonlinear] Ep 0, loss 6.3427
[Nonlinear] Ep 100, loss 1.4215
[Nonlinear] Ep 200, loss 0.0456
[Nonlinear] Ep 300, loss 0.0209
[Nonlinear] Ep 400, loss 0.0202
[Nonlinear] Ep 500, loss 0.0202
[Nonlinear] Ep 600, loss 0.0202
[Nonlinear] Ep 700, loss 0.0202
[Nonlinear] Ep 800, loss 0.0202
[Nonlinear] Ep 900, loss 0.0202
[Nonlinear] Ep 1000, loss 0.0202
[Nonlinear] Ep 1100, loss 0.0202
[Nonlinear] Ep 1200, loss 0.0202
[Nonlinear] Ep 1300, loss 0.0201
[Nonlinear] Ep 1400, loss 0.0201
[Nonlinear] Ep 1500, loss 0.0201
[Nonlinear] Ep 1600, loss 0.0201
[Nonlinear] Ep 1700, loss 0.0201
[Nonlinear] Ep 1800, loss 0.0201
[Nonlinear] Ep 1900, loss 0.0201
[1 1 2]
[Nonlinear] Ep 0, loss 5.2465
[Nonlinear] Ep 100, loss 1.4788
[Nonlinear] Ep 200, loss 0.0744
[Nonlinear] Ep 300, loss 0.0289
[Nonlinear] Ep 400, loss 0.0268
[Nonlinear] Ep 500, loss 0.0262
[Nonlinear] Ep 600, loss 0.0259
[Nonlinear] Ep 700, loss 0.0258
[Nonlinear] Ep 800, loss 0.0257
[Nonlinear] Ep 900, loss 0.0256
[Nonlinear] Ep 1000, loss 0.0255
[Nonlinear] Ep 1100, loss 0.0255
[Nonlinear] Ep 1200, loss 0.0254
[Nonlinear] Ep 1300, loss 0.0253
[Nonlinear] Ep 1400, loss 0.0253
[Nonlinear] Ep 1500, loss 0.0252
[Nonlinear] Ep 1600, loss 0.0251
[Nonlinear] Ep 1700, loss 0.0251
[Nonlinear] Ep 1800, loss 0.0250
[Nonlinear] Ep 1900, loss 0.0249
[Nonlinear] Ep 0, loss 4.5972
[Nonlinear] Ep 100, loss 0.3704
[Nonlinear] Ep 200, loss 0.0979
[Nonlinear] Ep 300, loss 0.0976
[Nonlinear] Ep 400, loss 0.0973
[Nonlinear] Ep 500, loss 0.0972
[Nonlinear] Ep 600, loss 0.0970
[Nonlinear] Ep 700, loss 0.0969
[Nonlinear] Ep 800, loss 0.0968
[Nonlinear] Ep 900, loss 0.0967
[Nonlinear] Ep 1000, loss 0.0966
[Nonlinear] Ep 1100, loss 0.0966
[Nonlinear] Ep 1200, loss 0.0966
[Nonlinear] Ep 1300, loss 0.0966
[Nonlinear] Ep 1400, loss 0.0966
[Nonlinear] Ep 1500, loss 0.0965
[Nonlinear] Ep 1600, loss 0.0965
[Nonlinear] Ep 1700, loss 0.0965
[Nonlinear] Ep 1800, loss 0.0965
[Nonlinear] Ep 1900, loss 0.0965

=== Current trial for n = 4000, trial = 7 ===
[1 1 2]
[Nonlinear] Ep 0, loss 7.0051
[Nonlinear] Ep 100, loss 1.9691
[Nonlinear] Ep 200, loss 0.1962
[Nonlinear] Ep 300, loss 0.0268
[Nonlinear] Ep 400, loss 0.0210
[Nonlinear] Ep 500, loss 0.0209
[Nonlinear] Ep 600, loss 0.0209
[Nonlinear] Ep 700, loss 0.0208
[Nonlinear] Ep 800, loss 0.0208
[Nonlinear] Ep 900, loss 0.0208
[Nonlinear] Ep 1000, loss 0.0208
[Nonlinear] Ep 1100, loss 0.0208
[Nonlinear] Ep 1200, loss 0.0208
[Nonlinear] Ep 1300, loss 0.0208
[Nonlinear] Ep 1400, loss 0.0208
[Nonlinear] Ep 1500, loss 0.0208
[Nonlinear] Ep 1600, loss 0.0208
[Nonlinear] Ep 1700, loss 0.0207
[Nonlinear] Ep 1800, loss 0.0207
[Nonlinear] Ep 1900, loss 0.0207
[1 1 2]
[Nonlinear] Ep 0, loss 6.9506
[Nonlinear] Ep 100, loss 2.5290
[Nonlinear] Ep 200, loss 0.1496
[Nonlinear] Ep 300, loss 0.0470
[Nonlinear] Ep 400, loss 0.0422
[Nonlinear] Ep 500, loss 0.0399
[Nonlinear] Ep 600, loss 0.0382
[Nonlinear] Ep 700, loss 0.0370
[Nonlinear] Ep 800, loss 0.0360
[Nonlinear] Ep 900, loss 0.0354
[Nonlinear] Ep 1000, loss 0.0349
[Nonlinear] Ep 1100, loss 0.0346
[Nonlinear] Ep 1200, loss 0.0343
[Nonlinear] Ep 1300, loss 0.0341
[Nonlinear] Ep 1400, loss 0.0339
[Nonlinear] Ep 1500, loss 0.0337
[Nonlinear] Ep 1600, loss 0.0335
[Nonlinear] Ep 1700, loss 0.0333
[Nonlinear] Ep 1800, loss 0.0330
[Nonlinear] Ep 1900, loss 0.0328
[Nonlinear] Ep 0, loss 5.2233
[Nonlinear] Ep 100, loss 0.4856
[Nonlinear] Ep 200, loss 0.1039
[Nonlinear] Ep 300, loss 0.1033
[Nonlinear] Ep 400, loss 0.1028
[Nonlinear] Ep 500, loss 0.1024
[Nonlinear] Ep 600, loss 0.1020
[Nonlinear] Ep 700, loss 0.1017
[Nonlinear] Ep 800, loss 0.1015
[Nonlinear] Ep 900, loss 0.1013
[Nonlinear] Ep 1000, loss 0.1012
[Nonlinear] Ep 1100, loss 0.1011
[Nonlinear] Ep 1200, loss 0.1010
[Nonlinear] Ep 1300, loss 0.1010
[Nonlinear] Ep 1400, loss 0.1010
[Nonlinear] Ep 1500, loss 0.1010
[Nonlinear] Ep 1600, loss 0.1009
[Nonlinear] Ep 1700, loss 0.1009
[Nonlinear] Ep 1800, loss 0.1009
[Nonlinear] Ep 1900, loss 0.1009

=== Current trial for n = 4000, trial = 8 ===
[1 1 2]
[Nonlinear] Ep 0, loss 1.6953
[Nonlinear] Ep 100, loss 0.1049
[Nonlinear] Ep 200, loss 0.0116
[Nonlinear] Ep 300, loss 0.0115
[Nonlinear] Ep 400, loss 0.0114
[Nonlinear] Ep 500, loss 0.0114
[Nonlinear] Ep 600, loss 0.0114
[Nonlinear] Ep 700, loss 0.0114
[Nonlinear] Ep 800, loss 0.0114
[Nonlinear] Ep 900, loss 0.0114
[Nonlinear] Ep 1000, loss 0.0113
[Nonlinear] Ep 1100, loss 0.0113
[Nonlinear] Ep 1200, loss 0.0113
[Nonlinear] Ep 1300, loss 0.0113
[Nonlinear] Ep 1400, loss 0.0113
[Nonlinear] Ep 1500, loss 0.0113
[Nonlinear] Ep 1600, loss 0.0113
[Nonlinear] Ep 1700, loss 0.0113
[Nonlinear] Ep 1800, loss 0.0113
[Nonlinear] Ep 1900, loss 0.0113
[1 1 2]
[Nonlinear] Ep 0, loss 2.8968
[Nonlinear] Ep 100, loss 1.1580
[Nonlinear] Ep 200, loss 0.1239
[Nonlinear] Ep 300, loss 0.0132
[Nonlinear] Ep 400, loss 0.0126
[Nonlinear] Ep 500, loss 0.0126
[Nonlinear] Ep 600, loss 0.0126
[Nonlinear] Ep 700, loss 0.0125
[Nonlinear] Ep 800, loss 0.0125
[Nonlinear] Ep 900, loss 0.0125
[Nonlinear] Ep 1000, loss 0.0124
[Nonlinear] Ep 1100, loss 0.0124
[Nonlinear] Ep 1200, loss 0.0124
[Nonlinear] Ep 1300, loss 0.0124
[Nonlinear] Ep 1400, loss 0.0123
[Nonlinear] Ep 1500, loss 0.0123
[Nonlinear] Ep 1600, loss 0.0123
[Nonlinear] Ep 1700, loss 0.0123
[Nonlinear] Ep 1800, loss 0.0122
[Nonlinear] Ep 1900, loss 0.0122
[Nonlinear] Ep 0, loss 1.8105
[Nonlinear] Ep 100, loss 0.0794
[Nonlinear] Ep 200, loss 0.0137
[Nonlinear] Ep 300, loss 0.0112
[Nonlinear] Ep 400, loss 0.0110
[Nonlinear] Ep 500, loss 0.0109
[Nonlinear] Ep 600, loss 0.0109
[Nonlinear] Ep 700, loss 0.0109
[Nonlinear] Ep 800, loss 0.0109
[Nonlinear] Ep 900, loss 0.0109
[Nonlinear] Ep 1000, loss 0.0109
[Nonlinear] Ep 1100, loss 0.0109
[Nonlinear] Ep 1200, loss 0.0109
[Nonlinear] Ep 1300, loss 0.0109
[Nonlinear] Ep 1400, loss 0.0109
[Nonlinear] Ep 1500, loss 0.0109
[Nonlinear] Ep 1600, loss 0.0109
[Nonlinear] Ep 1700, loss 0.0109
[Nonlinear] Ep 1800, loss 0.0109
[Nonlinear] Ep 1900, loss 0.0109

=== Current trial for n = 4000, trial = 9 ===
[1 1 2]
[Nonlinear] Ep 0, loss 7.2966
[Nonlinear] Ep 100, loss 1.9700
[Nonlinear] Ep 200, loss 0.1160
[Nonlinear] Ep 300, loss 0.0287
[Nonlinear] Ep 400, loss 0.0259
[Nonlinear] Ep 500, loss 0.0257
[Nonlinear] Ep 600, loss 0.0257
[Nonlinear] Ep 700, loss 0.0257
[Nonlinear] Ep 800, loss 0.0257
[Nonlinear] Ep 900, loss 0.0257
[Nonlinear] Ep 1000, loss 0.0257
[Nonlinear] Ep 1100, loss 0.0257
[Nonlinear] Ep 1200, loss 0.0257
[Nonlinear] Ep 1300, loss 0.0257
[Nonlinear] Ep 1400, loss 0.0257
[Nonlinear] Ep 1500, loss 0.0257
[Nonlinear] Ep 1600, loss 0.0257
[Nonlinear] Ep 1700, loss 0.0257
[Nonlinear] Ep 1800, loss 0.0257
[Nonlinear] Ep 1900, loss 0.0257
[1 1 2]
[Nonlinear] Ep 0, loss 7.4531
[Nonlinear] Ep 100, loss 3.4228
[Nonlinear] Ep 200, loss 0.3454
[Nonlinear] Ep 300, loss 0.0567
[Nonlinear] Ep 400, loss 0.0511
[Nonlinear] Ep 500, loss 0.0472
[Nonlinear] Ep 600, loss 0.0441
[Nonlinear] Ep 700, loss 0.0417
[Nonlinear] Ep 800, loss 0.0398
[Nonlinear] Ep 900, loss 0.0383
[Nonlinear] Ep 1000, loss 0.0373
[Nonlinear] Ep 1100, loss 0.0366
[Nonlinear] Ep 1200, loss 0.0361
[Nonlinear] Ep 1300, loss 0.0359
[Nonlinear] Ep 1400, loss 0.0357
[Nonlinear] Ep 1500, loss 0.0355
[Nonlinear] Ep 1600, loss 0.0354
[Nonlinear] Ep 1700, loss 0.0353
[Nonlinear] Ep 1800, loss 0.0353
[Nonlinear] Ep 1900, loss 0.0352
[Nonlinear] Ep 0, loss 6.4330
[Nonlinear] Ep 100, loss 0.9190
[Nonlinear] Ep 200, loss 0.1210
[Nonlinear] Ep 300, loss 0.1168
[Nonlinear] Ep 400, loss 0.1165
[Nonlinear] Ep 500, loss 0.1162
[Nonlinear] Ep 600, loss 0.1159
[Nonlinear] Ep 700, loss 0.1157
[Nonlinear] Ep 800, loss 0.1156
[Nonlinear] Ep 900, loss 0.1155
[Nonlinear] Ep 1000, loss 0.1154
[Nonlinear] Ep 1100, loss 0.1153
[Nonlinear] Ep 1200, loss 0.1153
[Nonlinear] Ep 1300, loss 0.1153
[Nonlinear] Ep 1400, loss 0.1153
[Nonlinear] Ep 1500, loss 0.1153
[Nonlinear] Ep 1600, loss 0.1152
[Nonlinear] Ep 1700, loss 0.1152
[Nonlinear] Ep 1800, loss 0.1152
[Nonlinear] Ep 1900, loss 0.1152

=== Current trial for n = 4000, trial = 10 ===
[1 1 2]
[Nonlinear] Ep 0, loss 5.9944
[Nonlinear] Ep 100, loss 1.8984
[Nonlinear] Ep 200, loss 0.0656
[Nonlinear] Ep 300, loss 0.0247
[Nonlinear] Ep 400, loss 0.0247
[Nonlinear] Ep 500, loss 0.0247
[Nonlinear] Ep 600, loss 0.0247
[Nonlinear] Ep 700, loss 0.0247
[Nonlinear] Ep 800, loss 0.0247
[Nonlinear] Ep 900, loss 0.0247
[Nonlinear] Ep 1000, loss 0.0247
[Nonlinear] Ep 1100, loss 0.0247
[Nonlinear] Ep 1200, loss 0.0246
[Nonlinear] Ep 1300, loss 0.0246
[Nonlinear] Ep 1400, loss 0.0246
[Nonlinear] Ep 1500, loss 0.0246
[Nonlinear] Ep 1600, loss 0.0246
[Nonlinear] Ep 1700, loss 0.0246
[Nonlinear] Ep 1800, loss 0.0246
[Nonlinear] Ep 1900, loss 0.0246
[1 1 2]
[Nonlinear] Ep 0, loss 6.2282
[Nonlinear] Ep 100, loss 2.1475
[Nonlinear] Ep 200, loss 0.2440
[Nonlinear] Ep 300, loss 0.0478
[Nonlinear] Ep 400, loss 0.0364
[Nonlinear] Ep 500, loss 0.0343
[Nonlinear] Ep 600, loss 0.0337
[Nonlinear] Ep 700, loss 0.0335
[Nonlinear] Ep 800, loss 0.0334
[Nonlinear] Ep 900, loss 0.0333
[Nonlinear] Ep 1000, loss 0.0333
[Nonlinear] Ep 1100, loss 0.0332
[Nonlinear] Ep 1200, loss 0.0331
[Nonlinear] Ep 1300, loss 0.0331
[Nonlinear] Ep 1400, loss 0.0330
[Nonlinear] Ep 1500, loss 0.0329
[Nonlinear] Ep 1600, loss 0.0329
[Nonlinear] Ep 1700, loss 0.0328
[Nonlinear] Ep 1800, loss 0.0327
[Nonlinear] Ep 1900, loss 0.0326
[Nonlinear] Ep 0, loss 5.6787
[Nonlinear] Ep 100, loss 0.4114
[Nonlinear] Ep 200, loss 0.1203
[Nonlinear] Ep 300, loss 0.1096
[Nonlinear] Ep 400, loss 0.1065
[Nonlinear] Ep 500, loss 0.1053
[Nonlinear] Ep 600, loss 0.1044
[Nonlinear] Ep 700, loss 0.1038
[Nonlinear] Ep 800, loss 0.1034
[Nonlinear] Ep 900, loss 0.1032
[Nonlinear] Ep 1000, loss 0.1030
[Nonlinear] Ep 1100, loss 0.1030
[Nonlinear] Ep 1200, loss 0.1029
[Nonlinear] Ep 1300, loss 0.1029
[Nonlinear] Ep 1400, loss 0.1029
[Nonlinear] Ep 1500, loss 0.1029
[Nonlinear] Ep 1600, loss 0.1029
[Nonlinear] Ep 1700, loss 0.1028
[Nonlinear] Ep 1800, loss 0.1028
[Nonlinear] Ep 1900, loss 0.1028

=== Current trial for n = 4000, trial = 11 ===
[1 1 2]
[Nonlinear] Ep 0, loss 6.2553
[Nonlinear] Ep 100, loss 0.8525
[Nonlinear] Ep 200, loss 0.0314
[Nonlinear] Ep 300, loss 0.0259
[Nonlinear] Ep 400, loss 0.0259
[Nonlinear] Ep 500, loss 0.0258
[Nonlinear] Ep 600, loss 0.0258
[Nonlinear] Ep 700, loss 0.0257
[Nonlinear] Ep 800, loss 0.0257
[Nonlinear] Ep 900, loss 0.0256
[Nonlinear] Ep 1000, loss 0.0255
[Nonlinear] Ep 1100, loss 0.0255
[Nonlinear] Ep 1200, loss 0.0254
[Nonlinear] Ep 1300, loss 0.0254
[Nonlinear] Ep 1400, loss 0.0253
[Nonlinear] Ep 1500, loss 0.0252
[Nonlinear] Ep 1600, loss 0.0252
[Nonlinear] Ep 1700, loss 0.0251
[Nonlinear] Ep 1800, loss 0.0250
[Nonlinear] Ep 1900, loss 0.0250
[1 1 2]
[Nonlinear] Ep 0, loss 6.3732
[Nonlinear] Ep 100, loss 2.5096
[Nonlinear] Ep 200, loss 0.3205
[Nonlinear] Ep 300, loss 0.0511
[Nonlinear] Ep 400, loss 0.0388
[Nonlinear] Ep 500, loss 0.0367
[Nonlinear] Ep 600, loss 0.0359
[Nonlinear] Ep 700, loss 0.0354
[Nonlinear] Ep 800, loss 0.0350
[Nonlinear] Ep 900, loss 0.0347
[Nonlinear] Ep 1000, loss 0.0344
[Nonlinear] Ep 1100, loss 0.0342
[Nonlinear] Ep 1200, loss 0.0340
[Nonlinear] Ep 1300, loss 0.0339
[Nonlinear] Ep 1400, loss 0.0337
[Nonlinear] Ep 1500, loss 0.0336
[Nonlinear] Ep 1600, loss 0.0335
[Nonlinear] Ep 1700, loss 0.0334
[Nonlinear] Ep 1800, loss 0.0332
[Nonlinear] Ep 1900, loss 0.0330
[Nonlinear] Ep 0, loss 5.3406
[Nonlinear] Ep 100, loss 0.8612
[Nonlinear] Ep 200, loss 0.0995
[Nonlinear] Ep 300, loss 0.0937
[Nonlinear] Ep 400, loss 0.0934
[Nonlinear] Ep 500, loss 0.0932
[Nonlinear] Ep 600, loss 0.0930
[Nonlinear] Ep 700, loss 0.0928
[Nonlinear] Ep 800, loss 0.0927
[Nonlinear] Ep 900, loss 0.0926
[Nonlinear] Ep 1000, loss 0.0925
[Nonlinear] Ep 1100, loss 0.0925
[Nonlinear] Ep 1200, loss 0.0924
[Nonlinear] Ep 1300, loss 0.0923
[Nonlinear] Ep 1400, loss 0.0923
[Nonlinear] Ep 1500, loss 0.0922
[Nonlinear] Ep 1600, loss 0.0921
[Nonlinear] Ep 1700, loss 0.0921
[Nonlinear] Ep 1800, loss 0.0920
[Nonlinear] Ep 1900, loss 0.0919

=== Current trial for n = 4000, trial = 12 ===
[1 1 2]
[Nonlinear] Ep 0, loss 2.1012
[Nonlinear] Ep 100, loss 0.1173
[Nonlinear] Ep 200, loss 0.0104
[Nonlinear] Ep 300, loss 0.0103
[Nonlinear] Ep 400, loss 0.0103
[Nonlinear] Ep 500, loss 0.0103
[Nonlinear] Ep 600, loss 0.0103
[Nonlinear] Ep 700, loss 0.0103
[Nonlinear] Ep 800, loss 0.0103
[Nonlinear] Ep 900, loss 0.0103
[Nonlinear] Ep 1000, loss 0.0103
[Nonlinear] Ep 1100, loss 0.0103
[Nonlinear] Ep 1200, loss 0.0103
[Nonlinear] Ep 1300, loss 0.0103
[Nonlinear] Ep 1400, loss 0.0103
[Nonlinear] Ep 1500, loss 0.0103
[Nonlinear] Ep 1600, loss 0.0103
[Nonlinear] Ep 1700, loss 0.0103
[Nonlinear] Ep 1800, loss 0.0103
[Nonlinear] Ep 1900, loss 0.0103
[1 1 2]
[Nonlinear] Ep 0, loss 2.3935
[Nonlinear] Ep 100, loss 0.6169
[Nonlinear] Ep 200, loss 0.0479
[Nonlinear] Ep 300, loss 0.0174
[Nonlinear] Ep 400, loss 0.0145
[Nonlinear] Ep 500, loss 0.0139
[Nonlinear] Ep 600, loss 0.0136
[Nonlinear] Ep 700, loss 0.0135
[Nonlinear] Ep 800, loss 0.0134
[Nonlinear] Ep 900, loss 0.0134
[Nonlinear] Ep 1000, loss 0.0133
[Nonlinear] Ep 1100, loss 0.0133
[Nonlinear] Ep 1200, loss 0.0132
[Nonlinear] Ep 1300, loss 0.0132
[Nonlinear] Ep 1400, loss 0.0131
[Nonlinear] Ep 1500, loss 0.0131
[Nonlinear] Ep 1600, loss 0.0130
[Nonlinear] Ep 1700, loss 0.0129
[Nonlinear] Ep 1800, loss 0.0129
[Nonlinear] Ep 1900, loss 0.0128
[Nonlinear] Ep 0, loss 1.5957
[Nonlinear] Ep 100, loss 0.0736
[Nonlinear] Ep 200, loss 0.0126
[Nonlinear] Ep 300, loss 0.0103
[Nonlinear] Ep 400, loss 0.0102
[Nonlinear] Ep 500, loss 0.0102
[Nonlinear] Ep 600, loss 0.0102
[Nonlinear] Ep 700, loss 0.0102
[Nonlinear] Ep 800, loss 0.0102
[Nonlinear] Ep 900, loss 0.0102
[Nonlinear] Ep 1000, loss 0.0102
[Nonlinear] Ep 1100, loss 0.0102
[Nonlinear] Ep 1200, loss 0.0102
[Nonlinear] Ep 1300, loss 0.0102
[Nonlinear] Ep 1400, loss 0.0102
[Nonlinear] Ep 1500, loss 0.0102
[Nonlinear] Ep 1600, loss 0.0102
[Nonlinear] Ep 1700, loss 0.0102
[Nonlinear] Ep 1800, loss 0.0102
[Nonlinear] Ep 1900, loss 0.0102

=== Current trial for n = 4000, trial = 13 ===
[1 1 2]
[Nonlinear] Ep 0, loss 6.2152
[Nonlinear] Ep 100, loss 1.1857
[Nonlinear] Ep 200, loss 0.0437
[Nonlinear] Ep 300, loss 0.0264
[Nonlinear] Ep 400, loss 0.0256
[Nonlinear] Ep 500, loss 0.0255
[Nonlinear] Ep 600, loss 0.0255
[Nonlinear] Ep 700, loss 0.0255
[Nonlinear] Ep 800, loss 0.0255
[Nonlinear] Ep 900, loss 0.0255
[Nonlinear] Ep 1000, loss 0.0255
[Nonlinear] Ep 1100, loss 0.0254
[Nonlinear] Ep 1200, loss 0.0254
[Nonlinear] Ep 1300, loss 0.0254
[Nonlinear] Ep 1400, loss 0.0254
[Nonlinear] Ep 1500, loss 0.0254
[Nonlinear] Ep 1600, loss 0.0253
[Nonlinear] Ep 1700, loss 0.0253
[Nonlinear] Ep 1800, loss 0.0253
[Nonlinear] Ep 1900, loss 0.0252
[1 1 2]
[Nonlinear] Ep 0, loss 7.0859
[Nonlinear] Ep 100, loss 3.2335
[Nonlinear] Ep 200, loss 0.4497
[Nonlinear] Ep 300, loss 0.0499
[Nonlinear] Ep 400, loss 0.0366
[Nonlinear] Ep 500, loss 0.0347
[Nonlinear] Ep 600, loss 0.0336
[Nonlinear] Ep 700, loss 0.0328
[Nonlinear] Ep 800, loss 0.0323
[Nonlinear] Ep 900, loss 0.0319
[Nonlinear] Ep 1000, loss 0.0315
[Nonlinear] Ep 1100, loss 0.0312
[Nonlinear] Ep 1200, loss 0.0310
[Nonlinear] Ep 1300, loss 0.0308
[Nonlinear] Ep 1400, loss 0.0307
[Nonlinear] Ep 1500, loss 0.0306
[Nonlinear] Ep 1600, loss 0.0304
[Nonlinear] Ep 1700, loss 0.0303
[Nonlinear] Ep 1800, loss 0.0302
[Nonlinear] Ep 1900, loss 0.0301
[Nonlinear] Ep 0, loss 6.9961
[Nonlinear] Ep 100, loss 0.9589
[Nonlinear] Ep 200, loss 0.1258
[Nonlinear] Ep 300, loss 0.1043
[Nonlinear] Ep 400, loss 0.1015
[Nonlinear] Ep 500, loss 0.1004
[Nonlinear] Ep 600, loss 0.0998
[Nonlinear] Ep 700, loss 0.0993
[Nonlinear] Ep 800, loss 0.0989
[Nonlinear] Ep 900, loss 0.0986
[Nonlinear] Ep 1000, loss 0.0983
[Nonlinear] Ep 1100, loss 0.0982
[Nonlinear] Ep 1200, loss 0.0981
[Nonlinear] Ep 1300, loss 0.0980
[Nonlinear] Ep 1400, loss 0.0980
[Nonlinear] Ep 1500, loss 0.0980
[Nonlinear] Ep 1600, loss 0.0980
[Nonlinear] Ep 1700, loss 0.0980
[Nonlinear] Ep 1800, loss 0.0980
[Nonlinear] Ep 1900, loss 0.0979

=== Current trial for n = 4000, trial = 14 ===
[1 1 2]
[Nonlinear] Ep 0, loss 5.8494
[Nonlinear] Ep 100, loss 1.2983
[Nonlinear] Ep 200, loss 0.1176
[Nonlinear] Ep 300, loss 0.0289
[Nonlinear] Ep 400, loss 0.0252
[Nonlinear] Ep 500, loss 0.0252
[Nonlinear] Ep 600, loss 0.0252
[Nonlinear] Ep 700, loss 0.0251
[Nonlinear] Ep 800, loss 0.0251
[Nonlinear] Ep 900, loss 0.0251
[Nonlinear] Ep 1000, loss 0.0251
[Nonlinear] Ep 1100, loss 0.0251
[Nonlinear] Ep 1200, loss 0.0250
[Nonlinear] Ep 1300, loss 0.0250
[Nonlinear] Ep 1400, loss 0.0250
[Nonlinear] Ep 1500, loss 0.0250
[Nonlinear] Ep 1600, loss 0.0249
[Nonlinear] Ep 1700, loss 0.0249
[Nonlinear] Ep 1800, loss 0.0249
[Nonlinear] Ep 1900, loss 0.0249
[1 1 2]
[Nonlinear] Ep 0, loss 6.8275
[Nonlinear] Ep 100, loss 2.9163
[Nonlinear] Ep 200, loss 0.4670
[Nonlinear] Ep 300, loss 0.0762
[Nonlinear] Ep 400, loss 0.0440
[Nonlinear] Ep 500, loss 0.0362
[Nonlinear] Ep 600, loss 0.0344
[Nonlinear] Ep 700, loss 0.0340
[Nonlinear] Ep 800, loss 0.0338
[Nonlinear] Ep 900, loss 0.0337
[Nonlinear] Ep 1000, loss 0.0336
[Nonlinear] Ep 1100, loss 0.0336
[Nonlinear] Ep 1200, loss 0.0335
[Nonlinear] Ep 1300, loss 0.0334
[Nonlinear] Ep 1400, loss 0.0334
[Nonlinear] Ep 1500, loss 0.0333
[Nonlinear] Ep 1600, loss 0.0332
[Nonlinear] Ep 1700, loss 0.0332
[Nonlinear] Ep 1800, loss 0.0331
[Nonlinear] Ep 1900, loss 0.0330
[Nonlinear] Ep 0, loss 5.7727
[Nonlinear] Ep 100, loss 0.6420
[Nonlinear] Ep 200, loss 0.1128
[Nonlinear] Ep 300, loss 0.1022
[Nonlinear] Ep 400, loss 0.1007
[Nonlinear] Ep 500, loss 0.1002
[Nonlinear] Ep 600, loss 0.0998
[Nonlinear] Ep 700, loss 0.0995
[Nonlinear] Ep 800, loss 0.0992
[Nonlinear] Ep 900, loss 0.0990
[Nonlinear] Ep 1000, loss 0.0989
[Nonlinear] Ep 1100, loss 0.0988
[Nonlinear] Ep 1200, loss 0.0987
[Nonlinear] Ep 1300, loss 0.0986
[Nonlinear] Ep 1400, loss 0.0986
[Nonlinear] Ep 1500, loss 0.0986
[Nonlinear] Ep 1600, loss 0.0985
[Nonlinear] Ep 1700, loss 0.0985
[Nonlinear] Ep 1800, loss 0.0985
[Nonlinear] Ep 1900, loss 0.0984

=== Current trial for n = 4000, trial = 15 ===
[1 1 2]
[Nonlinear] Ep 0, loss 6.6798
[Nonlinear] Ep 100, loss 1.8922
[Nonlinear] Ep 200, loss 0.1358
[Nonlinear] Ep 300, loss 0.0319
[Nonlinear] Ep 400, loss 0.0278
[Nonlinear] Ep 500, loss 0.0273
[Nonlinear] Ep 600, loss 0.0273
[Nonlinear] Ep 700, loss 0.0273
[Nonlinear] Ep 800, loss 0.0273
[Nonlinear] Ep 900, loss 0.0273
[Nonlinear] Ep 1000, loss 0.0272
[Nonlinear] Ep 1100, loss 0.0272
[Nonlinear] Ep 1200, loss 0.0272
[Nonlinear] Ep 1300, loss 0.0272
[Nonlinear] Ep 1400, loss 0.0272
[Nonlinear] Ep 1500, loss 0.0272
[Nonlinear] Ep 1600, loss 0.0272
[Nonlinear] Ep 1700, loss 0.0272
[Nonlinear] Ep 1800, loss 0.0271
[Nonlinear] Ep 1900, loss 0.0271
[1 1 2]
[Nonlinear] Ep 0, loss 5.8311
[Nonlinear] Ep 100, loss 1.7392
[Nonlinear] Ep 200, loss 0.1409
[Nonlinear] Ep 300, loss 0.0467
[Nonlinear] Ep 400, loss 0.0398
[Nonlinear] Ep 500, loss 0.0378
[Nonlinear] Ep 600, loss 0.0372
[Nonlinear] Ep 700, loss 0.0369
[Nonlinear] Ep 800, loss 0.0368
[Nonlinear] Ep 900, loss 0.0366
[Nonlinear] Ep 1000, loss 0.0365
[Nonlinear] Ep 1100, loss 0.0364
[Nonlinear] Ep 1200, loss 0.0362
[Nonlinear] Ep 1300, loss 0.0361
[Nonlinear] Ep 1400, loss 0.0360
[Nonlinear] Ep 1500, loss 0.0359
[Nonlinear] Ep 1600, loss 0.0357
[Nonlinear] Ep 1700, loss 0.0356
[Nonlinear] Ep 1800, loss 0.0354
[Nonlinear] Ep 1900, loss 0.0353
[Nonlinear] Ep 0, loss 5.2028
[Nonlinear] Ep 100, loss 0.7217
[Nonlinear] Ep 200, loss 0.1220
[Nonlinear] Ep 300, loss 0.0995
[Nonlinear] Ep 400, loss 0.0993
[Nonlinear] Ep 500, loss 0.0992
[Nonlinear] Ep 600, loss 0.0991
[Nonlinear] Ep 700, loss 0.0990
[Nonlinear] Ep 800, loss 0.0990
[Nonlinear] Ep 900, loss 0.0990
[Nonlinear] Ep 1000, loss 0.0989
[Nonlinear] Ep 1100, loss 0.0989
[Nonlinear] Ep 1200, loss 0.0989
[Nonlinear] Ep 1300, loss 0.0989
[Nonlinear] Ep 1400, loss 0.0989
[Nonlinear] Ep 1500, loss 0.0989
[Nonlinear] Ep 1600, loss 0.0989
[Nonlinear] Ep 1700, loss 0.0989
[Nonlinear] Ep 1800, loss 0.0989
[Nonlinear] Ep 1900, loss 0.0989

=== Current trial for n = 4000, trial = 16 ===
[1 1 2]
[Nonlinear] Ep 0, loss 1.8235
[Nonlinear] Ep 100, loss 0.0392
[Nonlinear] Ep 200, loss 0.0122
[Nonlinear] Ep 300, loss 0.0122
[Nonlinear] Ep 400, loss 0.0122
[Nonlinear] Ep 500, loss 0.0122
[Nonlinear] Ep 600, loss 0.0122
[Nonlinear] Ep 700, loss 0.0122
[Nonlinear] Ep 800, loss 0.0122
[Nonlinear] Ep 900, loss 0.0122
[Nonlinear] Ep 1000, loss 0.0122
[Nonlinear] Ep 1100, loss 0.0122
[Nonlinear] Ep 1200, loss 0.0122
[Nonlinear] Ep 1300, loss 0.0121
[Nonlinear] Ep 1400, loss 0.0121
[Nonlinear] Ep 1500, loss 0.0121
[Nonlinear] Ep 1600, loss 0.0121
[Nonlinear] Ep 1700, loss 0.0121
[Nonlinear] Ep 1800, loss 0.0121
[Nonlinear] Ep 1900, loss 0.0121
[1 1 2]
[Nonlinear] Ep 0, loss 1.9602
[Nonlinear] Ep 100, loss 0.4580
[Nonlinear] Ep 200, loss 0.0256
[Nonlinear] Ep 300, loss 0.0155
[Nonlinear] Ep 400, loss 0.0145
[Nonlinear] Ep 500, loss 0.0144
[Nonlinear] Ep 600, loss 0.0143
[Nonlinear] Ep 700, loss 0.0143
[Nonlinear] Ep 800, loss 0.0143
[Nonlinear] Ep 900, loss 0.0142
[Nonlinear] Ep 1000, loss 0.0142
[Nonlinear] Ep 1100, loss 0.0141
[Nonlinear] Ep 1200, loss 0.0141
[Nonlinear] Ep 1300, loss 0.0141
[Nonlinear] Ep 1400, loss 0.0140
[Nonlinear] Ep 1500, loss 0.0140
[Nonlinear] Ep 1600, loss 0.0140
[Nonlinear] Ep 1700, loss 0.0139
[Nonlinear] Ep 1800, loss 0.0139
[Nonlinear] Ep 1900, loss 0.0138
[Nonlinear] Ep 0, loss 2.0382
[Nonlinear] Ep 100, loss 0.1365
[Nonlinear] Ep 200, loss 0.0124
[Nonlinear] Ep 300, loss 0.0121
[Nonlinear] Ep 400, loss 0.0121
[Nonlinear] Ep 500, loss 0.0121
[Nonlinear] Ep 600, loss 0.0121
[Nonlinear] Ep 700, loss 0.0121
[Nonlinear] Ep 800, loss 0.0121
[Nonlinear] Ep 900, loss 0.0121
[Nonlinear] Ep 1000, loss 0.0121
[Nonlinear] Ep 1100, loss 0.0121
[Nonlinear] Ep 1200, loss 0.0121
[Nonlinear] Ep 1300, loss 0.0121
[Nonlinear] Ep 1400, loss 0.0121
[Nonlinear] Ep 1500, loss 0.0121
[Nonlinear] Ep 1600, loss 0.0121
[Nonlinear] Ep 1700, loss 0.0121
[Nonlinear] Ep 1800, loss 0.0121
[Nonlinear] Ep 1900, loss 0.0121

=== Current trial for n = 4000, trial = 17 ===
[1 1 2]
[Nonlinear] Ep 0, loss 6.6437
[Nonlinear] Ep 100, loss 1.6226
[Nonlinear] Ep 200, loss 0.1423
[Nonlinear] Ep 300, loss 0.0287
[Nonlinear] Ep 400, loss 0.0212
[Nonlinear] Ep 500, loss 0.0208
[Nonlinear] Ep 600, loss 0.0207
[Nonlinear] Ep 700, loss 0.0207
[Nonlinear] Ep 800, loss 0.0207
[Nonlinear] Ep 900, loss 0.0207
[Nonlinear] Ep 1000, loss 0.0207
[Nonlinear] Ep 1100, loss 0.0207
[Nonlinear] Ep 1200, loss 0.0207
[Nonlinear] Ep 1300, loss 0.0207
[Nonlinear] Ep 1400, loss 0.0207
[Nonlinear] Ep 1500, loss 0.0207
[Nonlinear] Ep 1600, loss 0.0207
[Nonlinear] Ep 1700, loss 0.0207
[Nonlinear] Ep 1800, loss 0.0207
[Nonlinear] Ep 1900, loss 0.0207
[1 1 2]
[Nonlinear] Ep 0, loss 5.8212
[Nonlinear] Ep 100, loss 2.1752
[Nonlinear] Ep 200, loss 0.4255
[Nonlinear] Ep 300, loss 0.0863
[Nonlinear] Ep 400, loss 0.0593
[Nonlinear] Ep 500, loss 0.0520
[Nonlinear] Ep 600, loss 0.0482
[Nonlinear] Ep 700, loss 0.0454
[Nonlinear] Ep 800, loss 0.0432
[Nonlinear] Ep 900, loss 0.0417
[Nonlinear] Ep 1000, loss 0.0406
[Nonlinear] Ep 1100, loss 0.0399
[Nonlinear] Ep 1200, loss 0.0394
[Nonlinear] Ep 1300, loss 0.0390
[Nonlinear] Ep 1400, loss 0.0387
[Nonlinear] Ep 1500, loss 0.0385
[Nonlinear] Ep 1600, loss 0.0382
[Nonlinear] Ep 1700, loss 0.0380
[Nonlinear] Ep 1800, loss 0.0378
[Nonlinear] Ep 1900, loss 0.0376
[Nonlinear] Ep 0, loss 7.7297
[Nonlinear] Ep 100, loss 1.5316
[Nonlinear] Ep 200, loss 0.1551
[Nonlinear] Ep 300, loss 0.1082
[Nonlinear] Ep 400, loss 0.1049
[Nonlinear] Ep 500, loss 0.1044
[Nonlinear] Ep 600, loss 0.1043
[Nonlinear] Ep 700, loss 0.1043
[Nonlinear] Ep 800, loss 0.1042
[Nonlinear] Ep 900, loss 0.1042
[Nonlinear] Ep 1000, loss 0.1042
[Nonlinear] Ep 1100, loss 0.1041
[Nonlinear] Ep 1200, loss 0.1041
[Nonlinear] Ep 1300, loss 0.1041
[Nonlinear] Ep 1400, loss 0.1041
[Nonlinear] Ep 1500, loss 0.1041
[Nonlinear] Ep 1600, loss 0.1041
[Nonlinear] Ep 1700, loss 0.1040
[Nonlinear] Ep 1800, loss 0.1040
[Nonlinear] Ep 1900, loss 0.1040

=== Current trial for n = 4000, trial = 18 ===
[1 1 2]
[Nonlinear] Ep 0, loss 2.1687
[Nonlinear] Ep 100, loss 0.3192
[Nonlinear] Ep 200, loss 0.0144
[Nonlinear] Ep 300, loss 0.0116
[Nonlinear] Ep 400, loss 0.0115
[Nonlinear] Ep 500, loss 0.0115
[Nonlinear] Ep 600, loss 0.0115
[Nonlinear] Ep 700, loss 0.0115
[Nonlinear] Ep 800, loss 0.0115
[Nonlinear] Ep 900, loss 0.0115
[Nonlinear] Ep 1000, loss 0.0114
[Nonlinear] Ep 1100, loss 0.0114
[Nonlinear] Ep 1200, loss 0.0114
[Nonlinear] Ep 1300, loss 0.0114
[Nonlinear] Ep 1400, loss 0.0114
[Nonlinear] Ep 1500, loss 0.0114
[Nonlinear] Ep 1600, loss 0.0114
[Nonlinear] Ep 1700, loss 0.0114
[Nonlinear] Ep 1800, loss 0.0114
[Nonlinear] Ep 1900, loss 0.0114
[1 1 2]
[Nonlinear] Ep 0, loss 1.6652
[Nonlinear] Ep 100, loss 0.2568
[Nonlinear] Ep 200, loss 0.0172
[Nonlinear] Ep 300, loss 0.0156
[Nonlinear] Ep 400, loss 0.0151
[Nonlinear] Ep 500, loss 0.0149
[Nonlinear] Ep 600, loss 0.0147
[Nonlinear] Ep 700, loss 0.0146
[Nonlinear] Ep 800, loss 0.0145
[Nonlinear] Ep 900, loss 0.0144
[Nonlinear] Ep 1000, loss 0.0143
[Nonlinear] Ep 1100, loss 0.0142
[Nonlinear] Ep 1200, loss 0.0141
[Nonlinear] Ep 1300, loss 0.0140
[Nonlinear] Ep 1400, loss 0.0139
[Nonlinear] Ep 1500, loss 0.0138
[Nonlinear] Ep 1600, loss 0.0137
[Nonlinear] Ep 1700, loss 0.0136
[Nonlinear] Ep 1800, loss 0.0135
[Nonlinear] Ep 1900, loss 0.0135
[Nonlinear] Ep 0, loss 2.9081
[Nonlinear] Ep 100, loss 0.2384
[Nonlinear] Ep 200, loss 0.0122
[Nonlinear] Ep 300, loss 0.0114
[Nonlinear] Ep 400, loss 0.0114
[Nonlinear] Ep 500, loss 0.0114
[Nonlinear] Ep 600, loss 0.0114
[Nonlinear] Ep 700, loss 0.0114
[Nonlinear] Ep 800, loss 0.0114
[Nonlinear] Ep 900, loss 0.0114
[Nonlinear] Ep 1000, loss 0.0114
[Nonlinear] Ep 1100, loss 0.0114
[Nonlinear] Ep 1200, loss 0.0114
[Nonlinear] Ep 1300, loss 0.0114
[Nonlinear] Ep 1400, loss 0.0114
[Nonlinear] Ep 1500, loss 0.0114
[Nonlinear] Ep 1600, loss 0.0114
[Nonlinear] Ep 1700, loss 0.0114
[Nonlinear] Ep 1800, loss 0.0114
[Nonlinear] Ep 1900, loss 0.0114

=== Current trial for n = 4000, trial = 19 ===
[1 1 2]
[Nonlinear] Ep 0, loss 6.8605
[Nonlinear] Ep 100, loss 2.1729
[Nonlinear] Ep 200, loss 0.1833
[Nonlinear] Ep 300, loss 0.0347
[Nonlinear] Ep 400, loss 0.0216
[Nonlinear] Ep 500, loss 0.0202
[Nonlinear] Ep 600, loss 0.0201
[Nonlinear] Ep 700, loss 0.0201
[Nonlinear] Ep 800, loss 0.0201
[Nonlinear] Ep 900, loss 0.0201
[Nonlinear] Ep 1000, loss 0.0201
[Nonlinear] Ep 1100, loss 0.0201
[Nonlinear] Ep 1200, loss 0.0201
[Nonlinear] Ep 1300, loss 0.0201
[Nonlinear] Ep 1400, loss 0.0201
[Nonlinear] Ep 1500, loss 0.0201
[Nonlinear] Ep 1600, loss 0.0201
[Nonlinear] Ep 1700, loss 0.0201
[Nonlinear] Ep 1800, loss 0.0201
[Nonlinear] Ep 1900, loss 0.0201
[1 1 2]
[Nonlinear] Ep 0, loss 6.2079
[Nonlinear] Ep 100, loss 1.6945
[Nonlinear] Ep 200, loss 0.0709
[Nonlinear] Ep 300, loss 0.0337
[Nonlinear] Ep 400, loss 0.0303
[Nonlinear] Ep 500, loss 0.0292
[Nonlinear] Ep 600, loss 0.0285
[Nonlinear] Ep 700, loss 0.0281
[Nonlinear] Ep 800, loss 0.0278
[Nonlinear] Ep 900, loss 0.0276
[Nonlinear] Ep 1000, loss 0.0275
[Nonlinear] Ep 1100, loss 0.0273
[Nonlinear] Ep 1200, loss 0.0272
[Nonlinear] Ep 1300, loss 0.0271
[Nonlinear] Ep 1400, loss 0.0270
[Nonlinear] Ep 1500, loss 0.0269
[Nonlinear] Ep 1600, loss 0.0269
[Nonlinear] Ep 1700, loss 0.0268
[Nonlinear] Ep 1800, loss 0.0267
[Nonlinear] Ep 1900, loss 0.0266
[Nonlinear] Ep 0, loss 6.9848
[Nonlinear] Ep 100, loss 1.8545
[Nonlinear] Ep 200, loss 0.2845
[Nonlinear] Ep 300, loss 0.1125
[Nonlinear] Ep 400, loss 0.1074
[Nonlinear] Ep 500, loss 0.1047
[Nonlinear] Ep 600, loss 0.1025
[Nonlinear] Ep 700, loss 0.1008
[Nonlinear] Ep 800, loss 0.0994
[Nonlinear] Ep 900, loss 0.0983
[Nonlinear] Ep 1000, loss 0.0975
[Nonlinear] Ep 1100, loss 0.0969
[Nonlinear] Ep 1200, loss 0.0965
[Nonlinear] Ep 1300, loss 0.0963
[Nonlinear] Ep 1400, loss 0.0961
[Nonlinear] Ep 1500, loss 0.0960
[Nonlinear] Ep 1600, loss 0.0959
[Nonlinear] Ep 1700, loss 0.0958
[Nonlinear] Ep 1800, loss 0.0958
[Nonlinear] Ep 1900, loss 0.0958

=== Current trial for n = 4000, trial = 20 ===
[1 1 2]
[Nonlinear] Ep 0, loss 3.4412
[Nonlinear] Ep 100, loss 0.3179
[Nonlinear] Ep 200, loss 0.0128
[Nonlinear] Ep 300, loss 0.0118
[Nonlinear] Ep 400, loss 0.0118
[Nonlinear] Ep 500, loss 0.0118
[Nonlinear] Ep 600, loss 0.0118
[Nonlinear] Ep 700, loss 0.0118
[Nonlinear] Ep 800, loss 0.0118
[Nonlinear] Ep 900, loss 0.0118
[Nonlinear] Ep 1000, loss 0.0118
[Nonlinear] Ep 1100, loss 0.0118
[Nonlinear] Ep 1200, loss 0.0118
[Nonlinear] Ep 1300, loss 0.0118
[Nonlinear] Ep 1400, loss 0.0118
[Nonlinear] Ep 1500, loss 0.0118
[Nonlinear] Ep 1600, loss 0.0118
[Nonlinear] Ep 1700, loss 0.0118
[Nonlinear] Ep 1800, loss 0.0118
[Nonlinear] Ep 1900, loss 0.0118
[1 1 2]
[Nonlinear] Ep 0, loss 2.0274
[Nonlinear] Ep 100, loss 0.5143
[Nonlinear] Ep 200, loss 0.0188
[Nonlinear] Ep 300, loss 0.0158
[Nonlinear] Ep 400, loss 0.0153
[Nonlinear] Ep 500, loss 0.0150
[Nonlinear] Ep 600, loss 0.0148
[Nonlinear] Ep 700, loss 0.0147
[Nonlinear] Ep 800, loss 0.0145
[Nonlinear] Ep 900, loss 0.0144
[Nonlinear] Ep 1000, loss 0.0144
[Nonlinear] Ep 1100, loss 0.0143
[Nonlinear] Ep 1200, loss 0.0142
[Nonlinear] Ep 1300, loss 0.0141
[Nonlinear] Ep 1400, loss 0.0141
[Nonlinear] Ep 1500, loss 0.0140
[Nonlinear] Ep 1600, loss 0.0139
[Nonlinear] Ep 1700, loss 0.0138
[Nonlinear] Ep 1800, loss 0.0138
[Nonlinear] Ep 1900, loss 0.0137
[Nonlinear] Ep 0, loss 1.9744
[Nonlinear] Ep 100, loss 0.0361
[Nonlinear] Ep 200, loss 0.0121
[Nonlinear] Ep 300, loss 0.0118
[Nonlinear] Ep 400, loss 0.0118
[Nonlinear] Ep 500, loss 0.0117
[Nonlinear] Ep 600, loss 0.0117
[Nonlinear] Ep 700, loss 0.0117
[Nonlinear] Ep 800, loss 0.0117
[Nonlinear] Ep 900, loss 0.0117
[Nonlinear] Ep 1000, loss 0.0117
[Nonlinear] Ep 1100, loss 0.0117
[Nonlinear] Ep 1200, loss 0.0117
[Nonlinear] Ep 1300, loss 0.0117
[Nonlinear] Ep 1400, loss 0.0117
[Nonlinear] Ep 1500, loss 0.0117
[Nonlinear] Ep 1600, loss 0.0117
[Nonlinear] Ep 1700, loss 0.0117
[Nonlinear] Ep 1800, loss 0.0117
[Nonlinear] Ep 1900, loss 0.0117

=== Current trial for n = 4000, trial = 21 ===
[1 1 2]
[Nonlinear] Ep 0, loss 2.7953
[Nonlinear] Ep 100, loss 0.4420
[Nonlinear] Ep 200, loss 0.0373
[Nonlinear] Ep 300, loss 0.0138
[Nonlinear] Ep 400, loss 0.0127
[Nonlinear] Ep 500, loss 0.0127
[Nonlinear] Ep 600, loss 0.0127
[Nonlinear] Ep 700, loss 0.0127
[Nonlinear] Ep 800, loss 0.0127
[Nonlinear] Ep 900, loss 0.0127
[Nonlinear] Ep 1000, loss 0.0127
[Nonlinear] Ep 1100, loss 0.0127
[Nonlinear] Ep 1200, loss 0.0127
[Nonlinear] Ep 1300, loss 0.0127
[Nonlinear] Ep 1400, loss 0.0127
[Nonlinear] Ep 1500, loss 0.0127
[Nonlinear] Ep 1600, loss 0.0127
[Nonlinear] Ep 1700, loss 0.0127
[Nonlinear] Ep 1800, loss 0.0127
[Nonlinear] Ep 1900, loss 0.0127
[1 1 2]
[Nonlinear] Ep 0, loss 2.5576
[Nonlinear] Ep 100, loss 0.9502
[Nonlinear] Ep 200, loss 0.0837
[Nonlinear] Ep 300, loss 0.0179
[Nonlinear] Ep 400, loss 0.0171
[Nonlinear] Ep 500, loss 0.0167
[Nonlinear] Ep 600, loss 0.0164
[Nonlinear] Ep 700, loss 0.0162
[Nonlinear] Ep 800, loss 0.0159
[Nonlinear] Ep 900, loss 0.0157
[Nonlinear] Ep 1000, loss 0.0155
[Nonlinear] Ep 1100, loss 0.0153
[Nonlinear] Ep 1200, loss 0.0151
[Nonlinear] Ep 1300, loss 0.0149
[Nonlinear] Ep 1400, loss 0.0148
[Nonlinear] Ep 1500, loss 0.0146
[Nonlinear] Ep 1600, loss 0.0145
[Nonlinear] Ep 1700, loss 0.0144
[Nonlinear] Ep 1800, loss 0.0143
[Nonlinear] Ep 1900, loss 0.0143
[Nonlinear] Ep 0, loss 2.7249
[Nonlinear] Ep 100, loss 0.1586
[Nonlinear] Ep 200, loss 0.0140
[Nonlinear] Ep 300, loss 0.0131
[Nonlinear] Ep 400, loss 0.0129
[Nonlinear] Ep 500, loss 0.0128
[Nonlinear] Ep 600, loss 0.0127
[Nonlinear] Ep 700, loss 0.0127
[Nonlinear] Ep 800, loss 0.0127
[Nonlinear] Ep 900, loss 0.0127
[Nonlinear] Ep 1000, loss 0.0127
[Nonlinear] Ep 1100, loss 0.0127
[Nonlinear] Ep 1200, loss 0.0127
[Nonlinear] Ep 1300, loss 0.0127
[Nonlinear] Ep 1400, loss 0.0127
[Nonlinear] Ep 1500, loss 0.0127
[Nonlinear] Ep 1600, loss 0.0127
[Nonlinear] Ep 1700, loss 0.0127
[Nonlinear] Ep 1800, loss 0.0127
[Nonlinear] Ep 1900, loss 0.0127

=== Current trial for n = 4000, trial = 22 ===
[1 1 2]
[Nonlinear] Ep 0, loss 1.4541
[Nonlinear] Ep 100, loss 0.0516
[Nonlinear] Ep 200, loss 0.0107
[Nonlinear] Ep 300, loss 0.0107
[Nonlinear] Ep 400, loss 0.0107
[Nonlinear] Ep 500, loss 0.0107
[Nonlinear] Ep 600, loss 0.0107
[Nonlinear] Ep 700, loss 0.0107
[Nonlinear] Ep 800, loss 0.0107
[Nonlinear] Ep 900, loss 0.0107
[Nonlinear] Ep 1000, loss 0.0107
[Nonlinear] Ep 1100, loss 0.0107
[Nonlinear] Ep 1200, loss 0.0107
[Nonlinear] Ep 1300, loss 0.0107
[Nonlinear] Ep 1400, loss 0.0107
[Nonlinear] Ep 1500, loss 0.0107
[Nonlinear] Ep 1600, loss 0.0107
[Nonlinear] Ep 1700, loss 0.0107
[Nonlinear] Ep 1800, loss 0.0107
[Nonlinear] Ep 1900, loss 0.0107
[1 1 2]
[Nonlinear] Ep 0, loss 1.8359
[Nonlinear] Ep 100, loss 0.3283
[Nonlinear] Ep 200, loss 0.0153
[Nonlinear] Ep 300, loss 0.0145
[Nonlinear] Ep 400, loss 0.0143
[Nonlinear] Ep 500, loss 0.0142
[Nonlinear] Ep 600, loss 0.0141
[Nonlinear] Ep 700, loss 0.0140
[Nonlinear] Ep 800, loss 0.0139
[Nonlinear] Ep 900, loss 0.0138
[Nonlinear] Ep 1000, loss 0.0137
[Nonlinear] Ep 1100, loss 0.0137
[Nonlinear] Ep 1200, loss 0.0136
[Nonlinear] Ep 1300, loss 0.0135
[Nonlinear] Ep 1400, loss 0.0134
[Nonlinear] Ep 1500, loss 0.0134
[Nonlinear] Ep 1600, loss 0.0133
[Nonlinear] Ep 1700, loss 0.0133
[Nonlinear] Ep 1800, loss 0.0132
[Nonlinear] Ep 1900, loss 0.0131
[Nonlinear] Ep 0, loss 2.1767
[Nonlinear] Ep 100, loss 0.1184
[Nonlinear] Ep 200, loss 0.0120
[Nonlinear] Ep 300, loss 0.0109
[Nonlinear] Ep 400, loss 0.0107
[Nonlinear] Ep 500, loss 0.0106
[Nonlinear] Ep 600, loss 0.0106
[Nonlinear] Ep 700, loss 0.0106
[Nonlinear] Ep 800, loss 0.0106
[Nonlinear] Ep 900, loss 0.0106
[Nonlinear] Ep 1000, loss 0.0106
[Nonlinear] Ep 1100, loss 0.0106
[Nonlinear] Ep 1200, loss 0.0106
[Nonlinear] Ep 1300, loss 0.0106
[Nonlinear] Ep 1400, loss 0.0106
[Nonlinear] Ep 1500, loss 0.0106
[Nonlinear] Ep 1600, loss 0.0106
[Nonlinear] Ep 1700, loss 0.0106
[Nonlinear] Ep 1800, loss 0.0106
[Nonlinear] Ep 1900, loss 0.0106

=== Current trial for n = 4000, trial = 23 ===
[1 1 2]
[Nonlinear] Ep 0, loss 6.6463
[Nonlinear] Ep 100, loss 2.3293
[Nonlinear] Ep 200, loss 0.1502
[Nonlinear] Ep 300, loss 0.0264
[Nonlinear] Ep 400, loss 0.0261
[Nonlinear] Ep 500, loss 0.0260
[Nonlinear] Ep 600, loss 0.0260
[Nonlinear] Ep 700, loss 0.0260
[Nonlinear] Ep 800, loss 0.0259
[Nonlinear] Ep 900, loss 0.0259
[Nonlinear] Ep 1000, loss 0.0259
[Nonlinear] Ep 1100, loss 0.0258
[Nonlinear] Ep 1200, loss 0.0258
[Nonlinear] Ep 1300, loss 0.0257
[Nonlinear] Ep 1400, loss 0.0257
[Nonlinear] Ep 1500, loss 0.0256
[Nonlinear] Ep 1600, loss 0.0256
[Nonlinear] Ep 1700, loss 0.0255
[Nonlinear] Ep 1800, loss 0.0255
[Nonlinear] Ep 1900, loss 0.0254
[1 1 2]
[Nonlinear] Ep 0, loss 6.6559
[Nonlinear] Ep 100, loss 2.6172
[Nonlinear] Ep 200, loss 0.1281
[Nonlinear] Ep 300, loss 0.0390
[Nonlinear] Ep 400, loss 0.0344
[Nonlinear] Ep 500, loss 0.0333
[Nonlinear] Ep 600, loss 0.0330
[Nonlinear] Ep 700, loss 0.0328
[Nonlinear] Ep 800, loss 0.0328
[Nonlinear] Ep 900, loss 0.0327
[Nonlinear] Ep 1000, loss 0.0326
[Nonlinear] Ep 1100, loss 0.0325
[Nonlinear] Ep 1200, loss 0.0325
[Nonlinear] Ep 1300, loss 0.0324
[Nonlinear] Ep 1400, loss 0.0323
[Nonlinear] Ep 1500, loss 0.0323
[Nonlinear] Ep 1600, loss 0.0322
[Nonlinear] Ep 1700, loss 0.0321
[Nonlinear] Ep 1800, loss 0.0320
[Nonlinear] Ep 1900, loss 0.0320
[Nonlinear] Ep 0, loss 7.0912
[Nonlinear] Ep 100, loss 1.5214
[Nonlinear] Ep 200, loss 0.2012
[Nonlinear] Ep 300, loss 0.1097
[Nonlinear] Ep 400, loss 0.1073
[Nonlinear] Ep 500, loss 0.1061
[Nonlinear] Ep 600, loss 0.1052
[Nonlinear] Ep 700, loss 0.1044
[Nonlinear] Ep 800, loss 0.1038
[Nonlinear] Ep 900, loss 0.1034
[Nonlinear] Ep 1000, loss 0.1030
[Nonlinear] Ep 1100, loss 0.1028
[Nonlinear] Ep 1200, loss 0.1027
[Nonlinear] Ep 1300, loss 0.1026
[Nonlinear] Ep 1400, loss 0.1025
[Nonlinear] Ep 1500, loss 0.1024
[Nonlinear] Ep 1600, loss 0.1024
[Nonlinear] Ep 1700, loss 0.1024
[Nonlinear] Ep 1800, loss 0.1024
[Nonlinear] Ep 1900, loss 0.1023

=== Current trial for n = 4000, trial = 24 ===
[1 1 2]
[Nonlinear] Ep 0, loss 1.3814
[Nonlinear] Ep 100, loss 0.0580
[Nonlinear] Ep 200, loss 0.0116
[Nonlinear] Ep 300, loss 0.0116
[Nonlinear] Ep 400, loss 0.0116
[Nonlinear] Ep 500, loss 0.0116
[Nonlinear] Ep 600, loss 0.0116
[Nonlinear] Ep 700, loss 0.0116
[Nonlinear] Ep 800, loss 0.0116
[Nonlinear] Ep 900, loss 0.0116
[Nonlinear] Ep 1000, loss 0.0116
[Nonlinear] Ep 1100, loss 0.0116
[Nonlinear] Ep 1200, loss 0.0116
[Nonlinear] Ep 1300, loss 0.0116
[Nonlinear] Ep 1400, loss 0.0116
[Nonlinear] Ep 1500, loss 0.0116
[Nonlinear] Ep 1600, loss 0.0116
[Nonlinear] Ep 1700, loss 0.0116
[Nonlinear] Ep 1800, loss 0.0116
[Nonlinear] Ep 1900, loss 0.0116
[1 1 2]
[Nonlinear] Ep 0, loss 2.3749
[Nonlinear] Ep 100, loss 0.6630
[Nonlinear] Ep 200, loss 0.0410
[Nonlinear] Ep 300, loss 0.0175
[Nonlinear] Ep 400, loss 0.0159
[Nonlinear] Ep 500, loss 0.0156
[Nonlinear] Ep 600, loss 0.0154
[Nonlinear] Ep 700, loss 0.0153
[Nonlinear] Ep 800, loss 0.0152
[Nonlinear] Ep 900, loss 0.0151
[Nonlinear] Ep 1000, loss 0.0150
[Nonlinear] Ep 1100, loss 0.0149
[Nonlinear] Ep 1200, loss 0.0148
[Nonlinear] Ep 1300, loss 0.0148
[Nonlinear] Ep 1400, loss 0.0147
[Nonlinear] Ep 1500, loss 0.0146
[Nonlinear] Ep 1600, loss 0.0145
[Nonlinear] Ep 1700, loss 0.0145
[Nonlinear] Ep 1800, loss 0.0144
[Nonlinear] Ep 1900, loss 0.0143
[Nonlinear] Ep 0, loss 2.5624
[Nonlinear] Ep 100, loss 0.3020
[Nonlinear] Ep 200, loss 0.0146
[Nonlinear] Ep 300, loss 0.0116
[Nonlinear] Ep 400, loss 0.0115
[Nonlinear] Ep 500, loss 0.0115
[Nonlinear] Ep 600, loss 0.0115
[Nonlinear] Ep 700, loss 0.0115
[Nonlinear] Ep 800, loss 0.0115
[Nonlinear] Ep 900, loss 0.0115
[Nonlinear] Ep 1000, loss 0.0115
[Nonlinear] Ep 1100, loss 0.0115
[Nonlinear] Ep 1200, loss 0.0115
[Nonlinear] Ep 1300, loss 0.0115
[Nonlinear] Ep 1400, loss 0.0115
[Nonlinear] Ep 1500, loss 0.0115
[Nonlinear] Ep 1600, loss 0.0115
[Nonlinear] Ep 1700, loss 0.0115
[Nonlinear] Ep 1800, loss 0.0115
[Nonlinear] Ep 1900, loss 0.0115

=== Current trial for n = 4000, trial = 25 ===
[1 1 2]
[Nonlinear] Ep 0, loss 5.8698
[Nonlinear] Ep 100, loss 1.9063
[Nonlinear] Ep 200, loss 0.0840
[Nonlinear] Ep 300, loss 0.0204
[Nonlinear] Ep 400, loss 0.0198
[Nonlinear] Ep 500, loss 0.0197
[Nonlinear] Ep 600, loss 0.0197
[Nonlinear] Ep 700, loss 0.0197
[Nonlinear] Ep 800, loss 0.0197
[Nonlinear] Ep 900, loss 0.0197
[Nonlinear] Ep 1000, loss 0.0197
[Nonlinear] Ep 1100, loss 0.0197
[Nonlinear] Ep 1200, loss 0.0197
[Nonlinear] Ep 1300, loss 0.0197
[Nonlinear] Ep 1400, loss 0.0197
[Nonlinear] Ep 1500, loss 0.0197
[Nonlinear] Ep 1600, loss 0.0197
[Nonlinear] Ep 1700, loss 0.0197
[Nonlinear] Ep 1800, loss 0.0197
[Nonlinear] Ep 1900, loss 0.0197
[1 1 2]
[Nonlinear] Ep 0, loss 5.8133
[Nonlinear] Ep 100, loss 2.0878
[Nonlinear] Ep 200, loss 0.1186
[Nonlinear] Ep 300, loss 0.0346
[Nonlinear] Ep 400, loss 0.0309
[Nonlinear] Ep 500, loss 0.0304
[Nonlinear] Ep 600, loss 0.0302
[Nonlinear] Ep 700, loss 0.0300
[Nonlinear] Ep 800, loss 0.0299
[Nonlinear] Ep 900, loss 0.0297
[Nonlinear] Ep 1000, loss 0.0296
[Nonlinear] Ep 1100, loss 0.0294
[Nonlinear] Ep 1200, loss 0.0293
[Nonlinear] Ep 1300, loss 0.0291
[Nonlinear] Ep 1400, loss 0.0290
[Nonlinear] Ep 1500, loss 0.0289
[Nonlinear] Ep 1600, loss 0.0287
[Nonlinear] Ep 1700, loss 0.0286
[Nonlinear] Ep 1800, loss 0.0285
[Nonlinear] Ep 1900, loss 0.0284
[Nonlinear] Ep 0, loss 4.4526
[Nonlinear] Ep 100, loss 0.4989
[Nonlinear] Ep 200, loss 0.1156
[Nonlinear] Ep 300, loss 0.1099
[Nonlinear] Ep 400, loss 0.1072
[Nonlinear] Ep 500, loss 0.1050
[Nonlinear] Ep 600, loss 0.1034
[Nonlinear] Ep 700, loss 0.1022
[Nonlinear] Ep 800, loss 0.1015
[Nonlinear] Ep 900, loss 0.1011
[Nonlinear] Ep 1000, loss 0.1009
[Nonlinear] Ep 1100, loss 0.1008
[Nonlinear] Ep 1200, loss 0.1007
[Nonlinear] Ep 1300, loss 0.1007
[Nonlinear] Ep 1400, loss 0.1007
[Nonlinear] Ep 1500, loss 0.1007
[Nonlinear] Ep 1600, loss 0.1007
[Nonlinear] Ep 1700, loss 0.1007
[Nonlinear] Ep 1800, loss 0.1006
[Nonlinear] Ep 1900, loss 0.1006

=== Current trial for n = 4000, trial = 26 ===
[1 1 2]
[Nonlinear] Ep 0, loss 1.7321
[Nonlinear] Ep 100, loss 0.0595
[Nonlinear] Ep 200, loss 0.0107
[Nonlinear] Ep 300, loss 0.0107
[Nonlinear] Ep 400, loss 0.0107
[Nonlinear] Ep 500, loss 0.0107
[Nonlinear] Ep 600, loss 0.0107
[Nonlinear] Ep 700, loss 0.0107
[Nonlinear] Ep 800, loss 0.0107
[Nonlinear] Ep 900, loss 0.0107
[Nonlinear] Ep 1000, loss 0.0107
[Nonlinear] Ep 1100, loss 0.0107
[Nonlinear] Ep 1200, loss 0.0107
[Nonlinear] Ep 1300, loss 0.0107
[Nonlinear] Ep 1400, loss 0.0107
[Nonlinear] Ep 1500, loss 0.0107
[Nonlinear] Ep 1600, loss 0.0107
[Nonlinear] Ep 1700, loss 0.0107
[Nonlinear] Ep 1800, loss 0.0107
[Nonlinear] Ep 1900, loss 0.0107
[1 1 2]
[Nonlinear] Ep 0, loss 2.3370
[Nonlinear] Ep 100, loss 0.5845
[Nonlinear] Ep 200, loss 0.0340
[Nonlinear] Ep 300, loss 0.0172
[Nonlinear] Ep 400, loss 0.0157
[Nonlinear] Ep 500, loss 0.0153
[Nonlinear] Ep 600, loss 0.0150
[Nonlinear] Ep 700, loss 0.0147
[Nonlinear] Ep 800, loss 0.0144
[Nonlinear] Ep 900, loss 0.0142
[Nonlinear] Ep 1000, loss 0.0140
[Nonlinear] Ep 1100, loss 0.0138
[Nonlinear] Ep 1200, loss 0.0137
[Nonlinear] Ep 1300, loss 0.0135
[Nonlinear] Ep 1400, loss 0.0134
[Nonlinear] Ep 1500, loss 0.0133
[Nonlinear] Ep 1600, loss 0.0132
[Nonlinear] Ep 1700, loss 0.0131
[Nonlinear] Ep 1800, loss 0.0130
[Nonlinear] Ep 1900, loss 0.0129
[Nonlinear] Ep 0, loss 3.1153
[Nonlinear] Ep 100, loss 0.1066
[Nonlinear] Ep 200, loss 0.0108
[Nonlinear] Ep 300, loss 0.0107
[Nonlinear] Ep 400, loss 0.0107
[Nonlinear] Ep 500, loss 0.0107
[Nonlinear] Ep 600, loss 0.0107
[Nonlinear] Ep 700, loss 0.0107
[Nonlinear] Ep 800, loss 0.0107
[Nonlinear] Ep 900, loss 0.0107
[Nonlinear] Ep 1000, loss 0.0107
[Nonlinear] Ep 1100, loss 0.0107
[Nonlinear] Ep 1200, loss 0.0107
[Nonlinear] Ep 1300, loss 0.0107
[Nonlinear] Ep 1400, loss 0.0107
[Nonlinear] Ep 1500, loss 0.0107
[Nonlinear] Ep 1600, loss 0.0107
[Nonlinear] Ep 1700, loss 0.0107
[Nonlinear] Ep 1800, loss 0.0107
[Nonlinear] Ep 1900, loss 0.0107

=== Current trial for n = 4000, trial = 27 ===
[1 1 2]
[Nonlinear] Ep 0, loss 5.9655
[Nonlinear] Ep 100, loss 1.6805
[Nonlinear] Ep 200, loss 0.0592
[Nonlinear] Ep 300, loss 0.0244
[Nonlinear] Ep 400, loss 0.0237
[Nonlinear] Ep 500, loss 0.0237
[Nonlinear] Ep 600, loss 0.0237
[Nonlinear] Ep 700, loss 0.0236
[Nonlinear] Ep 800, loss 0.0236
[Nonlinear] Ep 900, loss 0.0236
[Nonlinear] Ep 1000, loss 0.0236
[Nonlinear] Ep 1100, loss 0.0236
[Nonlinear] Ep 1200, loss 0.0235
[Nonlinear] Ep 1300, loss 0.0235
[Nonlinear] Ep 1400, loss 0.0235
[Nonlinear] Ep 1500, loss 0.0234
[Nonlinear] Ep 1600, loss 0.0234
[Nonlinear] Ep 1700, loss 0.0234
[Nonlinear] Ep 1800, loss 0.0234
[Nonlinear] Ep 1900, loss 0.0234
[1 1 2]
[Nonlinear] Ep 0, loss 6.9266
[Nonlinear] Ep 100, loss 2.8231
[Nonlinear] Ep 200, loss 0.3557
[Nonlinear] Ep 300, loss 0.0808
[Nonlinear] Ep 400, loss 0.0493
[Nonlinear] Ep 500, loss 0.0411
[Nonlinear] Ep 600, loss 0.0369
[Nonlinear] Ep 700, loss 0.0342
[Nonlinear] Ep 800, loss 0.0326
[Nonlinear] Ep 900, loss 0.0316
[Nonlinear] Ep 1000, loss 0.0310
[Nonlinear] Ep 1100, loss 0.0306
[Nonlinear] Ep 1200, loss 0.0303
[Nonlinear] Ep 1300, loss 0.0301
[Nonlinear] Ep 1400, loss 0.0300
[Nonlinear] Ep 1500, loss 0.0299
[Nonlinear] Ep 1600, loss 0.0298
[Nonlinear] Ep 1700, loss 0.0297
[Nonlinear] Ep 1800, loss 0.0296
[Nonlinear] Ep 1900, loss 0.0295
[Nonlinear] Ep 0, loss 7.4310
[Nonlinear] Ep 100, loss 0.9431
[Nonlinear] Ep 200, loss 0.1173
[Nonlinear] Ep 300, loss 0.1075
[Nonlinear] Ep 400, loss 0.1048
[Nonlinear] Ep 500, loss 0.1032
[Nonlinear] Ep 600, loss 0.1019
[Nonlinear] Ep 700, loss 0.1009
[Nonlinear] Ep 800, loss 0.1002
[Nonlinear] Ep 900, loss 0.0996
[Nonlinear] Ep 1000, loss 0.0993
[Nonlinear] Ep 1100, loss 0.0990
[Nonlinear] Ep 1200, loss 0.0988
[Nonlinear] Ep 1300, loss 0.0987
[Nonlinear] Ep 1400, loss 0.0987
[Nonlinear] Ep 1500, loss 0.0986
[Nonlinear] Ep 1600, loss 0.0986
[Nonlinear] Ep 1700, loss 0.0986
[Nonlinear] Ep 1800, loss 0.0986
[Nonlinear] Ep 1900, loss 0.0986

=== Current trial for n = 4000, trial = 28 ===
[1 1 2]
[Nonlinear] Ep 0, loss 6.2449
[Nonlinear] Ep 100, loss 1.5167
[Nonlinear] Ep 200, loss 0.0882
[Nonlinear] Ep 300, loss 0.0264
[Nonlinear] Ep 400, loss 0.0239
[Nonlinear] Ep 500, loss 0.0238
[Nonlinear] Ep 600, loss 0.0238
[Nonlinear] Ep 700, loss 0.0238
[Nonlinear] Ep 800, loss 0.0238
[Nonlinear] Ep 900, loss 0.0238
[Nonlinear] Ep 1000, loss 0.0237
[Nonlinear] Ep 1100, loss 0.0237
[Nonlinear] Ep 1200, loss 0.0237
[Nonlinear] Ep 1300, loss 0.0237
[Nonlinear] Ep 1400, loss 0.0237
[Nonlinear] Ep 1500, loss 0.0237
[Nonlinear] Ep 1600, loss 0.0237
[Nonlinear] Ep 1700, loss 0.0236
[Nonlinear] Ep 1800, loss 0.0236
[Nonlinear] Ep 1900, loss 0.0236
[1 1 2]
[Nonlinear] Ep 0, loss 5.8686
[Nonlinear] Ep 100, loss 2.0445
[Nonlinear] Ep 200, loss 0.1431
[Nonlinear] Ep 300, loss 0.0407
[Nonlinear] Ep 400, loss 0.0372
[Nonlinear] Ep 500, loss 0.0358
[Nonlinear] Ep 600, loss 0.0351
[Nonlinear] Ep 700, loss 0.0346
[Nonlinear] Ep 800, loss 0.0342
[Nonlinear] Ep 900, loss 0.0338
[Nonlinear] Ep 1000, loss 0.0335
[Nonlinear] Ep 1100, loss 0.0333
[Nonlinear] Ep 1200, loss 0.0330
[Nonlinear] Ep 1300, loss 0.0328
[Nonlinear] Ep 1400, loss 0.0325
[Nonlinear] Ep 1500, loss 0.0323
[Nonlinear] Ep 1600, loss 0.0321
[Nonlinear] Ep 1700, loss 0.0319
[Nonlinear] Ep 1800, loss 0.0317
[Nonlinear] Ep 1900, loss 0.0315
[Nonlinear] Ep 0, loss 6.3064
[Nonlinear] Ep 100, loss 0.7632
[Nonlinear] Ep 200, loss 0.1029
[Nonlinear] Ep 300, loss 0.1009
[Nonlinear] Ep 400, loss 0.1005
[Nonlinear] Ep 500, loss 0.1003
[Nonlinear] Ep 600, loss 0.1001
[Nonlinear] Ep 700, loss 0.0999
[Nonlinear] Ep 800, loss 0.0998
[Nonlinear] Ep 900, loss 0.0998
[Nonlinear] Ep 1000, loss 0.0997
[Nonlinear] Ep 1100, loss 0.0997
[Nonlinear] Ep 1200, loss 0.0996
[Nonlinear] Ep 1300, loss 0.0996
[Nonlinear] Ep 1400, loss 0.0996
[Nonlinear] Ep 1500, loss 0.0996
[Nonlinear] Ep 1600, loss 0.0996
[Nonlinear] Ep 1700, loss 0.0996
[Nonlinear] Ep 1800, loss 0.0996
[Nonlinear] Ep 1900, loss 0.0996

=== Current trial for n = 4000, trial = 29 ===
[1 1 2]
[Nonlinear] Ep 0, loss 1.8552
[Nonlinear] Ep 100, loss 0.1363
[Nonlinear] Ep 200, loss 0.0111
[Nonlinear] Ep 300, loss 0.0111
[Nonlinear] Ep 400, loss 0.0111
[Nonlinear] Ep 500, loss 0.0111
[Nonlinear] Ep 600, loss 0.0111
[Nonlinear] Ep 700, loss 0.0111
[Nonlinear] Ep 800, loss 0.0111
[Nonlinear] Ep 900, loss 0.0111
[Nonlinear] Ep 1000, loss 0.0111
[Nonlinear] Ep 1100, loss 0.0111
[Nonlinear] Ep 1200, loss 0.0111
[Nonlinear] Ep 1300, loss 0.0111
[Nonlinear] Ep 1400, loss 0.0111
[Nonlinear] Ep 1500, loss 0.0111
[Nonlinear] Ep 1600, loss 0.0111
[Nonlinear] Ep 1700, loss 0.0111
[Nonlinear] Ep 1800, loss 0.0111
[Nonlinear] Ep 1900, loss 0.0111
[1 1 2]
[Nonlinear] Ep 0, loss 2.2207
[Nonlinear] Ep 100, loss 0.5264
[Nonlinear] Ep 200, loss 0.0196
[Nonlinear] Ep 300, loss 0.0140
[Nonlinear] Ep 400, loss 0.0138
[Nonlinear] Ep 500, loss 0.0138
[Nonlinear] Ep 600, loss 0.0137
[Nonlinear] Ep 700, loss 0.0136
[Nonlinear] Ep 800, loss 0.0135
[Nonlinear] Ep 900, loss 0.0134
[Nonlinear] Ep 1000, loss 0.0134
[Nonlinear] Ep 1100, loss 0.0133
[Nonlinear] Ep 1200, loss 0.0132
[Nonlinear] Ep 1300, loss 0.0131
[Nonlinear] Ep 1400, loss 0.0130
[Nonlinear] Ep 1500, loss 0.0129
[Nonlinear] Ep 1600, loss 0.0129
[Nonlinear] Ep 1700, loss 0.0128
[Nonlinear] Ep 1800, loss 0.0128
[Nonlinear] Ep 1900, loss 0.0127
[Nonlinear] Ep 0, loss 2.3408
[Nonlinear] Ep 100, loss 0.2525
[Nonlinear] Ep 200, loss 0.0164
[Nonlinear] Ep 300, loss 0.0114
[Nonlinear] Ep 400, loss 0.0111
[Nonlinear] Ep 500, loss 0.0111
[Nonlinear] Ep 600, loss 0.0110
[Nonlinear] Ep 700, loss 0.0110
[Nonlinear] Ep 800, loss 0.0110
[Nonlinear] Ep 900, loss 0.0110
[Nonlinear] Ep 1000, loss 0.0110
[Nonlinear] Ep 1100, loss 0.0110
[Nonlinear] Ep 1200, loss 0.0110
[Nonlinear] Ep 1300, loss 0.0110
[Nonlinear] Ep 1400, loss 0.0110
[Nonlinear] Ep 1500, loss 0.0110
[Nonlinear] Ep 1600, loss 0.0110
[Nonlinear] Ep 1700, loss 0.0110
[Nonlinear] Ep 1800, loss 0.0110
[Nonlinear] Ep 1900, loss 0.0110

=== Current trial for n = 4000, trial = 30 ===
[1 1 2]
[Nonlinear] Ep 0, loss 8.1054
[Nonlinear] Ep 100, loss 2.8676
[Nonlinear] Ep 200, loss 0.3513
[Nonlinear] Ep 300, loss 0.0353
[Nonlinear] Ep 400, loss 0.0247
[Nonlinear] Ep 500, loss 0.0240
[Nonlinear] Ep 600, loss 0.0240
[Nonlinear] Ep 700, loss 0.0240
[Nonlinear] Ep 800, loss 0.0240
[Nonlinear] Ep 900, loss 0.0240
[Nonlinear] Ep 1000, loss 0.0240
[Nonlinear] Ep 1100, loss 0.0239
[Nonlinear] Ep 1200, loss 0.0239
[Nonlinear] Ep 1300, loss 0.0239
[Nonlinear] Ep 1400, loss 0.0239
[Nonlinear] Ep 1500, loss 0.0239
[Nonlinear] Ep 1600, loss 0.0239
[Nonlinear] Ep 1700, loss 0.0239
[Nonlinear] Ep 1800, loss 0.0238
[Nonlinear] Ep 1900, loss 0.0238
[1 1 2]
[Nonlinear] Ep 0, loss 6.7389
[Nonlinear] Ep 100, loss 2.4975
[Nonlinear] Ep 200, loss 0.1690
[Nonlinear] Ep 300, loss 0.0419
[Nonlinear] Ep 400, loss 0.0365
[Nonlinear] Ep 500, loss 0.0358
[Nonlinear] Ep 600, loss 0.0354
[Nonlinear] Ep 700, loss 0.0352
[Nonlinear] Ep 800, loss 0.0350
[Nonlinear] Ep 900, loss 0.0347
[Nonlinear] Ep 1000, loss 0.0345
[Nonlinear] Ep 1100, loss 0.0342
[Nonlinear] Ep 1200, loss 0.0339
[Nonlinear] Ep 1300, loss 0.0338
[Nonlinear] Ep 1400, loss 0.0336
[Nonlinear] Ep 1500, loss 0.0335
[Nonlinear] Ep 1600, loss 0.0333
[Nonlinear] Ep 1700, loss 0.0332
[Nonlinear] Ep 1800, loss 0.0330
[Nonlinear] Ep 1900, loss 0.0329
[Nonlinear] Ep 0, loss 6.8064
[Nonlinear] Ep 100, loss 1.0160
[Nonlinear] Ep 200, loss 0.1185
[Nonlinear] Ep 300, loss 0.1020
[Nonlinear] Ep 400, loss 0.1014
[Nonlinear] Ep 500, loss 0.1010
[Nonlinear] Ep 600, loss 0.1006
[Nonlinear] Ep 700, loss 0.1003
[Nonlinear] Ep 800, loss 0.1001
[Nonlinear] Ep 900, loss 0.0999
[Nonlinear] Ep 1000, loss 0.0998
[Nonlinear] Ep 1100, loss 0.0997
[Nonlinear] Ep 1200, loss 0.0997
[Nonlinear] Ep 1300, loss 0.0997
[Nonlinear] Ep 1400, loss 0.0996
[Nonlinear] Ep 1500, loss 0.0996
[Nonlinear] Ep 1600, loss 0.0996
[Nonlinear] Ep 1700, loss 0.0996
[Nonlinear] Ep 1800, loss 0.0996
[Nonlinear] Ep 1900, loss 0.0996
>>> Finished experiment for n = 4000
>>> Result: {'n': 4000, 'clustered': [np.float64(0.015768871844420922), np.float64(0.017936584054465254), np.float64(0.0019324786588679884)], 'same_cluster': [np.float64(0.049222096486876435), np.float64(0.061243006410964675), np.float64(0.027081807286236124)], 'distinct_clusters': [np.float64(0.03889742531898743), np.float64(0.04528677544822205), np.float64(0.0018806145192056278)], 'pred_clustered': np.float64(0.01798148462677409), 'pred_same_cluster': np.float64(0.02321341194461294), 'pred_distinct_clusters': np.float64(0.06375245844198439), 'pred_clustered_linear': np.float64(0.018849058420646634), 'pred_same_cluster_linear': np.float64(0.03383147469485839), 'pred_distinct_clusters_linear': np.float64(0.06440479657320804)}
>>> Saving CSV
>>> Plots saved
!!! Error during saving/plotting for n = 4000: [Errno 2] No such file or directory: 'Plots/pred_nl_comp_lin/clustered_n_4000.png'
