=== Starting job ID 3 on node midway3-0140.rcc.local ===
Running AMP experiment for n = 3500
>>> Script started
>>> Running AMP comparison experiment with n = 3500

=== Current trial for n = 3500, trial = 1 ===
[1 1 2]
[Nonlinear] Ep 0, loss 2.2003
[Nonlinear] Ep 100, loss 0.2178
[Nonlinear] Ep 200, loss 0.0130
[Nonlinear] Ep 300, loss 0.0121
[Nonlinear] Ep 400, loss 0.0121
[Nonlinear] Ep 500, loss 0.0121
[Nonlinear] Ep 600, loss 0.0121
[Nonlinear] Ep 700, loss 0.0121
[Nonlinear] Ep 800, loss 0.0121
[Nonlinear] Ep 900, loss 0.0121
[Nonlinear] Ep 1000, loss 0.0121
[Nonlinear] Ep 1100, loss 0.0120
[Nonlinear] Ep 1200, loss 0.0120
[Nonlinear] Ep 1300, loss 0.0120
[Nonlinear] Ep 1400, loss 0.0120
[Nonlinear] Ep 1500, loss 0.0120
[Nonlinear] Ep 1600, loss 0.0120
[Nonlinear] Ep 1700, loss 0.0120
[Nonlinear] Ep 1800, loss 0.0120
[Nonlinear] Ep 1900, loss 0.0120
[1 1 2]
[Nonlinear] Ep 0, loss 1.9004
[Nonlinear] Ep 100, loss 0.5093
[Nonlinear] Ep 200, loss 0.0244
[Nonlinear] Ep 300, loss 0.0183
[Nonlinear] Ep 400, loss 0.0174
[Nonlinear] Ep 500, loss 0.0167
[Nonlinear] Ep 600, loss 0.0164
[Nonlinear] Ep 700, loss 0.0161
[Nonlinear] Ep 800, loss 0.0159
[Nonlinear] Ep 900, loss 0.0156
[Nonlinear] Ep 1000, loss 0.0155
[Nonlinear] Ep 1100, loss 0.0153
[Nonlinear] Ep 1200, loss 0.0152
[Nonlinear] Ep 1300, loss 0.0151
[Nonlinear] Ep 1400, loss 0.0149
[Nonlinear] Ep 1500, loss 0.0148
[Nonlinear] Ep 1600, loss 0.0147
[Nonlinear] Ep 1700, loss 0.0147
[Nonlinear] Ep 1800, loss 0.0146
[Nonlinear] Ep 1900, loss 0.0145
[Nonlinear] Ep 0, loss 2.0079
[Nonlinear] Ep 100, loss 0.0993
[Nonlinear] Ep 200, loss 0.0132
[Nonlinear] Ep 300, loss 0.0125
[Nonlinear] Ep 400, loss 0.0122
[Nonlinear] Ep 500, loss 0.0121
[Nonlinear] Ep 600, loss 0.0120
[Nonlinear] Ep 700, loss 0.0120
[Nonlinear] Ep 800, loss 0.0120
[Nonlinear] Ep 900, loss 0.0120
[Nonlinear] Ep 1000, loss 0.0120
[Nonlinear] Ep 1100, loss 0.0120
[Nonlinear] Ep 1200, loss 0.0120
[Nonlinear] Ep 1300, loss 0.0120
[Nonlinear] Ep 1400, loss 0.0120
[Nonlinear] Ep 1500, loss 0.0120
[Nonlinear] Ep 1600, loss 0.0120
[Nonlinear] Ep 1700, loss 0.0120
[Nonlinear] Ep 1800, loss 0.0120
[Nonlinear] Ep 1900, loss 0.0120

=== Current trial for n = 3500, trial = 2 ===
[1 1 2]
[Nonlinear] Ep 0, loss 2.2623
[Nonlinear] Ep 100, loss 0.1504
[Nonlinear] Ep 200, loss 0.0115
[Nonlinear] Ep 300, loss 0.0113
[Nonlinear] Ep 400, loss 0.0113
[Nonlinear] Ep 500, loss 0.0113
[Nonlinear] Ep 600, loss 0.0113
[Nonlinear] Ep 700, loss 0.0113
[Nonlinear] Ep 800, loss 0.0113
[Nonlinear] Ep 900, loss 0.0113
[Nonlinear] Ep 1000, loss 0.0113
[Nonlinear] Ep 1100, loss 0.0113
[Nonlinear] Ep 1200, loss 0.0113
[Nonlinear] Ep 1300, loss 0.0113
[Nonlinear] Ep 1400, loss 0.0113
[Nonlinear] Ep 1500, loss 0.0113
[Nonlinear] Ep 1600, loss 0.0113
[Nonlinear] Ep 1700, loss 0.0113
[Nonlinear] Ep 1800, loss 0.0113
[Nonlinear] Ep 1900, loss 0.0113
[1 1 2]
[Nonlinear] Ep 0, loss 1.9244
[Nonlinear] Ep 100, loss 0.3096
[Nonlinear] Ep 200, loss 0.0176
[Nonlinear] Ep 300, loss 0.0151
[Nonlinear] Ep 400, loss 0.0145
[Nonlinear] Ep 500, loss 0.0143
[Nonlinear] Ep 600, loss 0.0141
[Nonlinear] Ep 700, loss 0.0140
[Nonlinear] Ep 800, loss 0.0139
[Nonlinear] Ep 900, loss 0.0138
[Nonlinear] Ep 1000, loss 0.0137
[Nonlinear] Ep 1100, loss 0.0136
[Nonlinear] Ep 1200, loss 0.0135
[Nonlinear] Ep 1300, loss 0.0134
[Nonlinear] Ep 1400, loss 0.0132
[Nonlinear] Ep 1500, loss 0.0131
[Nonlinear] Ep 1600, loss 0.0130
[Nonlinear] Ep 1700, loss 0.0129
[Nonlinear] Ep 1800, loss 0.0128
[Nonlinear] Ep 1900, loss 0.0127
[Nonlinear] Ep 0, loss 2.2717
[Nonlinear] Ep 100, loss 0.1154
[Nonlinear] Ep 200, loss 0.0113
[Nonlinear] Ep 300, loss 0.0113
[Nonlinear] Ep 400, loss 0.0113
[Nonlinear] Ep 500, loss 0.0113
[Nonlinear] Ep 600, loss 0.0113
[Nonlinear] Ep 700, loss 0.0113
[Nonlinear] Ep 800, loss 0.0113
[Nonlinear] Ep 900, loss 0.0113
[Nonlinear] Ep 1000, loss 0.0113
[Nonlinear] Ep 1100, loss 0.0113
[Nonlinear] Ep 1200, loss 0.0113
[Nonlinear] Ep 1300, loss 0.0113
[Nonlinear] Ep 1400, loss 0.0113
[Nonlinear] Ep 1500, loss 0.0113
[Nonlinear] Ep 1600, loss 0.0113
[Nonlinear] Ep 1700, loss 0.0113
[Nonlinear] Ep 1800, loss 0.0113
[Nonlinear] Ep 1900, loss 0.0113

=== Current trial for n = 3500, trial = 3 ===
[1 1 2]
[Nonlinear] Ep 0, loss 6.3251
[Nonlinear] Ep 100, loss 1.9914
[Nonlinear] Ep 200, loss 0.1488
[Nonlinear] Ep 300, loss 0.0235
[Nonlinear] Ep 400, loss 0.0223
[Nonlinear] Ep 500, loss 0.0222
[Nonlinear] Ep 600, loss 0.0222
[Nonlinear] Ep 700, loss 0.0222
[Nonlinear] Ep 800, loss 0.0222
[Nonlinear] Ep 900, loss 0.0222
[Nonlinear] Ep 1000, loss 0.0222
[Nonlinear] Ep 1100, loss 0.0222
[Nonlinear] Ep 1200, loss 0.0222
[Nonlinear] Ep 1300, loss 0.0221
[Nonlinear] Ep 1400, loss 0.0221
[Nonlinear] Ep 1500, loss 0.0221
[Nonlinear] Ep 1600, loss 0.0221
[Nonlinear] Ep 1700, loss 0.0221
[Nonlinear] Ep 1800, loss 0.0221
[Nonlinear] Ep 1900, loss 0.0221
[1 1 2]
[Nonlinear] Ep 0, loss 5.2082
[Nonlinear] Ep 100, loss 1.4559
[Nonlinear] Ep 200, loss 0.1116
[Nonlinear] Ep 300, loss 0.0515
[Nonlinear] Ep 400, loss 0.0428
[Nonlinear] Ep 500, loss 0.0396
[Nonlinear] Ep 600, loss 0.0378
[Nonlinear] Ep 700, loss 0.0370
[Nonlinear] Ep 800, loss 0.0365
[Nonlinear] Ep 900, loss 0.0363
[Nonlinear] Ep 1000, loss 0.0361
[Nonlinear] Ep 1100, loss 0.0360
[Nonlinear] Ep 1200, loss 0.0359
[Nonlinear] Ep 1300, loss 0.0357
[Nonlinear] Ep 1400, loss 0.0356
[Nonlinear] Ep 1500, loss 0.0355
[Nonlinear] Ep 1600, loss 0.0354
[Nonlinear] Ep 1700, loss 0.0352
[Nonlinear] Ep 1800, loss 0.0351
[Nonlinear] Ep 1900, loss 0.0350
[Nonlinear] Ep 0, loss 6.7438
[Nonlinear] Ep 100, loss 1.2000
[Nonlinear] Ep 200, loss 0.1515
[Nonlinear] Ep 300, loss 0.1140
[Nonlinear] Ep 400, loss 0.1078
[Nonlinear] Ep 500, loss 0.1058
[Nonlinear] Ep 600, loss 0.1047
[Nonlinear] Ep 700, loss 0.1040
[Nonlinear] Ep 800, loss 0.1034
[Nonlinear] Ep 900, loss 0.1029
[Nonlinear] Ep 1000, loss 0.1025
[Nonlinear] Ep 1100, loss 0.1023
[Nonlinear] Ep 1200, loss 0.1021
[Nonlinear] Ep 1300, loss 0.1019
[Nonlinear] Ep 1400, loss 0.1018
[Nonlinear] Ep 1500, loss 0.1018
[Nonlinear] Ep 1600, loss 0.1017
[Nonlinear] Ep 1700, loss 0.1017
[Nonlinear] Ep 1800, loss 0.1017
[Nonlinear] Ep 1900, loss 0.1017

=== Current trial for n = 3500, trial = 4 ===
[1 1 2]
[Nonlinear] Ep 0, loss 2.6453
[Nonlinear] Ep 100, loss 0.2231
[Nonlinear] Ep 200, loss 0.0118
[Nonlinear] Ep 300, loss 0.0116
[Nonlinear] Ep 400, loss 0.0116
[Nonlinear] Ep 500, loss 0.0116
[Nonlinear] Ep 600, loss 0.0116
[Nonlinear] Ep 700, loss 0.0116
[Nonlinear] Ep 800, loss 0.0116
[Nonlinear] Ep 900, loss 0.0116
[Nonlinear] Ep 1000, loss 0.0116
[Nonlinear] Ep 1100, loss 0.0116
[Nonlinear] Ep 1200, loss 0.0116
[Nonlinear] Ep 1300, loss 0.0116
[Nonlinear] Ep 1400, loss 0.0116
[Nonlinear] Ep 1500, loss 0.0116
[Nonlinear] Ep 1600, loss 0.0116
[Nonlinear] Ep 1700, loss 0.0116
[Nonlinear] Ep 1800, loss 0.0116
[Nonlinear] Ep 1900, loss 0.0116
[1 1 2]
[Nonlinear] Ep 0, loss 1.8578
[Nonlinear] Ep 100, loss 0.3035
[Nonlinear] Ep 200, loss 0.0174
[Nonlinear] Ep 300, loss 0.0146
[Nonlinear] Ep 400, loss 0.0143
[Nonlinear] Ep 500, loss 0.0142
[Nonlinear] Ep 600, loss 0.0140
[Nonlinear] Ep 700, loss 0.0139
[Nonlinear] Ep 800, loss 0.0138
[Nonlinear] Ep 900, loss 0.0137
[Nonlinear] Ep 1000, loss 0.0135
[Nonlinear] Ep 1100, loss 0.0134
[Nonlinear] Ep 1200, loss 0.0133
[Nonlinear] Ep 1300, loss 0.0132
[Nonlinear] Ep 1400, loss 0.0132
[Nonlinear] Ep 1500, loss 0.0131
[Nonlinear] Ep 1600, loss 0.0130
[Nonlinear] Ep 1700, loss 0.0130
[Nonlinear] Ep 1800, loss 0.0129
[Nonlinear] Ep 1900, loss 0.0129
[Nonlinear] Ep 0, loss 2.3708
[Nonlinear] Ep 100, loss 0.0790
[Nonlinear] Ep 200, loss 0.0149
[Nonlinear] Ep 300, loss 0.0128
[Nonlinear] Ep 400, loss 0.0121
[Nonlinear] Ep 500, loss 0.0117
[Nonlinear] Ep 600, loss 0.0115
[Nonlinear] Ep 700, loss 0.0114
[Nonlinear] Ep 800, loss 0.0114
[Nonlinear] Ep 900, loss 0.0114
[Nonlinear] Ep 1000, loss 0.0114
[Nonlinear] Ep 1100, loss 0.0114
[Nonlinear] Ep 1200, loss 0.0113
[Nonlinear] Ep 1300, loss 0.0113
[Nonlinear] Ep 1400, loss 0.0113
[Nonlinear] Ep 1500, loss 0.0113
[Nonlinear] Ep 1600, loss 0.0113
[Nonlinear] Ep 1700, loss 0.0113
[Nonlinear] Ep 1800, loss 0.0113
[Nonlinear] Ep 1900, loss 0.0113

=== Current trial for n = 3500, trial = 5 ===
[1 1 2]
[Nonlinear] Ep 0, loss 2.4758
[Nonlinear] Ep 100, loss 0.2564
[Nonlinear] Ep 200, loss 0.0129
[Nonlinear] Ep 300, loss 0.0109
[Nonlinear] Ep 400, loss 0.0109
[Nonlinear] Ep 500, loss 0.0109
[Nonlinear] Ep 600, loss 0.0109
[Nonlinear] Ep 700, loss 0.0109
[Nonlinear] Ep 800, loss 0.0109
[Nonlinear] Ep 900, loss 0.0109
[Nonlinear] Ep 1000, loss 0.0109
[Nonlinear] Ep 1100, loss 0.0109
[Nonlinear] Ep 1200, loss 0.0108
[Nonlinear] Ep 1300, loss 0.0108
[Nonlinear] Ep 1400, loss 0.0108
[Nonlinear] Ep 1500, loss 0.0108
[Nonlinear] Ep 1600, loss 0.0108
[Nonlinear] Ep 1700, loss 0.0108
[Nonlinear] Ep 1800, loss 0.0108
[Nonlinear] Ep 1900, loss 0.0108
[1 1 2]
[Nonlinear] Ep 0, loss 1.8677
[Nonlinear] Ep 100, loss 0.4791
[Nonlinear] Ep 200, loss 0.0335
[Nonlinear] Ep 300, loss 0.0166
[Nonlinear] Ep 400, loss 0.0145
[Nonlinear] Ep 500, loss 0.0141
[Nonlinear] Ep 600, loss 0.0139
[Nonlinear] Ep 700, loss 0.0138
[Nonlinear] Ep 800, loss 0.0137
[Nonlinear] Ep 900, loss 0.0135
[Nonlinear] Ep 1000, loss 0.0134
[Nonlinear] Ep 1100, loss 0.0133
[Nonlinear] Ep 1200, loss 0.0132
[Nonlinear] Ep 1300, loss 0.0132
[Nonlinear] Ep 1400, loss 0.0131
[Nonlinear] Ep 1500, loss 0.0131
[Nonlinear] Ep 1600, loss 0.0130
[Nonlinear] Ep 1700, loss 0.0130
[Nonlinear] Ep 1800, loss 0.0129
[Nonlinear] Ep 1900, loss 0.0129
[Nonlinear] Ep 0, loss 2.3993
[Nonlinear] Ep 100, loss 0.1537
[Nonlinear] Ep 200, loss 0.0134
[Nonlinear] Ep 300, loss 0.0119
[Nonlinear] Ep 400, loss 0.0114
[Nonlinear] Ep 500, loss 0.0111
[Nonlinear] Ep 600, loss 0.0110
[Nonlinear] Ep 700, loss 0.0109
[Nonlinear] Ep 800, loss 0.0109
[Nonlinear] Ep 900, loss 0.0109
[Nonlinear] Ep 1000, loss 0.0109
[Nonlinear] Ep 1100, loss 0.0109
[Nonlinear] Ep 1200, loss 0.0109
[Nonlinear] Ep 1300, loss 0.0109
[Nonlinear] Ep 1400, loss 0.0109
[Nonlinear] Ep 1500, loss 0.0109
[Nonlinear] Ep 1600, loss 0.0109
[Nonlinear] Ep 1700, loss 0.0109
[Nonlinear] Ep 1800, loss 0.0109
[Nonlinear] Ep 1900, loss 0.0109

=== Current trial for n = 3500, trial = 6 ===
[1 1 2]
[Nonlinear] Ep 0, loss 2.1691
[Nonlinear] Ep 100, loss 0.2869
[Nonlinear] Ep 200, loss 0.0147
[Nonlinear] Ep 300, loss 0.0109
[Nonlinear] Ep 400, loss 0.0109
[Nonlinear] Ep 500, loss 0.0108
[Nonlinear] Ep 600, loss 0.0108
[Nonlinear] Ep 700, loss 0.0108
[Nonlinear] Ep 800, loss 0.0108
[Nonlinear] Ep 900, loss 0.0108
[Nonlinear] Ep 1000, loss 0.0108
[Nonlinear] Ep 1100, loss 0.0108
[Nonlinear] Ep 1200, loss 0.0108
[Nonlinear] Ep 1300, loss 0.0107
[Nonlinear] Ep 1400, loss 0.0107
[Nonlinear] Ep 1500, loss 0.0107
[Nonlinear] Ep 1600, loss 0.0107
[Nonlinear] Ep 1700, loss 0.0107
[Nonlinear] Ep 1800, loss 0.0107
[Nonlinear] Ep 1900, loss 0.0107
[1 1 2]
[Nonlinear] Ep 0, loss 2.4299
[Nonlinear] Ep 100, loss 0.7616
[Nonlinear] Ep 200, loss 0.0322
[Nonlinear] Ep 300, loss 0.0129
[Nonlinear] Ep 400, loss 0.0127
[Nonlinear] Ep 500, loss 0.0127
[Nonlinear] Ep 600, loss 0.0127
[Nonlinear] Ep 700, loss 0.0126
[Nonlinear] Ep 800, loss 0.0126
[Nonlinear] Ep 900, loss 0.0126
[Nonlinear] Ep 1000, loss 0.0125
[Nonlinear] Ep 1100, loss 0.0125
[Nonlinear] Ep 1200, loss 0.0124
[Nonlinear] Ep 1300, loss 0.0124
[Nonlinear] Ep 1400, loss 0.0124
[Nonlinear] Ep 1500, loss 0.0123
[Nonlinear] Ep 1600, loss 0.0123
[Nonlinear] Ep 1700, loss 0.0123
[Nonlinear] Ep 1800, loss 0.0122
[Nonlinear] Ep 1900, loss 0.0122
[Nonlinear] Ep 0, loss 2.2560
[Nonlinear] Ep 100, loss 0.1777
[Nonlinear] Ep 200, loss 0.0139
[Nonlinear] Ep 300, loss 0.0116
[Nonlinear] Ep 400, loss 0.0108
[Nonlinear] Ep 500, loss 0.0106
[Nonlinear] Ep 600, loss 0.0105
[Nonlinear] Ep 700, loss 0.0105
[Nonlinear] Ep 800, loss 0.0105
[Nonlinear] Ep 900, loss 0.0105
[Nonlinear] Ep 1000, loss 0.0105
[Nonlinear] Ep 1100, loss 0.0105
[Nonlinear] Ep 1200, loss 0.0105
[Nonlinear] Ep 1300, loss 0.0105
[Nonlinear] Ep 1400, loss 0.0105
[Nonlinear] Ep 1500, loss 0.0105
[Nonlinear] Ep 1600, loss 0.0105
[Nonlinear] Ep 1700, loss 0.0105
[Nonlinear] Ep 1800, loss 0.0105
[Nonlinear] Ep 1900, loss 0.0105

=== Current trial for n = 3500, trial = 7 ===
[1 1 2]
[Nonlinear] Ep 0, loss 6.6360
[Nonlinear] Ep 100, loss 1.9222
[Nonlinear] Ep 200, loss 0.0754
[Nonlinear] Ep 300, loss 0.0252
[Nonlinear] Ep 400, loss 0.0248
[Nonlinear] Ep 500, loss 0.0248
[Nonlinear] Ep 600, loss 0.0248
[Nonlinear] Ep 700, loss 0.0247
[Nonlinear] Ep 800, loss 0.0247
[Nonlinear] Ep 900, loss 0.0247
[Nonlinear] Ep 1000, loss 0.0247
[Nonlinear] Ep 1100, loss 0.0246
[Nonlinear] Ep 1200, loss 0.0246
[Nonlinear] Ep 1300, loss 0.0246
[Nonlinear] Ep 1400, loss 0.0245
[Nonlinear] Ep 1500, loss 0.0245
[Nonlinear] Ep 1600, loss 0.0245
[Nonlinear] Ep 1700, loss 0.0244
[Nonlinear] Ep 1800, loss 0.0244
[Nonlinear] Ep 1900, loss 0.0244
[1 1 2]
[Nonlinear] Ep 0, loss 6.6598
[Nonlinear] Ep 100, loss 3.0137
[Nonlinear] Ep 200, loss 0.3312
[Nonlinear] Ep 300, loss 0.0512
[Nonlinear] Ep 400, loss 0.0352
[Nonlinear] Ep 500, loss 0.0326
[Nonlinear] Ep 600, loss 0.0319
[Nonlinear] Ep 700, loss 0.0315
[Nonlinear] Ep 800, loss 0.0313
[Nonlinear] Ep 900, loss 0.0311
[Nonlinear] Ep 1000, loss 0.0309
[Nonlinear] Ep 1100, loss 0.0308
[Nonlinear] Ep 1200, loss 0.0306
[Nonlinear] Ep 1300, loss 0.0305
[Nonlinear] Ep 1400, loss 0.0303
[Nonlinear] Ep 1500, loss 0.0302
[Nonlinear] Ep 1600, loss 0.0301
[Nonlinear] Ep 1700, loss 0.0299
[Nonlinear] Ep 1800, loss 0.0298
[Nonlinear] Ep 1900, loss 0.0297
[Nonlinear] Ep 0, loss 5.9524
[Nonlinear] Ep 100, loss 0.7056
[Nonlinear] Ep 200, loss 0.1174
[Nonlinear] Ep 300, loss 0.1078
[Nonlinear] Ep 400, loss 0.1052
[Nonlinear] Ep 500, loss 0.1032
[Nonlinear] Ep 600, loss 0.1015
[Nonlinear] Ep 700, loss 0.1002
[Nonlinear] Ep 800, loss 0.0992
[Nonlinear] Ep 900, loss 0.0986
[Nonlinear] Ep 1000, loss 0.0981
[Nonlinear] Ep 1100, loss 0.0978
[Nonlinear] Ep 1200, loss 0.0976
[Nonlinear] Ep 1300, loss 0.0975
[Nonlinear] Ep 1400, loss 0.0975
[Nonlinear] Ep 1500, loss 0.0975
[Nonlinear] Ep 1600, loss 0.0974
[Nonlinear] Ep 1700, loss 0.0974
[Nonlinear] Ep 1800, loss 0.0974
[Nonlinear] Ep 1900, loss 0.0974

=== Current trial for n = 3500, trial = 8 ===
[1 1 2]
[Nonlinear] Ep 0, loss 1.9660
[Nonlinear] Ep 100, loss 0.1086
[Nonlinear] Ep 200, loss 0.0114
[Nonlinear] Ep 300, loss 0.0112
[Nonlinear] Ep 400, loss 0.0112
[Nonlinear] Ep 500, loss 0.0112
[Nonlinear] Ep 600, loss 0.0112
[Nonlinear] Ep 700, loss 0.0112
[Nonlinear] Ep 800, loss 0.0112
[Nonlinear] Ep 900, loss 0.0112
[Nonlinear] Ep 1000, loss 0.0112
[Nonlinear] Ep 1100, loss 0.0112
[Nonlinear] Ep 1200, loss 0.0112
[Nonlinear] Ep 1300, loss 0.0112
[Nonlinear] Ep 1400, loss 0.0112
[Nonlinear] Ep 1500, loss 0.0112
[Nonlinear] Ep 1600, loss 0.0112
[Nonlinear] Ep 1700, loss 0.0112
[Nonlinear] Ep 1800, loss 0.0112
[Nonlinear] Ep 1900, loss 0.0112
[1 1 2]
[Nonlinear] Ep 0, loss 2.2796
[Nonlinear] Ep 100, loss 0.8909
[Nonlinear] Ep 200, loss 0.0518
[Nonlinear] Ep 300, loss 0.0135
[Nonlinear] Ep 400, loss 0.0128
[Nonlinear] Ep 500, loss 0.0127
[Nonlinear] Ep 600, loss 0.0127
[Nonlinear] Ep 700, loss 0.0126
[Nonlinear] Ep 800, loss 0.0126
[Nonlinear] Ep 900, loss 0.0125
[Nonlinear] Ep 1000, loss 0.0125
[Nonlinear] Ep 1100, loss 0.0125
[Nonlinear] Ep 1200, loss 0.0125
[Nonlinear] Ep 1300, loss 0.0124
[Nonlinear] Ep 1400, loss 0.0124
[Nonlinear] Ep 1500, loss 0.0123
[Nonlinear] Ep 1600, loss 0.0123
[Nonlinear] Ep 1700, loss 0.0123
[Nonlinear] Ep 1800, loss 0.0123
[Nonlinear] Ep 1900, loss 0.0122
[Nonlinear] Ep 0, loss 2.9908
[Nonlinear] Ep 100, loss 0.1727
[Nonlinear] Ep 200, loss 0.0115
[Nonlinear] Ep 300, loss 0.0113
[Nonlinear] Ep 400, loss 0.0112
[Nonlinear] Ep 500, loss 0.0111
[Nonlinear] Ep 600, loss 0.0111
[Nonlinear] Ep 700, loss 0.0111
[Nonlinear] Ep 800, loss 0.0111
[Nonlinear] Ep 900, loss 0.0111
[Nonlinear] Ep 1000, loss 0.0111
[Nonlinear] Ep 1100, loss 0.0111
[Nonlinear] Ep 1200, loss 0.0111
[Nonlinear] Ep 1300, loss 0.0111
[Nonlinear] Ep 1400, loss 0.0111
[Nonlinear] Ep 1500, loss 0.0111
[Nonlinear] Ep 1600, loss 0.0111
[Nonlinear] Ep 1700, loss 0.0111
[Nonlinear] Ep 1800, loss 0.0111
[Nonlinear] Ep 1900, loss 0.0111

=== Current trial for n = 3500, trial = 9 ===
[1 1 2]
[Nonlinear] Ep 0, loss 6.2088
[Nonlinear] Ep 100, loss 1.6627
[Nonlinear] Ep 200, loss 0.1237
[Nonlinear] Ep 300, loss 0.0292
[Nonlinear] Ep 400, loss 0.0265
[Nonlinear] Ep 500, loss 0.0265
[Nonlinear] Ep 600, loss 0.0265
[Nonlinear] Ep 700, loss 0.0264
[Nonlinear] Ep 800, loss 0.0264
[Nonlinear] Ep 900, loss 0.0264
[Nonlinear] Ep 1000, loss 0.0264
[Nonlinear] Ep 1100, loss 0.0264
[Nonlinear] Ep 1200, loss 0.0263
[Nonlinear] Ep 1300, loss 0.0263
[Nonlinear] Ep 1400, loss 0.0263
[Nonlinear] Ep 1500, loss 0.0263
[Nonlinear] Ep 1600, loss 0.0262
[Nonlinear] Ep 1700, loss 0.0262
[Nonlinear] Ep 1800, loss 0.0262
[Nonlinear] Ep 1900, loss 0.0261
[1 1 2]
[Nonlinear] Ep 0, loss 6.0176
[Nonlinear] Ep 100, loss 2.3875
[Nonlinear] Ep 200, loss 0.1920
[Nonlinear] Ep 300, loss 0.0485
[Nonlinear] Ep 400, loss 0.0412
[Nonlinear] Ep 500, loss 0.0393
[Nonlinear] Ep 600, loss 0.0385
[Nonlinear] Ep 700, loss 0.0381
[Nonlinear] Ep 800, loss 0.0378
[Nonlinear] Ep 900, loss 0.0376
[Nonlinear] Ep 1000, loss 0.0374
[Nonlinear] Ep 1100, loss 0.0372
[Nonlinear] Ep 1200, loss 0.0371
[Nonlinear] Ep 1300, loss 0.0369
[Nonlinear] Ep 1400, loss 0.0367
[Nonlinear] Ep 1500, loss 0.0365
[Nonlinear] Ep 1600, loss 0.0363
[Nonlinear] Ep 1700, loss 0.0361
[Nonlinear] Ep 1800, loss 0.0359
[Nonlinear] Ep 1900, loss 0.0357
[Nonlinear] Ep 0, loss 6.2244
[Nonlinear] Ep 100, loss 1.0574
[Nonlinear] Ep 200, loss 0.1326
[Nonlinear] Ep 300, loss 0.1163
[Nonlinear] Ep 400, loss 0.1127
[Nonlinear] Ep 500, loss 0.1097
[Nonlinear] Ep 600, loss 0.1070
[Nonlinear] Ep 700, loss 0.1047
[Nonlinear] Ep 800, loss 0.1029
[Nonlinear] Ep 900, loss 0.1014
[Nonlinear] Ep 1000, loss 0.1004
[Nonlinear] Ep 1100, loss 0.0996
[Nonlinear] Ep 1200, loss 0.0990
[Nonlinear] Ep 1300, loss 0.0986
[Nonlinear] Ep 1400, loss 0.0984
[Nonlinear] Ep 1500, loss 0.0982
[Nonlinear] Ep 1600, loss 0.0981
[Nonlinear] Ep 1700, loss 0.0981
[Nonlinear] Ep 1800, loss 0.0980
[Nonlinear] Ep 1900, loss 0.0980

=== Current trial for n = 3500, trial = 10 ===
[1 1 2]
[Nonlinear] Ep 0, loss 1.7988
[Nonlinear] Ep 100, loss 0.1258
[Nonlinear] Ep 200, loss 0.0123
[Nonlinear] Ep 300, loss 0.0104
[Nonlinear] Ep 400, loss 0.0104
[Nonlinear] Ep 500, loss 0.0104
[Nonlinear] Ep 600, loss 0.0104
[Nonlinear] Ep 700, loss 0.0104
[Nonlinear] Ep 800, loss 0.0104
[Nonlinear] Ep 900, loss 0.0103
[Nonlinear] Ep 1000, loss 0.0103
[Nonlinear] Ep 1100, loss 0.0103
[Nonlinear] Ep 1200, loss 0.0103
[Nonlinear] Ep 1300, loss 0.0103
[Nonlinear] Ep 1400, loss 0.0103
[Nonlinear] Ep 1500, loss 0.0103
[Nonlinear] Ep 1600, loss 0.0103
[Nonlinear] Ep 1700, loss 0.0103
[Nonlinear] Ep 1800, loss 0.0103
[Nonlinear] Ep 1900, loss 0.0103
[1 1 2]
[Nonlinear] Ep 0, loss 2.3668
[Nonlinear] Ep 100, loss 0.6572
[Nonlinear] Ep 200, loss 0.0481
[Nonlinear] Ep 300, loss 0.0164
[Nonlinear] Ep 400, loss 0.0151
[Nonlinear] Ep 500, loss 0.0147
[Nonlinear] Ep 600, loss 0.0144
[Nonlinear] Ep 700, loss 0.0142
[Nonlinear] Ep 800, loss 0.0141
[Nonlinear] Ep 900, loss 0.0140
[Nonlinear] Ep 1000, loss 0.0139
[Nonlinear] Ep 1100, loss 0.0137
[Nonlinear] Ep 1200, loss 0.0137
[Nonlinear] Ep 1300, loss 0.0136
[Nonlinear] Ep 1400, loss 0.0135
[Nonlinear] Ep 1500, loss 0.0135
[Nonlinear] Ep 1600, loss 0.0134
[Nonlinear] Ep 1700, loss 0.0133
[Nonlinear] Ep 1800, loss 0.0133
[Nonlinear] Ep 1900, loss 0.0132
[Nonlinear] Ep 0, loss 1.7643
[Nonlinear] Ep 100, loss 0.1218
[Nonlinear] Ep 200, loss 0.0124
[Nonlinear] Ep 300, loss 0.0106
[Nonlinear] Ep 400, loss 0.0103
[Nonlinear] Ep 500, loss 0.0103
[Nonlinear] Ep 600, loss 0.0103
[Nonlinear] Ep 700, loss 0.0103
[Nonlinear] Ep 800, loss 0.0103
[Nonlinear] Ep 900, loss 0.0102
[Nonlinear] Ep 1000, loss 0.0102
[Nonlinear] Ep 1100, loss 0.0102
[Nonlinear] Ep 1200, loss 0.0102
[Nonlinear] Ep 1300, loss 0.0102
[Nonlinear] Ep 1400, loss 0.0102
[Nonlinear] Ep 1500, loss 0.0102
[Nonlinear] Ep 1600, loss 0.0102
[Nonlinear] Ep 1700, loss 0.0102
[Nonlinear] Ep 1800, loss 0.0102
[Nonlinear] Ep 1900, loss 0.0102

=== Current trial for n = 3500, trial = 11 ===
[1 1 2]
[Nonlinear] Ep 0, loss 3.2418
[Nonlinear] Ep 100, loss 0.3364
[Nonlinear] Ep 200, loss 0.0114
[Nonlinear] Ep 300, loss 0.0108
[Nonlinear] Ep 400, loss 0.0108
[Nonlinear] Ep 500, loss 0.0108
[Nonlinear] Ep 600, loss 0.0108
[Nonlinear] Ep 700, loss 0.0108
[Nonlinear] Ep 800, loss 0.0108
[Nonlinear] Ep 900, loss 0.0108
[Nonlinear] Ep 1000, loss 0.0108
[Nonlinear] Ep 1100, loss 0.0108
[Nonlinear] Ep 1200, loss 0.0108
[Nonlinear] Ep 1300, loss 0.0108
[Nonlinear] Ep 1400, loss 0.0108
[Nonlinear] Ep 1500, loss 0.0108
[Nonlinear] Ep 1600, loss 0.0108
[Nonlinear] Ep 1700, loss 0.0108
[Nonlinear] Ep 1800, loss 0.0108
[Nonlinear] Ep 1900, loss 0.0108
[1 1 2]
[Nonlinear] Ep 0, loss 2.1368
[Nonlinear] Ep 100, loss 0.4481
[Nonlinear] Ep 200, loss 0.0263
[Nonlinear] Ep 300, loss 0.0145
[Nonlinear] Ep 400, loss 0.0125
[Nonlinear] Ep 500, loss 0.0118
[Nonlinear] Ep 600, loss 0.0117
[Nonlinear] Ep 700, loss 0.0116
[Nonlinear] Ep 800, loss 0.0116
[Nonlinear] Ep 900, loss 0.0116
[Nonlinear] Ep 1000, loss 0.0115
[Nonlinear] Ep 1100, loss 0.0115
[Nonlinear] Ep 1200, loss 0.0115
[Nonlinear] Ep 1300, loss 0.0115
[Nonlinear] Ep 1400, loss 0.0115
[Nonlinear] Ep 1500, loss 0.0114
[Nonlinear] Ep 1600, loss 0.0114
[Nonlinear] Ep 1700, loss 0.0114
[Nonlinear] Ep 1800, loss 0.0114
[Nonlinear] Ep 1900, loss 0.0114
[Nonlinear] Ep 0, loss 2.1865
[Nonlinear] Ep 100, loss 0.0681
[Nonlinear] Ep 200, loss 0.0110
[Nonlinear] Ep 300, loss 0.0108
[Nonlinear] Ep 400, loss 0.0108
[Nonlinear] Ep 500, loss 0.0107
[Nonlinear] Ep 600, loss 0.0107
[Nonlinear] Ep 700, loss 0.0107
[Nonlinear] Ep 800, loss 0.0107
[Nonlinear] Ep 900, loss 0.0107
[Nonlinear] Ep 1000, loss 0.0107
[Nonlinear] Ep 1100, loss 0.0107
[Nonlinear] Ep 1200, loss 0.0107
[Nonlinear] Ep 1300, loss 0.0107
[Nonlinear] Ep 1400, loss 0.0107
[Nonlinear] Ep 1500, loss 0.0107
[Nonlinear] Ep 1600, loss 0.0107
[Nonlinear] Ep 1700, loss 0.0107
[Nonlinear] Ep 1800, loss 0.0107
[Nonlinear] Ep 1900, loss 0.0107

=== Current trial for n = 3500, trial = 12 ===
[1 1 2]
[Nonlinear] Ep 0, loss 6.3322
[Nonlinear] Ep 100, loss 1.5036
[Nonlinear] Ep 200, loss 0.0494
[Nonlinear] Ep 300, loss 0.0208
[Nonlinear] Ep 400, loss 0.0207
[Nonlinear] Ep 500, loss 0.0207
[Nonlinear] Ep 600, loss 0.0207
[Nonlinear] Ep 700, loss 0.0207
[Nonlinear] Ep 800, loss 0.0207
[Nonlinear] Ep 900, loss 0.0207
[Nonlinear] Ep 1000, loss 0.0207
[Nonlinear] Ep 1100, loss 0.0207
[Nonlinear] Ep 1200, loss 0.0207
[Nonlinear] Ep 1300, loss 0.0207
[Nonlinear] Ep 1400, loss 0.0207
[Nonlinear] Ep 1500, loss 0.0207
[Nonlinear] Ep 1600, loss 0.0207
[Nonlinear] Ep 1700, loss 0.0207
[Nonlinear] Ep 1800, loss 0.0207
[Nonlinear] Ep 1900, loss 0.0207
[1 1 2]
[Nonlinear] Ep 0, loss 6.0443
[Nonlinear] Ep 100, loss 2.1641
[Nonlinear] Ep 200, loss 0.1267
[Nonlinear] Ep 300, loss 0.0402
[Nonlinear] Ep 400, loss 0.0360
[Nonlinear] Ep 500, loss 0.0343
[Nonlinear] Ep 600, loss 0.0334
[Nonlinear] Ep 700, loss 0.0328
[Nonlinear] Ep 800, loss 0.0324
[Nonlinear] Ep 900, loss 0.0321
[Nonlinear] Ep 1000, loss 0.0318
[Nonlinear] Ep 1100, loss 0.0316
[Nonlinear] Ep 1200, loss 0.0314
[Nonlinear] Ep 1300, loss 0.0312
[Nonlinear] Ep 1400, loss 0.0310
[Nonlinear] Ep 1500, loss 0.0309
[Nonlinear] Ep 1600, loss 0.0307
[Nonlinear] Ep 1700, loss 0.0306
[Nonlinear] Ep 1800, loss 0.0305
[Nonlinear] Ep 1900, loss 0.0303
[Nonlinear] Ep 0, loss 7.1714
[Nonlinear] Ep 100, loss 0.6522
[Nonlinear] Ep 200, loss 0.1169
[Nonlinear] Ep 300, loss 0.1067
[Nonlinear] Ep 400, loss 0.1043
[Nonlinear] Ep 500, loss 0.1033
[Nonlinear] Ep 600, loss 0.1026
[Nonlinear] Ep 700, loss 0.1022
[Nonlinear] Ep 800, loss 0.1020
[Nonlinear] Ep 900, loss 0.1019
[Nonlinear] Ep 1000, loss 0.1019
[Nonlinear] Ep 1100, loss 0.1019
[Nonlinear] Ep 1200, loss 0.1019
[Nonlinear] Ep 1300, loss 0.1019
[Nonlinear] Ep 1400, loss 0.1019
[Nonlinear] Ep 1500, loss 0.1019
[Nonlinear] Ep 1600, loss 0.1019
[Nonlinear] Ep 1700, loss 0.1019
[Nonlinear] Ep 1800, loss 0.1019
[Nonlinear] Ep 1900, loss 0.1018

=== Current trial for n = 3500, trial = 13 ===
[1 1 2]
[Nonlinear] Ep 0, loss 2.0518
[Nonlinear] Ep 100, loss 0.0790
[Nonlinear] Ep 200, loss 0.0116
[Nonlinear] Ep 300, loss 0.0116
[Nonlinear] Ep 400, loss 0.0116
[Nonlinear] Ep 500, loss 0.0116
[Nonlinear] Ep 600, loss 0.0116
[Nonlinear] Ep 700, loss 0.0116
[Nonlinear] Ep 800, loss 0.0116
[Nonlinear] Ep 900, loss 0.0116
[Nonlinear] Ep 1000, loss 0.0116
[Nonlinear] Ep 1100, loss 0.0116
[Nonlinear] Ep 1200, loss 0.0116
[Nonlinear] Ep 1300, loss 0.0116
[Nonlinear] Ep 1400, loss 0.0116
[Nonlinear] Ep 1500, loss 0.0116
[Nonlinear] Ep 1600, loss 0.0116
[Nonlinear] Ep 1700, loss 0.0116
[Nonlinear] Ep 1800, loss 0.0116
[Nonlinear] Ep 1900, loss 0.0116
[1 1 2]
[Nonlinear] Ep 0, loss 2.2577
[Nonlinear] Ep 100, loss 0.7538
[Nonlinear] Ep 200, loss 0.0375
[Nonlinear] Ep 300, loss 0.0156
[Nonlinear] Ep 400, loss 0.0151
[Nonlinear] Ep 500, loss 0.0147
[Nonlinear] Ep 600, loss 0.0144
[Nonlinear] Ep 700, loss 0.0142
[Nonlinear] Ep 800, loss 0.0140
[Nonlinear] Ep 900, loss 0.0138
[Nonlinear] Ep 1000, loss 0.0136
[Nonlinear] Ep 1100, loss 0.0134
[Nonlinear] Ep 1200, loss 0.0133
[Nonlinear] Ep 1300, loss 0.0131
[Nonlinear] Ep 1400, loss 0.0130
[Nonlinear] Ep 1500, loss 0.0130
[Nonlinear] Ep 1600, loss 0.0129
[Nonlinear] Ep 1700, loss 0.0129
[Nonlinear] Ep 1800, loss 0.0128
[Nonlinear] Ep 1900, loss 0.0128
[Nonlinear] Ep 0, loss 2.6879
[Nonlinear] Ep 100, loss 0.2047
[Nonlinear] Ep 200, loss 0.0118
[Nonlinear] Ep 300, loss 0.0116
[Nonlinear] Ep 400, loss 0.0115
[Nonlinear] Ep 500, loss 0.0115
[Nonlinear] Ep 600, loss 0.0115
[Nonlinear] Ep 700, loss 0.0115
[Nonlinear] Ep 800, loss 0.0115
[Nonlinear] Ep 900, loss 0.0115
[Nonlinear] Ep 1000, loss 0.0115
[Nonlinear] Ep 1100, loss 0.0115
[Nonlinear] Ep 1200, loss 0.0115
[Nonlinear] Ep 1300, loss 0.0115
[Nonlinear] Ep 1400, loss 0.0115
[Nonlinear] Ep 1500, loss 0.0115
[Nonlinear] Ep 1600, loss 0.0115
[Nonlinear] Ep 1700, loss 0.0115
[Nonlinear] Ep 1800, loss 0.0115
[Nonlinear] Ep 1900, loss 0.0115

=== Current trial for n = 3500, trial = 14 ===
[1 1 2]
[Nonlinear] Ep 0, loss 1.5891
[Nonlinear] Ep 100, loss 0.1139
[Nonlinear] Ep 200, loss 0.0125
[Nonlinear] Ep 300, loss 0.0125
[Nonlinear] Ep 400, loss 0.0125
[Nonlinear] Ep 500, loss 0.0125
[Nonlinear] Ep 600, loss 0.0125
[Nonlinear] Ep 700, loss 0.0125
[Nonlinear] Ep 800, loss 0.0125
[Nonlinear] Ep 900, loss 0.0125
[Nonlinear] Ep 1000, loss 0.0125
[Nonlinear] Ep 1100, loss 0.0125
[Nonlinear] Ep 1200, loss 0.0125
[Nonlinear] Ep 1300, loss 0.0125
[Nonlinear] Ep 1400, loss 0.0125
[Nonlinear] Ep 1500, loss 0.0125
[Nonlinear] Ep 1600, loss 0.0125
[Nonlinear] Ep 1700, loss 0.0125
[Nonlinear] Ep 1800, loss 0.0125
[Nonlinear] Ep 1900, loss 0.0124
[1 1 2]
[Nonlinear] Ep 0, loss 2.3502
[Nonlinear] Ep 100, loss 0.6820
[Nonlinear] Ep 200, loss 0.0294
[Nonlinear] Ep 300, loss 0.0175
[Nonlinear] Ep 400, loss 0.0167
[Nonlinear] Ep 500, loss 0.0164
[Nonlinear] Ep 600, loss 0.0162
[Nonlinear] Ep 700, loss 0.0161
[Nonlinear] Ep 800, loss 0.0160
[Nonlinear] Ep 900, loss 0.0158
[Nonlinear] Ep 1000, loss 0.0158
[Nonlinear] Ep 1100, loss 0.0158
[Nonlinear] Ep 1200, loss 0.0157
[Nonlinear] Ep 1300, loss 0.0157
[Nonlinear] Ep 1400, loss 0.0157
[Nonlinear] Ep 1500, loss 0.0156
[Nonlinear] Ep 1600, loss 0.0156
[Nonlinear] Ep 1700, loss 0.0156
[Nonlinear] Ep 1800, loss 0.0155
[Nonlinear] Ep 1900, loss 0.0155
[Nonlinear] Ep 0, loss 3.1428
[Nonlinear] Ep 100, loss 0.4483
[Nonlinear] Ep 200, loss 0.0201
[Nonlinear] Ep 300, loss 0.0126
[Nonlinear] Ep 400, loss 0.0125
[Nonlinear] Ep 500, loss 0.0124
[Nonlinear] Ep 600, loss 0.0124
[Nonlinear] Ep 700, loss 0.0124
[Nonlinear] Ep 800, loss 0.0124
[Nonlinear] Ep 900, loss 0.0124
[Nonlinear] Ep 1000, loss 0.0124
[Nonlinear] Ep 1100, loss 0.0124
[Nonlinear] Ep 1200, loss 0.0124
[Nonlinear] Ep 1300, loss 0.0124
[Nonlinear] Ep 1400, loss 0.0124
[Nonlinear] Ep 1500, loss 0.0124
[Nonlinear] Ep 1600, loss 0.0124
[Nonlinear] Ep 1700, loss 0.0124
[Nonlinear] Ep 1800, loss 0.0124
[Nonlinear] Ep 1900, loss 0.0124

=== Current trial for n = 3500, trial = 15 ===
[1 1 2]
[Nonlinear] Ep 0, loss 2.5405
[Nonlinear] Ep 100, loss 0.2513
[Nonlinear] Ep 200, loss 0.0111
[Nonlinear] Ep 300, loss 0.0103
[Nonlinear] Ep 400, loss 0.0103
[Nonlinear] Ep 500, loss 0.0103
[Nonlinear] Ep 600, loss 0.0103
[Nonlinear] Ep 700, loss 0.0103
[Nonlinear] Ep 800, loss 0.0103
[Nonlinear] Ep 900, loss 0.0103
[Nonlinear] Ep 1000, loss 0.0103
[Nonlinear] Ep 1100, loss 0.0103
[Nonlinear] Ep 1200, loss 0.0103
[Nonlinear] Ep 1300, loss 0.0103
[Nonlinear] Ep 1400, loss 0.0103
[Nonlinear] Ep 1500, loss 0.0102
[Nonlinear] Ep 1600, loss 0.0102
[Nonlinear] Ep 1700, loss 0.0102
[Nonlinear] Ep 1800, loss 0.0102
[Nonlinear] Ep 1900, loss 0.0102
[1 1 2]
[Nonlinear] Ep 0, loss 2.2788
[Nonlinear] Ep 100, loss 0.6656
[Nonlinear] Ep 200, loss 0.0392
[Nonlinear] Ep 300, loss 0.0162
[Nonlinear] Ep 400, loss 0.0148
[Nonlinear] Ep 500, loss 0.0143
[Nonlinear] Ep 600, loss 0.0140
[Nonlinear] Ep 700, loss 0.0139
[Nonlinear] Ep 800, loss 0.0137
[Nonlinear] Ep 900, loss 0.0136
[Nonlinear] Ep 1000, loss 0.0135
[Nonlinear] Ep 1100, loss 0.0134
[Nonlinear] Ep 1200, loss 0.0133
[Nonlinear] Ep 1300, loss 0.0132
[Nonlinear] Ep 1400, loss 0.0131
[Nonlinear] Ep 1500, loss 0.0130
[Nonlinear] Ep 1600, loss 0.0129
[Nonlinear] Ep 1700, loss 0.0128
[Nonlinear] Ep 1800, loss 0.0127
[Nonlinear] Ep 1900, loss 0.0126
[Nonlinear] Ep 0, loss 1.6391
[Nonlinear] Ep 100, loss 0.0254
[Nonlinear] Ep 200, loss 0.0103
[Nonlinear] Ep 300, loss 0.0101
[Nonlinear] Ep 400, loss 0.0101
[Nonlinear] Ep 500, loss 0.0101
[Nonlinear] Ep 600, loss 0.0101
[Nonlinear] Ep 700, loss 0.0101
[Nonlinear] Ep 800, loss 0.0101
[Nonlinear] Ep 900, loss 0.0101
[Nonlinear] Ep 1000, loss 0.0101
[Nonlinear] Ep 1100, loss 0.0101
[Nonlinear] Ep 1200, loss 0.0101
[Nonlinear] Ep 1300, loss 0.0101
[Nonlinear] Ep 1400, loss 0.0101
[Nonlinear] Ep 1500, loss 0.0101
[Nonlinear] Ep 1600, loss 0.0101
[Nonlinear] Ep 1700, loss 0.0101
[Nonlinear] Ep 1800, loss 0.0101
[Nonlinear] Ep 1900, loss 0.0101

=== Current trial for n = 3500, trial = 16 ===
[1 1 2]
[Nonlinear] Ep 0, loss 1.8916
[Nonlinear] Ep 100, loss 0.1377
[Nonlinear] Ep 200, loss 0.0108
[Nonlinear] Ep 300, loss 0.0107
[Nonlinear] Ep 400, loss 0.0107
[Nonlinear] Ep 500, loss 0.0107
[Nonlinear] Ep 600, loss 0.0107
[Nonlinear] Ep 700, loss 0.0107
[Nonlinear] Ep 800, loss 0.0107
[Nonlinear] Ep 900, loss 0.0107
[Nonlinear] Ep 1000, loss 0.0107
[Nonlinear] Ep 1100, loss 0.0107
[Nonlinear] Ep 1200, loss 0.0107
[Nonlinear] Ep 1300, loss 0.0107
[Nonlinear] Ep 1400, loss 0.0107
[Nonlinear] Ep 1500, loss 0.0107
[Nonlinear] Ep 1600, loss 0.0107
[Nonlinear] Ep 1700, loss 0.0107
[Nonlinear] Ep 1800, loss 0.0107
[Nonlinear] Ep 1900, loss 0.0107
[1 1 2]
[Nonlinear] Ep 0, loss 1.7413
[Nonlinear] Ep 100, loss 0.3183
[Nonlinear] Ep 200, loss 0.0203
[Nonlinear] Ep 300, loss 0.0152
[Nonlinear] Ep 400, loss 0.0146
[Nonlinear] Ep 500, loss 0.0144
[Nonlinear] Ep 600, loss 0.0142
[Nonlinear] Ep 700, loss 0.0141
[Nonlinear] Ep 800, loss 0.0140
[Nonlinear] Ep 900, loss 0.0139
[Nonlinear] Ep 1000, loss 0.0138
[Nonlinear] Ep 1100, loss 0.0137
[Nonlinear] Ep 1200, loss 0.0137
[Nonlinear] Ep 1300, loss 0.0136
[Nonlinear] Ep 1400, loss 0.0135
[Nonlinear] Ep 1500, loss 0.0134
[Nonlinear] Ep 1600, loss 0.0134
[Nonlinear] Ep 1700, loss 0.0133
[Nonlinear] Ep 1800, loss 0.0132
[Nonlinear] Ep 1900, loss 0.0132
[Nonlinear] Ep 0, loss 2.1466
[Nonlinear] Ep 100, loss 0.0890
[Nonlinear] Ep 200, loss 0.0110
[Nonlinear] Ep 300, loss 0.0107
[Nonlinear] Ep 400, loss 0.0107
[Nonlinear] Ep 500, loss 0.0107
[Nonlinear] Ep 600, loss 0.0107
[Nonlinear] Ep 700, loss 0.0107
[Nonlinear] Ep 800, loss 0.0107
[Nonlinear] Ep 900, loss 0.0107
[Nonlinear] Ep 1000, loss 0.0107
[Nonlinear] Ep 1100, loss 0.0107
[Nonlinear] Ep 1200, loss 0.0107
[Nonlinear] Ep 1300, loss 0.0107
[Nonlinear] Ep 1400, loss 0.0107
[Nonlinear] Ep 1500, loss 0.0107
[Nonlinear] Ep 1600, loss 0.0107
[Nonlinear] Ep 1700, loss 0.0107
[Nonlinear] Ep 1800, loss 0.0107
[Nonlinear] Ep 1900, loss 0.0107

=== Current trial for n = 3500, trial = 17 ===
[1 1 2]
[Nonlinear] Ep 0, loss 5.5986
[Nonlinear] Ep 100, loss 1.0852
[Nonlinear] Ep 200, loss 0.0445
[Nonlinear] Ep 300, loss 0.0273
[Nonlinear] Ep 400, loss 0.0272
[Nonlinear] Ep 500, loss 0.0272
[Nonlinear] Ep 600, loss 0.0272
[Nonlinear] Ep 700, loss 0.0272
[Nonlinear] Ep 800, loss 0.0272
[Nonlinear] Ep 900, loss 0.0272
[Nonlinear] Ep 1000, loss 0.0272
[Nonlinear] Ep 1100, loss 0.0272
[Nonlinear] Ep 1200, loss 0.0272
[Nonlinear] Ep 1300, loss 0.0272
[Nonlinear] Ep 1400, loss 0.0272
[Nonlinear] Ep 1500, loss 0.0272
[Nonlinear] Ep 1600, loss 0.0272
[Nonlinear] Ep 1700, loss 0.0272
[Nonlinear] Ep 1800, loss 0.0271
[Nonlinear] Ep 1900, loss 0.0271
[1 1 2]
[Nonlinear] Ep 0, loss 6.4196
[Nonlinear] Ep 100, loss 2.7142
[Nonlinear] Ep 200, loss 0.3326
[Nonlinear] Ep 300, loss 0.0914
[Nonlinear] Ep 400, loss 0.0586
[Nonlinear] Ep 500, loss 0.0504
[Nonlinear] Ep 600, loss 0.0478
[Nonlinear] Ep 700, loss 0.0461
[Nonlinear] Ep 800, loss 0.0448
[Nonlinear] Ep 900, loss 0.0438
[Nonlinear] Ep 1000, loss 0.0429
[Nonlinear] Ep 1100, loss 0.0424
[Nonlinear] Ep 1200, loss 0.0419
[Nonlinear] Ep 1300, loss 0.0415
[Nonlinear] Ep 1400, loss 0.0413
[Nonlinear] Ep 1500, loss 0.0412
[Nonlinear] Ep 1600, loss 0.0411
[Nonlinear] Ep 1700, loss 0.0410
[Nonlinear] Ep 1800, loss 0.0409
[Nonlinear] Ep 1900, loss 0.0408
[Nonlinear] Ep 0, loss 5.9419
[Nonlinear] Ep 100, loss 0.7974
[Nonlinear] Ep 200, loss 0.1231
[Nonlinear] Ep 300, loss 0.1119
[Nonlinear] Ep 400, loss 0.1096
[Nonlinear] Ep 500, loss 0.1087
[Nonlinear] Ep 600, loss 0.1081
[Nonlinear] Ep 700, loss 0.1077
[Nonlinear] Ep 800, loss 0.1074
[Nonlinear] Ep 900, loss 0.1072
[Nonlinear] Ep 1000, loss 0.1071
[Nonlinear] Ep 1100, loss 0.1070
[Nonlinear] Ep 1200, loss 0.1069
[Nonlinear] Ep 1300, loss 0.1069
[Nonlinear] Ep 1400, loss 0.1068
[Nonlinear] Ep 1500, loss 0.1068
[Nonlinear] Ep 1600, loss 0.1068
[Nonlinear] Ep 1700, loss 0.1068
[Nonlinear] Ep 1800, loss 0.1068
[Nonlinear] Ep 1900, loss 0.1068

=== Current trial for n = 3500, trial = 18 ===
[1 1 2]
[Nonlinear] Ep 0, loss 5.7775
[Nonlinear] Ep 100, loss 1.7575
[Nonlinear] Ep 200, loss 0.2013
[Nonlinear] Ep 300, loss 0.0315
[Nonlinear] Ep 400, loss 0.0257
[Nonlinear] Ep 500, loss 0.0256
[Nonlinear] Ep 600, loss 0.0255
[Nonlinear] Ep 700, loss 0.0255
[Nonlinear] Ep 800, loss 0.0255
[Nonlinear] Ep 900, loss 0.0255
[Nonlinear] Ep 1000, loss 0.0255
[Nonlinear] Ep 1100, loss 0.0255
[Nonlinear] Ep 1200, loss 0.0255
[Nonlinear] Ep 1300, loss 0.0255
[Nonlinear] Ep 1400, loss 0.0254
[Nonlinear] Ep 1500, loss 0.0254
[Nonlinear] Ep 1600, loss 0.0254
[Nonlinear] Ep 1700, loss 0.0254
[Nonlinear] Ep 1800, loss 0.0254
[Nonlinear] Ep 1900, loss 0.0254
[1 1 2]
[Nonlinear] Ep 0, loss 5.4589
[Nonlinear] Ep 100, loss 2.0272
[Nonlinear] Ep 200, loss 0.1345
[Nonlinear] Ep 300, loss 0.0376
[Nonlinear] Ep 400, loss 0.0328
[Nonlinear] Ep 500, loss 0.0316
[Nonlinear] Ep 600, loss 0.0311
[Nonlinear] Ep 700, loss 0.0308
[Nonlinear] Ep 800, loss 0.0306
[Nonlinear] Ep 900, loss 0.0305
[Nonlinear] Ep 1000, loss 0.0305
[Nonlinear] Ep 1100, loss 0.0304
[Nonlinear] Ep 1200, loss 0.0304
[Nonlinear] Ep 1300, loss 0.0303
[Nonlinear] Ep 1400, loss 0.0302
[Nonlinear] Ep 1500, loss 0.0302
[Nonlinear] Ep 1600, loss 0.0301
[Nonlinear] Ep 1700, loss 0.0300
[Nonlinear] Ep 1800, loss 0.0299
[Nonlinear] Ep 1900, loss 0.0299
[Nonlinear] Ep 0, loss 6.5860
[Nonlinear] Ep 100, loss 1.0732
[Nonlinear] Ep 200, loss 0.1557
[Nonlinear] Ep 300, loss 0.1128
[Nonlinear] Ep 400, loss 0.1088
[Nonlinear] Ep 500, loss 0.1075
[Nonlinear] Ep 600, loss 0.1064
[Nonlinear] Ep 700, loss 0.1056
[Nonlinear] Ep 800, loss 0.1049
[Nonlinear] Ep 900, loss 0.1045
[Nonlinear] Ep 1000, loss 0.1042
[Nonlinear] Ep 1100, loss 0.1040
[Nonlinear] Ep 1200, loss 0.1038
[Nonlinear] Ep 1300, loss 0.1038
[Nonlinear] Ep 1400, loss 0.1037
[Nonlinear] Ep 1500, loss 0.1037
[Nonlinear] Ep 1600, loss 0.1036
[Nonlinear] Ep 1700, loss 0.1036
[Nonlinear] Ep 1800, loss 0.1036
[Nonlinear] Ep 1900, loss 0.1036

=== Current trial for n = 3500, trial = 19 ===
[1 1 2]
[Nonlinear] Ep 0, loss 2.2034
[Nonlinear] Ep 100, loss 0.1695
[Nonlinear] Ep 200, loss 0.0115
[Nonlinear] Ep 300, loss 0.0112
[Nonlinear] Ep 400, loss 0.0112
[Nonlinear] Ep 500, loss 0.0112
[Nonlinear] Ep 600, loss 0.0112
[Nonlinear] Ep 700, loss 0.0112
[Nonlinear] Ep 800, loss 0.0112
[Nonlinear] Ep 900, loss 0.0112
[Nonlinear] Ep 1000, loss 0.0112
[Nonlinear] Ep 1100, loss 0.0112
[Nonlinear] Ep 1200, loss 0.0112
[Nonlinear] Ep 1300, loss 0.0112
[Nonlinear] Ep 1400, loss 0.0112
[Nonlinear] Ep 1500, loss 0.0112
[Nonlinear] Ep 1600, loss 0.0112
[Nonlinear] Ep 1700, loss 0.0112
[Nonlinear] Ep 1800, loss 0.0112
[Nonlinear] Ep 1900, loss 0.0112
[1 1 2]
[Nonlinear] Ep 0, loss 2.2205
[Nonlinear] Ep 100, loss 0.4264
[Nonlinear] Ep 200, loss 0.0175
[Nonlinear] Ep 300, loss 0.0151
[Nonlinear] Ep 400, loss 0.0150
[Nonlinear] Ep 500, loss 0.0149
[Nonlinear] Ep 600, loss 0.0147
[Nonlinear] Ep 700, loss 0.0146
[Nonlinear] Ep 800, loss 0.0142
[Nonlinear] Ep 900, loss 0.0140
[Nonlinear] Ep 1000, loss 0.0139
[Nonlinear] Ep 1100, loss 0.0137
[Nonlinear] Ep 1200, loss 0.0136
[Nonlinear] Ep 1300, loss 0.0135
[Nonlinear] Ep 1400, loss 0.0135
[Nonlinear] Ep 1500, loss 0.0134
[Nonlinear] Ep 1600, loss 0.0133
[Nonlinear] Ep 1700, loss 0.0132
[Nonlinear] Ep 1800, loss 0.0132
[Nonlinear] Ep 1900, loss 0.0132
[Nonlinear] Ep 0, loss 2.1007
[Nonlinear] Ep 100, loss 0.1743
[Nonlinear] Ep 200, loss 0.0116
[Nonlinear] Ep 300, loss 0.0112
[Nonlinear] Ep 400, loss 0.0112
[Nonlinear] Ep 500, loss 0.0112
[Nonlinear] Ep 600, loss 0.0112
[Nonlinear] Ep 700, loss 0.0112
[Nonlinear] Ep 800, loss 0.0112
[Nonlinear] Ep 900, loss 0.0112
[Nonlinear] Ep 1000, loss 0.0112
[Nonlinear] Ep 1100, loss 0.0112
[Nonlinear] Ep 1200, loss 0.0112
[Nonlinear] Ep 1300, loss 0.0112
[Nonlinear] Ep 1400, loss 0.0112
[Nonlinear] Ep 1500, loss 0.0112
[Nonlinear] Ep 1600, loss 0.0112
[Nonlinear] Ep 1700, loss 0.0112
[Nonlinear] Ep 1800, loss 0.0112
[Nonlinear] Ep 1900, loss 0.0112

=== Current trial for n = 3500, trial = 20 ===
[1 1 2]
[Nonlinear] Ep 0, loss 5.5355
[Nonlinear] Ep 100, loss 1.1805
[Nonlinear] Ep 200, loss 0.0936
[Nonlinear] Ep 300, loss 0.0263
[Nonlinear] Ep 400, loss 0.0237
[Nonlinear] Ep 500, loss 0.0236
[Nonlinear] Ep 600, loss 0.0236
[Nonlinear] Ep 700, loss 0.0236
[Nonlinear] Ep 800, loss 0.0236
[Nonlinear] Ep 900, loss 0.0236
[Nonlinear] Ep 1000, loss 0.0235
[Nonlinear] Ep 1100, loss 0.0235
[Nonlinear] Ep 1200, loss 0.0235
[Nonlinear] Ep 1300, loss 0.0235
[Nonlinear] Ep 1400, loss 0.0235
[Nonlinear] Ep 1500, loss 0.0234
[Nonlinear] Ep 1600, loss 0.0234
[Nonlinear] Ep 1700, loss 0.0234
[Nonlinear] Ep 1800, loss 0.0234
[Nonlinear] Ep 1900, loss 0.0234
[1 1 2]
[Nonlinear] Ep 0, loss 6.0200
[Nonlinear] Ep 100, loss 1.8841
[Nonlinear] Ep 200, loss 0.1084
[Nonlinear] Ep 300, loss 0.0527
[Nonlinear] Ep 400, loss 0.0435
[Nonlinear] Ep 500, loss 0.0413
[Nonlinear] Ep 600, loss 0.0403
[Nonlinear] Ep 700, loss 0.0397
[Nonlinear] Ep 800, loss 0.0384
[Nonlinear] Ep 900, loss 0.0372
[Nonlinear] Ep 1000, loss 0.0363
[Nonlinear] Ep 1100, loss 0.0356
[Nonlinear] Ep 1200, loss 0.0350
[Nonlinear] Ep 1300, loss 0.0345
[Nonlinear] Ep 1400, loss 0.0341
[Nonlinear] Ep 1500, loss 0.0337
[Nonlinear] Ep 1600, loss 0.0334
[Nonlinear] Ep 1700, loss 0.0331
[Nonlinear] Ep 1800, loss 0.0328
[Nonlinear] Ep 1900, loss 0.0325
[Nonlinear] Ep 0, loss 7.9315
[Nonlinear] Ep 100, loss 1.1435
[Nonlinear] Ep 200, loss 0.1381
[Nonlinear] Ep 300, loss 0.1023
[Nonlinear] Ep 400, loss 0.1019
[Nonlinear] Ep 500, loss 0.1018
[Nonlinear] Ep 600, loss 0.1016
[Nonlinear] Ep 700, loss 0.1015
[Nonlinear] Ep 800, loss 0.1015
[Nonlinear] Ep 900, loss 0.1014
[Nonlinear] Ep 1000, loss 0.1013
[Nonlinear] Ep 1100, loss 0.1013
[Nonlinear] Ep 1200, loss 0.1013
[Nonlinear] Ep 1300, loss 0.1012
[Nonlinear] Ep 1400, loss 0.1012
[Nonlinear] Ep 1500, loss 0.1012
[Nonlinear] Ep 1600, loss 0.1012
[Nonlinear] Ep 1700, loss 0.1011
[Nonlinear] Ep 1800, loss 0.1011
[Nonlinear] Ep 1900, loss 0.1011

=== Current trial for n = 3500, trial = 21 ===
[1 1 2]
[Nonlinear] Ep 0, loss 4.9428
[Nonlinear] Ep 100, loss 0.8421
[Nonlinear] Ep 200, loss 0.0320
[Nonlinear] Ep 300, loss 0.0250
[Nonlinear] Ep 400, loss 0.0249
[Nonlinear] Ep 500, loss 0.0249
[Nonlinear] Ep 600, loss 0.0249
[Nonlinear] Ep 700, loss 0.0249
[Nonlinear] Ep 800, loss 0.0249
[Nonlinear] Ep 900, loss 0.0249
[Nonlinear] Ep 1000, loss 0.0249
[Nonlinear] Ep 1100, loss 0.0249
[Nonlinear] Ep 1200, loss 0.0249
[Nonlinear] Ep 1300, loss 0.0249
[Nonlinear] Ep 1400, loss 0.0249
[Nonlinear] Ep 1500, loss 0.0249
[Nonlinear] Ep 1600, loss 0.0249
[Nonlinear] Ep 1700, loss 0.0249
[Nonlinear] Ep 1800, loss 0.0249
[Nonlinear] Ep 1900, loss 0.0249
[1 1 2]
[Nonlinear] Ep 0, loss 6.1729
[Nonlinear] Ep 100, loss 2.5521
[Nonlinear] Ep 200, loss 0.1803
[Nonlinear] Ep 300, loss 0.0387
[Nonlinear] Ep 400, loss 0.0357
[Nonlinear] Ep 500, loss 0.0346
[Nonlinear] Ep 600, loss 0.0339
[Nonlinear] Ep 700, loss 0.0333
[Nonlinear] Ep 800, loss 0.0329
[Nonlinear] Ep 900, loss 0.0327
[Nonlinear] Ep 1000, loss 0.0324
[Nonlinear] Ep 1100, loss 0.0323
[Nonlinear] Ep 1200, loss 0.0322
[Nonlinear] Ep 1300, loss 0.0321
[Nonlinear] Ep 1400, loss 0.0320
[Nonlinear] Ep 1500, loss 0.0320
[Nonlinear] Ep 1600, loss 0.0319
[Nonlinear] Ep 1700, loss 0.0318
[Nonlinear] Ep 1800, loss 0.0318
[Nonlinear] Ep 1900, loss 0.0318
[Nonlinear] Ep 0, loss 5.3133
[Nonlinear] Ep 100, loss 0.6265
[Nonlinear] Ep 200, loss 0.1062
[Nonlinear] Ep 300, loss 0.1042
[Nonlinear] Ep 400, loss 0.1041
[Nonlinear] Ep 500, loss 0.1041
[Nonlinear] Ep 600, loss 0.1040
[Nonlinear] Ep 700, loss 0.1039
[Nonlinear] Ep 800, loss 0.1039
[Nonlinear] Ep 900, loss 0.1038
[Nonlinear] Ep 1000, loss 0.1038
[Nonlinear] Ep 1100, loss 0.1038
[Nonlinear] Ep 1200, loss 0.1038
[Nonlinear] Ep 1300, loss 0.1038
[Nonlinear] Ep 1400, loss 0.1038
[Nonlinear] Ep 1500, loss 0.1038
[Nonlinear] Ep 1600, loss 0.1038
[Nonlinear] Ep 1700, loss 0.1037
[Nonlinear] Ep 1800, loss 0.1037
[Nonlinear] Ep 1900, loss 0.1037

=== Current trial for n = 3500, trial = 22 ===
[1 1 2]
[Nonlinear] Ep 0, loss 4.9220
[Nonlinear] Ep 100, loss 0.8540
[Nonlinear] Ep 200, loss 0.0373
[Nonlinear] Ep 300, loss 0.0319
[Nonlinear] Ep 400, loss 0.0316
[Nonlinear] Ep 500, loss 0.0316
[Nonlinear] Ep 600, loss 0.0316
[Nonlinear] Ep 700, loss 0.0316
[Nonlinear] Ep 800, loss 0.0315
[Nonlinear] Ep 900, loss 0.0315
[Nonlinear] Ep 1000, loss 0.0315
[Nonlinear] Ep 1100, loss 0.0315
[Nonlinear] Ep 1200, loss 0.0314
[Nonlinear] Ep 1300, loss 0.0314
[Nonlinear] Ep 1400, loss 0.0314
[Nonlinear] Ep 1500, loss 0.0314
[Nonlinear] Ep 1600, loss 0.0313
[Nonlinear] Ep 1700, loss 0.0313
[Nonlinear] Ep 1800, loss 0.0313
[Nonlinear] Ep 1900, loss 0.0313
[1 1 2]
[Nonlinear] Ep 0, loss 6.1307
[Nonlinear] Ep 100, loss 1.8689
[Nonlinear] Ep 200, loss 0.0831
[Nonlinear] Ep 300, loss 0.0621
[Nonlinear] Ep 400, loss 0.0594
[Nonlinear] Ep 500, loss 0.0575
[Nonlinear] Ep 600, loss 0.0561
[Nonlinear] Ep 700, loss 0.0550
[Nonlinear] Ep 800, loss 0.0541
[Nonlinear] Ep 900, loss 0.0532
[Nonlinear] Ep 1000, loss 0.0524
[Nonlinear] Ep 1100, loss 0.0516
[Nonlinear] Ep 1200, loss 0.0509
[Nonlinear] Ep 1300, loss 0.0502
[Nonlinear] Ep 1400, loss 0.0495
[Nonlinear] Ep 1500, loss 0.0488
[Nonlinear] Ep 1600, loss 0.0481
[Nonlinear] Ep 1700, loss 0.0474
[Nonlinear] Ep 1800, loss 0.0467
[Nonlinear] Ep 1900, loss 0.0460
[Nonlinear] Ep 0, loss 7.0686
[Nonlinear] Ep 100, loss 1.3293
[Nonlinear] Ep 200, loss 0.1286
[Nonlinear] Ep 300, loss 0.1114
[Nonlinear] Ep 400, loss 0.1103
[Nonlinear] Ep 500, loss 0.1093
[Nonlinear] Ep 600, loss 0.1085
[Nonlinear] Ep 700, loss 0.1078
[Nonlinear] Ep 800, loss 0.1072
[Nonlinear] Ep 900, loss 0.1068
[Nonlinear] Ep 1000, loss 0.1065
[Nonlinear] Ep 1100, loss 0.1063
[Nonlinear] Ep 1200, loss 0.1061
[Nonlinear] Ep 1300, loss 0.1060
[Nonlinear] Ep 1400, loss 0.1059
[Nonlinear] Ep 1500, loss 0.1059
[Nonlinear] Ep 1600, loss 0.1058
[Nonlinear] Ep 1700, loss 0.1058
[Nonlinear] Ep 1800, loss 0.1058
[Nonlinear] Ep 1900, loss 0.1058

=== Current trial for n = 3500, trial = 23 ===
[1 1 2]
[Nonlinear] Ep 0, loss 6.7794
[Nonlinear] Ep 100, loss 1.7583
[Nonlinear] Ep 200, loss 0.1273
[Nonlinear] Ep 300, loss 0.0221
[Nonlinear] Ep 400, loss 0.0217
[Nonlinear] Ep 500, loss 0.0216
[Nonlinear] Ep 600, loss 0.0216
[Nonlinear] Ep 700, loss 0.0216
[Nonlinear] Ep 800, loss 0.0216
[Nonlinear] Ep 900, loss 0.0216
[Nonlinear] Ep 1000, loss 0.0216
[Nonlinear] Ep 1100, loss 0.0216
[Nonlinear] Ep 1200, loss 0.0216
[Nonlinear] Ep 1300, loss 0.0216
[Nonlinear] Ep 1400, loss 0.0216
[Nonlinear] Ep 1500, loss 0.0216
[Nonlinear] Ep 1600, loss 0.0216
[Nonlinear] Ep 1700, loss 0.0216
[Nonlinear] Ep 1800, loss 0.0216
[Nonlinear] Ep 1900, loss 0.0215
[1 1 2]
[Nonlinear] Ep 0, loss 6.2913
[Nonlinear] Ep 100, loss 2.9735
[Nonlinear] Ep 200, loss 0.3508
[Nonlinear] Ep 300, loss 0.0837
[Nonlinear] Ep 400, loss 0.0545
[Nonlinear] Ep 500, loss 0.0475
[Nonlinear] Ep 600, loss 0.0457
[Nonlinear] Ep 700, loss 0.0450
[Nonlinear] Ep 800, loss 0.0446
[Nonlinear] Ep 900, loss 0.0441
[Nonlinear] Ep 1000, loss 0.0437
[Nonlinear] Ep 1100, loss 0.0433
[Nonlinear] Ep 1200, loss 0.0429
[Nonlinear] Ep 1300, loss 0.0425
[Nonlinear] Ep 1400, loss 0.0421
[Nonlinear] Ep 1500, loss 0.0417
[Nonlinear] Ep 1600, loss 0.0413
[Nonlinear] Ep 1700, loss 0.0409
[Nonlinear] Ep 1800, loss 0.0405
[Nonlinear] Ep 1900, loss 0.0401
[Nonlinear] Ep 0, loss 5.7185
[Nonlinear] Ep 100, loss 1.0159
[Nonlinear] Ep 200, loss 0.1161
[Nonlinear] Ep 300, loss 0.1027
[Nonlinear] Ep 400, loss 0.1018
[Nonlinear] Ep 500, loss 0.1016
[Nonlinear] Ep 600, loss 0.1014
[Nonlinear] Ep 700, loss 0.1012
[Nonlinear] Ep 800, loss 0.1011
[Nonlinear] Ep 900, loss 0.1011
[Nonlinear] Ep 1000, loss 0.1010
[Nonlinear] Ep 1100, loss 0.1010
[Nonlinear] Ep 1200, loss 0.1010
[Nonlinear] Ep 1300, loss 0.1009
[Nonlinear] Ep 1400, loss 0.1009
[Nonlinear] Ep 1500, loss 0.1009
[Nonlinear] Ep 1600, loss 0.1009
[Nonlinear] Ep 1700, loss 0.1009
[Nonlinear] Ep 1800, loss 0.1009
[Nonlinear] Ep 1900, loss 0.1009

=== Current trial for n = 3500, trial = 24 ===
[1 1 2]
[Nonlinear] Ep 0, loss 6.3906
[Nonlinear] Ep 100, loss 1.6742
[Nonlinear] Ep 200, loss 0.1112
[Nonlinear] Ep 300, loss 0.0240
[Nonlinear] Ep 400, loss 0.0219
[Nonlinear] Ep 500, loss 0.0217
[Nonlinear] Ep 600, loss 0.0217
[Nonlinear] Ep 700, loss 0.0217
[Nonlinear] Ep 800, loss 0.0217
[Nonlinear] Ep 900, loss 0.0217
[Nonlinear] Ep 1000, loss 0.0217
[Nonlinear] Ep 1100, loss 0.0217
[Nonlinear] Ep 1200, loss 0.0217
[Nonlinear] Ep 1300, loss 0.0216
[Nonlinear] Ep 1400, loss 0.0216
[Nonlinear] Ep 1500, loss 0.0216
[Nonlinear] Ep 1600, loss 0.0216
[Nonlinear] Ep 1700, loss 0.0216
[Nonlinear] Ep 1800, loss 0.0216
[Nonlinear] Ep 1900, loss 0.0216
[1 1 2]
[Nonlinear] Ep 0, loss 6.3390
[Nonlinear] Ep 100, loss 2.4609
[Nonlinear] Ep 200, loss 0.3484
[Nonlinear] Ep 300, loss 0.0531
[Nonlinear] Ep 400, loss 0.0396
[Nonlinear] Ep 500, loss 0.0377
[Nonlinear] Ep 600, loss 0.0367
[Nonlinear] Ep 700, loss 0.0360
[Nonlinear] Ep 800, loss 0.0353
[Nonlinear] Ep 900, loss 0.0347
[Nonlinear] Ep 1000, loss 0.0342
[Nonlinear] Ep 1100, loss 0.0337
[Nonlinear] Ep 1200, loss 0.0334
[Nonlinear] Ep 1300, loss 0.0331
[Nonlinear] Ep 1400, loss 0.0328
[Nonlinear] Ep 1500, loss 0.0325
[Nonlinear] Ep 1600, loss 0.0322
[Nonlinear] Ep 1700, loss 0.0319
[Nonlinear] Ep 1800, loss 0.0316
[Nonlinear] Ep 1900, loss 0.0313
[Nonlinear] Ep 0, loss 6.0578
[Nonlinear] Ep 100, loss 0.9299
[Nonlinear] Ep 200, loss 0.1307
[Nonlinear] Ep 300, loss 0.1160
[Nonlinear] Ep 400, loss 0.1117
[Nonlinear] Ep 500, loss 0.1086
[Nonlinear] Ep 600, loss 0.1062
[Nonlinear] Ep 700, loss 0.1044
[Nonlinear] Ep 800, loss 0.1031
[Nonlinear] Ep 900, loss 0.1022
[Nonlinear] Ep 1000, loss 0.1016
[Nonlinear] Ep 1100, loss 0.1012
[Nonlinear] Ep 1200, loss 0.1010
[Nonlinear] Ep 1300, loss 0.1009
[Nonlinear] Ep 1400, loss 0.1008
[Nonlinear] Ep 1500, loss 0.1008
[Nonlinear] Ep 1600, loss 0.1007
[Nonlinear] Ep 1700, loss 0.1007
[Nonlinear] Ep 1800, loss 0.1007
[Nonlinear] Ep 1900, loss 0.1007

=== Current trial for n = 3500, trial = 25 ===
[1 1 2]
[Nonlinear] Ep 0, loss 2.0302
[Nonlinear] Ep 100, loss 0.1518
[Nonlinear] Ep 200, loss 0.0117
[Nonlinear] Ep 300, loss 0.0117
[Nonlinear] Ep 400, loss 0.0117
[Nonlinear] Ep 500, loss 0.0117
[Nonlinear] Ep 600, loss 0.0117
[Nonlinear] Ep 700, loss 0.0117
[Nonlinear] Ep 800, loss 0.0117
[Nonlinear] Ep 900, loss 0.0117
[Nonlinear] Ep 1000, loss 0.0117
[Nonlinear] Ep 1100, loss 0.0117
[Nonlinear] Ep 1200, loss 0.0116
[Nonlinear] Ep 1300, loss 0.0116
[Nonlinear] Ep 1400, loss 0.0116
[Nonlinear] Ep 1500, loss 0.0116
[Nonlinear] Ep 1600, loss 0.0116
[Nonlinear] Ep 1700, loss 0.0116
[Nonlinear] Ep 1800, loss 0.0116
[Nonlinear] Ep 1900, loss 0.0116
[1 1 2]
[Nonlinear] Ep 0, loss 2.0069
[Nonlinear] Ep 100, loss 0.5483
[Nonlinear] Ep 200, loss 0.0335
[Nonlinear] Ep 300, loss 0.0145
[Nonlinear] Ep 400, loss 0.0141
[Nonlinear] Ep 500, loss 0.0139
[Nonlinear] Ep 600, loss 0.0138
[Nonlinear] Ep 700, loss 0.0137
[Nonlinear] Ep 800, loss 0.0137
[Nonlinear] Ep 900, loss 0.0136
[Nonlinear] Ep 1000, loss 0.0135
[Nonlinear] Ep 1100, loss 0.0134
[Nonlinear] Ep 1200, loss 0.0134
[Nonlinear] Ep 1300, loss 0.0133
[Nonlinear] Ep 1400, loss 0.0132
[Nonlinear] Ep 1500, loss 0.0132
[Nonlinear] Ep 1600, loss 0.0131
[Nonlinear] Ep 1700, loss 0.0131
[Nonlinear] Ep 1800, loss 0.0130
[Nonlinear] Ep 1900, loss 0.0130
[Nonlinear] Ep 0, loss 2.0907
[Nonlinear] Ep 100, loss 0.0967
[Nonlinear] Ep 200, loss 0.0122
[Nonlinear] Ep 300, loss 0.0118
[Nonlinear] Ep 400, loss 0.0117
[Nonlinear] Ep 500, loss 0.0117
[Nonlinear] Ep 600, loss 0.0117
[Nonlinear] Ep 700, loss 0.0117
[Nonlinear] Ep 800, loss 0.0117
[Nonlinear] Ep 900, loss 0.0117
[Nonlinear] Ep 1000, loss 0.0117
[Nonlinear] Ep 1100, loss 0.0117
[Nonlinear] Ep 1200, loss 0.0117
[Nonlinear] Ep 1300, loss 0.0117
[Nonlinear] Ep 1400, loss 0.0117
[Nonlinear] Ep 1500, loss 0.0117
[Nonlinear] Ep 1600, loss 0.0117
[Nonlinear] Ep 1700, loss 0.0117
[Nonlinear] Ep 1800, loss 0.0117
[Nonlinear] Ep 1900, loss 0.0117

=== Current trial for n = 3500, trial = 26 ===
[1 1 2]
[Nonlinear] Ep 0, loss 4.9470
[Nonlinear] Ep 100, loss 0.8287
[Nonlinear] Ep 200, loss 0.0336
[Nonlinear] Ep 300, loss 0.0301
[Nonlinear] Ep 400, loss 0.0300
[Nonlinear] Ep 500, loss 0.0300
[Nonlinear] Ep 600, loss 0.0300
[Nonlinear] Ep 700, loss 0.0299
[Nonlinear] Ep 800, loss 0.0299
[Nonlinear] Ep 900, loss 0.0299
[Nonlinear] Ep 1000, loss 0.0299
[Nonlinear] Ep 1100, loss 0.0299
[Nonlinear] Ep 1200, loss 0.0299
[Nonlinear] Ep 1300, loss 0.0298
[Nonlinear] Ep 1400, loss 0.0298
[Nonlinear] Ep 1500, loss 0.0298
[Nonlinear] Ep 1600, loss 0.0298
[Nonlinear] Ep 1700, loss 0.0297
[Nonlinear] Ep 1800, loss 0.0297
[Nonlinear] Ep 1900, loss 0.0297
[1 1 2]
[Nonlinear] Ep 0, loss 7.9397
[Nonlinear] Ep 100, loss 3.2930
[Nonlinear] Ep 200, loss 0.4678
[Nonlinear] Ep 300, loss 0.0613
[Nonlinear] Ep 400, loss 0.0473
[Nonlinear] Ep 500, loss 0.0424
[Nonlinear] Ep 600, loss 0.0395
[Nonlinear] Ep 700, loss 0.0373
[Nonlinear] Ep 800, loss 0.0358
[Nonlinear] Ep 900, loss 0.0349
[Nonlinear] Ep 1000, loss 0.0343
[Nonlinear] Ep 1100, loss 0.0338
[Nonlinear] Ep 1200, loss 0.0336
[Nonlinear] Ep 1300, loss 0.0334
[Nonlinear] Ep 1400, loss 0.0332
[Nonlinear] Ep 1500, loss 0.0331
[Nonlinear] Ep 1600, loss 0.0329
[Nonlinear] Ep 1700, loss 0.0328
[Nonlinear] Ep 1800, loss 0.0327
[Nonlinear] Ep 1900, loss 0.0325
[Nonlinear] Ep 0, loss 6.7353
[Nonlinear] Ep 100, loss 1.1645
[Nonlinear] Ep 200, loss 0.1515
[Nonlinear] Ep 300, loss 0.1164
[Nonlinear] Ep 400, loss 0.1071
[Nonlinear] Ep 500, loss 0.1046
[Nonlinear] Ep 600, loss 0.1036
[Nonlinear] Ep 700, loss 0.1029
[Nonlinear] Ep 800, loss 0.1024
[Nonlinear] Ep 900, loss 0.1020
[Nonlinear] Ep 1000, loss 0.1017
[Nonlinear] Ep 1100, loss 0.1015
[Nonlinear] Ep 1200, loss 0.1013
[Nonlinear] Ep 1300, loss 0.1012
[Nonlinear] Ep 1400, loss 0.1011
[Nonlinear] Ep 1500, loss 0.1010
[Nonlinear] Ep 1600, loss 0.1010
[Nonlinear] Ep 1700, loss 0.1010
[Nonlinear] Ep 1800, loss 0.1010
[Nonlinear] Ep 1900, loss 0.1010

=== Current trial for n = 3500, trial = 27 ===
[1 1 2]
[Nonlinear] Ep 0, loss 1.5919
[Nonlinear] Ep 100, loss 0.0598
[Nonlinear] Ep 200, loss 0.0112
[Nonlinear] Ep 300, loss 0.0111
[Nonlinear] Ep 400, loss 0.0111
[Nonlinear] Ep 500, loss 0.0111
[Nonlinear] Ep 600, loss 0.0111
[Nonlinear] Ep 700, loss 0.0111
[Nonlinear] Ep 800, loss 0.0111
[Nonlinear] Ep 900, loss 0.0111
[Nonlinear] Ep 1000, loss 0.0111
[Nonlinear] Ep 1100, loss 0.0111
[Nonlinear] Ep 1200, loss 0.0111
[Nonlinear] Ep 1300, loss 0.0111
[Nonlinear] Ep 1400, loss 0.0111
[Nonlinear] Ep 1500, loss 0.0111
[Nonlinear] Ep 1600, loss 0.0111
[Nonlinear] Ep 1700, loss 0.0111
[Nonlinear] Ep 1800, loss 0.0111
[Nonlinear] Ep 1900, loss 0.0111
[1 1 2]
[Nonlinear] Ep 0, loss 1.8373
[Nonlinear] Ep 100, loss 0.2767
[Nonlinear] Ep 200, loss 0.0177
[Nonlinear] Ep 300, loss 0.0152
[Nonlinear] Ep 400, loss 0.0147
[Nonlinear] Ep 500, loss 0.0145
[Nonlinear] Ep 600, loss 0.0144
[Nonlinear] Ep 700, loss 0.0143
[Nonlinear] Ep 800, loss 0.0142
[Nonlinear] Ep 900, loss 0.0142
[Nonlinear] Ep 1000, loss 0.0141
[Nonlinear] Ep 1100, loss 0.0141
[Nonlinear] Ep 1200, loss 0.0140
[Nonlinear] Ep 1300, loss 0.0140
[Nonlinear] Ep 1400, loss 0.0140
[Nonlinear] Ep 1500, loss 0.0139
[Nonlinear] Ep 1600, loss 0.0139
[Nonlinear] Ep 1700, loss 0.0139
[Nonlinear] Ep 1800, loss 0.0138
[Nonlinear] Ep 1900, loss 0.0138
[Nonlinear] Ep 0, loss 2.8595
[Nonlinear] Ep 100, loss 0.2747
[Nonlinear] Ep 200, loss 0.0131
[Nonlinear] Ep 300, loss 0.0112
[Nonlinear] Ep 400, loss 0.0110
[Nonlinear] Ep 500, loss 0.0110
[Nonlinear] Ep 600, loss 0.0110
[Nonlinear] Ep 700, loss 0.0110
[Nonlinear] Ep 800, loss 0.0110
[Nonlinear] Ep 900, loss 0.0110
[Nonlinear] Ep 1000, loss 0.0110
[Nonlinear] Ep 1100, loss 0.0110
[Nonlinear] Ep 1200, loss 0.0110
[Nonlinear] Ep 1300, loss 0.0110
[Nonlinear] Ep 1400, loss 0.0110
[Nonlinear] Ep 1500, loss 0.0110
[Nonlinear] Ep 1600, loss 0.0110
[Nonlinear] Ep 1700, loss 0.0110
[Nonlinear] Ep 1800, loss 0.0110
[Nonlinear] Ep 1900, loss 0.0110

=== Current trial for n = 3500, trial = 28 ===
[1 1 2]
[Nonlinear] Ep 0, loss 6.0809
[Nonlinear] Ep 100, loss 1.1177
[Nonlinear] Ep 200, loss 0.0340
[Nonlinear] Ep 300, loss 0.0238
[Nonlinear] Ep 400, loss 0.0238
[Nonlinear] Ep 500, loss 0.0237
[Nonlinear] Ep 600, loss 0.0237
[Nonlinear] Ep 700, loss 0.0237
[Nonlinear] Ep 800, loss 0.0237
[Nonlinear] Ep 900, loss 0.0237
[Nonlinear] Ep 1000, loss 0.0237
[Nonlinear] Ep 1100, loss 0.0237
[Nonlinear] Ep 1200, loss 0.0237
[Nonlinear] Ep 1300, loss 0.0236
[Nonlinear] Ep 1400, loss 0.0236
[Nonlinear] Ep 1500, loss 0.0236
[Nonlinear] Ep 1600, loss 0.0236
[Nonlinear] Ep 1700, loss 0.0236
[Nonlinear] Ep 1800, loss 0.0236
[Nonlinear] Ep 1900, loss 0.0236
[1 1 2]
[Nonlinear] Ep 0, loss 5.9500
[Nonlinear] Ep 100, loss 1.7871
[Nonlinear] Ep 200, loss 0.0854
[Nonlinear] Ep 300, loss 0.0373
[Nonlinear] Ep 400, loss 0.0333
[Nonlinear] Ep 500, loss 0.0329
[Nonlinear] Ep 600, loss 0.0327
[Nonlinear] Ep 700, loss 0.0326
[Nonlinear] Ep 800, loss 0.0325
[Nonlinear] Ep 900, loss 0.0323
[Nonlinear] Ep 1000, loss 0.0322
[Nonlinear] Ep 1100, loss 0.0321
[Nonlinear] Ep 1200, loss 0.0320
[Nonlinear] Ep 1300, loss 0.0319
[Nonlinear] Ep 1400, loss 0.0317
[Nonlinear] Ep 1500, loss 0.0316
[Nonlinear] Ep 1600, loss 0.0314
[Nonlinear] Ep 1700, loss 0.0313
[Nonlinear] Ep 1800, loss 0.0312
[Nonlinear] Ep 1900, loss 0.0311
[Nonlinear] Ep 0, loss 8.1457
[Nonlinear] Ep 100, loss 2.1310
[Nonlinear] Ep 200, loss 0.1848
[Nonlinear] Ep 300, loss 0.1272
[Nonlinear] Ep 400, loss 0.1216
[Nonlinear] Ep 500, loss 0.1180
[Nonlinear] Ep 600, loss 0.1149
[Nonlinear] Ep 700, loss 0.1123
[Nonlinear] Ep 800, loss 0.1100
[Nonlinear] Ep 900, loss 0.1083
[Nonlinear] Ep 1000, loss 0.1070
[Nonlinear] Ep 1100, loss 0.1060
[Nonlinear] Ep 1200, loss 0.1054
[Nonlinear] Ep 1300, loss 0.1050
[Nonlinear] Ep 1400, loss 0.1047
[Nonlinear] Ep 1500, loss 0.1045
[Nonlinear] Ep 1600, loss 0.1044
[Nonlinear] Ep 1700, loss 0.1044
[Nonlinear] Ep 1800, loss 0.1043
[Nonlinear] Ep 1900, loss 0.1043

=== Current trial for n = 3500, trial = 29 ===
[1 1 2]
[Nonlinear] Ep 0, loss 6.9268
[Nonlinear] Ep 100, loss 2.0198
[Nonlinear] Ep 200, loss 0.2181
[Nonlinear] Ep 300, loss 0.0467
[Nonlinear] Ep 400, loss 0.0305
[Nonlinear] Ep 500, loss 0.0292
[Nonlinear] Ep 600, loss 0.0291
[Nonlinear] Ep 700, loss 0.0291
[Nonlinear] Ep 800, loss 0.0291
[Nonlinear] Ep 900, loss 0.0290
[Nonlinear] Ep 1000, loss 0.0290
[Nonlinear] Ep 1100, loss 0.0290
[Nonlinear] Ep 1200, loss 0.0290
[Nonlinear] Ep 1300, loss 0.0290
[Nonlinear] Ep 1400, loss 0.0289
[Nonlinear] Ep 1500, loss 0.0289
[Nonlinear] Ep 1600, loss 0.0289
[Nonlinear] Ep 1700, loss 0.0289
[Nonlinear] Ep 1800, loss 0.0288
[Nonlinear] Ep 1900, loss 0.0288
[1 1 2]
[Nonlinear] Ep 0, loss 5.9817
[Nonlinear] Ep 100, loss 2.2462
[Nonlinear] Ep 200, loss 0.1443
[Nonlinear] Ep 300, loss 0.0450
[Nonlinear] Ep 400, loss 0.0388
[Nonlinear] Ep 500, loss 0.0376
[Nonlinear] Ep 600, loss 0.0372
[Nonlinear] Ep 700, loss 0.0369
[Nonlinear] Ep 800, loss 0.0367
[Nonlinear] Ep 900, loss 0.0365
[Nonlinear] Ep 1000, loss 0.0364
[Nonlinear] Ep 1100, loss 0.0363
[Nonlinear] Ep 1200, loss 0.0362
[Nonlinear] Ep 1300, loss 0.0361
[Nonlinear] Ep 1400, loss 0.0360
[Nonlinear] Ep 1500, loss 0.0359
[Nonlinear] Ep 1600, loss 0.0358
[Nonlinear] Ep 1700, loss 0.0357
[Nonlinear] Ep 1800, loss 0.0356
[Nonlinear] Ep 1900, loss 0.0356
[Nonlinear] Ep 0, loss 4.3397
[Nonlinear] Ep 100, loss 0.4422
[Nonlinear] Ep 200, loss 0.1212
[Nonlinear] Ep 300, loss 0.1165
[Nonlinear] Ep 400, loss 0.1146
[Nonlinear] Ep 500, loss 0.1131
[Nonlinear] Ep 600, loss 0.1119
[Nonlinear] Ep 700, loss 0.1108
[Nonlinear] Ep 800, loss 0.1100
[Nonlinear] Ep 900, loss 0.1094
[Nonlinear] Ep 1000, loss 0.1090
[Nonlinear] Ep 1100, loss 0.1087
[Nonlinear] Ep 1200, loss 0.1085
[Nonlinear] Ep 1300, loss 0.1083
[Nonlinear] Ep 1400, loss 0.1082
[Nonlinear] Ep 1500, loss 0.1082
[Nonlinear] Ep 1600, loss 0.1082
[Nonlinear] Ep 1700, loss 0.1081
[Nonlinear] Ep 1800, loss 0.1081
[Nonlinear] Ep 1900, loss 0.1081

=== Current trial for n = 3500, trial = 30 ===
[1 1 2]
[Nonlinear] Ep 0, loss 2.2999
[Nonlinear] Ep 100, loss 0.2483
[Nonlinear] Ep 200, loss 0.0133
[Nonlinear] Ep 300, loss 0.0108
[Nonlinear] Ep 400, loss 0.0108
[Nonlinear] Ep 500, loss 0.0108
[Nonlinear] Ep 600, loss 0.0108
[Nonlinear] Ep 700, loss 0.0108
[Nonlinear] Ep 800, loss 0.0108
[Nonlinear] Ep 900, loss 0.0108
[Nonlinear] Ep 1000, loss 0.0108
[Nonlinear] Ep 1100, loss 0.0108
[Nonlinear] Ep 1200, loss 0.0108
[Nonlinear] Ep 1300, loss 0.0108
[Nonlinear] Ep 1400, loss 0.0108
[Nonlinear] Ep 1500, loss 0.0108
[Nonlinear] Ep 1600, loss 0.0108
[Nonlinear] Ep 1700, loss 0.0108
[Nonlinear] Ep 1800, loss 0.0108
[Nonlinear] Ep 1900, loss 0.0108
[1 1 2]
[Nonlinear] Ep 0, loss 2.4891
[Nonlinear] Ep 100, loss 0.7777
[Nonlinear] Ep 200, loss 0.0318
[Nonlinear] Ep 300, loss 0.0149
[Nonlinear] Ep 400, loss 0.0144
[Nonlinear] Ep 500, loss 0.0142
[Nonlinear] Ep 600, loss 0.0141
[Nonlinear] Ep 700, loss 0.0139
[Nonlinear] Ep 800, loss 0.0138
[Nonlinear] Ep 900, loss 0.0137
[Nonlinear] Ep 1000, loss 0.0136
[Nonlinear] Ep 1100, loss 0.0136
[Nonlinear] Ep 1200, loss 0.0135
[Nonlinear] Ep 1300, loss 0.0134
[Nonlinear] Ep 1400, loss 0.0133
[Nonlinear] Ep 1500, loss 0.0133
[Nonlinear] Ep 1600, loss 0.0132
[Nonlinear] Ep 1700, loss 0.0131
[Nonlinear] Ep 1800, loss 0.0131
[Nonlinear] Ep 1900, loss 0.0131
[Nonlinear] Ep 0, loss 2.5609
[Nonlinear] Ep 100, loss 0.1387
[Nonlinear] Ep 200, loss 0.0197
[Nonlinear] Ep 300, loss 0.0120
[Nonlinear] Ep 400, loss 0.0113
[Nonlinear] Ep 500, loss 0.0110
[Nonlinear] Ep 600, loss 0.0109
[Nonlinear] Ep 700, loss 0.0108
[Nonlinear] Ep 800, loss 0.0108
[Nonlinear] Ep 900, loss 0.0108
[Nonlinear] Ep 1000, loss 0.0108
[Nonlinear] Ep 1100, loss 0.0108
[Nonlinear] Ep 1200, loss 0.0108
[Nonlinear] Ep 1300, loss 0.0108
[Nonlinear] Ep 1400, loss 0.0108
[Nonlinear] Ep 1500, loss 0.0108
[Nonlinear] Ep 1600, loss 0.0108
[Nonlinear] Ep 1700, loss 0.0108
[Nonlinear] Ep 1800, loss 0.0108
[Nonlinear] Ep 1900, loss 0.0108
>>> Finished experiment for n = 3500
>>> Result: {'n': 3500, 'clustered': [np.float64(0.01562115807435985), np.float64(0.018942216217222262), np.float64(0.0019342485362115979)], 'same_cluster': [np.float64(0.05402361888386791), np.float64(0.06381349364104127), np.float64(0.026893513980510198)], 'distinct_clusters': [np.float64(0.037695887577987496), np.float64(0.04718804166487627), np.float64(0.0019336333538507084)], 'pred_clustered': np.float64(0.014897476571753597), 'pred_same_cluster': np.float64(0.02028983976506812), 'pred_distinct_clusters': np.float64(0.049230483307315526), 'pred_clustered_linear': np.float64(0.015454373380603214), 'pred_same_cluster_linear': np.float64(0.02639337388028021), 'pred_distinct_clusters_linear': np.float64(0.04942140982798756)}
>>> Saving CSV
>>> Plots saved
!!! Error during saving/plotting for n = 3500: [Errno 2] No such file or directory: 'Plots/pred_nl_comp_lin/clustered_n_3500.png'
