=== Starting job ID 0 on node midway3-0180.rcc.local ===
Running AMP experiment for n = 2000
>>> Script started
>>> Running AMP comparison experiment with n = 2000

=== Current trial for n = 2000, trial = 1 ===
[1 1 2]
[Nonlinear] Ep 0, loss 1.9087
[Nonlinear] Ep 100, loss 0.1517
[Nonlinear] Ep 200, loss 0.0113
[Nonlinear] Ep 300, loss 0.0109
[Nonlinear] Ep 400, loss 0.0109
[Nonlinear] Ep 500, loss 0.0109
[Nonlinear] Ep 600, loss 0.0109
[Nonlinear] Ep 700, loss 0.0109
[Nonlinear] Ep 800, loss 0.0108
[Nonlinear] Ep 900, loss 0.0108
[Nonlinear] Ep 1000, loss 0.0108
[Nonlinear] Ep 1100, loss 0.0108
[Nonlinear] Ep 1200, loss 0.0108
[Nonlinear] Ep 1300, loss 0.0108
[Nonlinear] Ep 1400, loss 0.0108
[Nonlinear] Ep 1500, loss 0.0108
[Nonlinear] Ep 1600, loss 0.0108
[Nonlinear] Ep 1700, loss 0.0108
[Nonlinear] Ep 1800, loss 0.0108
[Nonlinear] Ep 1900, loss 0.0108
[1 1 2]
[Nonlinear] Ep 0, loss 2.0051
[Nonlinear] Ep 100, loss 0.3765
[Nonlinear] Ep 200, loss 0.0222
[Nonlinear] Ep 300, loss 0.0131
[Nonlinear] Ep 400, loss 0.0124
[Nonlinear] Ep 500, loss 0.0123
[Nonlinear] Ep 600, loss 0.0122
[Nonlinear] Ep 700, loss 0.0122
[Nonlinear] Ep 800, loss 0.0122
[Nonlinear] Ep 900, loss 0.0122
[Nonlinear] Ep 1000, loss 0.0121
[Nonlinear] Ep 1100, loss 0.0121
[Nonlinear] Ep 1200, loss 0.0121
[Nonlinear] Ep 1300, loss 0.0121
[Nonlinear] Ep 1400, loss 0.0121
[Nonlinear] Ep 1500, loss 0.0120
[Nonlinear] Ep 1600, loss 0.0120
[Nonlinear] Ep 1700, loss 0.0120
[Nonlinear] Ep 1800, loss 0.0120
[Nonlinear] Ep 1900, loss 0.0119
[Nonlinear] Ep 0, loss 1.9224
[Nonlinear] Ep 100, loss 0.0562
[Nonlinear] Ep 200, loss 0.0108
[Nonlinear] Ep 300, loss 0.0108
[Nonlinear] Ep 400, loss 0.0107
[Nonlinear] Ep 500, loss 0.0107
[Nonlinear] Ep 600, loss 0.0107
[Nonlinear] Ep 700, loss 0.0107
[Nonlinear] Ep 800, loss 0.0107
[Nonlinear] Ep 900, loss 0.0107
[Nonlinear] Ep 1000, loss 0.0107
[Nonlinear] Ep 1100, loss 0.0107
[Nonlinear] Ep 1200, loss 0.0107
[Nonlinear] Ep 1300, loss 0.0107
[Nonlinear] Ep 1400, loss 0.0107
[Nonlinear] Ep 1500, loss 0.0107
[Nonlinear] Ep 1600, loss 0.0107
[Nonlinear] Ep 1700, loss 0.0107
[Nonlinear] Ep 1800, loss 0.0107
[Nonlinear] Ep 1900, loss 0.0107

=== Current trial for n = 2000, trial = 2 ===
[1 1 2]
[Nonlinear] Ep 0, loss 1.8999
[Nonlinear] Ep 100, loss 0.1700
[Nonlinear] Ep 200, loss 0.0103
[Nonlinear] Ep 300, loss 0.0103
[Nonlinear] Ep 400, loss 0.0103
[Nonlinear] Ep 500, loss 0.0103
[Nonlinear] Ep 600, loss 0.0103
[Nonlinear] Ep 700, loss 0.0103
[Nonlinear] Ep 800, loss 0.0103
[Nonlinear] Ep 900, loss 0.0103
[Nonlinear] Ep 1000, loss 0.0103
[Nonlinear] Ep 1100, loss 0.0103
[Nonlinear] Ep 1200, loss 0.0103
[Nonlinear] Ep 1300, loss 0.0103
[Nonlinear] Ep 1400, loss 0.0103
[Nonlinear] Ep 1500, loss 0.0103
[Nonlinear] Ep 1600, loss 0.0103
[Nonlinear] Ep 1700, loss 0.0103
[Nonlinear] Ep 1800, loss 0.0103
[Nonlinear] Ep 1900, loss 0.0103
[1 1 2]
[Nonlinear] Ep 0, loss 1.8227
[Nonlinear] Ep 100, loss 0.3530
[Nonlinear] Ep 200, loss 0.0166
[Nonlinear] Ep 300, loss 0.0139
[Nonlinear] Ep 400, loss 0.0136
[Nonlinear] Ep 500, loss 0.0134
[Nonlinear] Ep 600, loss 0.0132
[Nonlinear] Ep 700, loss 0.0131
[Nonlinear] Ep 800, loss 0.0130
[Nonlinear] Ep 900, loss 0.0129
[Nonlinear] Ep 1000, loss 0.0128
[Nonlinear] Ep 1100, loss 0.0127
[Nonlinear] Ep 1200, loss 0.0126
[Nonlinear] Ep 1300, loss 0.0125
[Nonlinear] Ep 1400, loss 0.0124
[Nonlinear] Ep 1500, loss 0.0123
[Nonlinear] Ep 1600, loss 0.0122
[Nonlinear] Ep 1700, loss 0.0122
[Nonlinear] Ep 1800, loss 0.0121
[Nonlinear] Ep 1900, loss 0.0120
[Nonlinear] Ep 0, loss 2.4038
[Nonlinear] Ep 100, loss 0.1647
[Nonlinear] Ep 200, loss 0.0107
[Nonlinear] Ep 300, loss 0.0103
[Nonlinear] Ep 400, loss 0.0103
[Nonlinear] Ep 500, loss 0.0103
[Nonlinear] Ep 600, loss 0.0103
[Nonlinear] Ep 700, loss 0.0103
[Nonlinear] Ep 800, loss 0.0103
[Nonlinear] Ep 900, loss 0.0103
[Nonlinear] Ep 1000, loss 0.0103
[Nonlinear] Ep 1100, loss 0.0103
[Nonlinear] Ep 1200, loss 0.0103
[Nonlinear] Ep 1300, loss 0.0103
[Nonlinear] Ep 1400, loss 0.0103
[Nonlinear] Ep 1500, loss 0.0103
[Nonlinear] Ep 1600, loss 0.0103
[Nonlinear] Ep 1700, loss 0.0103
[Nonlinear] Ep 1800, loss 0.0103
[Nonlinear] Ep 1900, loss 0.0103

=== Current trial for n = 2000, trial = 3 ===
[1 1 2]
[Nonlinear] Ep 0, loss 5.4158
[Nonlinear] Ep 100, loss 1.0586
[Nonlinear] Ep 200, loss 0.0530
[Nonlinear] Ep 300, loss 0.0253
[Nonlinear] Ep 400, loss 0.0248
[Nonlinear] Ep 500, loss 0.0247
[Nonlinear] Ep 600, loss 0.0247
[Nonlinear] Ep 700, loss 0.0246
[Nonlinear] Ep 800, loss 0.0246
[Nonlinear] Ep 900, loss 0.0245
[Nonlinear] Ep 1000, loss 0.0245
[Nonlinear] Ep 1100, loss 0.0244
[Nonlinear] Ep 1200, loss 0.0244
[Nonlinear] Ep 1300, loss 0.0244
[Nonlinear] Ep 1400, loss 0.0243
[Nonlinear] Ep 1500, loss 0.0243
[Nonlinear] Ep 1600, loss 0.0242
[Nonlinear] Ep 1700, loss 0.0242
[Nonlinear] Ep 1800, loss 0.0241
[Nonlinear] Ep 1900, loss 0.0241
[1 1 2]
[Nonlinear] Ep 0, loss 7.5478
[Nonlinear] Ep 100, loss 3.5622
[Nonlinear] Ep 200, loss 0.7810
[Nonlinear] Ep 300, loss 0.0970
[Nonlinear] Ep 400, loss 0.0442
[Nonlinear] Ep 500, loss 0.0385
[Nonlinear] Ep 600, loss 0.0375
[Nonlinear] Ep 700, loss 0.0371
[Nonlinear] Ep 800, loss 0.0368
[Nonlinear] Ep 900, loss 0.0367
[Nonlinear] Ep 1000, loss 0.0365
[Nonlinear] Ep 1100, loss 0.0364
[Nonlinear] Ep 1200, loss 0.0363
[Nonlinear] Ep 1300, loss 0.0361
[Nonlinear] Ep 1400, loss 0.0360
[Nonlinear] Ep 1500, loss 0.0358
[Nonlinear] Ep 1600, loss 0.0357
[Nonlinear] Ep 1700, loss 0.0355
[Nonlinear] Ep 1800, loss 0.0353
[Nonlinear] Ep 1900, loss 0.0351
[Nonlinear] Ep 0, loss 6.7253
[Nonlinear] Ep 100, loss 1.1782
[Nonlinear] Ep 200, loss 0.1377
[Nonlinear] Ep 300, loss 0.1048
[Nonlinear] Ep 400, loss 0.1047
[Nonlinear] Ep 500, loss 0.1047
[Nonlinear] Ep 600, loss 0.1046
[Nonlinear] Ep 700, loss 0.1046
[Nonlinear] Ep 800, loss 0.1046
[Nonlinear] Ep 900, loss 0.1046
[Nonlinear] Ep 1000, loss 0.1046
[Nonlinear] Ep 1100, loss 0.1046
[Nonlinear] Ep 1200, loss 0.1046
[Nonlinear] Ep 1300, loss 0.1046
[Nonlinear] Ep 1400, loss 0.1045
[Nonlinear] Ep 1500, loss 0.1045
[Nonlinear] Ep 1600, loss 0.1045
[Nonlinear] Ep 1700, loss 0.1045
[Nonlinear] Ep 1800, loss 0.1045
[Nonlinear] Ep 1900, loss 0.1045

=== Current trial for n = 2000, trial = 4 ===
[1 1 2]
[Nonlinear] Ep 0, loss 2.6846
[Nonlinear] Ep 100, loss 0.3842
[Nonlinear] Ep 200, loss 0.0231
[Nonlinear] Ep 300, loss 0.0107
[Nonlinear] Ep 400, loss 0.0107
[Nonlinear] Ep 500, loss 0.0107
[Nonlinear] Ep 600, loss 0.0107
[Nonlinear] Ep 700, loss 0.0107
[Nonlinear] Ep 800, loss 0.0107
[Nonlinear] Ep 900, loss 0.0107
[Nonlinear] Ep 1000, loss 0.0107
[Nonlinear] Ep 1100, loss 0.0107
[Nonlinear] Ep 1200, loss 0.0107
[Nonlinear] Ep 1300, loss 0.0107
[Nonlinear] Ep 1400, loss 0.0107
[Nonlinear] Ep 1500, loss 0.0107
[Nonlinear] Ep 1600, loss 0.0107
[Nonlinear] Ep 1700, loss 0.0107
[Nonlinear] Ep 1800, loss 0.0107
[Nonlinear] Ep 1900, loss 0.0106
[1 1 2]
[Nonlinear] Ep 0, loss 1.9578
[Nonlinear] Ep 100, loss 0.3552
[Nonlinear] Ep 200, loss 0.0163
[Nonlinear] Ep 300, loss 0.0141
[Nonlinear] Ep 400, loss 0.0140
[Nonlinear] Ep 500, loss 0.0139
[Nonlinear] Ep 600, loss 0.0139
[Nonlinear] Ep 700, loss 0.0138
[Nonlinear] Ep 800, loss 0.0137
[Nonlinear] Ep 900, loss 0.0136
[Nonlinear] Ep 1000, loss 0.0136
[Nonlinear] Ep 1100, loss 0.0135
[Nonlinear] Ep 1200, loss 0.0134
[Nonlinear] Ep 1300, loss 0.0133
[Nonlinear] Ep 1400, loss 0.0133
[Nonlinear] Ep 1500, loss 0.0132
[Nonlinear] Ep 1600, loss 0.0132
[Nonlinear] Ep 1700, loss 0.0131
[Nonlinear] Ep 1800, loss 0.0131
[Nonlinear] Ep 1900, loss 0.0130
[Nonlinear] Ep 0, loss 3.1911
[Nonlinear] Ep 100, loss 0.5880
[Nonlinear] Ep 200, loss 0.0503
[Nonlinear] Ep 300, loss 0.0109
[Nonlinear] Ep 400, loss 0.0106
[Nonlinear] Ep 500, loss 0.0106
[Nonlinear] Ep 600, loss 0.0106
[Nonlinear] Ep 700, loss 0.0106
[Nonlinear] Ep 800, loss 0.0106
[Nonlinear] Ep 900, loss 0.0106
[Nonlinear] Ep 1000, loss 0.0106
[Nonlinear] Ep 1100, loss 0.0106
[Nonlinear] Ep 1200, loss 0.0106
[Nonlinear] Ep 1300, loss 0.0106
[Nonlinear] Ep 1400, loss 0.0106
[Nonlinear] Ep 1500, loss 0.0106
[Nonlinear] Ep 1600, loss 0.0106
[Nonlinear] Ep 1700, loss 0.0106
[Nonlinear] Ep 1800, loss 0.0106
[Nonlinear] Ep 1900, loss 0.0106

=== Current trial for n = 2000, trial = 5 ===
[1 1 2]
[Nonlinear] Ep 0, loss 1.9329
[Nonlinear] Ep 100, loss 0.0864
[Nonlinear] Ep 200, loss 0.0108
[Nonlinear] Ep 300, loss 0.0108
[Nonlinear] Ep 400, loss 0.0108
[Nonlinear] Ep 500, loss 0.0108
[Nonlinear] Ep 600, loss 0.0108
[Nonlinear] Ep 700, loss 0.0108
[Nonlinear] Ep 800, loss 0.0108
[Nonlinear] Ep 900, loss 0.0108
[Nonlinear] Ep 1000, loss 0.0108
[Nonlinear] Ep 1100, loss 0.0108
[Nonlinear] Ep 1200, loss 0.0108
[Nonlinear] Ep 1300, loss 0.0108
[Nonlinear] Ep 1400, loss 0.0108
[Nonlinear] Ep 1500, loss 0.0108
[Nonlinear] Ep 1600, loss 0.0108
[Nonlinear] Ep 1700, loss 0.0108
[Nonlinear] Ep 1800, loss 0.0108
[Nonlinear] Ep 1900, loss 0.0108
[1 1 2]
[Nonlinear] Ep 0, loss 1.8040
[Nonlinear] Ep 100, loss 0.4641
[Nonlinear] Ep 200, loss 0.0198
[Nonlinear] Ep 300, loss 0.0137
[Nonlinear] Ep 400, loss 0.0130
[Nonlinear] Ep 500, loss 0.0129
[Nonlinear] Ep 600, loss 0.0128
[Nonlinear] Ep 700, loss 0.0127
[Nonlinear] Ep 800, loss 0.0127
[Nonlinear] Ep 900, loss 0.0127
[Nonlinear] Ep 1000, loss 0.0126
[Nonlinear] Ep 1100, loss 0.0126
[Nonlinear] Ep 1200, loss 0.0126
[Nonlinear] Ep 1300, loss 0.0125
[Nonlinear] Ep 1400, loss 0.0125
[Nonlinear] Ep 1500, loss 0.0125
[Nonlinear] Ep 1600, loss 0.0125
[Nonlinear] Ep 1700, loss 0.0124
[Nonlinear] Ep 1800, loss 0.0124
[Nonlinear] Ep 1900, loss 0.0124
[Nonlinear] Ep 0, loss 2.5730
[Nonlinear] Ep 100, loss 0.1861
[Nonlinear] Ep 200, loss 0.0111
[Nonlinear] Ep 300, loss 0.0107
[Nonlinear] Ep 400, loss 0.0107
[Nonlinear] Ep 500, loss 0.0107
[Nonlinear] Ep 600, loss 0.0107
[Nonlinear] Ep 700, loss 0.0107
[Nonlinear] Ep 800, loss 0.0107
[Nonlinear] Ep 900, loss 0.0107
[Nonlinear] Ep 1000, loss 0.0107
[Nonlinear] Ep 1100, loss 0.0107
[Nonlinear] Ep 1200, loss 0.0107
[Nonlinear] Ep 1300, loss 0.0107
[Nonlinear] Ep 1400, loss 0.0107
[Nonlinear] Ep 1500, loss 0.0107
[Nonlinear] Ep 1600, loss 0.0107
[Nonlinear] Ep 1700, loss 0.0107
[Nonlinear] Ep 1800, loss 0.0107
[Nonlinear] Ep 1900, loss 0.0107

=== Current trial for n = 2000, trial = 6 ===
[1 1 2]
[Nonlinear] Ep 0, loss 6.1793
[Nonlinear] Ep 100, loss 1.4621
[Nonlinear] Ep 200, loss 0.0365
[Nonlinear] Ep 300, loss 0.0184
[Nonlinear] Ep 400, loss 0.0179
[Nonlinear] Ep 500, loss 0.0179
[Nonlinear] Ep 600, loss 0.0179
[Nonlinear] Ep 700, loss 0.0179
[Nonlinear] Ep 800, loss 0.0179
[Nonlinear] Ep 900, loss 0.0179
[Nonlinear] Ep 1000, loss 0.0179
[Nonlinear] Ep 1100, loss 0.0179
[Nonlinear] Ep 1200, loss 0.0179
[Nonlinear] Ep 1300, loss 0.0179
[Nonlinear] Ep 1400, loss 0.0179
[Nonlinear] Ep 1500, loss 0.0178
[Nonlinear] Ep 1600, loss 0.0178
[Nonlinear] Ep 1700, loss 0.0178
[Nonlinear] Ep 1800, loss 0.0178
[Nonlinear] Ep 1900, loss 0.0178
[1 1 2]
[Nonlinear] Ep 0, loss 5.9812
[Nonlinear] Ep 100, loss 2.5279
[Nonlinear] Ep 200, loss 0.1884
[Nonlinear] Ep 300, loss 0.0324
[Nonlinear] Ep 400, loss 0.0234
[Nonlinear] Ep 500, loss 0.0226
[Nonlinear] Ep 600, loss 0.0225
[Nonlinear] Ep 700, loss 0.0224
[Nonlinear] Ep 800, loss 0.0224
[Nonlinear] Ep 900, loss 0.0223
[Nonlinear] Ep 1000, loss 0.0223
[Nonlinear] Ep 1100, loss 0.0222
[Nonlinear] Ep 1200, loss 0.0222
[Nonlinear] Ep 1300, loss 0.0221
[Nonlinear] Ep 1400, loss 0.0221
[Nonlinear] Ep 1500, loss 0.0220
[Nonlinear] Ep 1600, loss 0.0220
[Nonlinear] Ep 1700, loss 0.0219
[Nonlinear] Ep 1800, loss 0.0219
[Nonlinear] Ep 1900, loss 0.0218
[Nonlinear] Ep 0, loss 4.7314
[Nonlinear] Ep 100, loss 0.4746
[Nonlinear] Ep 200, loss 0.0973
[Nonlinear] Ep 300, loss 0.0941
[Nonlinear] Ep 400, loss 0.0932
[Nonlinear] Ep 500, loss 0.0927
[Nonlinear] Ep 600, loss 0.0922
[Nonlinear] Ep 700, loss 0.0918
[Nonlinear] Ep 800, loss 0.0915
[Nonlinear] Ep 900, loss 0.0913
[Nonlinear] Ep 1000, loss 0.0911
[Nonlinear] Ep 1100, loss 0.0910
[Nonlinear] Ep 1200, loss 0.0909
[Nonlinear] Ep 1300, loss 0.0909
[Nonlinear] Ep 1400, loss 0.0908
[Nonlinear] Ep 1500, loss 0.0908
[Nonlinear] Ep 1600, loss 0.0908
[Nonlinear] Ep 1700, loss 0.0908
[Nonlinear] Ep 1800, loss 0.0908
[Nonlinear] Ep 1900, loss 0.0907

=== Current trial for n = 2000, trial = 7 ===
[1 1 2]
[Nonlinear] Ep 0, loss 1.9562
[Nonlinear] Ep 100, loss 0.2052
[Nonlinear] Ep 200, loss 0.0111
[Nonlinear] Ep 300, loss 0.0109
[Nonlinear] Ep 400, loss 0.0109
[Nonlinear] Ep 500, loss 0.0109
[Nonlinear] Ep 600, loss 0.0109
[Nonlinear] Ep 700, loss 0.0109
[Nonlinear] Ep 800, loss 0.0109
[Nonlinear] Ep 900, loss 0.0109
[Nonlinear] Ep 1000, loss 0.0109
[Nonlinear] Ep 1100, loss 0.0109
[Nonlinear] Ep 1200, loss 0.0109
[Nonlinear] Ep 1300, loss 0.0109
[Nonlinear] Ep 1400, loss 0.0109
[Nonlinear] Ep 1500, loss 0.0109
[Nonlinear] Ep 1600, loss 0.0109
[Nonlinear] Ep 1700, loss 0.0109
[Nonlinear] Ep 1800, loss 0.0109
[Nonlinear] Ep 1900, loss 0.0109
[1 1 2]
[Nonlinear] Ep 0, loss 2.0498
[Nonlinear] Ep 100, loss 0.5954
[Nonlinear] Ep 200, loss 0.0261
[Nonlinear] Ep 300, loss 0.0140
[Nonlinear] Ep 400, loss 0.0134
[Nonlinear] Ep 500, loss 0.0132
[Nonlinear] Ep 600, loss 0.0131
[Nonlinear] Ep 700, loss 0.0130
[Nonlinear] Ep 800, loss 0.0129
[Nonlinear] Ep 900, loss 0.0128
[Nonlinear] Ep 1000, loss 0.0128
[Nonlinear] Ep 1100, loss 0.0127
[Nonlinear] Ep 1200, loss 0.0126
[Nonlinear] Ep 1300, loss 0.0126
[Nonlinear] Ep 1400, loss 0.0125
[Nonlinear] Ep 1500, loss 0.0124
[Nonlinear] Ep 1600, loss 0.0124
[Nonlinear] Ep 1700, loss 0.0123
[Nonlinear] Ep 1800, loss 0.0123
[Nonlinear] Ep 1900, loss 0.0122
[Nonlinear] Ep 0, loss 1.3092
[Nonlinear] Ep 100, loss 0.1431
[Nonlinear] Ep 200, loss 0.0116
[Nonlinear] Ep 300, loss 0.0108
[Nonlinear] Ep 400, loss 0.0108
[Nonlinear] Ep 500, loss 0.0108
[Nonlinear] Ep 600, loss 0.0108
[Nonlinear] Ep 700, loss 0.0108
[Nonlinear] Ep 800, loss 0.0108
[Nonlinear] Ep 900, loss 0.0108
[Nonlinear] Ep 1000, loss 0.0108
[Nonlinear] Ep 1100, loss 0.0108
[Nonlinear] Ep 1200, loss 0.0108
[Nonlinear] Ep 1300, loss 0.0108
[Nonlinear] Ep 1400, loss 0.0108
[Nonlinear] Ep 1500, loss 0.0108
[Nonlinear] Ep 1600, loss 0.0108
[Nonlinear] Ep 1700, loss 0.0108
[Nonlinear] Ep 1800, loss 0.0108
[Nonlinear] Ep 1900, loss 0.0108

=== Current trial for n = 2000, trial = 8 ===
[1 1 2]
[Nonlinear] Ep 0, loss 1.7196
[Nonlinear] Ep 100, loss 0.1124
[Nonlinear] Ep 200, loss 0.0109
[Nonlinear] Ep 300, loss 0.0108
[Nonlinear] Ep 400, loss 0.0108
[Nonlinear] Ep 500, loss 0.0108
[Nonlinear] Ep 600, loss 0.0108
[Nonlinear] Ep 700, loss 0.0108
[Nonlinear] Ep 800, loss 0.0108
[Nonlinear] Ep 900, loss 0.0108
[Nonlinear] Ep 1000, loss 0.0108
[Nonlinear] Ep 1100, loss 0.0108
[Nonlinear] Ep 1200, loss 0.0108
[Nonlinear] Ep 1300, loss 0.0108
[Nonlinear] Ep 1400, loss 0.0108
[Nonlinear] Ep 1500, loss 0.0108
[Nonlinear] Ep 1600, loss 0.0108
[Nonlinear] Ep 1700, loss 0.0108
[Nonlinear] Ep 1800, loss 0.0108
[Nonlinear] Ep 1900, loss 0.0108
[1 1 2]
[Nonlinear] Ep 0, loss 2.2217
[Nonlinear] Ep 100, loss 0.5485
[Nonlinear] Ep 200, loss 0.0214
[Nonlinear] Ep 300, loss 0.0131
[Nonlinear] Ep 400, loss 0.0129
[Nonlinear] Ep 500, loss 0.0129
[Nonlinear] Ep 600, loss 0.0128
[Nonlinear] Ep 700, loss 0.0127
[Nonlinear] Ep 800, loss 0.0126
[Nonlinear] Ep 900, loss 0.0125
[Nonlinear] Ep 1000, loss 0.0124
[Nonlinear] Ep 1100, loss 0.0124
[Nonlinear] Ep 1200, loss 0.0123
[Nonlinear] Ep 1300, loss 0.0122
[Nonlinear] Ep 1400, loss 0.0121
[Nonlinear] Ep 1500, loss 0.0120
[Nonlinear] Ep 1600, loss 0.0120
[Nonlinear] Ep 1700, loss 0.0119
[Nonlinear] Ep 1800, loss 0.0119
[Nonlinear] Ep 1900, loss 0.0119
[Nonlinear] Ep 0, loss 1.5688
[Nonlinear] Ep 100, loss 0.0684
[Nonlinear] Ep 200, loss 0.0147
[Nonlinear] Ep 300, loss 0.0129
[Nonlinear] Ep 400, loss 0.0118
[Nonlinear] Ep 500, loss 0.0112
[Nonlinear] Ep 600, loss 0.0110
[Nonlinear] Ep 700, loss 0.0109
[Nonlinear] Ep 800, loss 0.0109
[Nonlinear] Ep 900, loss 0.0109
[Nonlinear] Ep 1000, loss 0.0109
[Nonlinear] Ep 1100, loss 0.0109
[Nonlinear] Ep 1200, loss 0.0109
[Nonlinear] Ep 1300, loss 0.0109
[Nonlinear] Ep 1400, loss 0.0109
[Nonlinear] Ep 1500, loss 0.0109
[Nonlinear] Ep 1600, loss 0.0108
[Nonlinear] Ep 1700, loss 0.0108
[Nonlinear] Ep 1800, loss 0.0108
[Nonlinear] Ep 1900, loss 0.0108

=== Current trial for n = 2000, trial = 9 ===
[1 1 2]
[Nonlinear] Ep 0, loss 5.3271
[Nonlinear] Ep 100, loss 0.8758
[Nonlinear] Ep 200, loss 0.0285
[Nonlinear] Ep 300, loss 0.0245
[Nonlinear] Ep 400, loss 0.0244
[Nonlinear] Ep 500, loss 0.0244
[Nonlinear] Ep 600, loss 0.0244
[Nonlinear] Ep 700, loss 0.0244
[Nonlinear] Ep 800, loss 0.0244
[Nonlinear] Ep 900, loss 0.0244
[Nonlinear] Ep 1000, loss 0.0244
[Nonlinear] Ep 1100, loss 0.0244
[Nonlinear] Ep 1200, loss 0.0244
[Nonlinear] Ep 1300, loss 0.0243
[Nonlinear] Ep 1400, loss 0.0243
[Nonlinear] Ep 1500, loss 0.0243
[Nonlinear] Ep 1600, loss 0.0243
[Nonlinear] Ep 1700, loss 0.0243
[Nonlinear] Ep 1800, loss 0.0243
[Nonlinear] Ep 1900, loss 0.0242
[1 1 2]
[Nonlinear] Ep 0, loss 5.6340
[Nonlinear] Ep 100, loss 1.8839
[Nonlinear] Ep 200, loss 0.2476
[Nonlinear] Ep 300, loss 0.0571
[Nonlinear] Ep 400, loss 0.0456
[Nonlinear] Ep 500, loss 0.0426
[Nonlinear] Ep 600, loss 0.0402
[Nonlinear] Ep 700, loss 0.0383
[Nonlinear] Ep 800, loss 0.0368
[Nonlinear] Ep 900, loss 0.0357
[Nonlinear] Ep 1000, loss 0.0349
[Nonlinear] Ep 1100, loss 0.0343
[Nonlinear] Ep 1200, loss 0.0339
[Nonlinear] Ep 1300, loss 0.0336
[Nonlinear] Ep 1400, loss 0.0333
[Nonlinear] Ep 1500, loss 0.0331
[Nonlinear] Ep 1600, loss 0.0330
[Nonlinear] Ep 1700, loss 0.0328
[Nonlinear] Ep 1800, loss 0.0327
[Nonlinear] Ep 1900, loss 0.0326
[Nonlinear] Ep 0, loss 6.4756
[Nonlinear] Ep 100, loss 1.0192
[Nonlinear] Ep 200, loss 0.1485
[Nonlinear] Ep 300, loss 0.1165
[Nonlinear] Ep 400, loss 0.1126
[Nonlinear] Ep 500, loss 0.1108
[Nonlinear] Ep 600, loss 0.1094
[Nonlinear] Ep 700, loss 0.1083
[Nonlinear] Ep 800, loss 0.1076
[Nonlinear] Ep 900, loss 0.1071
[Nonlinear] Ep 1000, loss 0.1068
[Nonlinear] Ep 1100, loss 0.1066
[Nonlinear] Ep 1200, loss 0.1064
[Nonlinear] Ep 1300, loss 0.1064
[Nonlinear] Ep 1400, loss 0.1063
[Nonlinear] Ep 1500, loss 0.1063
[Nonlinear] Ep 1600, loss 0.1063
[Nonlinear] Ep 1700, loss 0.1063
[Nonlinear] Ep 1800, loss 0.1063
[Nonlinear] Ep 1900, loss 0.1063

=== Current trial for n = 2000, trial = 10 ===
[1 1 2]
[Nonlinear] Ep 0, loss 6.7428
[Nonlinear] Ep 100, loss 1.4677
[Nonlinear] Ep 200, loss 0.1602
[Nonlinear] Ep 300, loss 0.0349
[Nonlinear] Ep 400, loss 0.0223
[Nonlinear] Ep 500, loss 0.0216
[Nonlinear] Ep 600, loss 0.0215
[Nonlinear] Ep 700, loss 0.0215
[Nonlinear] Ep 800, loss 0.0214
[Nonlinear] Ep 900, loss 0.0214
[Nonlinear] Ep 1000, loss 0.0214
[Nonlinear] Ep 1100, loss 0.0213
[Nonlinear] Ep 1200, loss 0.0213
[Nonlinear] Ep 1300, loss 0.0213
[Nonlinear] Ep 1400, loss 0.0212
[Nonlinear] Ep 1500, loss 0.0212
[Nonlinear] Ep 1600, loss 0.0211
[Nonlinear] Ep 1700, loss 0.0211
[Nonlinear] Ep 1800, loss 0.0211
[Nonlinear] Ep 1900, loss 0.0210
[1 1 2]
[Nonlinear] Ep 0, loss 6.2062
[Nonlinear] Ep 100, loss 2.6623
[Nonlinear] Ep 200, loss 0.1740
[Nonlinear] Ep 300, loss 0.0513
[Nonlinear] Ep 400, loss 0.0476
[Nonlinear] Ep 500, loss 0.0450
[Nonlinear] Ep 600, loss 0.0430
[Nonlinear] Ep 700, loss 0.0416
[Nonlinear] Ep 800, loss 0.0405
[Nonlinear] Ep 900, loss 0.0398
[Nonlinear] Ep 1000, loss 0.0392
[Nonlinear] Ep 1100, loss 0.0387
[Nonlinear] Ep 1200, loss 0.0383
[Nonlinear] Ep 1300, loss 0.0379
[Nonlinear] Ep 1400, loss 0.0375
[Nonlinear] Ep 1500, loss 0.0370
[Nonlinear] Ep 1600, loss 0.0365
[Nonlinear] Ep 1700, loss 0.0361
[Nonlinear] Ep 1800, loss 0.0356
[Nonlinear] Ep 1900, loss 0.0352
[Nonlinear] Ep 0, loss 6.4042
[Nonlinear] Ep 100, loss 1.0021
[Nonlinear] Ep 200, loss 0.1277
[Nonlinear] Ep 300, loss 0.1045
[Nonlinear] Ep 400, loss 0.1029
[Nonlinear] Ep 500, loss 0.1026
[Nonlinear] Ep 600, loss 0.1026
[Nonlinear] Ep 700, loss 0.1026
[Nonlinear] Ep 800, loss 0.1025
[Nonlinear] Ep 900, loss 0.1025
[Nonlinear] Ep 1000, loss 0.1025
[Nonlinear] Ep 1100, loss 0.1025
[Nonlinear] Ep 1200, loss 0.1024
[Nonlinear] Ep 1300, loss 0.1024
[Nonlinear] Ep 1400, loss 0.1024
[Nonlinear] Ep 1500, loss 0.1024
[Nonlinear] Ep 1600, loss 0.1024
[Nonlinear] Ep 1700, loss 0.1023
[Nonlinear] Ep 1800, loss 0.1023
[Nonlinear] Ep 1900, loss 0.1023

=== Current trial for n = 2000, trial = 11 ===
[1 1 2]
[Nonlinear] Ep 0, loss 4.5818
[Nonlinear] Ep 100, loss 0.4238
[Nonlinear] Ep 200, loss 0.0280
[Nonlinear] Ep 300, loss 0.0240
[Nonlinear] Ep 400, loss 0.0238
[Nonlinear] Ep 500, loss 0.0238
[Nonlinear] Ep 600, loss 0.0238
[Nonlinear] Ep 700, loss 0.0238
[Nonlinear] Ep 800, loss 0.0237
[Nonlinear] Ep 900, loss 0.0237
[Nonlinear] Ep 1000, loss 0.0237
[Nonlinear] Ep 1100, loss 0.0237
[Nonlinear] Ep 1200, loss 0.0237
[Nonlinear] Ep 1300, loss 0.0237
[Nonlinear] Ep 1400, loss 0.0236
[Nonlinear] Ep 1500, loss 0.0236
[Nonlinear] Ep 1600, loss 0.0236
[Nonlinear] Ep 1700, loss 0.0235
[Nonlinear] Ep 1800, loss 0.0235
[Nonlinear] Ep 1900, loss 0.0235
[1 1 2]
[Nonlinear] Ep 0, loss 6.4495
[Nonlinear] Ep 100, loss 2.3307
[Nonlinear] Ep 200, loss 0.1605
[Nonlinear] Ep 300, loss 0.0390
[Nonlinear] Ep 400, loss 0.0303
[Nonlinear] Ep 500, loss 0.0271
[Nonlinear] Ep 600, loss 0.0255
[Nonlinear] Ep 700, loss 0.0246
[Nonlinear] Ep 800, loss 0.0241
[Nonlinear] Ep 900, loss 0.0239
[Nonlinear] Ep 1000, loss 0.0238
[Nonlinear] Ep 1100, loss 0.0237
[Nonlinear] Ep 1200, loss 0.0237
[Nonlinear] Ep 1300, loss 0.0237
[Nonlinear] Ep 1400, loss 0.0236
[Nonlinear] Ep 1500, loss 0.0236
[Nonlinear] Ep 1600, loss 0.0236
[Nonlinear] Ep 1700, loss 0.0236
[Nonlinear] Ep 1800, loss 0.0235
[Nonlinear] Ep 1900, loss 0.0235
[Nonlinear] Ep 0, loss 5.2813
[Nonlinear] Ep 100, loss 0.7268
[Nonlinear] Ep 200, loss 0.1187
[Nonlinear] Ep 300, loss 0.1145
[Nonlinear] Ep 400, loss 0.1118
[Nonlinear] Ep 500, loss 0.1095
[Nonlinear] Ep 600, loss 0.1076
[Nonlinear] Ep 700, loss 0.1062
[Nonlinear] Ep 800, loss 0.1052
[Nonlinear] Ep 900, loss 0.1045
[Nonlinear] Ep 1000, loss 0.1040
[Nonlinear] Ep 1100, loss 0.1037
[Nonlinear] Ep 1200, loss 0.1036
[Nonlinear] Ep 1300, loss 0.1035
[Nonlinear] Ep 1400, loss 0.1034
[Nonlinear] Ep 1500, loss 0.1034
[Nonlinear] Ep 1600, loss 0.1034
[Nonlinear] Ep 1700, loss 0.1033
[Nonlinear] Ep 1800, loss 0.1033
[Nonlinear] Ep 1900, loss 0.1033

=== Current trial for n = 2000, trial = 12 ===
[1 1 2]
[Nonlinear] Ep 0, loss 6.4003
[Nonlinear] Ep 100, loss 1.9260
[Nonlinear] Ep 200, loss 0.3544
[Nonlinear] Ep 300, loss 0.0622
[Nonlinear] Ep 400, loss 0.0268
[Nonlinear] Ep 500, loss 0.0265
[Nonlinear] Ep 600, loss 0.0265
[Nonlinear] Ep 700, loss 0.0265
[Nonlinear] Ep 800, loss 0.0265
[Nonlinear] Ep 900, loss 0.0264
[Nonlinear] Ep 1000, loss 0.0264
[Nonlinear] Ep 1100, loss 0.0264
[Nonlinear] Ep 1200, loss 0.0264
[Nonlinear] Ep 1300, loss 0.0264
[Nonlinear] Ep 1400, loss 0.0264
[Nonlinear] Ep 1500, loss 0.0263
[Nonlinear] Ep 1600, loss 0.0263
[Nonlinear] Ep 1700, loss 0.0263
[Nonlinear] Ep 1800, loss 0.0263
[Nonlinear] Ep 1900, loss 0.0262
[1 1 2]
[Nonlinear] Ep 0, loss 7.0029
[Nonlinear] Ep 100, loss 2.7577
[Nonlinear] Ep 200, loss 0.3091
[Nonlinear] Ep 300, loss 0.0509
[Nonlinear] Ep 400, loss 0.0454
[Nonlinear] Ep 500, loss 0.0433
[Nonlinear] Ep 600, loss 0.0417
[Nonlinear] Ep 700, loss 0.0405
[Nonlinear] Ep 800, loss 0.0395
[Nonlinear] Ep 900, loss 0.0388
[Nonlinear] Ep 1000, loss 0.0384
[Nonlinear] Ep 1100, loss 0.0381
[Nonlinear] Ep 1200, loss 0.0378
[Nonlinear] Ep 1300, loss 0.0376
[Nonlinear] Ep 1400, loss 0.0375
[Nonlinear] Ep 1500, loss 0.0374
[Nonlinear] Ep 1600, loss 0.0372
[Nonlinear] Ep 1700, loss 0.0371
[Nonlinear] Ep 1800, loss 0.0370
[Nonlinear] Ep 1900, loss 0.0369
[Nonlinear] Ep 0, loss 4.5629
[Nonlinear] Ep 100, loss 0.5154
[Nonlinear] Ep 200, loss 0.1277
[Nonlinear] Ep 300, loss 0.1131
[Nonlinear] Ep 400, loss 0.1105
[Nonlinear] Ep 500, loss 0.1096
[Nonlinear] Ep 600, loss 0.1090
[Nonlinear] Ep 700, loss 0.1086
[Nonlinear] Ep 800, loss 0.1084
[Nonlinear] Ep 900, loss 0.1082
[Nonlinear] Ep 1000, loss 0.1082
[Nonlinear] Ep 1100, loss 0.1081
[Nonlinear] Ep 1200, loss 0.1081
[Nonlinear] Ep 1300, loss 0.1080
[Nonlinear] Ep 1400, loss 0.1080
[Nonlinear] Ep 1500, loss 0.1080
[Nonlinear] Ep 1600, loss 0.1080
[Nonlinear] Ep 1700, loss 0.1080
[Nonlinear] Ep 1800, loss 0.1080
[Nonlinear] Ep 1900, loss 0.1080

=== Current trial for n = 2000, trial = 13 ===
[1 1 2]
[Nonlinear] Ep 0, loss 2.2692
[Nonlinear] Ep 100, loss 0.3024
[Nonlinear] Ep 200, loss 0.0111
[Nonlinear] Ep 300, loss 0.0104
[Nonlinear] Ep 400, loss 0.0104
[Nonlinear] Ep 500, loss 0.0104
[Nonlinear] Ep 600, loss 0.0104
[Nonlinear] Ep 700, loss 0.0104
[Nonlinear] Ep 800, loss 0.0104
[Nonlinear] Ep 900, loss 0.0104
[Nonlinear] Ep 1000, loss 0.0104
[Nonlinear] Ep 1100, loss 0.0104
[Nonlinear] Ep 1200, loss 0.0104
[Nonlinear] Ep 1300, loss 0.0104
[Nonlinear] Ep 1400, loss 0.0103
[Nonlinear] Ep 1500, loss 0.0103
[Nonlinear] Ep 1600, loss 0.0103
[Nonlinear] Ep 1700, loss 0.0103
[Nonlinear] Ep 1800, loss 0.0103
[Nonlinear] Ep 1900, loss 0.0103
[1 1 2]
[Nonlinear] Ep 0, loss 2.0618
[Nonlinear] Ep 100, loss 0.5614
[Nonlinear] Ep 200, loss 0.0198
[Nonlinear] Ep 300, loss 0.0127
[Nonlinear] Ep 400, loss 0.0125
[Nonlinear] Ep 500, loss 0.0124
[Nonlinear] Ep 600, loss 0.0122
[Nonlinear] Ep 700, loss 0.0121
[Nonlinear] Ep 800, loss 0.0120
[Nonlinear] Ep 900, loss 0.0120
[Nonlinear] Ep 1000, loss 0.0119
[Nonlinear] Ep 1100, loss 0.0118
[Nonlinear] Ep 1200, loss 0.0118
[Nonlinear] Ep 1300, loss 0.0117
[Nonlinear] Ep 1400, loss 0.0117
[Nonlinear] Ep 1500, loss 0.0117
[Nonlinear] Ep 1600, loss 0.0116
[Nonlinear] Ep 1700, loss 0.0116
[Nonlinear] Ep 1800, loss 0.0116
[Nonlinear] Ep 1900, loss 0.0115
[Nonlinear] Ep 0, loss 1.9496
[Nonlinear] Ep 100, loss 0.0549
[Nonlinear] Ep 200, loss 0.0106
[Nonlinear] Ep 300, loss 0.0104
[Nonlinear] Ep 400, loss 0.0104
[Nonlinear] Ep 500, loss 0.0103
[Nonlinear] Ep 600, loss 0.0103
[Nonlinear] Ep 700, loss 0.0103
[Nonlinear] Ep 800, loss 0.0103
[Nonlinear] Ep 900, loss 0.0103
[Nonlinear] Ep 1000, loss 0.0103
[Nonlinear] Ep 1100, loss 0.0103
[Nonlinear] Ep 1200, loss 0.0103
[Nonlinear] Ep 1300, loss 0.0103
[Nonlinear] Ep 1400, loss 0.0103
[Nonlinear] Ep 1500, loss 0.0103
[Nonlinear] Ep 1600, loss 0.0103
[Nonlinear] Ep 1700, loss 0.0103
[Nonlinear] Ep 1800, loss 0.0103
[Nonlinear] Ep 1900, loss 0.0103

=== Current trial for n = 2000, trial = 14 ===
[1 1 2]
[Nonlinear] Ep 0, loss 2.6097
[Nonlinear] Ep 100, loss 0.2008
[Nonlinear] Ep 200, loss 0.0121
[Nonlinear] Ep 300, loss 0.0120
[Nonlinear] Ep 400, loss 0.0120
[Nonlinear] Ep 500, loss 0.0120
[Nonlinear] Ep 600, loss 0.0120
[Nonlinear] Ep 700, loss 0.0120
[Nonlinear] Ep 800, loss 0.0120
[Nonlinear] Ep 900, loss 0.0120
[Nonlinear] Ep 1000, loss 0.0120
[Nonlinear] Ep 1100, loss 0.0120
[Nonlinear] Ep 1200, loss 0.0120
[Nonlinear] Ep 1300, loss 0.0120
[Nonlinear] Ep 1400, loss 0.0120
[Nonlinear] Ep 1500, loss 0.0120
[Nonlinear] Ep 1600, loss 0.0120
[Nonlinear] Ep 1700, loss 0.0120
[Nonlinear] Ep 1800, loss 0.0120
[Nonlinear] Ep 1900, loss 0.0120
[1 1 2]
[Nonlinear] Ep 0, loss 2.5441
[Nonlinear] Ep 100, loss 0.7863
[Nonlinear] Ep 200, loss 0.0381
[Nonlinear] Ep 300, loss 0.0170
[Nonlinear] Ep 400, loss 0.0164
[Nonlinear] Ep 500, loss 0.0161
[Nonlinear] Ep 600, loss 0.0159
[Nonlinear] Ep 700, loss 0.0157
[Nonlinear] Ep 800, loss 0.0155
[Nonlinear] Ep 900, loss 0.0154
[Nonlinear] Ep 1000, loss 0.0152
[Nonlinear] Ep 1100, loss 0.0150
[Nonlinear] Ep 1200, loss 0.0149
[Nonlinear] Ep 1300, loss 0.0148
[Nonlinear] Ep 1400, loss 0.0147
[Nonlinear] Ep 1500, loss 0.0146
[Nonlinear] Ep 1600, loss 0.0145
[Nonlinear] Ep 1700, loss 0.0144
[Nonlinear] Ep 1800, loss 0.0143
[Nonlinear] Ep 1900, loss 0.0143
[Nonlinear] Ep 0, loss 3.8536
[Nonlinear] Ep 100, loss 0.6341
[Nonlinear] Ep 200, loss 0.0285
[Nonlinear] Ep 300, loss 0.0121
[Nonlinear] Ep 400, loss 0.0120
[Nonlinear] Ep 500, loss 0.0120
[Nonlinear] Ep 600, loss 0.0120
[Nonlinear] Ep 700, loss 0.0120
[Nonlinear] Ep 800, loss 0.0120
[Nonlinear] Ep 900, loss 0.0120
[Nonlinear] Ep 1000, loss 0.0120
[Nonlinear] Ep 1100, loss 0.0120
[Nonlinear] Ep 1200, loss 0.0120
[Nonlinear] Ep 1300, loss 0.0120
[Nonlinear] Ep 1400, loss 0.0120
[Nonlinear] Ep 1500, loss 0.0120
[Nonlinear] Ep 1600, loss 0.0120
[Nonlinear] Ep 1700, loss 0.0120
[Nonlinear] Ep 1800, loss 0.0120
[Nonlinear] Ep 1900, loss 0.0120

=== Current trial for n = 2000, trial = 15 ===
[1 1 2]
[Nonlinear] Ep 0, loss 2.1412
[Nonlinear] Ep 100, loss 0.1815
[Nonlinear] Ep 200, loss 0.0128
[Nonlinear] Ep 300, loss 0.0120
[Nonlinear] Ep 400, loss 0.0120
[Nonlinear] Ep 500, loss 0.0120
[Nonlinear] Ep 600, loss 0.0120
[Nonlinear] Ep 700, loss 0.0119
[Nonlinear] Ep 800, loss 0.0119
[Nonlinear] Ep 900, loss 0.0119
[Nonlinear] Ep 1000, loss 0.0119
[Nonlinear] Ep 1100, loss 0.0118
[Nonlinear] Ep 1200, loss 0.0118
[Nonlinear] Ep 1300, loss 0.0118
[Nonlinear] Ep 1400, loss 0.0118
[Nonlinear] Ep 1500, loss 0.0117
[Nonlinear] Ep 1600, loss 0.0117
[Nonlinear] Ep 1700, loss 0.0117
[Nonlinear] Ep 1800, loss 0.0116
[Nonlinear] Ep 1900, loss 0.0116
[1 1 2]
[Nonlinear] Ep 0, loss 1.6454
[Nonlinear] Ep 100, loss 0.2920
[Nonlinear] Ep 200, loss 0.0209
[Nonlinear] Ep 300, loss 0.0157
[Nonlinear] Ep 400, loss 0.0152
[Nonlinear] Ep 500, loss 0.0149
[Nonlinear] Ep 600, loss 0.0147
[Nonlinear] Ep 700, loss 0.0145
[Nonlinear] Ep 800, loss 0.0144
[Nonlinear] Ep 900, loss 0.0142
[Nonlinear] Ep 1000, loss 0.0141
[Nonlinear] Ep 1100, loss 0.0139
[Nonlinear] Ep 1200, loss 0.0138
[Nonlinear] Ep 1300, loss 0.0137
[Nonlinear] Ep 1400, loss 0.0135
[Nonlinear] Ep 1500, loss 0.0134
[Nonlinear] Ep 1600, loss 0.0133
[Nonlinear] Ep 1700, loss 0.0132
[Nonlinear] Ep 1800, loss 0.0132
[Nonlinear] Ep 1900, loss 0.0131
[Nonlinear] Ep 0, loss 2.6960
[Nonlinear] Ep 100, loss 0.2451
[Nonlinear] Ep 200, loss 0.0238
[Nonlinear] Ep 300, loss 0.0126
[Nonlinear] Ep 400, loss 0.0117
[Nonlinear] Ep 500, loss 0.0115
[Nonlinear] Ep 600, loss 0.0114
[Nonlinear] Ep 700, loss 0.0113
[Nonlinear] Ep 800, loss 0.0113
[Nonlinear] Ep 900, loss 0.0113
[Nonlinear] Ep 1000, loss 0.0113
[Nonlinear] Ep 1100, loss 0.0113
[Nonlinear] Ep 1200, loss 0.0113
[Nonlinear] Ep 1300, loss 0.0113
[Nonlinear] Ep 1400, loss 0.0113
[Nonlinear] Ep 1500, loss 0.0113
[Nonlinear] Ep 1600, loss 0.0113
[Nonlinear] Ep 1700, loss 0.0113
[Nonlinear] Ep 1800, loss 0.0113
[Nonlinear] Ep 1900, loss 0.0113

=== Current trial for n = 2000, trial = 16 ===
[1 1 2]
[Nonlinear] Ep 0, loss 4.8602
[Nonlinear] Ep 100, loss 0.8896
[Nonlinear] Ep 200, loss 0.0634
[Nonlinear] Ep 300, loss 0.0243
[Nonlinear] Ep 400, loss 0.0222
[Nonlinear] Ep 500, loss 0.0221
[Nonlinear] Ep 600, loss 0.0221
[Nonlinear] Ep 700, loss 0.0221
[Nonlinear] Ep 800, loss 0.0221
[Nonlinear] Ep 900, loss 0.0221
[Nonlinear] Ep 1000, loss 0.0221
[Nonlinear] Ep 1100, loss 0.0221
[Nonlinear] Ep 1200, loss 0.0221
[Nonlinear] Ep 1300, loss 0.0221
[Nonlinear] Ep 1400, loss 0.0221
[Nonlinear] Ep 1500, loss 0.0221
[Nonlinear] Ep 1600, loss 0.0221
[Nonlinear] Ep 1700, loss 0.0221
[Nonlinear] Ep 1800, loss 0.0221
[Nonlinear] Ep 1900, loss 0.0221
[1 1 2]
[Nonlinear] Ep 0, loss 6.8522
[Nonlinear] Ep 100, loss 2.5586
[Nonlinear] Ep 200, loss 0.1833
[Nonlinear] Ep 300, loss 0.0405
[Nonlinear] Ep 400, loss 0.0318
[Nonlinear] Ep 500, loss 0.0307
[Nonlinear] Ep 600, loss 0.0302
[Nonlinear] Ep 700, loss 0.0300
[Nonlinear] Ep 800, loss 0.0299
[Nonlinear] Ep 900, loss 0.0298
[Nonlinear] Ep 1000, loss 0.0297
[Nonlinear] Ep 1100, loss 0.0297
[Nonlinear] Ep 1200, loss 0.0296
[Nonlinear] Ep 1300, loss 0.0295
[Nonlinear] Ep 1400, loss 0.0295
[Nonlinear] Ep 1500, loss 0.0294
[Nonlinear] Ep 1600, loss 0.0293
[Nonlinear] Ep 1700, loss 0.0292
[Nonlinear] Ep 1800, loss 0.0291
[Nonlinear] Ep 1900, loss 0.0291
[Nonlinear] Ep 0, loss 5.4390
[Nonlinear] Ep 100, loss 0.7618
[Nonlinear] Ep 200, loss 0.1269
[Nonlinear] Ep 300, loss 0.1108
[Nonlinear] Ep 400, loss 0.1096
[Nonlinear] Ep 500, loss 0.1093
[Nonlinear] Ep 600, loss 0.1091
[Nonlinear] Ep 700, loss 0.1089
[Nonlinear] Ep 800, loss 0.1088
[Nonlinear] Ep 900, loss 0.1088
[Nonlinear] Ep 1000, loss 0.1087
[Nonlinear] Ep 1100, loss 0.1087
[Nonlinear] Ep 1200, loss 0.1087
[Nonlinear] Ep 1300, loss 0.1087
[Nonlinear] Ep 1400, loss 0.1087
[Nonlinear] Ep 1500, loss 0.1086
[Nonlinear] Ep 1600, loss 0.1086
[Nonlinear] Ep 1700, loss 0.1086
[Nonlinear] Ep 1800, loss 0.1085
[Nonlinear] Ep 1900, loss 0.1085

=== Current trial for n = 2000, trial = 17 ===
[1 1 2]
[Nonlinear] Ep 0, loss 2.3305
[Nonlinear] Ep 100, loss 0.2880
[Nonlinear] Ep 200, loss 0.0155
[Nonlinear] Ep 300, loss 0.0103
[Nonlinear] Ep 400, loss 0.0103
[Nonlinear] Ep 500, loss 0.0102
[Nonlinear] Ep 600, loss 0.0102
[Nonlinear] Ep 700, loss 0.0102
[Nonlinear] Ep 800, loss 0.0102
[Nonlinear] Ep 900, loss 0.0102
[Nonlinear] Ep 1000, loss 0.0102
[Nonlinear] Ep 1100, loss 0.0102
[Nonlinear] Ep 1200, loss 0.0102
[Nonlinear] Ep 1300, loss 0.0102
[Nonlinear] Ep 1400, loss 0.0102
[Nonlinear] Ep 1500, loss 0.0102
[Nonlinear] Ep 1600, loss 0.0102
[Nonlinear] Ep 1700, loss 0.0102
[Nonlinear] Ep 1800, loss 0.0102
[Nonlinear] Ep 1900, loss 0.0102
[1 1 2]
[Nonlinear] Ep 0, loss 2.1186
[Nonlinear] Ep 100, loss 0.4967
[Nonlinear] Ep 200, loss 0.0142
[Nonlinear] Ep 300, loss 0.0126
[Nonlinear] Ep 400, loss 0.0124
[Nonlinear] Ep 500, loss 0.0122
[Nonlinear] Ep 600, loss 0.0120
[Nonlinear] Ep 700, loss 0.0119
[Nonlinear] Ep 800, loss 0.0119
[Nonlinear] Ep 900, loss 0.0118
[Nonlinear] Ep 1000, loss 0.0117
[Nonlinear] Ep 1100, loss 0.0116
[Nonlinear] Ep 1200, loss 0.0116
[Nonlinear] Ep 1300, loss 0.0115
[Nonlinear] Ep 1400, loss 0.0115
[Nonlinear] Ep 1500, loss 0.0115
[Nonlinear] Ep 1600, loss 0.0115
[Nonlinear] Ep 1700, loss 0.0114
[Nonlinear] Ep 1800, loss 0.0114
[Nonlinear] Ep 1900, loss 0.0114
[Nonlinear] Ep 0, loss 1.2543
[Nonlinear] Ep 100, loss 0.1083
[Nonlinear] Ep 200, loss 0.0131
[Nonlinear] Ep 300, loss 0.0105
[Nonlinear] Ep 400, loss 0.0104
[Nonlinear] Ep 500, loss 0.0104
[Nonlinear] Ep 600, loss 0.0104
[Nonlinear] Ep 700, loss 0.0104
[Nonlinear] Ep 800, loss 0.0104
[Nonlinear] Ep 900, loss 0.0104
[Nonlinear] Ep 1000, loss 0.0104
[Nonlinear] Ep 1100, loss 0.0104
[Nonlinear] Ep 1200, loss 0.0104
[Nonlinear] Ep 1300, loss 0.0104
[Nonlinear] Ep 1400, loss 0.0104
[Nonlinear] Ep 1500, loss 0.0104
[Nonlinear] Ep 1600, loss 0.0104
[Nonlinear] Ep 1700, loss 0.0104
[Nonlinear] Ep 1800, loss 0.0104
[Nonlinear] Ep 1900, loss 0.0104

=== Current trial for n = 2000, trial = 18 ===
[1 1 2]
[Nonlinear] Ep 0, loss 2.0515
[Nonlinear] Ep 100, loss 0.1201
[Nonlinear] Ep 200, loss 0.0106
[Nonlinear] Ep 300, loss 0.0106
[Nonlinear] Ep 400, loss 0.0106
[Nonlinear] Ep 500, loss 0.0106
[Nonlinear] Ep 600, loss 0.0106
[Nonlinear] Ep 700, loss 0.0106
[Nonlinear] Ep 800, loss 0.0106
[Nonlinear] Ep 900, loss 0.0106
[Nonlinear] Ep 1000, loss 0.0105
[Nonlinear] Ep 1100, loss 0.0105
[Nonlinear] Ep 1200, loss 0.0105
[Nonlinear] Ep 1300, loss 0.0105
[Nonlinear] Ep 1400, loss 0.0105
[Nonlinear] Ep 1500, loss 0.0105
[Nonlinear] Ep 1600, loss 0.0105
[Nonlinear] Ep 1700, loss 0.0105
[Nonlinear] Ep 1800, loss 0.0105
[Nonlinear] Ep 1900, loss 0.0105
[1 1 2]
[Nonlinear] Ep 0, loss 2.0439
[Nonlinear] Ep 100, loss 0.5743
[Nonlinear] Ep 200, loss 0.0225
[Nonlinear] Ep 300, loss 0.0150
[Nonlinear] Ep 400, loss 0.0147
[Nonlinear] Ep 500, loss 0.0145
[Nonlinear] Ep 600, loss 0.0143
[Nonlinear] Ep 700, loss 0.0142
[Nonlinear] Ep 800, loss 0.0140
[Nonlinear] Ep 900, loss 0.0139
[Nonlinear] Ep 1000, loss 0.0137
[Nonlinear] Ep 1100, loss 0.0136
[Nonlinear] Ep 1200, loss 0.0134
[Nonlinear] Ep 1300, loss 0.0133
[Nonlinear] Ep 1400, loss 0.0131
[Nonlinear] Ep 1500, loss 0.0130
[Nonlinear] Ep 1600, loss 0.0128
[Nonlinear] Ep 1700, loss 0.0127
[Nonlinear] Ep 1800, loss 0.0126
[Nonlinear] Ep 1900, loss 0.0124
[Nonlinear] Ep 0, loss 2.4704
[Nonlinear] Ep 100, loss 0.3364
[Nonlinear] Ep 200, loss 0.0218
[Nonlinear] Ep 300, loss 0.0116
[Nonlinear] Ep 400, loss 0.0108
[Nonlinear] Ep 500, loss 0.0106
[Nonlinear] Ep 600, loss 0.0105
[Nonlinear] Ep 700, loss 0.0105
[Nonlinear] Ep 800, loss 0.0105
[Nonlinear] Ep 900, loss 0.0105
[Nonlinear] Ep 1000, loss 0.0105
[Nonlinear] Ep 1100, loss 0.0105
[Nonlinear] Ep 1200, loss 0.0105
[Nonlinear] Ep 1300, loss 0.0105
[Nonlinear] Ep 1400, loss 0.0105
[Nonlinear] Ep 1500, loss 0.0105
[Nonlinear] Ep 1600, loss 0.0105
[Nonlinear] Ep 1700, loss 0.0105
[Nonlinear] Ep 1800, loss 0.0105
[Nonlinear] Ep 1900, loss 0.0105

=== Current trial for n = 2000, trial = 19 ===
[1 1 2]
[Nonlinear] Ep 0, loss 1.6081
[Nonlinear] Ep 100, loss 0.0884
[Nonlinear] Ep 200, loss 0.0107
[Nonlinear] Ep 300, loss 0.0106
[Nonlinear] Ep 400, loss 0.0106
[Nonlinear] Ep 500, loss 0.0106
[Nonlinear] Ep 600, loss 0.0106
[Nonlinear] Ep 700, loss 0.0106
[Nonlinear] Ep 800, loss 0.0105
[Nonlinear] Ep 900, loss 0.0105
[Nonlinear] Ep 1000, loss 0.0105
[Nonlinear] Ep 1100, loss 0.0105
[Nonlinear] Ep 1200, loss 0.0105
[Nonlinear] Ep 1300, loss 0.0105
[Nonlinear] Ep 1400, loss 0.0105
[Nonlinear] Ep 1500, loss 0.0105
[Nonlinear] Ep 1600, loss 0.0105
[Nonlinear] Ep 1700, loss 0.0105
[Nonlinear] Ep 1800, loss 0.0105
[Nonlinear] Ep 1900, loss 0.0105
[1 1 2]
[Nonlinear] Ep 0, loss 2.4036
[Nonlinear] Ep 100, loss 0.6538
[Nonlinear] Ep 200, loss 0.0346
[Nonlinear] Ep 300, loss 0.0195
[Nonlinear] Ep 400, loss 0.0169
[Nonlinear] Ep 500, loss 0.0160
[Nonlinear] Ep 600, loss 0.0155
[Nonlinear] Ep 700, loss 0.0151
[Nonlinear] Ep 800, loss 0.0148
[Nonlinear] Ep 900, loss 0.0146
[Nonlinear] Ep 1000, loss 0.0145
[Nonlinear] Ep 1100, loss 0.0143
[Nonlinear] Ep 1200, loss 0.0142
[Nonlinear] Ep 1300, loss 0.0141
[Nonlinear] Ep 1400, loss 0.0140
[Nonlinear] Ep 1500, loss 0.0139
[Nonlinear] Ep 1600, loss 0.0138
[Nonlinear] Ep 1700, loss 0.0137
[Nonlinear] Ep 1800, loss 0.0136
[Nonlinear] Ep 1900, loss 0.0135
[Nonlinear] Ep 0, loss 2.1059
[Nonlinear] Ep 100, loss 0.1547
[Nonlinear] Ep 200, loss 0.0109
[Nonlinear] Ep 300, loss 0.0105
[Nonlinear] Ep 400, loss 0.0105
[Nonlinear] Ep 500, loss 0.0105
[Nonlinear] Ep 600, loss 0.0105
[Nonlinear] Ep 700, loss 0.0105
[Nonlinear] Ep 800, loss 0.0105
[Nonlinear] Ep 900, loss 0.0105
[Nonlinear] Ep 1000, loss 0.0105
[Nonlinear] Ep 1100, loss 0.0105
[Nonlinear] Ep 1200, loss 0.0105
[Nonlinear] Ep 1300, loss 0.0105
[Nonlinear] Ep 1400, loss 0.0105
[Nonlinear] Ep 1500, loss 0.0105
[Nonlinear] Ep 1600, loss 0.0105
[Nonlinear] Ep 1700, loss 0.0105
[Nonlinear] Ep 1800, loss 0.0105
[Nonlinear] Ep 1900, loss 0.0105

=== Current trial for n = 2000, trial = 20 ===
[1 1 2]
[Nonlinear] Ep 0, loss 3.2711
[Nonlinear] Ep 100, loss 0.4569
[Nonlinear] Ep 200, loss 0.0211
[Nonlinear] Ep 300, loss 0.0105
[Nonlinear] Ep 400, loss 0.0105
[Nonlinear] Ep 500, loss 0.0105
[Nonlinear] Ep 600, loss 0.0105
[Nonlinear] Ep 700, loss 0.0105
[Nonlinear] Ep 800, loss 0.0105
[Nonlinear] Ep 900, loss 0.0104
[Nonlinear] Ep 1000, loss 0.0104
[Nonlinear] Ep 1100, loss 0.0104
[Nonlinear] Ep 1200, loss 0.0104
[Nonlinear] Ep 1300, loss 0.0104
[Nonlinear] Ep 1400, loss 0.0104
[Nonlinear] Ep 1500, loss 0.0104
[Nonlinear] Ep 1600, loss 0.0104
[Nonlinear] Ep 1700, loss 0.0104
[Nonlinear] Ep 1800, loss 0.0104
[Nonlinear] Ep 1900, loss 0.0104
[1 1 2]
[Nonlinear] Ep 0, loss 2.2895
[Nonlinear] Ep 100, loss 0.4560
[Nonlinear] Ep 200, loss 0.0216
[Nonlinear] Ep 300, loss 0.0141
[Nonlinear] Ep 400, loss 0.0137
[Nonlinear] Ep 500, loss 0.0135
[Nonlinear] Ep 600, loss 0.0134
[Nonlinear] Ep 700, loss 0.0133
[Nonlinear] Ep 800, loss 0.0133
[Nonlinear] Ep 900, loss 0.0132
[Nonlinear] Ep 1000, loss 0.0131
[Nonlinear] Ep 1100, loss 0.0130
[Nonlinear] Ep 1200, loss 0.0130
[Nonlinear] Ep 1300, loss 0.0129
[Nonlinear] Ep 1400, loss 0.0128
[Nonlinear] Ep 1500, loss 0.0128
[Nonlinear] Ep 1600, loss 0.0127
[Nonlinear] Ep 1700, loss 0.0127
[Nonlinear] Ep 1800, loss 0.0126
[Nonlinear] Ep 1900, loss 0.0125
[Nonlinear] Ep 0, loss 1.8396
[Nonlinear] Ep 100, loss 0.1052
[Nonlinear] Ep 200, loss 0.0137
[Nonlinear] Ep 300, loss 0.0113
[Nonlinear] Ep 400, loss 0.0106
[Nonlinear] Ep 500, loss 0.0104
[Nonlinear] Ep 600, loss 0.0103
[Nonlinear] Ep 700, loss 0.0103
[Nonlinear] Ep 800, loss 0.0103
[Nonlinear] Ep 900, loss 0.0103
[Nonlinear] Ep 1000, loss 0.0103
[Nonlinear] Ep 1100, loss 0.0103
[Nonlinear] Ep 1200, loss 0.0103
[Nonlinear] Ep 1300, loss 0.0103
[Nonlinear] Ep 1400, loss 0.0103
[Nonlinear] Ep 1500, loss 0.0103
[Nonlinear] Ep 1600, loss 0.0103
[Nonlinear] Ep 1700, loss 0.0103
[Nonlinear] Ep 1800, loss 0.0103
[Nonlinear] Ep 1900, loss 0.0103

=== Current trial for n = 2000, trial = 21 ===
[1 1 2]
[Nonlinear] Ep 0, loss 2.1466
[Nonlinear] Ep 100, loss 0.2434
[Nonlinear] Ep 200, loss 0.0111
[Nonlinear] Ep 300, loss 0.0103
[Nonlinear] Ep 400, loss 0.0103
[Nonlinear] Ep 500, loss 0.0103
[Nonlinear] Ep 600, loss 0.0103
[Nonlinear] Ep 700, loss 0.0103
[Nonlinear] Ep 800, loss 0.0103
[Nonlinear] Ep 900, loss 0.0103
[Nonlinear] Ep 1000, loss 0.0103
[Nonlinear] Ep 1100, loss 0.0103
[Nonlinear] Ep 1200, loss 0.0102
[Nonlinear] Ep 1300, loss 0.0102
[Nonlinear] Ep 1400, loss 0.0102
[Nonlinear] Ep 1500, loss 0.0102
[Nonlinear] Ep 1600, loss 0.0102
[Nonlinear] Ep 1700, loss 0.0102
[Nonlinear] Ep 1800, loss 0.0102
[Nonlinear] Ep 1900, loss 0.0102
[1 1 2]
[Nonlinear] Ep 0, loss 1.8663
[Nonlinear] Ep 100, loss 0.3695
[Nonlinear] Ep 200, loss 0.0193
[Nonlinear] Ep 300, loss 0.0135
[Nonlinear] Ep 400, loss 0.0133
[Nonlinear] Ep 500, loss 0.0132
[Nonlinear] Ep 600, loss 0.0132
[Nonlinear] Ep 700, loss 0.0132
[Nonlinear] Ep 800, loss 0.0131
[Nonlinear] Ep 900, loss 0.0131
[Nonlinear] Ep 1000, loss 0.0131
[Nonlinear] Ep 1100, loss 0.0131
[Nonlinear] Ep 1200, loss 0.0130
[Nonlinear] Ep 1300, loss 0.0130
[Nonlinear] Ep 1400, loss 0.0129
[Nonlinear] Ep 1500, loss 0.0129
[Nonlinear] Ep 1600, loss 0.0129
[Nonlinear] Ep 1700, loss 0.0128
[Nonlinear] Ep 1800, loss 0.0128
[Nonlinear] Ep 1900, loss 0.0128
[Nonlinear] Ep 0, loss 1.8397
[Nonlinear] Ep 100, loss 0.0795
[Nonlinear] Ep 200, loss 0.0111
[Nonlinear] Ep 300, loss 0.0104
[Nonlinear] Ep 400, loss 0.0103
[Nonlinear] Ep 500, loss 0.0103
[Nonlinear] Ep 600, loss 0.0103
[Nonlinear] Ep 700, loss 0.0103
[Nonlinear] Ep 800, loss 0.0103
[Nonlinear] Ep 900, loss 0.0103
[Nonlinear] Ep 1000, loss 0.0103
[Nonlinear] Ep 1100, loss 0.0103
[Nonlinear] Ep 1200, loss 0.0103
[Nonlinear] Ep 1300, loss 0.0102
[Nonlinear] Ep 1400, loss 0.0102
[Nonlinear] Ep 1500, loss 0.0102
[Nonlinear] Ep 1600, loss 0.0102
[Nonlinear] Ep 1700, loss 0.0102
[Nonlinear] Ep 1800, loss 0.0102
[Nonlinear] Ep 1900, loss 0.0102

=== Current trial for n = 2000, trial = 22 ===
[1 1 2]
[Nonlinear] Ep 0, loss 3.8606
[Nonlinear] Ep 100, loss 0.6368
[Nonlinear] Ep 200, loss 0.0194
[Nonlinear] Ep 300, loss 0.0117
[Nonlinear] Ep 400, loss 0.0117
[Nonlinear] Ep 500, loss 0.0116
[Nonlinear] Ep 600, loss 0.0116
[Nonlinear] Ep 700, loss 0.0116
[Nonlinear] Ep 800, loss 0.0116
[Nonlinear] Ep 900, loss 0.0116
[Nonlinear] Ep 1000, loss 0.0116
[Nonlinear] Ep 1100, loss 0.0116
[Nonlinear] Ep 1200, loss 0.0116
[Nonlinear] Ep 1300, loss 0.0116
[Nonlinear] Ep 1400, loss 0.0116
[Nonlinear] Ep 1500, loss 0.0116
[Nonlinear] Ep 1600, loss 0.0116
[Nonlinear] Ep 1700, loss 0.0116
[Nonlinear] Ep 1800, loss 0.0116
[Nonlinear] Ep 1900, loss 0.0116
[1 1 2]
[Nonlinear] Ep 0, loss 1.8001
[Nonlinear] Ep 100, loss 0.2999
[Nonlinear] Ep 200, loss 0.0158
[Nonlinear] Ep 300, loss 0.0134
[Nonlinear] Ep 400, loss 0.0133
[Nonlinear] Ep 500, loss 0.0133
[Nonlinear] Ep 600, loss 0.0132
[Nonlinear] Ep 700, loss 0.0132
[Nonlinear] Ep 800, loss 0.0131
[Nonlinear] Ep 900, loss 0.0131
[Nonlinear] Ep 1000, loss 0.0131
[Nonlinear] Ep 1100, loss 0.0130
[Nonlinear] Ep 1200, loss 0.0130
[Nonlinear] Ep 1300, loss 0.0129
[Nonlinear] Ep 1400, loss 0.0129
[Nonlinear] Ep 1500, loss 0.0129
[Nonlinear] Ep 1600, loss 0.0128
[Nonlinear] Ep 1700, loss 0.0128
[Nonlinear] Ep 1800, loss 0.0127
[Nonlinear] Ep 1900, loss 0.0127
[Nonlinear] Ep 0, loss 2.6018
[Nonlinear] Ep 100, loss 0.1826
[Nonlinear] Ep 200, loss 0.0127
[Nonlinear] Ep 300, loss 0.0117
[Nonlinear] Ep 400, loss 0.0116
[Nonlinear] Ep 500, loss 0.0116
[Nonlinear] Ep 600, loss 0.0116
[Nonlinear] Ep 700, loss 0.0115
[Nonlinear] Ep 800, loss 0.0115
[Nonlinear] Ep 900, loss 0.0115
[Nonlinear] Ep 1000, loss 0.0115
[Nonlinear] Ep 1100, loss 0.0115
[Nonlinear] Ep 1200, loss 0.0115
[Nonlinear] Ep 1300, loss 0.0115
[Nonlinear] Ep 1400, loss 0.0115
[Nonlinear] Ep 1500, loss 0.0115
[Nonlinear] Ep 1600, loss 0.0115
[Nonlinear] Ep 1700, loss 0.0115
[Nonlinear] Ep 1800, loss 0.0115
[Nonlinear] Ep 1900, loss 0.0115

=== Current trial for n = 2000, trial = 23 ===
[1 1 2]
[Nonlinear] Ep 0, loss 7.7678
[Nonlinear] Ep 100, loss 2.5144
[Nonlinear] Ep 200, loss 0.1779
[Nonlinear] Ep 300, loss 0.0274
[Nonlinear] Ep 400, loss 0.0253
[Nonlinear] Ep 500, loss 0.0252
[Nonlinear] Ep 600, loss 0.0252
[Nonlinear] Ep 700, loss 0.0252
[Nonlinear] Ep 800, loss 0.0252
[Nonlinear] Ep 900, loss 0.0251
[Nonlinear] Ep 1000, loss 0.0251
[Nonlinear] Ep 1100, loss 0.0251
[Nonlinear] Ep 1200, loss 0.0251
[Nonlinear] Ep 1300, loss 0.0251
[Nonlinear] Ep 1400, loss 0.0250
[Nonlinear] Ep 1500, loss 0.0250
[Nonlinear] Ep 1600, loss 0.0250
[Nonlinear] Ep 1700, loss 0.0250
[Nonlinear] Ep 1800, loss 0.0250
[Nonlinear] Ep 1900, loss 0.0249
[1 1 2]
[Nonlinear] Ep 0, loss 4.7256
[Nonlinear] Ep 100, loss 1.3056
[Nonlinear] Ep 200, loss 0.1147
[Nonlinear] Ep 300, loss 0.0443
[Nonlinear] Ep 400, loss 0.0381
[Nonlinear] Ep 500, loss 0.0370
[Nonlinear] Ep 600, loss 0.0367
[Nonlinear] Ep 700, loss 0.0365
[Nonlinear] Ep 800, loss 0.0363
[Nonlinear] Ep 900, loss 0.0361
[Nonlinear] Ep 1000, loss 0.0359
[Nonlinear] Ep 1100, loss 0.0356
[Nonlinear] Ep 1200, loss 0.0354
[Nonlinear] Ep 1300, loss 0.0352
[Nonlinear] Ep 1400, loss 0.0350
[Nonlinear] Ep 1500, loss 0.0348
[Nonlinear] Ep 1600, loss 0.0347
[Nonlinear] Ep 1700, loss 0.0345
[Nonlinear] Ep 1800, loss 0.0344
[Nonlinear] Ep 1900, loss 0.0342
[Nonlinear] Ep 0, loss 7.4377
[Nonlinear] Ep 100, loss 0.8800
[Nonlinear] Ep 200, loss 0.1020
[Nonlinear] Ep 300, loss 0.0962
[Nonlinear] Ep 400, loss 0.0953
[Nonlinear] Ep 500, loss 0.0948
[Nonlinear] Ep 600, loss 0.0943
[Nonlinear] Ep 700, loss 0.0939
[Nonlinear] Ep 800, loss 0.0936
[Nonlinear] Ep 900, loss 0.0934
[Nonlinear] Ep 1000, loss 0.0932
[Nonlinear] Ep 1100, loss 0.0930
[Nonlinear] Ep 1200, loss 0.0929
[Nonlinear] Ep 1300, loss 0.0929
[Nonlinear] Ep 1400, loss 0.0928
[Nonlinear] Ep 1500, loss 0.0928
[Nonlinear] Ep 1600, loss 0.0928
[Nonlinear] Ep 1700, loss 0.0928
[Nonlinear] Ep 1800, loss 0.0928
[Nonlinear] Ep 1900, loss 0.0927

=== Current trial for n = 2000, trial = 24 ===
[1 1 2]
[Nonlinear] Ep 0, loss 6.7271
[Nonlinear] Ep 100, loss 2.2485
[Nonlinear] Ep 200, loss 0.1349
[Nonlinear] Ep 300, loss 0.0278
[Nonlinear] Ep 400, loss 0.0246
[Nonlinear] Ep 500, loss 0.0243
[Nonlinear] Ep 600, loss 0.0243
[Nonlinear] Ep 700, loss 0.0243
[Nonlinear] Ep 800, loss 0.0243
[Nonlinear] Ep 900, loss 0.0243
[Nonlinear] Ep 1000, loss 0.0242
[Nonlinear] Ep 1100, loss 0.0242
[Nonlinear] Ep 1200, loss 0.0242
[Nonlinear] Ep 1300, loss 0.0242
[Nonlinear] Ep 1400, loss 0.0242
[Nonlinear] Ep 1500, loss 0.0242
[Nonlinear] Ep 1600, loss 0.0242
[Nonlinear] Ep 1700, loss 0.0242
[Nonlinear] Ep 1800, loss 0.0242
[Nonlinear] Ep 1900, loss 0.0238
[1 1 2]
[Nonlinear] Ep 0, loss 6.0984
[Nonlinear] Ep 100, loss 2.8918
[Nonlinear] Ep 200, loss 0.4201
[Nonlinear] Ep 300, loss 0.0504
[Nonlinear] Ep 400, loss 0.0359
[Nonlinear] Ep 500, loss 0.0344
[Nonlinear] Ep 600, loss 0.0336
[Nonlinear] Ep 700, loss 0.0331
[Nonlinear] Ep 800, loss 0.0328
[Nonlinear] Ep 900, loss 0.0326
[Nonlinear] Ep 1000, loss 0.0324
[Nonlinear] Ep 1100, loss 0.0324
[Nonlinear] Ep 1200, loss 0.0323
[Nonlinear] Ep 1300, loss 0.0323
[Nonlinear] Ep 1400, loss 0.0322
[Nonlinear] Ep 1500, loss 0.0322
[Nonlinear] Ep 1600, loss 0.0322
[Nonlinear] Ep 1700, loss 0.0322
[Nonlinear] Ep 1800, loss 0.0321
[Nonlinear] Ep 1900, loss 0.0321
[Nonlinear] Ep 0, loss 7.0836
[Nonlinear] Ep 100, loss 1.0721
[Nonlinear] Ep 200, loss 0.1557
[Nonlinear] Ep 300, loss 0.1163
[Nonlinear] Ep 400, loss 0.1110
[Nonlinear] Ep 500, loss 0.1083
[Nonlinear] Ep 600, loss 0.1063
[Nonlinear] Ep 700, loss 0.1046
[Nonlinear] Ep 800, loss 0.1032
[Nonlinear] Ep 900, loss 0.1022
[Nonlinear] Ep 1000, loss 0.1014
[Nonlinear] Ep 1100, loss 0.1009
[Nonlinear] Ep 1200, loss 0.1005
[Nonlinear] Ep 1300, loss 0.1002
[Nonlinear] Ep 1400, loss 0.1001
[Nonlinear] Ep 1500, loss 0.1000
[Nonlinear] Ep 1600, loss 0.0999
[Nonlinear] Ep 1700, loss 0.0999
[Nonlinear] Ep 1800, loss 0.0998
[Nonlinear] Ep 1900, loss 0.0998

=== Current trial for n = 2000, trial = 25 ===
[1 1 2]
[Nonlinear] Ep 0, loss 1.3471
[Nonlinear] Ep 100, loss 0.0548
[Nonlinear] Ep 200, loss 0.0123
[Nonlinear] Ep 300, loss 0.0123
[Nonlinear] Ep 400, loss 0.0123
[Nonlinear] Ep 500, loss 0.0123
[Nonlinear] Ep 600, loss 0.0123
[Nonlinear] Ep 700, loss 0.0123
[Nonlinear] Ep 800, loss 0.0123
[Nonlinear] Ep 900, loss 0.0123
[Nonlinear] Ep 1000, loss 0.0123
[Nonlinear] Ep 1100, loss 0.0123
[Nonlinear] Ep 1200, loss 0.0123
[Nonlinear] Ep 1300, loss 0.0123
[Nonlinear] Ep 1400, loss 0.0123
[Nonlinear] Ep 1500, loss 0.0123
[Nonlinear] Ep 1600, loss 0.0123
[Nonlinear] Ep 1700, loss 0.0123
[Nonlinear] Ep 1800, loss 0.0123
[Nonlinear] Ep 1900, loss 0.0123
[1 1 2]
[Nonlinear] Ep 0, loss 2.4275
[Nonlinear] Ep 100, loss 0.7305
[Nonlinear] Ep 200, loss 0.0267
[Nonlinear] Ep 300, loss 0.0144
[Nonlinear] Ep 400, loss 0.0140
[Nonlinear] Ep 500, loss 0.0138
[Nonlinear] Ep 600, loss 0.0137
[Nonlinear] Ep 700, loss 0.0136
[Nonlinear] Ep 800, loss 0.0135
[Nonlinear] Ep 900, loss 0.0135
[Nonlinear] Ep 1000, loss 0.0134
[Nonlinear] Ep 1100, loss 0.0133
[Nonlinear] Ep 1200, loss 0.0133
[Nonlinear] Ep 1300, loss 0.0132
[Nonlinear] Ep 1400, loss 0.0132
[Nonlinear] Ep 1500, loss 0.0132
[Nonlinear] Ep 1600, loss 0.0131
[Nonlinear] Ep 1700, loss 0.0131
[Nonlinear] Ep 1800, loss 0.0131
[Nonlinear] Ep 1900, loss 0.0131
[Nonlinear] Ep 0, loss 2.7156
[Nonlinear] Ep 100, loss 0.3204
[Nonlinear] Ep 200, loss 0.0135
[Nonlinear] Ep 300, loss 0.0124
[Nonlinear] Ep 400, loss 0.0123
[Nonlinear] Ep 500, loss 0.0123
[Nonlinear] Ep 600, loss 0.0123
[Nonlinear] Ep 700, loss 0.0123
[Nonlinear] Ep 800, loss 0.0123
[Nonlinear] Ep 900, loss 0.0123
[Nonlinear] Ep 1000, loss 0.0123
[Nonlinear] Ep 1100, loss 0.0123
[Nonlinear] Ep 1200, loss 0.0123
[Nonlinear] Ep 1300, loss 0.0123
[Nonlinear] Ep 1400, loss 0.0123
[Nonlinear] Ep 1500, loss 0.0123
[Nonlinear] Ep 1600, loss 0.0123
[Nonlinear] Ep 1700, loss 0.0123
[Nonlinear] Ep 1800, loss 0.0123
[Nonlinear] Ep 1900, loss 0.0123

=== Current trial for n = 2000, trial = 26 ===
[1 1 2]
[Nonlinear] Ep 0, loss 7.1798
[Nonlinear] Ep 100, loss 2.0678
[Nonlinear] Ep 200, loss 0.2262
[Nonlinear] Ep 300, loss 0.0360
[Nonlinear] Ep 400, loss 0.0265
[Nonlinear] Ep 500, loss 0.0258
[Nonlinear] Ep 600, loss 0.0258
[Nonlinear] Ep 700, loss 0.0258
[Nonlinear] Ep 800, loss 0.0258
[Nonlinear] Ep 900, loss 0.0258
[Nonlinear] Ep 1000, loss 0.0258
[Nonlinear] Ep 1100, loss 0.0258
[Nonlinear] Ep 1200, loss 0.0257
[Nonlinear] Ep 1300, loss 0.0257
[Nonlinear] Ep 1400, loss 0.0257
[Nonlinear] Ep 1500, loss 0.0257
[Nonlinear] Ep 1600, loss 0.0257
[Nonlinear] Ep 1700, loss 0.0257
[Nonlinear] Ep 1800, loss 0.0256
[Nonlinear] Ep 1900, loss 0.0256
[1 1 2]
[Nonlinear] Ep 0, loss 6.6528
[Nonlinear] Ep 100, loss 2.3157
[Nonlinear] Ep 200, loss 0.1586
[Nonlinear] Ep 300, loss 0.0590
[Nonlinear] Ep 400, loss 0.0444
[Nonlinear] Ep 500, loss 0.0391
[Nonlinear] Ep 600, loss 0.0362
[Nonlinear] Ep 700, loss 0.0344
[Nonlinear] Ep 800, loss 0.0332
[Nonlinear] Ep 900, loss 0.0325
[Nonlinear] Ep 1000, loss 0.0320
[Nonlinear] Ep 1100, loss 0.0317
[Nonlinear] Ep 1200, loss 0.0316
[Nonlinear] Ep 1300, loss 0.0314
[Nonlinear] Ep 1400, loss 0.0314
[Nonlinear] Ep 1500, loss 0.0313
[Nonlinear] Ep 1600, loss 0.0312
[Nonlinear] Ep 1700, loss 0.0311
[Nonlinear] Ep 1800, loss 0.0311
[Nonlinear] Ep 1900, loss 0.0310
[Nonlinear] Ep 0, loss 7.6522
[Nonlinear] Ep 100, loss 1.4742
[Nonlinear] Ep 200, loss 0.1998
[Nonlinear] Ep 300, loss 0.1154
[Nonlinear] Ep 400, loss 0.1095
[Nonlinear] Ep 500, loss 0.1084
[Nonlinear] Ep 600, loss 0.1079
[Nonlinear] Ep 700, loss 0.1075
[Nonlinear] Ep 800, loss 0.1073
[Nonlinear] Ep 900, loss 0.1071
[Nonlinear] Ep 1000, loss 0.1070
[Nonlinear] Ep 1100, loss 0.1070
[Nonlinear] Ep 1200, loss 0.1069
[Nonlinear] Ep 1300, loss 0.1069
[Nonlinear] Ep 1400, loss 0.1069
[Nonlinear] Ep 1500, loss 0.1068
[Nonlinear] Ep 1600, loss 0.1068
[Nonlinear] Ep 1700, loss 0.1068
[Nonlinear] Ep 1800, loss 0.1067
[Nonlinear] Ep 1900, loss 0.1067

=== Current trial for n = 2000, trial = 27 ===
[1 1 2]
[Nonlinear] Ep 0, loss 1.8644
[Nonlinear] Ep 100, loss 0.1390
[Nonlinear] Ep 200, loss 0.0129
[Nonlinear] Ep 300, loss 0.0110
[Nonlinear] Ep 400, loss 0.0110
[Nonlinear] Ep 500, loss 0.0110
[Nonlinear] Ep 600, loss 0.0110
[Nonlinear] Ep 700, loss 0.0110
[Nonlinear] Ep 800, loss 0.0110
[Nonlinear] Ep 900, loss 0.0110
[Nonlinear] Ep 1000, loss 0.0110
[Nonlinear] Ep 1100, loss 0.0110
[Nonlinear] Ep 1200, loss 0.0110
[Nonlinear] Ep 1300, loss 0.0110
[Nonlinear] Ep 1400, loss 0.0110
[Nonlinear] Ep 1500, loss 0.0110
[Nonlinear] Ep 1600, loss 0.0110
[Nonlinear] Ep 1700, loss 0.0110
[Nonlinear] Ep 1800, loss 0.0110
[Nonlinear] Ep 1900, loss 0.0110
[1 1 2]
[Nonlinear] Ep 0, loss 1.8793
[Nonlinear] Ep 100, loss 0.3925
[Nonlinear] Ep 200, loss 0.0138
[Nonlinear] Ep 300, loss 0.0125
[Nonlinear] Ep 400, loss 0.0124
[Nonlinear] Ep 500, loss 0.0124
[Nonlinear] Ep 600, loss 0.0123
[Nonlinear] Ep 700, loss 0.0123
[Nonlinear] Ep 800, loss 0.0122
[Nonlinear] Ep 900, loss 0.0122
[Nonlinear] Ep 1000, loss 0.0122
[Nonlinear] Ep 1100, loss 0.0121
[Nonlinear] Ep 1200, loss 0.0121
[Nonlinear] Ep 1300, loss 0.0120
[Nonlinear] Ep 1400, loss 0.0120
[Nonlinear] Ep 1500, loss 0.0119
[Nonlinear] Ep 1600, loss 0.0119
[Nonlinear] Ep 1700, loss 0.0119
[Nonlinear] Ep 1800, loss 0.0119
[Nonlinear] Ep 1900, loss 0.0118
[Nonlinear] Ep 0, loss 2.0902
[Nonlinear] Ep 100, loss 0.1484
[Nonlinear] Ep 200, loss 0.0154
[Nonlinear] Ep 300, loss 0.0111
[Nonlinear] Ep 400, loss 0.0110
[Nonlinear] Ep 500, loss 0.0110
[Nonlinear] Ep 600, loss 0.0110
[Nonlinear] Ep 700, loss 0.0110
[Nonlinear] Ep 800, loss 0.0110
[Nonlinear] Ep 900, loss 0.0110
[Nonlinear] Ep 1000, loss 0.0110
[Nonlinear] Ep 1100, loss 0.0110
[Nonlinear] Ep 1200, loss 0.0110
[Nonlinear] Ep 1300, loss 0.0110
[Nonlinear] Ep 1400, loss 0.0110
[Nonlinear] Ep 1500, loss 0.0110
[Nonlinear] Ep 1600, loss 0.0110
[Nonlinear] Ep 1700, loss 0.0110
[Nonlinear] Ep 1800, loss 0.0110
[Nonlinear] Ep 1900, loss 0.0110

=== Current trial for n = 2000, trial = 28 ===
[1 1 2]
[Nonlinear] Ep 0, loss 1.9203
[Nonlinear] Ep 100, loss 0.1191
[Nonlinear] Ep 200, loss 0.0113
[Nonlinear] Ep 300, loss 0.0113
[Nonlinear] Ep 400, loss 0.0113
[Nonlinear] Ep 500, loss 0.0113
[Nonlinear] Ep 600, loss 0.0113
[Nonlinear] Ep 700, loss 0.0113
[Nonlinear] Ep 800, loss 0.0113
[Nonlinear] Ep 900, loss 0.0113
[Nonlinear] Ep 1000, loss 0.0113
[Nonlinear] Ep 1100, loss 0.0113
[Nonlinear] Ep 1200, loss 0.0113
[Nonlinear] Ep 1300, loss 0.0113
[Nonlinear] Ep 1400, loss 0.0113
[Nonlinear] Ep 1500, loss 0.0113
[Nonlinear] Ep 1600, loss 0.0113
[Nonlinear] Ep 1700, loss 0.0113
[Nonlinear] Ep 1800, loss 0.0113
[Nonlinear] Ep 1900, loss 0.0113
[1 1 2]
[Nonlinear] Ep 0, loss 1.9093
[Nonlinear] Ep 100, loss 0.4627
[Nonlinear] Ep 200, loss 0.0190
[Nonlinear] Ep 300, loss 0.0159
[Nonlinear] Ep 400, loss 0.0157
[Nonlinear] Ep 500, loss 0.0155
[Nonlinear] Ep 600, loss 0.0153
[Nonlinear] Ep 700, loss 0.0151
[Nonlinear] Ep 800, loss 0.0149
[Nonlinear] Ep 900, loss 0.0147
[Nonlinear] Ep 1000, loss 0.0145
[Nonlinear] Ep 1100, loss 0.0144
[Nonlinear] Ep 1200, loss 0.0143
[Nonlinear] Ep 1300, loss 0.0141
[Nonlinear] Ep 1400, loss 0.0140
[Nonlinear] Ep 1500, loss 0.0139
[Nonlinear] Ep 1600, loss 0.0138
[Nonlinear] Ep 1700, loss 0.0137
[Nonlinear] Ep 1800, loss 0.0136
[Nonlinear] Ep 1900, loss 0.0135
[Nonlinear] Ep 0, loss 2.2721
[Nonlinear] Ep 100, loss 0.1106
[Nonlinear] Ep 200, loss 0.0141
[Nonlinear] Ep 300, loss 0.0127
[Nonlinear] Ep 400, loss 0.0120
[Nonlinear] Ep 500, loss 0.0116
[Nonlinear] Ep 600, loss 0.0114
[Nonlinear] Ep 700, loss 0.0114
[Nonlinear] Ep 800, loss 0.0114
[Nonlinear] Ep 900, loss 0.0114
[Nonlinear] Ep 1000, loss 0.0114
[Nonlinear] Ep 1100, loss 0.0114
[Nonlinear] Ep 1200, loss 0.0114
[Nonlinear] Ep 1300, loss 0.0114
[Nonlinear] Ep 1400, loss 0.0114
[Nonlinear] Ep 1500, loss 0.0114
[Nonlinear] Ep 1600, loss 0.0114
[Nonlinear] Ep 1700, loss 0.0114
[Nonlinear] Ep 1800, loss 0.0114
[Nonlinear] Ep 1900, loss 0.0113

=== Current trial for n = 2000, trial = 29 ===
[1 1 2]
[Nonlinear] Ep 0, loss 8.0734
[Nonlinear] Ep 100, loss 2.3938
[Nonlinear] Ep 200, loss 0.2059
[Nonlinear] Ep 300, loss 0.0291
[Nonlinear] Ep 400, loss 0.0192
[Nonlinear] Ep 500, loss 0.0184
[Nonlinear] Ep 600, loss 0.0184
[Nonlinear] Ep 700, loss 0.0183
[Nonlinear] Ep 800, loss 0.0183
[Nonlinear] Ep 900, loss 0.0183
[Nonlinear] Ep 1000, loss 0.0183
[Nonlinear] Ep 1100, loss 0.0183
[Nonlinear] Ep 1200, loss 0.0183
[Nonlinear] Ep 1300, loss 0.0183
[Nonlinear] Ep 1400, loss 0.0183
[Nonlinear] Ep 1500, loss 0.0183
[Nonlinear] Ep 1600, loss 0.0183
[Nonlinear] Ep 1700, loss 0.0183
[Nonlinear] Ep 1800, loss 0.0183
[Nonlinear] Ep 1900, loss 0.0183
[1 1 2]
[Nonlinear] Ep 0, loss 6.4571
[Nonlinear] Ep 100, loss 2.6782
[Nonlinear] Ep 200, loss 0.2155
[Nonlinear] Ep 300, loss 0.0414
[Nonlinear] Ep 400, loss 0.0305
[Nonlinear] Ep 500, loss 0.0280
[Nonlinear] Ep 600, loss 0.0269
[Nonlinear] Ep 700, loss 0.0263
[Nonlinear] Ep 800, loss 0.0259
[Nonlinear] Ep 900, loss 0.0256
[Nonlinear] Ep 1000, loss 0.0255
[Nonlinear] Ep 1100, loss 0.0253
[Nonlinear] Ep 1200, loss 0.0252
[Nonlinear] Ep 1300, loss 0.0251
[Nonlinear] Ep 1400, loss 0.0250
[Nonlinear] Ep 1500, loss 0.0248
[Nonlinear] Ep 1600, loss 0.0247
[Nonlinear] Ep 1700, loss 0.0246
[Nonlinear] Ep 1800, loss 0.0245
[Nonlinear] Ep 1900, loss 0.0244
[Nonlinear] Ep 0, loss 4.8809
[Nonlinear] Ep 100, loss 0.5669
[Nonlinear] Ep 200, loss 0.1365
[Nonlinear] Ep 300, loss 0.1041
[Nonlinear] Ep 400, loss 0.0996
[Nonlinear] Ep 500, loss 0.0976
[Nonlinear] Ep 600, loss 0.0962
[Nonlinear] Ep 700, loss 0.0952
[Nonlinear] Ep 800, loss 0.0945
[Nonlinear] Ep 900, loss 0.0941
[Nonlinear] Ep 1000, loss 0.0939
[Nonlinear] Ep 1100, loss 0.0938
[Nonlinear] Ep 1200, loss 0.0937
[Nonlinear] Ep 1300, loss 0.0937
[Nonlinear] Ep 1400, loss 0.0937
[Nonlinear] Ep 1500, loss 0.0937
[Nonlinear] Ep 1600, loss 0.0937
[Nonlinear] Ep 1700, loss 0.0936
[Nonlinear] Ep 1800, loss 0.0936
[Nonlinear] Ep 1900, loss 0.0936

=== Current trial for n = 2000, trial = 30 ===
[1 1 2]
[Nonlinear] Ep 0, loss 5.8059
[Nonlinear] Ep 100, loss 1.3718
[Nonlinear] Ep 200, loss 0.0424
[Nonlinear] Ep 300, loss 0.0264
[Nonlinear] Ep 400, loss 0.0264
[Nonlinear] Ep 500, loss 0.0263
[Nonlinear] Ep 600, loss 0.0263
[Nonlinear] Ep 700, loss 0.0263
[Nonlinear] Ep 800, loss 0.0263
[Nonlinear] Ep 900, loss 0.0263
[Nonlinear] Ep 1000, loss 0.0263
[Nonlinear] Ep 1100, loss 0.0262
[Nonlinear] Ep 1200, loss 0.0262
[Nonlinear] Ep 1300, loss 0.0262
[Nonlinear] Ep 1400, loss 0.0262
[Nonlinear] Ep 1500, loss 0.0262
[Nonlinear] Ep 1600, loss 0.0262
[Nonlinear] Ep 1700, loss 0.0261
[Nonlinear] Ep 1800, loss 0.0261
[Nonlinear] Ep 1900, loss 0.0261
[1 1 2]
[Nonlinear] Ep 0, loss 4.8962
[Nonlinear] Ep 100, loss 0.9916
[Nonlinear] Ep 200, loss 0.0692
[Nonlinear] Ep 300, loss 0.0440
[Nonlinear] Ep 400, loss 0.0395
[Nonlinear] Ep 500, loss 0.0383
[Nonlinear] Ep 600, loss 0.0379
[Nonlinear] Ep 700, loss 0.0377
[Nonlinear] Ep 800, loss 0.0375
[Nonlinear] Ep 900, loss 0.0374
[Nonlinear] Ep 1000, loss 0.0373
[Nonlinear] Ep 1100, loss 0.0372
[Nonlinear] Ep 1200, loss 0.0371
[Nonlinear] Ep 1300, loss 0.0370
[Nonlinear] Ep 1400, loss 0.0369
[Nonlinear] Ep 1500, loss 0.0368
[Nonlinear] Ep 1600, loss 0.0367
[Nonlinear] Ep 1700, loss 0.0366
[Nonlinear] Ep 1800, loss 0.0365
[Nonlinear] Ep 1900, loss 0.0364
[Nonlinear] Ep 0, loss 4.7630
[Nonlinear] Ep 100, loss 0.4300
[Nonlinear] Ep 200, loss 0.1376
[Nonlinear] Ep 300, loss 0.1130
[Nonlinear] Ep 400, loss 0.1099
[Nonlinear] Ep 500, loss 0.1094
[Nonlinear] Ep 600, loss 0.1091
[Nonlinear] Ep 700, loss 0.1089
[Nonlinear] Ep 800, loss 0.1087
[Nonlinear] Ep 900, loss 0.1087
[Nonlinear] Ep 1000, loss 0.1086
[Nonlinear] Ep 1100, loss 0.1086
[Nonlinear] Ep 1200, loss 0.1085
[Nonlinear] Ep 1300, loss 0.1085
[Nonlinear] Ep 1400, loss 0.1085
[Nonlinear] Ep 1500, loss 0.1084
[Nonlinear] Ep 1600, loss 0.1084
[Nonlinear] Ep 1700, loss 0.1084
[Nonlinear] Ep 1800, loss 0.1083
[Nonlinear] Ep 1900, loss 0.1083
>>> Finished experiment for n = 2000
>>> Result: {'n': 2000, 'clustered': [np.float64(0.01666475526375235), np.float64(0.018490580466303284), np.float64(0.001683107103339208)], 'same_cluster': [np.float64(0.05218698329937179), np.float64(0.06877260133885792), np.float64(0.02521306678152802)], 'distinct_clusters': [np.float64(0.03930912155241386), np.float64(0.04690137799026212), np.float64(0.0017531869501903033)], 'pred_clustered': np.float64(0.016195944133379766), 'pred_same_cluster': np.float64(0.020871326854044678), 'pred_distinct_clusters': np.float64(0.04605302903655301), 'pred_clustered_linear': np.float64(0.017305295857865697), 'pred_same_cluster_linear': np.float64(0.027485552102343644), 'pred_distinct_clusters_linear': np.float64(0.046661494198033705)}
>>> Saving CSV
>>> Plots saved
!!! Error during saving/plotting for n = 2000: [Errno 2] No such file or directory: 'Plots/pred_nl_comp_lin/clustered_n_2000.png'
