=== Starting job ID 2 on node midway3-0087.rcc.local ===
Running AMP experiment for n = 3000
>>> Script started
>>> Running AMP comparison experiment with n = 3000

=== Current trial for n = 3000, trial = 1 ===
[1 1 2]
[Nonlinear] Ep 0, loss 6.0567
[Nonlinear] Ep 100, loss 1.3259
[Nonlinear] Ep 200, loss 0.0371
[Nonlinear] Ep 300, loss 0.0230
[Nonlinear] Ep 400, loss 0.0229
[Nonlinear] Ep 500, loss 0.0229
[Nonlinear] Ep 600, loss 0.0229
[Nonlinear] Ep 700, loss 0.0229
[Nonlinear] Ep 800, loss 0.0229
[Nonlinear] Ep 900, loss 0.0229
[Nonlinear] Ep 1000, loss 0.0229
[Nonlinear] Ep 1100, loss 0.0229
[Nonlinear] Ep 1200, loss 0.0228
[Nonlinear] Ep 1300, loss 0.0228
[Nonlinear] Ep 1400, loss 0.0228
[Nonlinear] Ep 1500, loss 0.0228
[Nonlinear] Ep 1600, loss 0.0228
[Nonlinear] Ep 1700, loss 0.0228
[Nonlinear] Ep 1800, loss 0.0228
[Nonlinear] Ep 1900, loss 0.0227
[1 1 2]
[Nonlinear] Ep 0, loss 5.7259
[Nonlinear] Ep 100, loss 1.7053
[Nonlinear] Ep 200, loss 0.1129
[Nonlinear] Ep 300, loss 0.0438
[Nonlinear] Ep 400, loss 0.0418
[Nonlinear] Ep 500, loss 0.0413
[Nonlinear] Ep 600, loss 0.0410
[Nonlinear] Ep 700, loss 0.0407
[Nonlinear] Ep 800, loss 0.0404
[Nonlinear] Ep 900, loss 0.0401
[Nonlinear] Ep 1000, loss 0.0398
[Nonlinear] Ep 1100, loss 0.0396
[Nonlinear] Ep 1200, loss 0.0393
[Nonlinear] Ep 1300, loss 0.0391
[Nonlinear] Ep 1400, loss 0.0388
[Nonlinear] Ep 1500, loss 0.0386
[Nonlinear] Ep 1600, loss 0.0383
[Nonlinear] Ep 1700, loss 0.0381
[Nonlinear] Ep 1800, loss 0.0378
[Nonlinear] Ep 1900, loss 0.0376
[Nonlinear] Ep 0, loss 6.1165
[Nonlinear] Ep 100, loss 1.0818
[Nonlinear] Ep 200, loss 0.1182
[Nonlinear] Ep 300, loss 0.1001
[Nonlinear] Ep 400, loss 0.0995
[Nonlinear] Ep 500, loss 0.0991
[Nonlinear] Ep 600, loss 0.0988
[Nonlinear] Ep 700, loss 0.0985
[Nonlinear] Ep 800, loss 0.0982
[Nonlinear] Ep 900, loss 0.0980
[Nonlinear] Ep 1000, loss 0.0979
[Nonlinear] Ep 1100, loss 0.0978
[Nonlinear] Ep 1200, loss 0.0977
[Nonlinear] Ep 1300, loss 0.0976
[Nonlinear] Ep 1400, loss 0.0975
[Nonlinear] Ep 1500, loss 0.0975
[Nonlinear] Ep 1600, loss 0.0975
[Nonlinear] Ep 1700, loss 0.0974
[Nonlinear] Ep 1800, loss 0.0974
[Nonlinear] Ep 1900, loss 0.0974

=== Current trial for n = 3000, trial = 2 ===
[1 1 2]
[Nonlinear] Ep 0, loss 6.9127
[Nonlinear] Ep 100, loss 2.2953
[Nonlinear] Ep 200, loss 0.1459
[Nonlinear] Ep 300, loss 0.0223
[Nonlinear] Ep 400, loss 0.0202
[Nonlinear] Ep 500, loss 0.0201
[Nonlinear] Ep 600, loss 0.0201
[Nonlinear] Ep 700, loss 0.0201
[Nonlinear] Ep 800, loss 0.0201
[Nonlinear] Ep 900, loss 0.0201
[Nonlinear] Ep 1000, loss 0.0200
[Nonlinear] Ep 1100, loss 0.0200
[Nonlinear] Ep 1200, loss 0.0200
[Nonlinear] Ep 1300, loss 0.0200
[Nonlinear] Ep 1400, loss 0.0200
[Nonlinear] Ep 1500, loss 0.0200
[Nonlinear] Ep 1600, loss 0.0200
[Nonlinear] Ep 1700, loss 0.0200
[Nonlinear] Ep 1800, loss 0.0200
[Nonlinear] Ep 1900, loss 0.0199
[1 1 2]
[Nonlinear] Ep 0, loss 7.0681
[Nonlinear] Ep 100, loss 2.9125
[Nonlinear] Ep 200, loss 0.2452
[Nonlinear] Ep 300, loss 0.0470
[Nonlinear] Ep 400, loss 0.0364
[Nonlinear] Ep 500, loss 0.0345
[Nonlinear] Ep 600, loss 0.0335
[Nonlinear] Ep 700, loss 0.0328
[Nonlinear] Ep 800, loss 0.0323
[Nonlinear] Ep 900, loss 0.0319
[Nonlinear] Ep 1000, loss 0.0315
[Nonlinear] Ep 1100, loss 0.0313
[Nonlinear] Ep 1200, loss 0.0310
[Nonlinear] Ep 1300, loss 0.0308
[Nonlinear] Ep 1400, loss 0.0306
[Nonlinear] Ep 1500, loss 0.0304
[Nonlinear] Ep 1600, loss 0.0302
[Nonlinear] Ep 1700, loss 0.0300
[Nonlinear] Ep 1800, loss 0.0299
[Nonlinear] Ep 1900, loss 0.0297
[Nonlinear] Ep 0, loss 6.5493
[Nonlinear] Ep 100, loss 0.6834
[Nonlinear] Ep 200, loss 0.1117
[Nonlinear] Ep 300, loss 0.0966
[Nonlinear] Ep 400, loss 0.0945
[Nonlinear] Ep 500, loss 0.0941
[Nonlinear] Ep 600, loss 0.0937
[Nonlinear] Ep 700, loss 0.0934
[Nonlinear] Ep 800, loss 0.0932
[Nonlinear] Ep 900, loss 0.0930
[Nonlinear] Ep 1000, loss 0.0928
[Nonlinear] Ep 1100, loss 0.0927
[Nonlinear] Ep 1200, loss 0.0926
[Nonlinear] Ep 1300, loss 0.0926
[Nonlinear] Ep 1400, loss 0.0926
[Nonlinear] Ep 1500, loss 0.0925
[Nonlinear] Ep 1600, loss 0.0925
[Nonlinear] Ep 1700, loss 0.0925
[Nonlinear] Ep 1800, loss 0.0925
[Nonlinear] Ep 1900, loss 0.0925

=== Current trial for n = 3000, trial = 3 ===
[1 1 2]
[Nonlinear] Ep 0, loss 6.3576
[Nonlinear] Ep 100, loss 1.3945
[Nonlinear] Ep 200, loss 0.0473
[Nonlinear] Ep 300, loss 0.0306
[Nonlinear] Ep 400, loss 0.0305
[Nonlinear] Ep 500, loss 0.0305
[Nonlinear] Ep 600, loss 0.0305
[Nonlinear] Ep 700, loss 0.0304
[Nonlinear] Ep 800, loss 0.0304
[Nonlinear] Ep 900, loss 0.0304
[Nonlinear] Ep 1000, loss 0.0303
[Nonlinear] Ep 1100, loss 0.0303
[Nonlinear] Ep 1200, loss 0.0302
[Nonlinear] Ep 1300, loss 0.0302
[Nonlinear] Ep 1400, loss 0.0301
[Nonlinear] Ep 1500, loss 0.0301
[Nonlinear] Ep 1600, loss 0.0300
[Nonlinear] Ep 1700, loss 0.0299
[Nonlinear] Ep 1800, loss 0.0299
[Nonlinear] Ep 1900, loss 0.0298
[1 1 2]
[Nonlinear] Ep 0, loss 4.9826
[Nonlinear] Ep 100, loss 1.2874
[Nonlinear] Ep 200, loss 0.1178
[Nonlinear] Ep 300, loss 0.0469
[Nonlinear] Ep 400, loss 0.0346
[Nonlinear] Ep 500, loss 0.0307
[Nonlinear] Ep 600, loss 0.0291
[Nonlinear] Ep 700, loss 0.0283
[Nonlinear] Ep 800, loss 0.0279
[Nonlinear] Ep 900, loss 0.0276
[Nonlinear] Ep 1000, loss 0.0275
[Nonlinear] Ep 1100, loss 0.0273
[Nonlinear] Ep 1200, loss 0.0273
[Nonlinear] Ep 1300, loss 0.0272
[Nonlinear] Ep 1400, loss 0.0271
[Nonlinear] Ep 1500, loss 0.0270
[Nonlinear] Ep 1600, loss 0.0270
[Nonlinear] Ep 1700, loss 0.0269
[Nonlinear] Ep 1800, loss 0.0268
[Nonlinear] Ep 1900, loss 0.0268
[Nonlinear] Ep 0, loss 7.8797
[Nonlinear] Ep 100, loss 1.2156
[Nonlinear] Ep 200, loss 0.1454
[Nonlinear] Ep 300, loss 0.1017
[Nonlinear] Ep 400, loss 0.0971
[Nonlinear] Ep 500, loss 0.0963
[Nonlinear] Ep 600, loss 0.0962
[Nonlinear] Ep 700, loss 0.0961
[Nonlinear] Ep 800, loss 0.0960
[Nonlinear] Ep 900, loss 0.0960
[Nonlinear] Ep 1000, loss 0.0960
[Nonlinear] Ep 1100, loss 0.0959
[Nonlinear] Ep 1200, loss 0.0959
[Nonlinear] Ep 1300, loss 0.0959
[Nonlinear] Ep 1400, loss 0.0959
[Nonlinear] Ep 1500, loss 0.0959
[Nonlinear] Ep 1600, loss 0.0959
[Nonlinear] Ep 1700, loss 0.0959
[Nonlinear] Ep 1800, loss 0.0959
[Nonlinear] Ep 1900, loss 0.0958

=== Current trial for n = 3000, trial = 4 ===
[1 1 2]
[Nonlinear] Ep 0, loss 2.2371
[Nonlinear] Ep 100, loss 0.1114
[Nonlinear] Ep 200, loss 0.0106
[Nonlinear] Ep 300, loss 0.0106
[Nonlinear] Ep 400, loss 0.0106
[Nonlinear] Ep 500, loss 0.0106
[Nonlinear] Ep 600, loss 0.0106
[Nonlinear] Ep 700, loss 0.0105
[Nonlinear] Ep 800, loss 0.0105
[Nonlinear] Ep 900, loss 0.0105
[Nonlinear] Ep 1000, loss 0.0105
[Nonlinear] Ep 1100, loss 0.0105
[Nonlinear] Ep 1200, loss 0.0105
[Nonlinear] Ep 1300, loss 0.0105
[Nonlinear] Ep 1400, loss 0.0105
[Nonlinear] Ep 1500, loss 0.0105
[Nonlinear] Ep 1600, loss 0.0105
[Nonlinear] Ep 1700, loss 0.0105
[Nonlinear] Ep 1800, loss 0.0105
[Nonlinear] Ep 1900, loss 0.0105
[1 1 2]
[Nonlinear] Ep 0, loss 2.8165
[Nonlinear] Ep 100, loss 0.7735
[Nonlinear] Ep 200, loss 0.0473
[Nonlinear] Ep 300, loss 0.0158
[Nonlinear] Ep 400, loss 0.0150
[Nonlinear] Ep 500, loss 0.0148
[Nonlinear] Ep 600, loss 0.0147
[Nonlinear] Ep 700, loss 0.0145
[Nonlinear] Ep 800, loss 0.0143
[Nonlinear] Ep 900, loss 0.0142
[Nonlinear] Ep 1000, loss 0.0141
[Nonlinear] Ep 1100, loss 0.0140
[Nonlinear] Ep 1200, loss 0.0139
[Nonlinear] Ep 1300, loss 0.0138
[Nonlinear] Ep 1400, loss 0.0138
[Nonlinear] Ep 1500, loss 0.0137
[Nonlinear] Ep 1600, loss 0.0136
[Nonlinear] Ep 1700, loss 0.0135
[Nonlinear] Ep 1800, loss 0.0134
[Nonlinear] Ep 1900, loss 0.0133
[Nonlinear] Ep 0, loss 2.3339
[Nonlinear] Ep 100, loss 0.1672
[Nonlinear] Ep 200, loss 0.0105
[Nonlinear] Ep 300, loss 0.0105
[Nonlinear] Ep 400, loss 0.0104
[Nonlinear] Ep 500, loss 0.0104
[Nonlinear] Ep 600, loss 0.0104
[Nonlinear] Ep 700, loss 0.0104
[Nonlinear] Ep 800, loss 0.0104
[Nonlinear] Ep 900, loss 0.0104
[Nonlinear] Ep 1000, loss 0.0104
[Nonlinear] Ep 1100, loss 0.0104
[Nonlinear] Ep 1200, loss 0.0104
[Nonlinear] Ep 1300, loss 0.0104
[Nonlinear] Ep 1400, loss 0.0104
[Nonlinear] Ep 1500, loss 0.0104
[Nonlinear] Ep 1600, loss 0.0104
[Nonlinear] Ep 1700, loss 0.0104
[Nonlinear] Ep 1800, loss 0.0104
[Nonlinear] Ep 1900, loss 0.0104

=== Current trial for n = 3000, trial = 5 ===
[1 1 2]
[Nonlinear] Ep 0, loss 2.1772
[Nonlinear] Ep 100, loss 0.1669
[Nonlinear] Ep 200, loss 0.0148
[Nonlinear] Ep 300, loss 0.0098
[Nonlinear] Ep 400, loss 0.0098
[Nonlinear] Ep 500, loss 0.0098
[Nonlinear] Ep 600, loss 0.0098
[Nonlinear] Ep 700, loss 0.0098
[Nonlinear] Ep 800, loss 0.0098
[Nonlinear] Ep 900, loss 0.0098
[Nonlinear] Ep 1000, loss 0.0098
[Nonlinear] Ep 1100, loss 0.0098
[Nonlinear] Ep 1200, loss 0.0098
[Nonlinear] Ep 1300, loss 0.0098
[Nonlinear] Ep 1400, loss 0.0098
[Nonlinear] Ep 1500, loss 0.0098
[Nonlinear] Ep 1600, loss 0.0098
[Nonlinear] Ep 1700, loss 0.0098
[Nonlinear] Ep 1800, loss 0.0098
[Nonlinear] Ep 1900, loss 0.0098
[1 1 2]
[Nonlinear] Ep 0, loss 2.1483
[Nonlinear] Ep 100, loss 0.5625
[Nonlinear] Ep 200, loss 0.0268
[Nonlinear] Ep 300, loss 0.0146
[Nonlinear] Ep 400, loss 0.0141
[Nonlinear] Ep 500, loss 0.0139
[Nonlinear] Ep 600, loss 0.0137
[Nonlinear] Ep 700, loss 0.0136
[Nonlinear] Ep 800, loss 0.0135
[Nonlinear] Ep 900, loss 0.0134
[Nonlinear] Ep 1000, loss 0.0133
[Nonlinear] Ep 1100, loss 0.0132
[Nonlinear] Ep 1200, loss 0.0131
[Nonlinear] Ep 1300, loss 0.0130
[Nonlinear] Ep 1400, loss 0.0129
[Nonlinear] Ep 1500, loss 0.0128
[Nonlinear] Ep 1600, loss 0.0127
[Nonlinear] Ep 1700, loss 0.0126
[Nonlinear] Ep 1800, loss 0.0124
[Nonlinear] Ep 1900, loss 0.0123
[Nonlinear] Ep 0, loss 2.7371
[Nonlinear] Ep 100, loss 0.2025
[Nonlinear] Ep 200, loss 0.0136
[Nonlinear] Ep 300, loss 0.0099
[Nonlinear] Ep 400, loss 0.0098
[Nonlinear] Ep 500, loss 0.0098
[Nonlinear] Ep 600, loss 0.0098
[Nonlinear] Ep 700, loss 0.0098
[Nonlinear] Ep 800, loss 0.0098
[Nonlinear] Ep 900, loss 0.0098
[Nonlinear] Ep 1000, loss 0.0098
[Nonlinear] Ep 1100, loss 0.0098
[Nonlinear] Ep 1200, loss 0.0098
[Nonlinear] Ep 1300, loss 0.0098
[Nonlinear] Ep 1400, loss 0.0098
[Nonlinear] Ep 1500, loss 0.0098
[Nonlinear] Ep 1600, loss 0.0098
[Nonlinear] Ep 1700, loss 0.0098
[Nonlinear] Ep 1800, loss 0.0098
[Nonlinear] Ep 1900, loss 0.0098

=== Current trial for n = 3000, trial = 6 ===
[1 1 2]
[Nonlinear] Ep 0, loss 1.8954
[Nonlinear] Ep 100, loss 0.1015
[Nonlinear] Ep 200, loss 0.0107
[Nonlinear] Ep 300, loss 0.0105
[Nonlinear] Ep 400, loss 0.0105
[Nonlinear] Ep 500, loss 0.0105
[Nonlinear] Ep 600, loss 0.0105
[Nonlinear] Ep 700, loss 0.0105
[Nonlinear] Ep 800, loss 0.0105
[Nonlinear] Ep 900, loss 0.0105
[Nonlinear] Ep 1000, loss 0.0105
[Nonlinear] Ep 1100, loss 0.0105
[Nonlinear] Ep 1200, loss 0.0105
[Nonlinear] Ep 1300, loss 0.0105
[Nonlinear] Ep 1400, loss 0.0105
[Nonlinear] Ep 1500, loss 0.0105
[Nonlinear] Ep 1600, loss 0.0105
[Nonlinear] Ep 1700, loss 0.0105
[Nonlinear] Ep 1800, loss 0.0105
[Nonlinear] Ep 1900, loss 0.0105
[1 1 2]
[Nonlinear] Ep 0, loss 2.1987
[Nonlinear] Ep 100, loss 0.8020
[Nonlinear] Ep 200, loss 0.0489
[Nonlinear] Ep 300, loss 0.0136
[Nonlinear] Ep 400, loss 0.0129
[Nonlinear] Ep 500, loss 0.0127
[Nonlinear] Ep 600, loss 0.0126
[Nonlinear] Ep 700, loss 0.0125
[Nonlinear] Ep 800, loss 0.0125
[Nonlinear] Ep 900, loss 0.0124
[Nonlinear] Ep 1000, loss 0.0124
[Nonlinear] Ep 1100, loss 0.0123
[Nonlinear] Ep 1200, loss 0.0123
[Nonlinear] Ep 1300, loss 0.0122
[Nonlinear] Ep 1400, loss 0.0122
[Nonlinear] Ep 1500, loss 0.0121
[Nonlinear] Ep 1600, loss 0.0121
[Nonlinear] Ep 1700, loss 0.0120
[Nonlinear] Ep 1800, loss 0.0120
[Nonlinear] Ep 1900, loss 0.0119
[Nonlinear] Ep 0, loss 1.9188
[Nonlinear] Ep 100, loss 0.1043
[Nonlinear] Ep 200, loss 0.0107
[Nonlinear] Ep 300, loss 0.0105
[Nonlinear] Ep 400, loss 0.0105
[Nonlinear] Ep 500, loss 0.0105
[Nonlinear] Ep 600, loss 0.0105
[Nonlinear] Ep 700, loss 0.0105
[Nonlinear] Ep 800, loss 0.0105
[Nonlinear] Ep 900, loss 0.0105
[Nonlinear] Ep 1000, loss 0.0105
[Nonlinear] Ep 1100, loss 0.0105
[Nonlinear] Ep 1200, loss 0.0105
[Nonlinear] Ep 1300, loss 0.0105
[Nonlinear] Ep 1400, loss 0.0105
[Nonlinear] Ep 1500, loss 0.0105
[Nonlinear] Ep 1600, loss 0.0105
[Nonlinear] Ep 1700, loss 0.0105
[Nonlinear] Ep 1800, loss 0.0105
[Nonlinear] Ep 1900, loss 0.0105

=== Current trial for n = 3000, trial = 7 ===
[1 1 2]
[Nonlinear] Ep 0, loss 6.0292
[Nonlinear] Ep 100, loss 1.6298
[Nonlinear] Ep 200, loss 0.0514
[Nonlinear] Ep 300, loss 0.0212
[Nonlinear] Ep 400, loss 0.0211
[Nonlinear] Ep 500, loss 0.0211
[Nonlinear] Ep 600, loss 0.0210
[Nonlinear] Ep 700, loss 0.0210
[Nonlinear] Ep 800, loss 0.0210
[Nonlinear] Ep 900, loss 0.0210
[Nonlinear] Ep 1000, loss 0.0210
[Nonlinear] Ep 1100, loss 0.0210
[Nonlinear] Ep 1200, loss 0.0210
[Nonlinear] Ep 1300, loss 0.0210
[Nonlinear] Ep 1400, loss 0.0210
[Nonlinear] Ep 1500, loss 0.0210
[Nonlinear] Ep 1600, loss 0.0210
[Nonlinear] Ep 1700, loss 0.0209
[Nonlinear] Ep 1800, loss 0.0209
[Nonlinear] Ep 1900, loss 0.0209
[1 1 2]
[Nonlinear] Ep 0, loss 5.6994
[Nonlinear] Ep 100, loss 1.6135
[Nonlinear] Ep 200, loss 0.0490
[Nonlinear] Ep 300, loss 0.0300
[Nonlinear] Ep 400, loss 0.0272
[Nonlinear] Ep 500, loss 0.0260
[Nonlinear] Ep 600, loss 0.0253
[Nonlinear] Ep 700, loss 0.0249
[Nonlinear] Ep 800, loss 0.0247
[Nonlinear] Ep 900, loss 0.0246
[Nonlinear] Ep 1000, loss 0.0245
[Nonlinear] Ep 1100, loss 0.0245
[Nonlinear] Ep 1200, loss 0.0244
[Nonlinear] Ep 1300, loss 0.0244
[Nonlinear] Ep 1400, loss 0.0243
[Nonlinear] Ep 1500, loss 0.0242
[Nonlinear] Ep 1600, loss 0.0242
[Nonlinear] Ep 1700, loss 0.0241
[Nonlinear] Ep 1800, loss 0.0241
[Nonlinear] Ep 1900, loss 0.0240
[Nonlinear] Ep 0, loss 6.1651
[Nonlinear] Ep 100, loss 0.6559
[Nonlinear] Ep 200, loss 0.1030
[Nonlinear] Ep 300, loss 0.0943
[Nonlinear] Ep 400, loss 0.0931
[Nonlinear] Ep 500, loss 0.0925
[Nonlinear] Ep 600, loss 0.0920
[Nonlinear] Ep 700, loss 0.0916
[Nonlinear] Ep 800, loss 0.0913
[Nonlinear] Ep 900, loss 0.0910
[Nonlinear] Ep 1000, loss 0.0909
[Nonlinear] Ep 1100, loss 0.0908
[Nonlinear] Ep 1200, loss 0.0907
[Nonlinear] Ep 1300, loss 0.0906
[Nonlinear] Ep 1400, loss 0.0906
[Nonlinear] Ep 1500, loss 0.0906
[Nonlinear] Ep 1600, loss 0.0906
[Nonlinear] Ep 1700, loss 0.0906
[Nonlinear] Ep 1800, loss 0.0906
[Nonlinear] Ep 1900, loss 0.0906

=== Current trial for n = 3000, trial = 8 ===
[1 1 2]
[Nonlinear] Ep 0, loss 2.0650
[Nonlinear] Ep 100, loss 0.2558
[Nonlinear] Ep 200, loss 0.0112
[Nonlinear] Ep 300, loss 0.0103
[Nonlinear] Ep 400, loss 0.0103
[Nonlinear] Ep 500, loss 0.0103
[Nonlinear] Ep 600, loss 0.0103
[Nonlinear] Ep 700, loss 0.0103
[Nonlinear] Ep 800, loss 0.0103
[Nonlinear] Ep 900, loss 0.0103
[Nonlinear] Ep 1000, loss 0.0103
[Nonlinear] Ep 1100, loss 0.0103
[Nonlinear] Ep 1200, loss 0.0103
[Nonlinear] Ep 1300, loss 0.0103
[Nonlinear] Ep 1400, loss 0.0103
[Nonlinear] Ep 1500, loss 0.0103
[Nonlinear] Ep 1600, loss 0.0103
[Nonlinear] Ep 1700, loss 0.0103
[Nonlinear] Ep 1800, loss 0.0103
[Nonlinear] Ep 1900, loss 0.0103
[1 1 2]
[Nonlinear] Ep 0, loss 2.3459
[Nonlinear] Ep 100, loss 0.6900
[Nonlinear] Ep 200, loss 0.0542
[Nonlinear] Ep 300, loss 0.0181
[Nonlinear] Ep 400, loss 0.0153
[Nonlinear] Ep 500, loss 0.0148
[Nonlinear] Ep 600, loss 0.0145
[Nonlinear] Ep 700, loss 0.0144
[Nonlinear] Ep 800, loss 0.0142
[Nonlinear] Ep 900, loss 0.0141
[Nonlinear] Ep 1000, loss 0.0140
[Nonlinear] Ep 1100, loss 0.0138
[Nonlinear] Ep 1200, loss 0.0137
[Nonlinear] Ep 1300, loss 0.0136
[Nonlinear] Ep 1400, loss 0.0135
[Nonlinear] Ep 1500, loss 0.0133
[Nonlinear] Ep 1600, loss 0.0132
[Nonlinear] Ep 1700, loss 0.0131
[Nonlinear] Ep 1800, loss 0.0130
[Nonlinear] Ep 1900, loss 0.0129
[Nonlinear] Ep 0, loss 1.8722
[Nonlinear] Ep 100, loss 0.1479
[Nonlinear] Ep 200, loss 0.0106
[Nonlinear] Ep 300, loss 0.0102
[Nonlinear] Ep 400, loss 0.0102
[Nonlinear] Ep 500, loss 0.0101
[Nonlinear] Ep 600, loss 0.0101
[Nonlinear] Ep 700, loss 0.0101
[Nonlinear] Ep 800, loss 0.0101
[Nonlinear] Ep 900, loss 0.0101
[Nonlinear] Ep 1000, loss 0.0101
[Nonlinear] Ep 1100, loss 0.0101
[Nonlinear] Ep 1200, loss 0.0101
[Nonlinear] Ep 1300, loss 0.0101
[Nonlinear] Ep 1400, loss 0.0101
[Nonlinear] Ep 1500, loss 0.0101
[Nonlinear] Ep 1600, loss 0.0101
[Nonlinear] Ep 1700, loss 0.0101
[Nonlinear] Ep 1800, loss 0.0101
[Nonlinear] Ep 1900, loss 0.0101

=== Current trial for n = 3000, trial = 9 ===
[1 1 2]
[Nonlinear] Ep 0, loss 5.3887
[Nonlinear] Ep 100, loss 1.2629
[Nonlinear] Ep 200, loss 0.0745
[Nonlinear] Ep 300, loss 0.0275
[Nonlinear] Ep 400, loss 0.0253
[Nonlinear] Ep 500, loss 0.0252
[Nonlinear] Ep 600, loss 0.0252
[Nonlinear] Ep 700, loss 0.0252
[Nonlinear] Ep 800, loss 0.0252
[Nonlinear] Ep 900, loss 0.0251
[Nonlinear] Ep 1000, loss 0.0251
[Nonlinear] Ep 1100, loss 0.0251
[Nonlinear] Ep 1200, loss 0.0251
[Nonlinear] Ep 1300, loss 0.0251
[Nonlinear] Ep 1400, loss 0.0251
[Nonlinear] Ep 1500, loss 0.0251
[Nonlinear] Ep 1600, loss 0.0251
[Nonlinear] Ep 1700, loss 0.0251
[Nonlinear] Ep 1800, loss 0.0251
[Nonlinear] Ep 1900, loss 0.0250
[1 1 2]
[Nonlinear] Ep 0, loss 6.6089
[Nonlinear] Ep 100, loss 2.5909
[Nonlinear] Ep 200, loss 0.1517
[Nonlinear] Ep 300, loss 0.0561
[Nonlinear] Ep 400, loss 0.0508
[Nonlinear] Ep 500, loss 0.0485
[Nonlinear] Ep 600, loss 0.0468
[Nonlinear] Ep 700, loss 0.0455
[Nonlinear] Ep 800, loss 0.0447
[Nonlinear] Ep 900, loss 0.0440
[Nonlinear] Ep 1000, loss 0.0435
[Nonlinear] Ep 1100, loss 0.0431
[Nonlinear] Ep 1200, loss 0.0427
[Nonlinear] Ep 1300, loss 0.0424
[Nonlinear] Ep 1400, loss 0.0421
[Nonlinear] Ep 1500, loss 0.0418
[Nonlinear] Ep 1600, loss 0.0415
[Nonlinear] Ep 1700, loss 0.0413
[Nonlinear] Ep 1800, loss 0.0411
[Nonlinear] Ep 1900, loss 0.0410
[Nonlinear] Ep 0, loss 6.1833
[Nonlinear] Ep 100, loss 1.3018
[Nonlinear] Ep 200, loss 0.1563
[Nonlinear] Ep 300, loss 0.1010
[Nonlinear] Ep 400, loss 0.0995
[Nonlinear] Ep 500, loss 0.0988
[Nonlinear] Ep 600, loss 0.0981
[Nonlinear] Ep 700, loss 0.0975
[Nonlinear] Ep 800, loss 0.0971
[Nonlinear] Ep 900, loss 0.0968
[Nonlinear] Ep 1000, loss 0.0966
[Nonlinear] Ep 1100, loss 0.0964
[Nonlinear] Ep 1200, loss 0.0963
[Nonlinear] Ep 1300, loss 0.0962
[Nonlinear] Ep 1400, loss 0.0962
[Nonlinear] Ep 1500, loss 0.0962
[Nonlinear] Ep 1600, loss 0.0961
[Nonlinear] Ep 1700, loss 0.0961
[Nonlinear] Ep 1800, loss 0.0961
[Nonlinear] Ep 1900, loss 0.0961

=== Current trial for n = 3000, trial = 10 ===
[1 1 2]
[Nonlinear] Ep 0, loss 6.0042
[Nonlinear] Ep 100, loss 1.6948
[Nonlinear] Ep 200, loss 0.0896
[Nonlinear] Ep 300, loss 0.0278
[Nonlinear] Ep 400, loss 0.0254
[Nonlinear] Ep 500, loss 0.0253
[Nonlinear] Ep 600, loss 0.0253
[Nonlinear] Ep 700, loss 0.0253
[Nonlinear] Ep 800, loss 0.0252
[Nonlinear] Ep 900, loss 0.0252
[Nonlinear] Ep 1000, loss 0.0252
[Nonlinear] Ep 1100, loss 0.0252
[Nonlinear] Ep 1200, loss 0.0251
[Nonlinear] Ep 1300, loss 0.0251
[Nonlinear] Ep 1400, loss 0.0251
[Nonlinear] Ep 1500, loss 0.0251
[Nonlinear] Ep 1600, loss 0.0250
[Nonlinear] Ep 1700, loss 0.0250
[Nonlinear] Ep 1800, loss 0.0249
[Nonlinear] Ep 1900, loss 0.0249
[1 1 2]
[Nonlinear] Ep 0, loss 5.6740
[Nonlinear] Ep 100, loss 2.5193
[Nonlinear] Ep 200, loss 0.2269
[Nonlinear] Ep 300, loss 0.0409
[Nonlinear] Ep 400, loss 0.0351
[Nonlinear] Ep 500, loss 0.0345
[Nonlinear] Ep 600, loss 0.0342
[Nonlinear] Ep 700, loss 0.0340
[Nonlinear] Ep 800, loss 0.0338
[Nonlinear] Ep 900, loss 0.0337
[Nonlinear] Ep 1000, loss 0.0335
[Nonlinear] Ep 1100, loss 0.0334
[Nonlinear] Ep 1200, loss 0.0332
[Nonlinear] Ep 1300, loss 0.0331
[Nonlinear] Ep 1400, loss 0.0329
[Nonlinear] Ep 1500, loss 0.0327
[Nonlinear] Ep 1600, loss 0.0326
[Nonlinear] Ep 1700, loss 0.0324
[Nonlinear] Ep 1800, loss 0.0322
[Nonlinear] Ep 1900, loss 0.0321
[Nonlinear] Ep 0, loss 6.7050
[Nonlinear] Ep 100, loss 1.3450
[Nonlinear] Ep 200, loss 0.1499
[Nonlinear] Ep 300, loss 0.1052
[Nonlinear] Ep 400, loss 0.1001
[Nonlinear] Ep 500, loss 0.0996
[Nonlinear] Ep 600, loss 0.0995
[Nonlinear] Ep 700, loss 0.0995
[Nonlinear] Ep 800, loss 0.0994
[Nonlinear] Ep 900, loss 0.0994
[Nonlinear] Ep 1000, loss 0.0994
[Nonlinear] Ep 1100, loss 0.0994
[Nonlinear] Ep 1200, loss 0.0994
[Nonlinear] Ep 1300, loss 0.0993
[Nonlinear] Ep 1400, loss 0.0993
[Nonlinear] Ep 1500, loss 0.0993
[Nonlinear] Ep 1600, loss 0.0993
[Nonlinear] Ep 1700, loss 0.0992
[Nonlinear] Ep 1800, loss 0.0991
[Nonlinear] Ep 1900, loss 0.0991

=== Current trial for n = 3000, trial = 11 ===
[1 1 2]
[Nonlinear] Ep 0, loss 5.5582
[Nonlinear] Ep 100, loss 1.5079
[Nonlinear] Ep 200, loss 0.1198
[Nonlinear] Ep 300, loss 0.0282
[Nonlinear] Ep 400, loss 0.0264
[Nonlinear] Ep 500, loss 0.0264
[Nonlinear] Ep 600, loss 0.0264
[Nonlinear] Ep 700, loss 0.0264
[Nonlinear] Ep 800, loss 0.0264
[Nonlinear] Ep 900, loss 0.0263
[Nonlinear] Ep 1000, loss 0.0263
[Nonlinear] Ep 1100, loss 0.0263
[Nonlinear] Ep 1200, loss 0.0263
[Nonlinear] Ep 1300, loss 0.0263
[Nonlinear] Ep 1400, loss 0.0263
[Nonlinear] Ep 1500, loss 0.0263
[Nonlinear] Ep 1600, loss 0.0263
[Nonlinear] Ep 1700, loss 0.0263
[Nonlinear] Ep 1800, loss 0.0262
[Nonlinear] Ep 1900, loss 0.0262
[1 1 2]
[Nonlinear] Ep 0, loss 5.6129
[Nonlinear] Ep 100, loss 1.6569
[Nonlinear] Ep 200, loss 0.1629
[Nonlinear] Ep 300, loss 0.0531
[Nonlinear] Ep 400, loss 0.0408
[Nonlinear] Ep 500, loss 0.0374
[Nonlinear] Ep 600, loss 0.0364
[Nonlinear] Ep 700, loss 0.0359
[Nonlinear] Ep 800, loss 0.0356
[Nonlinear] Ep 900, loss 0.0353
[Nonlinear] Ep 1000, loss 0.0351
[Nonlinear] Ep 1100, loss 0.0348
[Nonlinear] Ep 1200, loss 0.0345
[Nonlinear] Ep 1300, loss 0.0343
[Nonlinear] Ep 1400, loss 0.0340
[Nonlinear] Ep 1500, loss 0.0337
[Nonlinear] Ep 1600, loss 0.0335
[Nonlinear] Ep 1700, loss 0.0333
[Nonlinear] Ep 1800, loss 0.0330
[Nonlinear] Ep 1900, loss 0.0328
[Nonlinear] Ep 0, loss 6.2040
[Nonlinear] Ep 100, loss 1.0224
[Nonlinear] Ep 200, loss 0.1408
[Nonlinear] Ep 300, loss 0.1106
[Nonlinear] Ep 400, loss 0.1049
[Nonlinear] Ep 500, loss 0.1038
[Nonlinear] Ep 600, loss 0.1035
[Nonlinear] Ep 700, loss 0.1033
[Nonlinear] Ep 800, loss 0.1031
[Nonlinear] Ep 900, loss 0.1030
[Nonlinear] Ep 1000, loss 0.1030
[Nonlinear] Ep 1100, loss 0.1029
[Nonlinear] Ep 1200, loss 0.1029
[Nonlinear] Ep 1300, loss 0.1029
[Nonlinear] Ep 1400, loss 0.1029
[Nonlinear] Ep 1500, loss 0.1028
[Nonlinear] Ep 1600, loss 0.1028
[Nonlinear] Ep 1700, loss 0.1028
[Nonlinear] Ep 1800, loss 0.1028
[Nonlinear] Ep 1900, loss 0.1028

=== Current trial for n = 3000, trial = 12 ===
[1 1 2]
[Nonlinear] Ep 0, loss 6.4323
[Nonlinear] Ep 100, loss 1.4005
[Nonlinear] Ep 200, loss 0.0489
[Nonlinear] Ep 300, loss 0.0223
[Nonlinear] Ep 400, loss 0.0217
[Nonlinear] Ep 500, loss 0.0216
[Nonlinear] Ep 600, loss 0.0216
[Nonlinear] Ep 700, loss 0.0216
[Nonlinear] Ep 800, loss 0.0216
[Nonlinear] Ep 900, loss 0.0216
[Nonlinear] Ep 1000, loss 0.0216
[Nonlinear] Ep 1100, loss 0.0216
[Nonlinear] Ep 1200, loss 0.0216
[Nonlinear] Ep 1300, loss 0.0216
[Nonlinear] Ep 1400, loss 0.0216
[Nonlinear] Ep 1500, loss 0.0216
[Nonlinear] Ep 1600, loss 0.0216
[Nonlinear] Ep 1700, loss 0.0216
[Nonlinear] Ep 1800, loss 0.0216
[Nonlinear] Ep 1900, loss 0.0216
[1 1 2]
[Nonlinear] Ep 0, loss 6.1728
[Nonlinear] Ep 100, loss 1.8965
[Nonlinear] Ep 200, loss 0.1696
[Nonlinear] Ep 300, loss 0.0590
[Nonlinear] Ep 400, loss 0.0495
[Nonlinear] Ep 500, loss 0.0446
[Nonlinear] Ep 600, loss 0.0408
[Nonlinear] Ep 700, loss 0.0377
[Nonlinear] Ep 800, loss 0.0351
[Nonlinear] Ep 900, loss 0.0327
[Nonlinear] Ep 1000, loss 0.0307
[Nonlinear] Ep 1100, loss 0.0292
[Nonlinear] Ep 1200, loss 0.0280
[Nonlinear] Ep 1300, loss 0.0273
[Nonlinear] Ep 1400, loss 0.0267
[Nonlinear] Ep 1500, loss 0.0263
[Nonlinear] Ep 1600, loss 0.0261
[Nonlinear] Ep 1700, loss 0.0259
[Nonlinear] Ep 1800, loss 0.0258
[Nonlinear] Ep 1900, loss 0.0258
[Nonlinear] Ep 0, loss 6.8238
[Nonlinear] Ep 100, loss 1.1122
[Nonlinear] Ep 200, loss 0.1332
[Nonlinear] Ep 300, loss 0.1087
[Nonlinear] Ep 400, loss 0.1065
[Nonlinear] Ep 500, loss 0.1047
[Nonlinear] Ep 600, loss 0.1031
[Nonlinear] Ep 700, loss 0.1017
[Nonlinear] Ep 800, loss 0.1005
[Nonlinear] Ep 900, loss 0.0995
[Nonlinear] Ep 1000, loss 0.0988
[Nonlinear] Ep 1100, loss 0.0982
[Nonlinear] Ep 1200, loss 0.0978
[Nonlinear] Ep 1300, loss 0.0976
[Nonlinear] Ep 1400, loss 0.0974
[Nonlinear] Ep 1500, loss 0.0973
[Nonlinear] Ep 1600, loss 0.0972
[Nonlinear] Ep 1700, loss 0.0971
[Nonlinear] Ep 1800, loss 0.0971
[Nonlinear] Ep 1900, loss 0.0971

=== Current trial for n = 3000, trial = 13 ===
[1 1 2]
[Nonlinear] Ep 0, loss 6.1339
[Nonlinear] Ep 100, loss 1.3555
[Nonlinear] Ep 200, loss 0.0795
[Nonlinear] Ep 300, loss 0.0335
[Nonlinear] Ep 400, loss 0.0314
[Nonlinear] Ep 500, loss 0.0313
[Nonlinear] Ep 600, loss 0.0313
[Nonlinear] Ep 700, loss 0.0313
[Nonlinear] Ep 800, loss 0.0313
[Nonlinear] Ep 900, loss 0.0312
[Nonlinear] Ep 1000, loss 0.0312
[Nonlinear] Ep 1100, loss 0.0312
[Nonlinear] Ep 1200, loss 0.0312
[Nonlinear] Ep 1300, loss 0.0312
[Nonlinear] Ep 1400, loss 0.0312
[Nonlinear] Ep 1500, loss 0.0312
[Nonlinear] Ep 1600, loss 0.0312
[Nonlinear] Ep 1700, loss 0.0312
[Nonlinear] Ep 1800, loss 0.0311
[Nonlinear] Ep 1900, loss 0.0311
[1 1 2]
[Nonlinear] Ep 0, loss 5.9143
[Nonlinear] Ep 100, loss 2.1968
[Nonlinear] Ep 200, loss 0.1545
[Nonlinear] Ep 300, loss 0.0531
[Nonlinear] Ep 400, loss 0.0410
[Nonlinear] Ep 500, loss 0.0386
[Nonlinear] Ep 600, loss 0.0381
[Nonlinear] Ep 700, loss 0.0379
[Nonlinear] Ep 800, loss 0.0379
[Nonlinear] Ep 900, loss 0.0378
[Nonlinear] Ep 1000, loss 0.0378
[Nonlinear] Ep 1100, loss 0.0378
[Nonlinear] Ep 1200, loss 0.0377
[Nonlinear] Ep 1300, loss 0.0377
[Nonlinear] Ep 1400, loss 0.0377
[Nonlinear] Ep 1500, loss 0.0376
[Nonlinear] Ep 1600, loss 0.0376
[Nonlinear] Ep 1700, loss 0.0375
[Nonlinear] Ep 1800, loss 0.0375
[Nonlinear] Ep 1900, loss 0.0375
[Nonlinear] Ep 0, loss 6.1458
[Nonlinear] Ep 100, loss 1.0361
[Nonlinear] Ep 200, loss 0.1448
[Nonlinear] Ep 300, loss 0.1116
[Nonlinear] Ep 400, loss 0.1109
[Nonlinear] Ep 500, loss 0.1103
[Nonlinear] Ep 600, loss 0.1098
[Nonlinear] Ep 700, loss 0.1093
[Nonlinear] Ep 800, loss 0.1089
[Nonlinear] Ep 900, loss 0.1086
[Nonlinear] Ep 1000, loss 0.1084
[Nonlinear] Ep 1100, loss 0.1082
[Nonlinear] Ep 1200, loss 0.1081
[Nonlinear] Ep 1300, loss 0.1080
[Nonlinear] Ep 1400, loss 0.1080
[Nonlinear] Ep 1500, loss 0.1079
[Nonlinear] Ep 1600, loss 0.1079
[Nonlinear] Ep 1700, loss 0.1079
[Nonlinear] Ep 1800, loss 0.1079
[Nonlinear] Ep 1900, loss 0.1079

=== Current trial for n = 3000, trial = 14 ===
[1 1 2]
[Nonlinear] Ep 0, loss 6.3084
[Nonlinear] Ep 100, loss 1.5627
[Nonlinear] Ep 200, loss 0.0799
[Nonlinear] Ep 300, loss 0.0239
[Nonlinear] Ep 400, loss 0.0233
[Nonlinear] Ep 500, loss 0.0232
[Nonlinear] Ep 600, loss 0.0232
[Nonlinear] Ep 700, loss 0.0232
[Nonlinear] Ep 800, loss 0.0232
[Nonlinear] Ep 900, loss 0.0232
[Nonlinear] Ep 1000, loss 0.0232
[Nonlinear] Ep 1100, loss 0.0232
[Nonlinear] Ep 1200, loss 0.0232
[Nonlinear] Ep 1300, loss 0.0232
[Nonlinear] Ep 1400, loss 0.0232
[Nonlinear] Ep 1500, loss 0.0232
[Nonlinear] Ep 1600, loss 0.0232
[Nonlinear] Ep 1700, loss 0.0232
[Nonlinear] Ep 1800, loss 0.0232
[Nonlinear] Ep 1900, loss 0.0232
[1 1 2]
[Nonlinear] Ep 0, loss 6.3308
[Nonlinear] Ep 100, loss 1.8906
[Nonlinear] Ep 200, loss 0.0999
[Nonlinear] Ep 300, loss 0.0342
[Nonlinear] Ep 400, loss 0.0325
[Nonlinear] Ep 500, loss 0.0321
[Nonlinear] Ep 600, loss 0.0320
[Nonlinear] Ep 700, loss 0.0319
[Nonlinear] Ep 800, loss 0.0318
[Nonlinear] Ep 900, loss 0.0318
[Nonlinear] Ep 1000, loss 0.0317
[Nonlinear] Ep 1100, loss 0.0316
[Nonlinear] Ep 1200, loss 0.0315
[Nonlinear] Ep 1300, loss 0.0314
[Nonlinear] Ep 1400, loss 0.0313
[Nonlinear] Ep 1500, loss 0.0312
[Nonlinear] Ep 1600, loss 0.0311
[Nonlinear] Ep 1700, loss 0.0310
[Nonlinear] Ep 1800, loss 0.0309
[Nonlinear] Ep 1900, loss 0.0308
[Nonlinear] Ep 0, loss 7.6313
[Nonlinear] Ep 100, loss 1.2496
[Nonlinear] Ep 200, loss 0.1154
[Nonlinear] Ep 300, loss 0.1001
[Nonlinear] Ep 400, loss 0.0991
[Nonlinear] Ep 500, loss 0.0988
[Nonlinear] Ep 600, loss 0.0987
[Nonlinear] Ep 700, loss 0.0986
[Nonlinear] Ep 800, loss 0.0986
[Nonlinear] Ep 900, loss 0.0986
[Nonlinear] Ep 1000, loss 0.0985
[Nonlinear] Ep 1100, loss 0.0985
[Nonlinear] Ep 1200, loss 0.0985
[Nonlinear] Ep 1300, loss 0.0985
[Nonlinear] Ep 1400, loss 0.0985
[Nonlinear] Ep 1500, loss 0.0985
[Nonlinear] Ep 1600, loss 0.0984
[Nonlinear] Ep 1700, loss 0.0984
[Nonlinear] Ep 1800, loss 0.0984
[Nonlinear] Ep 1900, loss 0.0984

=== Current trial for n = 3000, trial = 15 ===
[1 1 2]
[Nonlinear] Ep 0, loss 2.6619
[Nonlinear] Ep 100, loss 0.2096
[Nonlinear] Ep 200, loss 0.0116
[Nonlinear] Ep 300, loss 0.0115
[Nonlinear] Ep 400, loss 0.0115
[Nonlinear] Ep 500, loss 0.0115
[Nonlinear] Ep 600, loss 0.0115
[Nonlinear] Ep 700, loss 0.0115
[Nonlinear] Ep 800, loss 0.0115
[Nonlinear] Ep 900, loss 0.0115
[Nonlinear] Ep 1000, loss 0.0115
[Nonlinear] Ep 1100, loss 0.0115
[Nonlinear] Ep 1200, loss 0.0115
[Nonlinear] Ep 1300, loss 0.0115
[Nonlinear] Ep 1400, loss 0.0115
[Nonlinear] Ep 1500, loss 0.0115
[Nonlinear] Ep 1600, loss 0.0115
[Nonlinear] Ep 1700, loss 0.0115
[Nonlinear] Ep 1800, loss 0.0115
[Nonlinear] Ep 1900, loss 0.0115
[1 1 2]
[Nonlinear] Ep 0, loss 2.1609
[Nonlinear] Ep 100, loss 0.6138
[Nonlinear] Ep 200, loss 0.0360
[Nonlinear] Ep 300, loss 0.0145
[Nonlinear] Ep 400, loss 0.0140
[Nonlinear] Ep 500, loss 0.0138
[Nonlinear] Ep 600, loss 0.0137
[Nonlinear] Ep 700, loss 0.0137
[Nonlinear] Ep 800, loss 0.0136
[Nonlinear] Ep 900, loss 0.0136
[Nonlinear] Ep 1000, loss 0.0135
[Nonlinear] Ep 1100, loss 0.0135
[Nonlinear] Ep 1200, loss 0.0135
[Nonlinear] Ep 1300, loss 0.0134
[Nonlinear] Ep 1400, loss 0.0134
[Nonlinear] Ep 1500, loss 0.0134
[Nonlinear] Ep 1600, loss 0.0133
[Nonlinear] Ep 1700, loss 0.0133
[Nonlinear] Ep 1800, loss 0.0133
[Nonlinear] Ep 1900, loss 0.0132
[Nonlinear] Ep 0, loss 2.1133
[Nonlinear] Ep 100, loss 0.2194
[Nonlinear] Ep 200, loss 0.0132
[Nonlinear] Ep 300, loss 0.0114
[Nonlinear] Ep 400, loss 0.0114
[Nonlinear] Ep 500, loss 0.0114
[Nonlinear] Ep 600, loss 0.0114
[Nonlinear] Ep 700, loss 0.0114
[Nonlinear] Ep 800, loss 0.0114
[Nonlinear] Ep 900, loss 0.0114
[Nonlinear] Ep 1000, loss 0.0114
[Nonlinear] Ep 1100, loss 0.0114
[Nonlinear] Ep 1200, loss 0.0114
[Nonlinear] Ep 1300, loss 0.0114
[Nonlinear] Ep 1400, loss 0.0114
[Nonlinear] Ep 1500, loss 0.0114
[Nonlinear] Ep 1600, loss 0.0114
[Nonlinear] Ep 1700, loss 0.0114
[Nonlinear] Ep 1800, loss 0.0114
[Nonlinear] Ep 1900, loss 0.0114

=== Current trial for n = 3000, trial = 16 ===
[1 1 2]
[Nonlinear] Ep 0, loss 7.1283
[Nonlinear] Ep 100, loss 1.9689
[Nonlinear] Ep 200, loss 0.0783
[Nonlinear] Ep 300, loss 0.0221
[Nonlinear] Ep 400, loss 0.0217
[Nonlinear] Ep 500, loss 0.0217
[Nonlinear] Ep 600, loss 0.0217
[Nonlinear] Ep 700, loss 0.0217
[Nonlinear] Ep 800, loss 0.0217
[Nonlinear] Ep 900, loss 0.0217
[Nonlinear] Ep 1000, loss 0.0217
[Nonlinear] Ep 1100, loss 0.0217
[Nonlinear] Ep 1200, loss 0.0217
[Nonlinear] Ep 1300, loss 0.0217
[Nonlinear] Ep 1400, loss 0.0217
[Nonlinear] Ep 1500, loss 0.0217
[Nonlinear] Ep 1600, loss 0.0217
[Nonlinear] Ep 1700, loss 0.0217
[Nonlinear] Ep 1800, loss 0.0217
[Nonlinear] Ep 1900, loss 0.0217
[1 1 2]
[Nonlinear] Ep 0, loss 6.7103
[Nonlinear] Ep 100, loss 2.5304
[Nonlinear] Ep 200, loss 0.1499
[Nonlinear] Ep 300, loss 0.0555
[Nonlinear] Ep 400, loss 0.0435
[Nonlinear] Ep 500, loss 0.0396
[Nonlinear] Ep 600, loss 0.0378
[Nonlinear] Ep 700, loss 0.0367
[Nonlinear] Ep 800, loss 0.0359
[Nonlinear] Ep 900, loss 0.0354
[Nonlinear] Ep 1000, loss 0.0351
[Nonlinear] Ep 1100, loss 0.0348
[Nonlinear] Ep 1200, loss 0.0347
[Nonlinear] Ep 1300, loss 0.0346
[Nonlinear] Ep 1400, loss 0.0345
[Nonlinear] Ep 1500, loss 0.0344
[Nonlinear] Ep 1600, loss 0.0343
[Nonlinear] Ep 1700, loss 0.0343
[Nonlinear] Ep 1800, loss 0.0342
[Nonlinear] Ep 1900, loss 0.0341
[Nonlinear] Ep 0, loss 6.3909
[Nonlinear] Ep 100, loss 1.1818
[Nonlinear] Ep 200, loss 0.1671
[Nonlinear] Ep 300, loss 0.1137
[Nonlinear] Ep 400, loss 0.1091
[Nonlinear] Ep 500, loss 0.1064
[Nonlinear] Ep 600, loss 0.1041
[Nonlinear] Ep 700, loss 0.1022
[Nonlinear] Ep 800, loss 0.1008
[Nonlinear] Ep 900, loss 0.0997
[Nonlinear] Ep 1000, loss 0.0988
[Nonlinear] Ep 1100, loss 0.0983
[Nonlinear] Ep 1200, loss 0.0979
[Nonlinear] Ep 1300, loss 0.0976
[Nonlinear] Ep 1400, loss 0.0975
[Nonlinear] Ep 1500, loss 0.0973
[Nonlinear] Ep 1600, loss 0.0973
[Nonlinear] Ep 1700, loss 0.0972
[Nonlinear] Ep 1800, loss 0.0972
[Nonlinear] Ep 1900, loss 0.0972

=== Current trial for n = 3000, trial = 17 ===
[1 1 2]
[Nonlinear] Ep 0, loss 2.3284
[Nonlinear] Ep 100, loss 0.1915
[Nonlinear] Ep 200, loss 0.0111
[Nonlinear] Ep 300, loss 0.0106
[Nonlinear] Ep 400, loss 0.0106
[Nonlinear] Ep 500, loss 0.0106
[Nonlinear] Ep 600, loss 0.0106
[Nonlinear] Ep 700, loss 0.0106
[Nonlinear] Ep 800, loss 0.0106
[Nonlinear] Ep 900, loss 0.0106
[Nonlinear] Ep 1000, loss 0.0106
[Nonlinear] Ep 1100, loss 0.0106
[Nonlinear] Ep 1200, loss 0.0106
[Nonlinear] Ep 1300, loss 0.0106
[Nonlinear] Ep 1400, loss 0.0106
[Nonlinear] Ep 1500, loss 0.0106
[Nonlinear] Ep 1600, loss 0.0106
[Nonlinear] Ep 1700, loss 0.0106
[Nonlinear] Ep 1800, loss 0.0106
[Nonlinear] Ep 1900, loss 0.0106
[1 1 2]
[Nonlinear] Ep 0, loss 1.6646
[Nonlinear] Ep 100, loss 0.2719
[Nonlinear] Ep 200, loss 0.0145
[Nonlinear] Ep 300, loss 0.0126
[Nonlinear] Ep 400, loss 0.0125
[Nonlinear] Ep 500, loss 0.0124
[Nonlinear] Ep 600, loss 0.0123
[Nonlinear] Ep 700, loss 0.0122
[Nonlinear] Ep 800, loss 0.0122
[Nonlinear] Ep 900, loss 0.0121
[Nonlinear] Ep 1000, loss 0.0121
[Nonlinear] Ep 1100, loss 0.0120
[Nonlinear] Ep 1200, loss 0.0120
[Nonlinear] Ep 1300, loss 0.0120
[Nonlinear] Ep 1400, loss 0.0119
[Nonlinear] Ep 1500, loss 0.0119
[Nonlinear] Ep 1600, loss 0.0118
[Nonlinear] Ep 1700, loss 0.0118
[Nonlinear] Ep 1800, loss 0.0117
[Nonlinear] Ep 1900, loss 0.0117
[Nonlinear] Ep 0, loss 2.5164
[Nonlinear] Ep 100, loss 0.2038
[Nonlinear] Ep 200, loss 0.0114
[Nonlinear] Ep 300, loss 0.0107
[Nonlinear] Ep 400, loss 0.0106
[Nonlinear] Ep 500, loss 0.0106
[Nonlinear] Ep 600, loss 0.0106
[Nonlinear] Ep 700, loss 0.0106
[Nonlinear] Ep 800, loss 0.0106
[Nonlinear] Ep 900, loss 0.0106
[Nonlinear] Ep 1000, loss 0.0106
[Nonlinear] Ep 1100, loss 0.0106
[Nonlinear] Ep 1200, loss 0.0106
[Nonlinear] Ep 1300, loss 0.0106
[Nonlinear] Ep 1400, loss 0.0106
[Nonlinear] Ep 1500, loss 0.0106
[Nonlinear] Ep 1600, loss 0.0106
[Nonlinear] Ep 1700, loss 0.0106
[Nonlinear] Ep 1800, loss 0.0106
[Nonlinear] Ep 1900, loss 0.0106

=== Current trial for n = 3000, trial = 18 ===
[1 1 2]
[Nonlinear] Ep 0, loss 6.4646
[Nonlinear] Ep 100, loss 1.9224
[Nonlinear] Ep 200, loss 0.1394
[Nonlinear] Ep 300, loss 0.0243
[Nonlinear] Ep 400, loss 0.0239
[Nonlinear] Ep 500, loss 0.0239
[Nonlinear] Ep 600, loss 0.0239
[Nonlinear] Ep 700, loss 0.0239
[Nonlinear] Ep 800, loss 0.0239
[Nonlinear] Ep 900, loss 0.0239
[Nonlinear] Ep 1000, loss 0.0239
[Nonlinear] Ep 1100, loss 0.0239
[Nonlinear] Ep 1200, loss 0.0239
[Nonlinear] Ep 1300, loss 0.0239
[Nonlinear] Ep 1400, loss 0.0239
[Nonlinear] Ep 1500, loss 0.0239
[Nonlinear] Ep 1600, loss 0.0239
[Nonlinear] Ep 1700, loss 0.0239
[Nonlinear] Ep 1800, loss 0.0239
[Nonlinear] Ep 1900, loss 0.0238
[1 1 2]
[Nonlinear] Ep 0, loss 5.8931
[Nonlinear] Ep 100, loss 2.0922
[Nonlinear] Ep 200, loss 0.1254
[Nonlinear] Ep 300, loss 0.0457
[Nonlinear] Ep 400, loss 0.0392
[Nonlinear] Ep 500, loss 0.0375
[Nonlinear] Ep 600, loss 0.0370
[Nonlinear] Ep 700, loss 0.0368
[Nonlinear] Ep 800, loss 0.0366
[Nonlinear] Ep 900, loss 0.0365
[Nonlinear] Ep 1000, loss 0.0363
[Nonlinear] Ep 1100, loss 0.0362
[Nonlinear] Ep 1200, loss 0.0361
[Nonlinear] Ep 1300, loss 0.0359
[Nonlinear] Ep 1400, loss 0.0358
[Nonlinear] Ep 1500, loss 0.0357
[Nonlinear] Ep 1600, loss 0.0355
[Nonlinear] Ep 1700, loss 0.0354
[Nonlinear] Ep 1800, loss 0.0353
[Nonlinear] Ep 1900, loss 0.0352
[Nonlinear] Ep 0, loss 6.1792
[Nonlinear] Ep 100, loss 0.7183
[Nonlinear] Ep 200, loss 0.1410
[Nonlinear] Ep 300, loss 0.1094
[Nonlinear] Ep 400, loss 0.1044
[Nonlinear] Ep 500, loss 0.1029
[Nonlinear] Ep 600, loss 0.1019
[Nonlinear] Ep 700, loss 0.1012
[Nonlinear] Ep 800, loss 0.1008
[Nonlinear] Ep 900, loss 0.1005
[Nonlinear] Ep 1000, loss 0.1003
[Nonlinear] Ep 1100, loss 0.1002
[Nonlinear] Ep 1200, loss 0.1002
[Nonlinear] Ep 1300, loss 0.1002
[Nonlinear] Ep 1400, loss 0.1002
[Nonlinear] Ep 1500, loss 0.1002
[Nonlinear] Ep 1600, loss 0.1002
[Nonlinear] Ep 1700, loss 0.1002
[Nonlinear] Ep 1800, loss 0.1002
[Nonlinear] Ep 1900, loss 0.1001

=== Current trial for n = 3000, trial = 19 ===
[1 1 2]
[Nonlinear] Ep 0, loss 2.4608
[Nonlinear] Ep 100, loss 0.1971
[Nonlinear] Ep 200, loss 0.0131
[Nonlinear] Ep 300, loss 0.0105
[Nonlinear] Ep 400, loss 0.0105
[Nonlinear] Ep 500, loss 0.0105
[Nonlinear] Ep 600, loss 0.0105
[Nonlinear] Ep 700, loss 0.0105
[Nonlinear] Ep 800, loss 0.0105
[Nonlinear] Ep 900, loss 0.0105
[Nonlinear] Ep 1000, loss 0.0105
[Nonlinear] Ep 1100, loss 0.0105
[Nonlinear] Ep 1200, loss 0.0105
[Nonlinear] Ep 1300, loss 0.0105
[Nonlinear] Ep 1400, loss 0.0105
[Nonlinear] Ep 1500, loss 0.0105
[Nonlinear] Ep 1600, loss 0.0105
[Nonlinear] Ep 1700, loss 0.0105
[Nonlinear] Ep 1800, loss 0.0105
[Nonlinear] Ep 1900, loss 0.0105
[1 1 2]
[Nonlinear] Ep 0, loss 1.8553
[Nonlinear] Ep 100, loss 0.4436
[Nonlinear] Ep 200, loss 0.0219
[Nonlinear] Ep 300, loss 0.0123
[Nonlinear] Ep 400, loss 0.0123
[Nonlinear] Ep 500, loss 0.0122
[Nonlinear] Ep 600, loss 0.0122
[Nonlinear] Ep 700, loss 0.0122
[Nonlinear] Ep 800, loss 0.0122
[Nonlinear] Ep 900, loss 0.0121
[Nonlinear] Ep 1000, loss 0.0121
[Nonlinear] Ep 1100, loss 0.0121
[Nonlinear] Ep 1200, loss 0.0120
[Nonlinear] Ep 1300, loss 0.0120
[Nonlinear] Ep 1400, loss 0.0119
[Nonlinear] Ep 1500, loss 0.0119
[Nonlinear] Ep 1600, loss 0.0119
[Nonlinear] Ep 1700, loss 0.0118
[Nonlinear] Ep 1800, loss 0.0118
[Nonlinear] Ep 1900, loss 0.0118
[Nonlinear] Ep 0, loss 2.9664
[Nonlinear] Ep 100, loss 0.1738
[Nonlinear] Ep 200, loss 0.0159
[Nonlinear] Ep 300, loss 0.0125
[Nonlinear] Ep 400, loss 0.0114
[Nonlinear] Ep 500, loss 0.0109
[Nonlinear] Ep 600, loss 0.0107
[Nonlinear] Ep 700, loss 0.0106
[Nonlinear] Ep 800, loss 0.0105
[Nonlinear] Ep 900, loss 0.0105
[Nonlinear] Ep 1000, loss 0.0105
[Nonlinear] Ep 1100, loss 0.0105
[Nonlinear] Ep 1200, loss 0.0105
[Nonlinear] Ep 1300, loss 0.0105
[Nonlinear] Ep 1400, loss 0.0105
[Nonlinear] Ep 1500, loss 0.0105
[Nonlinear] Ep 1600, loss 0.0105
[Nonlinear] Ep 1700, loss 0.0105
[Nonlinear] Ep 1800, loss 0.0105
[Nonlinear] Ep 1900, loss 0.0105

=== Current trial for n = 3000, trial = 20 ===
[1 1 2]
[Nonlinear] Ep 0, loss 1.8971
[Nonlinear] Ep 100, loss 0.2967
[Nonlinear] Ep 200, loss 0.0118
[Nonlinear] Ep 300, loss 0.0105
[Nonlinear] Ep 400, loss 0.0105
[Nonlinear] Ep 500, loss 0.0105
[Nonlinear] Ep 600, loss 0.0105
[Nonlinear] Ep 700, loss 0.0105
[Nonlinear] Ep 800, loss 0.0105
[Nonlinear] Ep 900, loss 0.0105
[Nonlinear] Ep 1000, loss 0.0105
[Nonlinear] Ep 1100, loss 0.0105
[Nonlinear] Ep 1200, loss 0.0105
[Nonlinear] Ep 1300, loss 0.0105
[Nonlinear] Ep 1400, loss 0.0105
[Nonlinear] Ep 1500, loss 0.0105
[Nonlinear] Ep 1600, loss 0.0105
[Nonlinear] Ep 1700, loss 0.0104
[Nonlinear] Ep 1800, loss 0.0104
[Nonlinear] Ep 1900, loss 0.0104
[1 1 2]
[Nonlinear] Ep 0, loss 2.0347
[Nonlinear] Ep 100, loss 0.6476
[Nonlinear] Ep 200, loss 0.0400
[Nonlinear] Ep 300, loss 0.0143
[Nonlinear] Ep 400, loss 0.0136
[Nonlinear] Ep 500, loss 0.0132
[Nonlinear] Ep 600, loss 0.0130
[Nonlinear] Ep 700, loss 0.0128
[Nonlinear] Ep 800, loss 0.0126
[Nonlinear] Ep 900, loss 0.0125
[Nonlinear] Ep 1000, loss 0.0124
[Nonlinear] Ep 1100, loss 0.0122
[Nonlinear] Ep 1200, loss 0.0121
[Nonlinear] Ep 1300, loss 0.0120
[Nonlinear] Ep 1400, loss 0.0119
[Nonlinear] Ep 1500, loss 0.0118
[Nonlinear] Ep 1600, loss 0.0117
[Nonlinear] Ep 1700, loss 0.0116
[Nonlinear] Ep 1800, loss 0.0115
[Nonlinear] Ep 1900, loss 0.0114
[Nonlinear] Ep 0, loss 2.0596
[Nonlinear] Ep 100, loss 0.2020
[Nonlinear] Ep 200, loss 0.0116
[Nonlinear] Ep 300, loss 0.0103
[Nonlinear] Ep 400, loss 0.0103
[Nonlinear] Ep 500, loss 0.0103
[Nonlinear] Ep 600, loss 0.0103
[Nonlinear] Ep 700, loss 0.0103
[Nonlinear] Ep 800, loss 0.0103
[Nonlinear] Ep 900, loss 0.0103
[Nonlinear] Ep 1000, loss 0.0103
[Nonlinear] Ep 1100, loss 0.0103
[Nonlinear] Ep 1200, loss 0.0103
[Nonlinear] Ep 1300, loss 0.0103
[Nonlinear] Ep 1400, loss 0.0103
[Nonlinear] Ep 1500, loss 0.0103
[Nonlinear] Ep 1600, loss 0.0103
[Nonlinear] Ep 1700, loss 0.0103
[Nonlinear] Ep 1800, loss 0.0103
[Nonlinear] Ep 1900, loss 0.0103

=== Current trial for n = 3000, trial = 21 ===
[1 1 2]
[Nonlinear] Ep 0, loss 5.4324
[Nonlinear] Ep 100, loss 1.2604
[Nonlinear] Ep 200, loss 0.2127
[Nonlinear] Ep 300, loss 0.0298
[Nonlinear] Ep 400, loss 0.0239
[Nonlinear] Ep 500, loss 0.0237
[Nonlinear] Ep 600, loss 0.0237
[Nonlinear] Ep 700, loss 0.0237
[Nonlinear] Ep 800, loss 0.0237
[Nonlinear] Ep 900, loss 0.0237
[Nonlinear] Ep 1000, loss 0.0237
[Nonlinear] Ep 1100, loss 0.0237
[Nonlinear] Ep 1200, loss 0.0237
[Nonlinear] Ep 1300, loss 0.0237
[Nonlinear] Ep 1400, loss 0.0237
[Nonlinear] Ep 1500, loss 0.0237
[Nonlinear] Ep 1600, loss 0.0237
[Nonlinear] Ep 1700, loss 0.0237
[Nonlinear] Ep 1800, loss 0.0237
[Nonlinear] Ep 1900, loss 0.0237
[1 1 2]
[Nonlinear] Ep 0, loss 5.6253
[Nonlinear] Ep 100, loss 1.5751
[Nonlinear] Ep 200, loss 0.0983
[Nonlinear] Ep 300, loss 0.0530
[Nonlinear] Ep 400, loss 0.0454
[Nonlinear] Ep 500, loss 0.0422
[Nonlinear] Ep 600, loss 0.0400
[Nonlinear] Ep 700, loss 0.0384
[Nonlinear] Ep 800, loss 0.0371
[Nonlinear] Ep 900, loss 0.0362
[Nonlinear] Ep 1000, loss 0.0356
[Nonlinear] Ep 1100, loss 0.0351
[Nonlinear] Ep 1200, loss 0.0349
[Nonlinear] Ep 1300, loss 0.0347
[Nonlinear] Ep 1400, loss 0.0345
[Nonlinear] Ep 1500, loss 0.0344
[Nonlinear] Ep 1600, loss 0.0343
[Nonlinear] Ep 1700, loss 0.0342
[Nonlinear] Ep 1800, loss 0.0341
[Nonlinear] Ep 1900, loss 0.0340
[Nonlinear] Ep 0, loss 7.2593
[Nonlinear] Ep 100, loss 1.1169
[Nonlinear] Ep 200, loss 0.1348
[Nonlinear] Ep 300, loss 0.1062
[Nonlinear] Ep 400, loss 0.1005
[Nonlinear] Ep 500, loss 0.0998
[Nonlinear] Ep 600, loss 0.0996
[Nonlinear] Ep 700, loss 0.0996
[Nonlinear] Ep 800, loss 0.0995
[Nonlinear] Ep 900, loss 0.0995
[Nonlinear] Ep 1000, loss 0.0994
[Nonlinear] Ep 1100, loss 0.0994
[Nonlinear] Ep 1200, loss 0.0994
[Nonlinear] Ep 1300, loss 0.0994
[Nonlinear] Ep 1400, loss 0.0994
[Nonlinear] Ep 1500, loss 0.0994
[Nonlinear] Ep 1600, loss 0.0993
[Nonlinear] Ep 1700, loss 0.0993
[Nonlinear] Ep 1800, loss 0.0993
[Nonlinear] Ep 1900, loss 0.0993

=== Current trial for n = 3000, trial = 22 ===
[1 1 2]
[Nonlinear] Ep 0, loss 6.7748
[Nonlinear] Ep 100, loss 1.6301
[Nonlinear] Ep 200, loss 0.0603
[Nonlinear] Ep 300, loss 0.0251
[Nonlinear] Ep 400, loss 0.0244
[Nonlinear] Ep 500, loss 0.0244
[Nonlinear] Ep 600, loss 0.0244
[Nonlinear] Ep 700, loss 0.0244
[Nonlinear] Ep 800, loss 0.0244
[Nonlinear] Ep 900, loss 0.0244
[Nonlinear] Ep 1000, loss 0.0244
[Nonlinear] Ep 1100, loss 0.0244
[Nonlinear] Ep 1200, loss 0.0244
[Nonlinear] Ep 1300, loss 0.0244
[Nonlinear] Ep 1400, loss 0.0244
[Nonlinear] Ep 1500, loss 0.0244
[Nonlinear] Ep 1600, loss 0.0244
[Nonlinear] Ep 1700, loss 0.0244
[Nonlinear] Ep 1800, loss 0.0244
[Nonlinear] Ep 1900, loss 0.0244
[1 1 2]
[Nonlinear] Ep 0, loss 5.4794
[Nonlinear] Ep 100, loss 1.8434
[Nonlinear] Ep 200, loss 0.2099
[Nonlinear] Ep 300, loss 0.0544
[Nonlinear] Ep 400, loss 0.0464
[Nonlinear] Ep 500, loss 0.0452
[Nonlinear] Ep 600, loss 0.0447
[Nonlinear] Ep 700, loss 0.0445
[Nonlinear] Ep 800, loss 0.0442
[Nonlinear] Ep 900, loss 0.0439
[Nonlinear] Ep 1000, loss 0.0436
[Nonlinear] Ep 1100, loss 0.0433
[Nonlinear] Ep 1200, loss 0.0430
[Nonlinear] Ep 1300, loss 0.0427
[Nonlinear] Ep 1400, loss 0.0423
[Nonlinear] Ep 1500, loss 0.0420
[Nonlinear] Ep 1600, loss 0.0417
[Nonlinear] Ep 1700, loss 0.0414
[Nonlinear] Ep 1800, loss 0.0411
[Nonlinear] Ep 1900, loss 0.0408
[Nonlinear] Ep 0, loss 6.0005
[Nonlinear] Ep 100, loss 1.0694
[Nonlinear] Ep 200, loss 0.1161
[Nonlinear] Ep 300, loss 0.1057
[Nonlinear] Ep 400, loss 0.1050
[Nonlinear] Ep 500, loss 0.1047
[Nonlinear] Ep 600, loss 0.1044
[Nonlinear] Ep 700, loss 0.1042
[Nonlinear] Ep 800, loss 0.1040
[Nonlinear] Ep 900, loss 0.1038
[Nonlinear] Ep 1000, loss 0.1037
[Nonlinear] Ep 1100, loss 0.1036
[Nonlinear] Ep 1200, loss 0.1035
[Nonlinear] Ep 1300, loss 0.1035
[Nonlinear] Ep 1400, loss 0.1034
[Nonlinear] Ep 1500, loss 0.1034
[Nonlinear] Ep 1600, loss 0.1034
[Nonlinear] Ep 1700, loss 0.1034
[Nonlinear] Ep 1800, loss 0.1034
[Nonlinear] Ep 1900, loss 0.1034

=== Current trial for n = 3000, trial = 23 ===
[1 1 2]
[Nonlinear] Ep 0, loss 5.9498
[Nonlinear] Ep 100, loss 1.2988
[Nonlinear] Ep 200, loss 0.0416
[Nonlinear] Ep 300, loss 0.0221
[Nonlinear] Ep 400, loss 0.0221
[Nonlinear] Ep 500, loss 0.0221
[Nonlinear] Ep 600, loss 0.0221
[Nonlinear] Ep 700, loss 0.0221
[Nonlinear] Ep 800, loss 0.0221
[Nonlinear] Ep 900, loss 0.0221
[Nonlinear] Ep 1000, loss 0.0220
[Nonlinear] Ep 1100, loss 0.0220
[Nonlinear] Ep 1200, loss 0.0220
[Nonlinear] Ep 1300, loss 0.0220
[Nonlinear] Ep 1400, loss 0.0219
[Nonlinear] Ep 1500, loss 0.0219
[Nonlinear] Ep 1600, loss 0.0219
[Nonlinear] Ep 1700, loss 0.0219
[Nonlinear] Ep 1800, loss 0.0219
[Nonlinear] Ep 1900, loss 0.0218
[1 1 2]
[Nonlinear] Ep 0, loss 5.9579
[Nonlinear] Ep 100, loss 1.9134
[Nonlinear] Ep 200, loss 0.2007
[Nonlinear] Ep 300, loss 0.0544
[Nonlinear] Ep 400, loss 0.0401
[Nonlinear] Ep 500, loss 0.0368
[Nonlinear] Ep 600, loss 0.0348
[Nonlinear] Ep 700, loss 0.0332
[Nonlinear] Ep 800, loss 0.0321
[Nonlinear] Ep 900, loss 0.0312
[Nonlinear] Ep 1000, loss 0.0306
[Nonlinear] Ep 1100, loss 0.0302
[Nonlinear] Ep 1200, loss 0.0299
[Nonlinear] Ep 1300, loss 0.0297
[Nonlinear] Ep 1400, loss 0.0295
[Nonlinear] Ep 1500, loss 0.0294
[Nonlinear] Ep 1600, loss 0.0292
[Nonlinear] Ep 1700, loss 0.0291
[Nonlinear] Ep 1800, loss 0.0290
[Nonlinear] Ep 1900, loss 0.0289
[Nonlinear] Ep 0, loss 5.9603
[Nonlinear] Ep 100, loss 0.9033
[Nonlinear] Ep 200, loss 0.1642
[Nonlinear] Ep 300, loss 0.1123
[Nonlinear] Ep 400, loss 0.1074
[Nonlinear] Ep 500, loss 0.1068
[Nonlinear] Ep 600, loss 0.1066
[Nonlinear] Ep 700, loss 0.1065
[Nonlinear] Ep 800, loss 0.1064
[Nonlinear] Ep 900, loss 0.1063
[Nonlinear] Ep 1000, loss 0.1063
[Nonlinear] Ep 1100, loss 0.1063
[Nonlinear] Ep 1200, loss 0.1063
[Nonlinear] Ep 1300, loss 0.1062
[Nonlinear] Ep 1400, loss 0.1062
[Nonlinear] Ep 1500, loss 0.1061
[Nonlinear] Ep 1600, loss 0.1060
[Nonlinear] Ep 1700, loss 0.1058
[Nonlinear] Ep 1800, loss 0.1057
[Nonlinear] Ep 1900, loss 0.1056

=== Current trial for n = 3000, trial = 24 ===
[1 1 2]
[Nonlinear] Ep 0, loss 1.6144
[Nonlinear] Ep 100, loss 0.1081
[Nonlinear] Ep 200, loss 0.0108
[Nonlinear] Ep 300, loss 0.0107
[Nonlinear] Ep 400, loss 0.0107
[Nonlinear] Ep 500, loss 0.0107
[Nonlinear] Ep 600, loss 0.0107
[Nonlinear] Ep 700, loss 0.0107
[Nonlinear] Ep 800, loss 0.0107
[Nonlinear] Ep 900, loss 0.0107
[Nonlinear] Ep 1000, loss 0.0107
[Nonlinear] Ep 1100, loss 0.0107
[Nonlinear] Ep 1200, loss 0.0107
[Nonlinear] Ep 1300, loss 0.0107
[Nonlinear] Ep 1400, loss 0.0107
[Nonlinear] Ep 1500, loss 0.0107
[Nonlinear] Ep 1600, loss 0.0107
[Nonlinear] Ep 1700, loss 0.0107
[Nonlinear] Ep 1800, loss 0.0107
[Nonlinear] Ep 1900, loss 0.0107
[1 1 2]
[Nonlinear] Ep 0, loss 2.4161
[Nonlinear] Ep 100, loss 0.8970
[Nonlinear] Ep 200, loss 0.0639
[Nonlinear] Ep 300, loss 0.0149
[Nonlinear] Ep 400, loss 0.0146
[Nonlinear] Ep 500, loss 0.0143
[Nonlinear] Ep 600, loss 0.0142
[Nonlinear] Ep 700, loss 0.0141
[Nonlinear] Ep 800, loss 0.0140
[Nonlinear] Ep 900, loss 0.0138
[Nonlinear] Ep 1000, loss 0.0137
[Nonlinear] Ep 1100, loss 0.0136
[Nonlinear] Ep 1200, loss 0.0135
[Nonlinear] Ep 1300, loss 0.0134
[Nonlinear] Ep 1400, loss 0.0133
[Nonlinear] Ep 1500, loss 0.0132
[Nonlinear] Ep 1600, loss 0.0131
[Nonlinear] Ep 1700, loss 0.0130
[Nonlinear] Ep 1800, loss 0.0129
[Nonlinear] Ep 1900, loss 0.0128
[Nonlinear] Ep 0, loss 3.8322
[Nonlinear] Ep 100, loss 0.2788
[Nonlinear] Ep 200, loss 0.0135
[Nonlinear] Ep 300, loss 0.0110
[Nonlinear] Ep 400, loss 0.0108
[Nonlinear] Ep 500, loss 0.0108
[Nonlinear] Ep 600, loss 0.0107
[Nonlinear] Ep 700, loss 0.0107
[Nonlinear] Ep 800, loss 0.0107
[Nonlinear] Ep 900, loss 0.0107
[Nonlinear] Ep 1000, loss 0.0107
[Nonlinear] Ep 1100, loss 0.0107
[Nonlinear] Ep 1200, loss 0.0107
[Nonlinear] Ep 1300, loss 0.0107
[Nonlinear] Ep 1400, loss 0.0107
[Nonlinear] Ep 1500, loss 0.0107
[Nonlinear] Ep 1600, loss 0.0107
[Nonlinear] Ep 1700, loss 0.0107
[Nonlinear] Ep 1800, loss 0.0107
[Nonlinear] Ep 1900, loss 0.0107

=== Current trial for n = 3000, trial = 25 ===
[1 1 2]
[Nonlinear] Ep 0, loss 2.0162
[Nonlinear] Ep 100, loss 0.3335
[Nonlinear] Ep 200, loss 0.0294
[Nonlinear] Ep 300, loss 0.0115
[Nonlinear] Ep 400, loss 0.0114
[Nonlinear] Ep 500, loss 0.0114
[Nonlinear] Ep 600, loss 0.0114
[Nonlinear] Ep 700, loss 0.0114
[Nonlinear] Ep 800, loss 0.0114
[Nonlinear] Ep 900, loss 0.0114
[Nonlinear] Ep 1000, loss 0.0114
[Nonlinear] Ep 1100, loss 0.0114
[Nonlinear] Ep 1200, loss 0.0113
[Nonlinear] Ep 1300, loss 0.0113
[Nonlinear] Ep 1400, loss 0.0113
[Nonlinear] Ep 1500, loss 0.0113
[Nonlinear] Ep 1600, loss 0.0113
[Nonlinear] Ep 1700, loss 0.0113
[Nonlinear] Ep 1800, loss 0.0113
[Nonlinear] Ep 1900, loss 0.0113
[1 1 2]
[Nonlinear] Ep 0, loss 1.9986
[Nonlinear] Ep 100, loss 0.5569
[Nonlinear] Ep 200, loss 0.0241
[Nonlinear] Ep 300, loss 0.0171
[Nonlinear] Ep 400, loss 0.0167
[Nonlinear] Ep 500, loss 0.0165
[Nonlinear] Ep 600, loss 0.0162
[Nonlinear] Ep 700, loss 0.0160
[Nonlinear] Ep 800, loss 0.0158
[Nonlinear] Ep 900, loss 0.0156
[Nonlinear] Ep 1000, loss 0.0154
[Nonlinear] Ep 1100, loss 0.0151
[Nonlinear] Ep 1200, loss 0.0149
[Nonlinear] Ep 1300, loss 0.0148
[Nonlinear] Ep 1400, loss 0.0146
[Nonlinear] Ep 1500, loss 0.0144
[Nonlinear] Ep 1600, loss 0.0142
[Nonlinear] Ep 1700, loss 0.0141
[Nonlinear] Ep 1800, loss 0.0139
[Nonlinear] Ep 1900, loss 0.0138
[Nonlinear] Ep 0, loss 2.4883
[Nonlinear] Ep 100, loss 0.1843
[Nonlinear] Ep 200, loss 0.0113
[Nonlinear] Ep 300, loss 0.0111
[Nonlinear] Ep 400, loss 0.0111
[Nonlinear] Ep 500, loss 0.0111
[Nonlinear] Ep 600, loss 0.0111
[Nonlinear] Ep 700, loss 0.0111
[Nonlinear] Ep 800, loss 0.0111
[Nonlinear] Ep 900, loss 0.0111
[Nonlinear] Ep 1000, loss 0.0111
[Nonlinear] Ep 1100, loss 0.0111
[Nonlinear] Ep 1200, loss 0.0111
[Nonlinear] Ep 1300, loss 0.0111
[Nonlinear] Ep 1400, loss 0.0111
[Nonlinear] Ep 1500, loss 0.0111
[Nonlinear] Ep 1600, loss 0.0111
[Nonlinear] Ep 1700, loss 0.0111
[Nonlinear] Ep 1800, loss 0.0111
[Nonlinear] Ep 1900, loss 0.0111

=== Current trial for n = 3000, trial = 26 ===
[1 1 2]
[Nonlinear] Ep 0, loss 2.2677
[Nonlinear] Ep 100, loss 0.0881
[Nonlinear] Ep 200, loss 0.0105
[Nonlinear] Ep 300, loss 0.0105
[Nonlinear] Ep 400, loss 0.0105
[Nonlinear] Ep 500, loss 0.0105
[Nonlinear] Ep 600, loss 0.0105
[Nonlinear] Ep 700, loss 0.0105
[Nonlinear] Ep 800, loss 0.0105
[Nonlinear] Ep 900, loss 0.0105
[Nonlinear] Ep 1000, loss 0.0105
[Nonlinear] Ep 1100, loss 0.0105
[Nonlinear] Ep 1200, loss 0.0105
[Nonlinear] Ep 1300, loss 0.0105
[Nonlinear] Ep 1400, loss 0.0105
[Nonlinear] Ep 1500, loss 0.0105
[Nonlinear] Ep 1600, loss 0.0105
[Nonlinear] Ep 1700, loss 0.0105
[Nonlinear] Ep 1800, loss 0.0104
[Nonlinear] Ep 1900, loss 0.0104
[1 1 2]
[Nonlinear] Ep 0, loss 2.1581
[Nonlinear] Ep 100, loss 0.5462
[Nonlinear] Ep 200, loss 0.0239
[Nonlinear] Ep 300, loss 0.0141
[Nonlinear] Ep 400, loss 0.0128
[Nonlinear] Ep 500, loss 0.0126
[Nonlinear] Ep 600, loss 0.0125
[Nonlinear] Ep 700, loss 0.0124
[Nonlinear] Ep 800, loss 0.0123
[Nonlinear] Ep 900, loss 0.0122
[Nonlinear] Ep 1000, loss 0.0121
[Nonlinear] Ep 1100, loss 0.0120
[Nonlinear] Ep 1200, loss 0.0120
[Nonlinear] Ep 1300, loss 0.0119
[Nonlinear] Ep 1400, loss 0.0119
[Nonlinear] Ep 1500, loss 0.0118
[Nonlinear] Ep 1600, loss 0.0118
[Nonlinear] Ep 1700, loss 0.0117
[Nonlinear] Ep 1800, loss 0.0116
[Nonlinear] Ep 1900, loss 0.0116
[Nonlinear] Ep 0, loss 1.9317
[Nonlinear] Ep 100, loss 0.1539
[Nonlinear] Ep 200, loss 0.0198
[Nonlinear] Ep 300, loss 0.0140
[Nonlinear] Ep 400, loss 0.0117
[Nonlinear] Ep 500, loss 0.0107
[Nonlinear] Ep 600, loss 0.0104
[Nonlinear] Ep 700, loss 0.0104
[Nonlinear] Ep 800, loss 0.0103
[Nonlinear] Ep 900, loss 0.0103
[Nonlinear] Ep 1000, loss 0.0103
[Nonlinear] Ep 1100, loss 0.0103
[Nonlinear] Ep 1200, loss 0.0103
[Nonlinear] Ep 1300, loss 0.0103
[Nonlinear] Ep 1400, loss 0.0103
[Nonlinear] Ep 1500, loss 0.0103
[Nonlinear] Ep 1600, loss 0.0103
[Nonlinear] Ep 1700, loss 0.0103
[Nonlinear] Ep 1800, loss 0.0103
[Nonlinear] Ep 1900, loss 0.0103

=== Current trial for n = 3000, trial = 27 ===
[1 1 2]
[Nonlinear] Ep 0, loss 1.5416
[Nonlinear] Ep 100, loss 0.1259
[Nonlinear] Ep 200, loss 0.0106
[Nonlinear] Ep 300, loss 0.0106
[Nonlinear] Ep 400, loss 0.0106
[Nonlinear] Ep 500, loss 0.0106
[Nonlinear] Ep 600, loss 0.0106
[Nonlinear] Ep 700, loss 0.0106
[Nonlinear] Ep 800, loss 0.0106
[Nonlinear] Ep 900, loss 0.0106
[Nonlinear] Ep 1000, loss 0.0106
[Nonlinear] Ep 1100, loss 0.0106
[Nonlinear] Ep 1200, loss 0.0106
[Nonlinear] Ep 1300, loss 0.0106
[Nonlinear] Ep 1400, loss 0.0106
[Nonlinear] Ep 1500, loss 0.0106
[Nonlinear] Ep 1600, loss 0.0106
[Nonlinear] Ep 1700, loss 0.0106
[Nonlinear] Ep 1800, loss 0.0106
[Nonlinear] Ep 1900, loss 0.0106
[1 1 2]
[Nonlinear] Ep 0, loss 1.9228
[Nonlinear] Ep 100, loss 0.4702
[Nonlinear] Ep 200, loss 0.0163
[Nonlinear] Ep 300, loss 0.0116
[Nonlinear] Ep 400, loss 0.0113
[Nonlinear] Ep 500, loss 0.0113
[Nonlinear] Ep 600, loss 0.0112
[Nonlinear] Ep 700, loss 0.0112
[Nonlinear] Ep 800, loss 0.0111
[Nonlinear] Ep 900, loss 0.0111
[Nonlinear] Ep 1000, loss 0.0111
[Nonlinear] Ep 1100, loss 0.0111
[Nonlinear] Ep 1200, loss 0.0111
[Nonlinear] Ep 1300, loss 0.0110
[Nonlinear] Ep 1400, loss 0.0110
[Nonlinear] Ep 1500, loss 0.0110
[Nonlinear] Ep 1600, loss 0.0110
[Nonlinear] Ep 1700, loss 0.0110
[Nonlinear] Ep 1800, loss 0.0110
[Nonlinear] Ep 1900, loss 0.0110
[Nonlinear] Ep 0, loss 2.5932
[Nonlinear] Ep 100, loss 0.1988
[Nonlinear] Ep 200, loss 0.0111
[Nonlinear] Ep 300, loss 0.0106
[Nonlinear] Ep 400, loss 0.0106
[Nonlinear] Ep 500, loss 0.0105
[Nonlinear] Ep 600, loss 0.0105
[Nonlinear] Ep 700, loss 0.0105
[Nonlinear] Ep 800, loss 0.0105
[Nonlinear] Ep 900, loss 0.0105
[Nonlinear] Ep 1000, loss 0.0105
[Nonlinear] Ep 1100, loss 0.0105
[Nonlinear] Ep 1200, loss 0.0105
[Nonlinear] Ep 1300, loss 0.0105
[Nonlinear] Ep 1400, loss 0.0105
[Nonlinear] Ep 1500, loss 0.0105
[Nonlinear] Ep 1600, loss 0.0105
[Nonlinear] Ep 1700, loss 0.0105
[Nonlinear] Ep 1800, loss 0.0105
[Nonlinear] Ep 1900, loss 0.0105

=== Current trial for n = 3000, trial = 28 ===
[1 1 2]
[Nonlinear] Ep 0, loss 2.4231
[Nonlinear] Ep 100, loss 0.2188
[Nonlinear] Ep 200, loss 0.0115
[Nonlinear] Ep 300, loss 0.0105
[Nonlinear] Ep 400, loss 0.0105
[Nonlinear] Ep 500, loss 0.0105
[Nonlinear] Ep 600, loss 0.0105
[Nonlinear] Ep 700, loss 0.0105
[Nonlinear] Ep 800, loss 0.0105
[Nonlinear] Ep 900, loss 0.0105
[Nonlinear] Ep 1000, loss 0.0105
[Nonlinear] Ep 1100, loss 0.0105
[Nonlinear] Ep 1200, loss 0.0105
[Nonlinear] Ep 1300, loss 0.0105
[Nonlinear] Ep 1400, loss 0.0105
[Nonlinear] Ep 1500, loss 0.0105
[Nonlinear] Ep 1600, loss 0.0105
[Nonlinear] Ep 1700, loss 0.0105
[Nonlinear] Ep 1800, loss 0.0105
[Nonlinear] Ep 1900, loss 0.0105
[1 1 2]
[Nonlinear] Ep 0, loss 2.1034
[Nonlinear] Ep 100, loss 0.5697
[Nonlinear] Ep 200, loss 0.0256
[Nonlinear] Ep 300, loss 0.0154
[Nonlinear] Ep 400, loss 0.0145
[Nonlinear] Ep 500, loss 0.0142
[Nonlinear] Ep 600, loss 0.0140
[Nonlinear] Ep 700, loss 0.0139
[Nonlinear] Ep 800, loss 0.0138
[Nonlinear] Ep 900, loss 0.0136
[Nonlinear] Ep 1000, loss 0.0134
[Nonlinear] Ep 1100, loss 0.0132
[Nonlinear] Ep 1200, loss 0.0130
[Nonlinear] Ep 1300, loss 0.0128
[Nonlinear] Ep 1400, loss 0.0126
[Nonlinear] Ep 1500, loss 0.0125
[Nonlinear] Ep 1600, loss 0.0124
[Nonlinear] Ep 1700, loss 0.0123
[Nonlinear] Ep 1800, loss 0.0122
[Nonlinear] Ep 1900, loss 0.0121
[Nonlinear] Ep 0, loss 1.9477
[Nonlinear] Ep 100, loss 0.1528
[Nonlinear] Ep 200, loss 0.0107
[Nonlinear] Ep 300, loss 0.0105
[Nonlinear] Ep 400, loss 0.0105
[Nonlinear] Ep 500, loss 0.0105
[Nonlinear] Ep 600, loss 0.0105
[Nonlinear] Ep 700, loss 0.0105
[Nonlinear] Ep 800, loss 0.0105
[Nonlinear] Ep 900, loss 0.0105
[Nonlinear] Ep 1000, loss 0.0105
[Nonlinear] Ep 1100, loss 0.0105
[Nonlinear] Ep 1200, loss 0.0105
[Nonlinear] Ep 1300, loss 0.0105
[Nonlinear] Ep 1400, loss 0.0105
[Nonlinear] Ep 1500, loss 0.0105
[Nonlinear] Ep 1600, loss 0.0105
[Nonlinear] Ep 1700, loss 0.0105
[Nonlinear] Ep 1800, loss 0.0105
[Nonlinear] Ep 1900, loss 0.0105

=== Current trial for n = 3000, trial = 29 ===
[1 1 2]
[Nonlinear] Ep 0, loss 2.1510
[Nonlinear] Ep 100, loss 0.1188
[Nonlinear] Ep 200, loss 0.0103
[Nonlinear] Ep 300, loss 0.0099
[Nonlinear] Ep 400, loss 0.0099
[Nonlinear] Ep 500, loss 0.0099
[Nonlinear] Ep 600, loss 0.0099
[Nonlinear] Ep 700, loss 0.0099
[Nonlinear] Ep 800, loss 0.0099
[Nonlinear] Ep 900, loss 0.0099
[Nonlinear] Ep 1000, loss 0.0099
[Nonlinear] Ep 1100, loss 0.0099
[Nonlinear] Ep 1200, loss 0.0099
[Nonlinear] Ep 1300, loss 0.0099
[Nonlinear] Ep 1400, loss 0.0099
[Nonlinear] Ep 1500, loss 0.0099
[Nonlinear] Ep 1600, loss 0.0099
[Nonlinear] Ep 1700, loss 0.0099
[Nonlinear] Ep 1800, loss 0.0099
[Nonlinear] Ep 1900, loss 0.0099
[1 1 2]
[Nonlinear] Ep 0, loss 1.8202
[Nonlinear] Ep 100, loss 0.3181
[Nonlinear] Ep 200, loss 0.0143
[Nonlinear] Ep 300, loss 0.0125
[Nonlinear] Ep 400, loss 0.0121
[Nonlinear] Ep 500, loss 0.0119
[Nonlinear] Ep 600, loss 0.0118
[Nonlinear] Ep 700, loss 0.0117
[Nonlinear] Ep 800, loss 0.0116
[Nonlinear] Ep 900, loss 0.0116
[Nonlinear] Ep 1000, loss 0.0115
[Nonlinear] Ep 1100, loss 0.0115
[Nonlinear] Ep 1200, loss 0.0114
[Nonlinear] Ep 1300, loss 0.0114
[Nonlinear] Ep 1400, loss 0.0113
[Nonlinear] Ep 1500, loss 0.0113
[Nonlinear] Ep 1600, loss 0.0112
[Nonlinear] Ep 1700, loss 0.0112
[Nonlinear] Ep 1800, loss 0.0111
[Nonlinear] Ep 1900, loss 0.0111
[Nonlinear] Ep 0, loss 2.9440
[Nonlinear] Ep 100, loss 0.1599
[Nonlinear] Ep 200, loss 0.0145
[Nonlinear] Ep 300, loss 0.0117
[Nonlinear] Ep 400, loss 0.0109
[Nonlinear] Ep 500, loss 0.0104
[Nonlinear] Ep 600, loss 0.0101
[Nonlinear] Ep 700, loss 0.0100
[Nonlinear] Ep 800, loss 0.0099
[Nonlinear] Ep 900, loss 0.0098
[Nonlinear] Ep 1000, loss 0.0098
[Nonlinear] Ep 1100, loss 0.0098
[Nonlinear] Ep 1200, loss 0.0098
[Nonlinear] Ep 1300, loss 0.0098
[Nonlinear] Ep 1400, loss 0.0098
[Nonlinear] Ep 1500, loss 0.0098
[Nonlinear] Ep 1600, loss 0.0098
[Nonlinear] Ep 1700, loss 0.0098
[Nonlinear] Ep 1800, loss 0.0098
[Nonlinear] Ep 1900, loss 0.0098

=== Current trial for n = 3000, trial = 30 ===
[1 1 2]
[Nonlinear] Ep 0, loss 2.0055
[Nonlinear] Ep 100, loss 0.1732
[Nonlinear] Ep 200, loss 0.0125
[Nonlinear] Ep 300, loss 0.0116
[Nonlinear] Ep 400, loss 0.0116
[Nonlinear] Ep 500, loss 0.0116
[Nonlinear] Ep 600, loss 0.0116
[Nonlinear] Ep 700, loss 0.0116
[Nonlinear] Ep 800, loss 0.0116
[Nonlinear] Ep 900, loss 0.0116
[Nonlinear] Ep 1000, loss 0.0116
[Nonlinear] Ep 1100, loss 0.0116
[Nonlinear] Ep 1200, loss 0.0116
[Nonlinear] Ep 1300, loss 0.0116
[Nonlinear] Ep 1400, loss 0.0116
[Nonlinear] Ep 1500, loss 0.0116
[Nonlinear] Ep 1600, loss 0.0116
[Nonlinear] Ep 1700, loss 0.0116
[Nonlinear] Ep 1800, loss 0.0116
[Nonlinear] Ep 1900, loss 0.0115
[1 1 2]
[Nonlinear] Ep 0, loss 2.3933
[Nonlinear] Ep 100, loss 0.8065
[Nonlinear] Ep 200, loss 0.0261
[Nonlinear] Ep 300, loss 0.0150
[Nonlinear] Ep 400, loss 0.0149
[Nonlinear] Ep 500, loss 0.0148
[Nonlinear] Ep 600, loss 0.0147
[Nonlinear] Ep 700, loss 0.0147
[Nonlinear] Ep 800, loss 0.0146
[Nonlinear] Ep 900, loss 0.0145
[Nonlinear] Ep 1000, loss 0.0144
[Nonlinear] Ep 1100, loss 0.0143
[Nonlinear] Ep 1200, loss 0.0142
[Nonlinear] Ep 1300, loss 0.0142
[Nonlinear] Ep 1400, loss 0.0141
[Nonlinear] Ep 1500, loss 0.0140
[Nonlinear] Ep 1600, loss 0.0139
[Nonlinear] Ep 1700, loss 0.0139
[Nonlinear] Ep 1800, loss 0.0138
[Nonlinear] Ep 1900, loss 0.0138
[Nonlinear] Ep 0, loss 1.8074
[Nonlinear] Ep 100, loss 0.0460
[Nonlinear] Ep 200, loss 0.0117
[Nonlinear] Ep 300, loss 0.0115
[Nonlinear] Ep 400, loss 0.0115
[Nonlinear] Ep 500, loss 0.0115
[Nonlinear] Ep 600, loss 0.0115
[Nonlinear] Ep 700, loss 0.0114
[Nonlinear] Ep 800, loss 0.0114
[Nonlinear] Ep 900, loss 0.0114
[Nonlinear] Ep 1000, loss 0.0114
[Nonlinear] Ep 1100, loss 0.0114
[Nonlinear] Ep 1200, loss 0.0114
[Nonlinear] Ep 1300, loss 0.0114
[Nonlinear] Ep 1400, loss 0.0114
[Nonlinear] Ep 1500, loss 0.0114
[Nonlinear] Ep 1600, loss 0.0114
[Nonlinear] Ep 1700, loss 0.0114
[Nonlinear] Ep 1800, loss 0.0114
[Nonlinear] Ep 1900, loss 0.0114
>>> Finished experiment for n = 3000
>>> Result: {'n': 3000, 'clustered': [np.float64(0.01773135739154193), np.float64(0.01941792103385651), np.float64(0.0010713147913096086)], 'same_cluster': [np.float64(0.04814804392020208), np.float64(0.059627513788605764), np.float64(0.023236324943882718)], 'distinct_clusters': [np.float64(0.03524810137497707), np.float64(0.04277927557123975), np.float64(0.0010612282457309967)], 'pred_clustered': np.float64(0.01710157740939621), 'pred_same_cluster': np.float64(0.02216424481437402), 'pred_distinct_clusters': np.float64(0.053294502410039815), 'pred_clustered_linear': np.float64(0.016669034562154534), 'pred_same_cluster_linear': np.float64(0.030467651060692845), 'pred_distinct_clusters_linear': np.float64(0.05382801775462412)}
>>> Saving CSV
>>> Plots saved
!!! Error during saving/plotting for n = 3000: [Errno 2] No such file or directory: 'Plots/pred_nl_comp_lin/clustered_n_3000.png'
