=== Starting job ID 1 on node midway3-0087.rcc.local ===
Running AMP experiment for n = 2500
>>> Script started
>>> Running AMP comparison experiment with n = 2500

=== Current trial for n = 2500, trial = 1 ===
[1 1 2]
[Nonlinear] Ep 0, loss 2.5603
[Nonlinear] Ep 100, loss 0.1853
[Nonlinear] Ep 200, loss 0.0125
[Nonlinear] Ep 300, loss 0.0123
[Nonlinear] Ep 400, loss 0.0123
[Nonlinear] Ep 500, loss 0.0123
[Nonlinear] Ep 600, loss 0.0123
[Nonlinear] Ep 700, loss 0.0123
[Nonlinear] Ep 800, loss 0.0123
[Nonlinear] Ep 900, loss 0.0123
[Nonlinear] Ep 1000, loss 0.0123
[Nonlinear] Ep 1100, loss 0.0123
[Nonlinear] Ep 1200, loss 0.0123
[Nonlinear] Ep 1300, loss 0.0122
[Nonlinear] Ep 1400, loss 0.0122
[Nonlinear] Ep 1500, loss 0.0122
[Nonlinear] Ep 1600, loss 0.0122
[Nonlinear] Ep 1700, loss 0.0122
[Nonlinear] Ep 1800, loss 0.0122
[Nonlinear] Ep 1900, loss 0.0122
[1 1 2]
[Nonlinear] Ep 0, loss 2.0017
[Nonlinear] Ep 100, loss 0.5055
[Nonlinear] Ep 200, loss 0.0327
[Nonlinear] Ep 300, loss 0.0245
[Nonlinear] Ep 400, loss 0.0227
[Nonlinear] Ep 500, loss 0.0220
[Nonlinear] Ep 600, loss 0.0214
[Nonlinear] Ep 700, loss 0.0205
[Nonlinear] Ep 800, loss 0.0200
[Nonlinear] Ep 900, loss 0.0197
[Nonlinear] Ep 1000, loss 0.0194
[Nonlinear] Ep 1100, loss 0.0191
[Nonlinear] Ep 1200, loss 0.0187
[Nonlinear] Ep 1300, loss 0.0183
[Nonlinear] Ep 1400, loss 0.0179
[Nonlinear] Ep 1500, loss 0.0175
[Nonlinear] Ep 1600, loss 0.0170
[Nonlinear] Ep 1700, loss 0.0165
[Nonlinear] Ep 1800, loss 0.0161
[Nonlinear] Ep 1900, loss 0.0156
[Nonlinear] Ep 0, loss 1.5589
[Nonlinear] Ep 100, loss 0.0537
[Nonlinear] Ep 200, loss 0.0124
[Nonlinear] Ep 300, loss 0.0120
[Nonlinear] Ep 400, loss 0.0120
[Nonlinear] Ep 500, loss 0.0120
[Nonlinear] Ep 600, loss 0.0120
[Nonlinear] Ep 700, loss 0.0120
[Nonlinear] Ep 800, loss 0.0120
[Nonlinear] Ep 900, loss 0.0120
[Nonlinear] Ep 1000, loss 0.0120
[Nonlinear] Ep 1100, loss 0.0120
[Nonlinear] Ep 1200, loss 0.0120
[Nonlinear] Ep 1300, loss 0.0120
[Nonlinear] Ep 1400, loss 0.0120
[Nonlinear] Ep 1500, loss 0.0120
[Nonlinear] Ep 1600, loss 0.0120
[Nonlinear] Ep 1700, loss 0.0120
[Nonlinear] Ep 1800, loss 0.0120
[Nonlinear] Ep 1900, loss 0.0120

=== Current trial for n = 2500, trial = 2 ===
[1 1 2]
[Nonlinear] Ep 0, loss 5.2911
[Nonlinear] Ep 100, loss 0.8670
[Nonlinear] Ep 200, loss 0.0367
[Nonlinear] Ep 300, loss 0.0237
[Nonlinear] Ep 400, loss 0.0236
[Nonlinear] Ep 500, loss 0.0236
[Nonlinear] Ep 600, loss 0.0236
[Nonlinear] Ep 700, loss 0.0236
[Nonlinear] Ep 800, loss 0.0236
[Nonlinear] Ep 900, loss 0.0236
[Nonlinear] Ep 1000, loss 0.0236
[Nonlinear] Ep 1100, loss 0.0236
[Nonlinear] Ep 1200, loss 0.0236
[Nonlinear] Ep 1300, loss 0.0236
[Nonlinear] Ep 1400, loss 0.0236
[Nonlinear] Ep 1500, loss 0.0236
[Nonlinear] Ep 1600, loss 0.0236
[Nonlinear] Ep 1700, loss 0.0236
[Nonlinear] Ep 1800, loss 0.0236
[Nonlinear] Ep 1900, loss 0.0236
[1 1 2]
[Nonlinear] Ep 0, loss 6.7903
[Nonlinear] Ep 100, loss 2.2327
[Nonlinear] Ep 200, loss 0.2112
[Nonlinear] Ep 300, loss 0.0421
[Nonlinear] Ep 400, loss 0.0375
[Nonlinear] Ep 500, loss 0.0363
[Nonlinear] Ep 600, loss 0.0358
[Nonlinear] Ep 700, loss 0.0355
[Nonlinear] Ep 800, loss 0.0354
[Nonlinear] Ep 900, loss 0.0352
[Nonlinear] Ep 1000, loss 0.0351
[Nonlinear] Ep 1100, loss 0.0350
[Nonlinear] Ep 1200, loss 0.0348
[Nonlinear] Ep 1300, loss 0.0347
[Nonlinear] Ep 1400, loss 0.0345
[Nonlinear] Ep 1500, loss 0.0343
[Nonlinear] Ep 1600, loss 0.0341
[Nonlinear] Ep 1700, loss 0.0340
[Nonlinear] Ep 1800, loss 0.0338
[Nonlinear] Ep 1900, loss 0.0336
[Nonlinear] Ep 0, loss 5.4086
[Nonlinear] Ep 100, loss 0.5492
[Nonlinear] Ep 200, loss 0.1112
[Nonlinear] Ep 300, loss 0.0946
[Nonlinear] Ep 400, loss 0.0920
[Nonlinear] Ep 500, loss 0.0917
[Nonlinear] Ep 600, loss 0.0917
[Nonlinear] Ep 700, loss 0.0916
[Nonlinear] Ep 800, loss 0.0916
[Nonlinear] Ep 900, loss 0.0916
[Nonlinear] Ep 1000, loss 0.0916
[Nonlinear] Ep 1100, loss 0.0915
[Nonlinear] Ep 1200, loss 0.0915
[Nonlinear] Ep 1300, loss 0.0915
[Nonlinear] Ep 1400, loss 0.0915
[Nonlinear] Ep 1500, loss 0.0915
[Nonlinear] Ep 1600, loss 0.0915
[Nonlinear] Ep 1700, loss 0.0915
[Nonlinear] Ep 1800, loss 0.0915
[Nonlinear] Ep 1900, loss 0.0914

=== Current trial for n = 2500, trial = 3 ===
[1 1 2]
[Nonlinear] Ep 0, loss 6.3901
[Nonlinear] Ep 100, loss 1.3896
[Nonlinear] Ep 200, loss 0.0855
[Nonlinear] Ep 300, loss 0.0283
[Nonlinear] Ep 400, loss 0.0233
[Nonlinear] Ep 500, loss 0.0229
[Nonlinear] Ep 600, loss 0.0229
[Nonlinear] Ep 700, loss 0.0229
[Nonlinear] Ep 800, loss 0.0229
[Nonlinear] Ep 900, loss 0.0229
[Nonlinear] Ep 1000, loss 0.0229
[Nonlinear] Ep 1100, loss 0.0229
[Nonlinear] Ep 1200, loss 0.0229
[Nonlinear] Ep 1300, loss 0.0229
[Nonlinear] Ep 1400, loss 0.0229
[Nonlinear] Ep 1500, loss 0.0229
[Nonlinear] Ep 1600, loss 0.0229
[Nonlinear] Ep 1700, loss 0.0229
[Nonlinear] Ep 1800, loss 0.0229
[Nonlinear] Ep 1900, loss 0.0229
[1 1 2]
[Nonlinear] Ep 0, loss 5.5487
[Nonlinear] Ep 100, loss 1.8116
[Nonlinear] Ep 200, loss 0.2420
[Nonlinear] Ep 300, loss 0.0698
[Nonlinear] Ep 400, loss 0.0456
[Nonlinear] Ep 500, loss 0.0406
[Nonlinear] Ep 600, loss 0.0396
[Nonlinear] Ep 700, loss 0.0393
[Nonlinear] Ep 800, loss 0.0391
[Nonlinear] Ep 900, loss 0.0389
[Nonlinear] Ep 1000, loss 0.0387
[Nonlinear] Ep 1100, loss 0.0386
[Nonlinear] Ep 1200, loss 0.0384
[Nonlinear] Ep 1300, loss 0.0382
[Nonlinear] Ep 1400, loss 0.0380
[Nonlinear] Ep 1500, loss 0.0379
[Nonlinear] Ep 1600, loss 0.0377
[Nonlinear] Ep 1700, loss 0.0375
[Nonlinear] Ep 1800, loss 0.0373
[Nonlinear] Ep 1900, loss 0.0372
[Nonlinear] Ep 0, loss 5.2111
[Nonlinear] Ep 100, loss 0.8028
[Nonlinear] Ep 200, loss 0.1048
[Nonlinear] Ep 300, loss 0.1013
[Nonlinear] Ep 400, loss 0.1010
[Nonlinear] Ep 500, loss 0.1009
[Nonlinear] Ep 600, loss 0.1008
[Nonlinear] Ep 700, loss 0.1007
[Nonlinear] Ep 800, loss 0.1007
[Nonlinear] Ep 900, loss 0.1007
[Nonlinear] Ep 1000, loss 0.1006
[Nonlinear] Ep 1100, loss 0.1006
[Nonlinear] Ep 1200, loss 0.1006
[Nonlinear] Ep 1300, loss 0.1006
[Nonlinear] Ep 1400, loss 0.1006
[Nonlinear] Ep 1500, loss 0.1005
[Nonlinear] Ep 1600, loss 0.1005
[Nonlinear] Ep 1700, loss 0.1005
[Nonlinear] Ep 1800, loss 0.1005
[Nonlinear] Ep 1900, loss 0.1004

=== Current trial for n = 2500, trial = 4 ===
[1 1 2]
[Nonlinear] Ep 0, loss 1.4381
[Nonlinear] Ep 100, loss 0.0392
[Nonlinear] Ep 200, loss 0.0113
[Nonlinear] Ep 300, loss 0.0113
[Nonlinear] Ep 400, loss 0.0113
[Nonlinear] Ep 500, loss 0.0113
[Nonlinear] Ep 600, loss 0.0113
[Nonlinear] Ep 700, loss 0.0113
[Nonlinear] Ep 800, loss 0.0113
[Nonlinear] Ep 900, loss 0.0113
[Nonlinear] Ep 1000, loss 0.0113
[Nonlinear] Ep 1100, loss 0.0113
[Nonlinear] Ep 1200, loss 0.0113
[Nonlinear] Ep 1300, loss 0.0113
[Nonlinear] Ep 1400, loss 0.0113
[Nonlinear] Ep 1500, loss 0.0113
[Nonlinear] Ep 1600, loss 0.0113
[Nonlinear] Ep 1700, loss 0.0113
[Nonlinear] Ep 1800, loss 0.0113
[Nonlinear] Ep 1900, loss 0.0113
[1 1 2]
[Nonlinear] Ep 0, loss 2.0753
[Nonlinear] Ep 100, loss 0.3872
[Nonlinear] Ep 200, loss 0.0181
[Nonlinear] Ep 300, loss 0.0151
[Nonlinear] Ep 400, loss 0.0148
[Nonlinear] Ep 500, loss 0.0147
[Nonlinear] Ep 600, loss 0.0145
[Nonlinear] Ep 700, loss 0.0144
[Nonlinear] Ep 800, loss 0.0143
[Nonlinear] Ep 900, loss 0.0142
[Nonlinear] Ep 1000, loss 0.0141
[Nonlinear] Ep 1100, loss 0.0139
[Nonlinear] Ep 1200, loss 0.0138
[Nonlinear] Ep 1300, loss 0.0137
[Nonlinear] Ep 1400, loss 0.0136
[Nonlinear] Ep 1500, loss 0.0135
[Nonlinear] Ep 1600, loss 0.0134
[Nonlinear] Ep 1700, loss 0.0133
[Nonlinear] Ep 1800, loss 0.0132
[Nonlinear] Ep 1900, loss 0.0131
[Nonlinear] Ep 0, loss 1.8572
[Nonlinear] Ep 100, loss 0.0722
[Nonlinear] Ep 200, loss 0.0137
[Nonlinear] Ep 300, loss 0.0113
[Nonlinear] Ep 400, loss 0.0112
[Nonlinear] Ep 500, loss 0.0112
[Nonlinear] Ep 600, loss 0.0112
[Nonlinear] Ep 700, loss 0.0112
[Nonlinear] Ep 800, loss 0.0112
[Nonlinear] Ep 900, loss 0.0112
[Nonlinear] Ep 1000, loss 0.0112
[Nonlinear] Ep 1100, loss 0.0112
[Nonlinear] Ep 1200, loss 0.0112
[Nonlinear] Ep 1300, loss 0.0112
[Nonlinear] Ep 1400, loss 0.0112
[Nonlinear] Ep 1500, loss 0.0112
[Nonlinear] Ep 1600, loss 0.0112
[Nonlinear] Ep 1700, loss 0.0112
[Nonlinear] Ep 1800, loss 0.0112
[Nonlinear] Ep 1900, loss 0.0112

=== Current trial for n = 2500, trial = 5 ===
[1 1 2]
[Nonlinear] Ep 0, loss 2.2902
[Nonlinear] Ep 100, loss 0.2279
[Nonlinear] Ep 200, loss 0.0113
[Nonlinear] Ep 300, loss 0.0111
[Nonlinear] Ep 400, loss 0.0111
[Nonlinear] Ep 500, loss 0.0111
[Nonlinear] Ep 600, loss 0.0111
[Nonlinear] Ep 700, loss 0.0111
[Nonlinear] Ep 800, loss 0.0111
[Nonlinear] Ep 900, loss 0.0111
[Nonlinear] Ep 1000, loss 0.0111
[Nonlinear] Ep 1100, loss 0.0110
[Nonlinear] Ep 1200, loss 0.0110
[Nonlinear] Ep 1300, loss 0.0110
[Nonlinear] Ep 1400, loss 0.0110
[Nonlinear] Ep 1500, loss 0.0110
[Nonlinear] Ep 1600, loss 0.0110
[Nonlinear] Ep 1700, loss 0.0110
[Nonlinear] Ep 1800, loss 0.0110
[Nonlinear] Ep 1900, loss 0.0110
[1 1 2]
[Nonlinear] Ep 0, loss 1.7894
[Nonlinear] Ep 100, loss 0.3955
[Nonlinear] Ep 200, loss 0.0174
[Nonlinear] Ep 300, loss 0.0142
[Nonlinear] Ep 400, loss 0.0137
[Nonlinear] Ep 500, loss 0.0136
[Nonlinear] Ep 600, loss 0.0135
[Nonlinear] Ep 700, loss 0.0134
[Nonlinear] Ep 800, loss 0.0133
[Nonlinear] Ep 900, loss 0.0132
[Nonlinear] Ep 1000, loss 0.0130
[Nonlinear] Ep 1100, loss 0.0130
[Nonlinear] Ep 1200, loss 0.0129
[Nonlinear] Ep 1300, loss 0.0128
[Nonlinear] Ep 1400, loss 0.0128
[Nonlinear] Ep 1500, loss 0.0127
[Nonlinear] Ep 1600, loss 0.0127
[Nonlinear] Ep 1700, loss 0.0126
[Nonlinear] Ep 1800, loss 0.0126
[Nonlinear] Ep 1900, loss 0.0126
[Nonlinear] Ep 0, loss 2.0857
[Nonlinear] Ep 100, loss 0.1718
[Nonlinear] Ep 200, loss 0.0111
[Nonlinear] Ep 300, loss 0.0110
[Nonlinear] Ep 400, loss 0.0110
[Nonlinear] Ep 500, loss 0.0110
[Nonlinear] Ep 600, loss 0.0110
[Nonlinear] Ep 700, loss 0.0110
[Nonlinear] Ep 800, loss 0.0110
[Nonlinear] Ep 900, loss 0.0110
[Nonlinear] Ep 1000, loss 0.0110
[Nonlinear] Ep 1100, loss 0.0110
[Nonlinear] Ep 1200, loss 0.0110
[Nonlinear] Ep 1300, loss 0.0110
[Nonlinear] Ep 1400, loss 0.0110
[Nonlinear] Ep 1500, loss 0.0110
[Nonlinear] Ep 1600, loss 0.0110
[Nonlinear] Ep 1700, loss 0.0110
[Nonlinear] Ep 1800, loss 0.0110
[Nonlinear] Ep 1900, loss 0.0110

=== Current trial for n = 2500, trial = 6 ===
[1 1 2]
[Nonlinear] Ep 0, loss 6.8884
[Nonlinear] Ep 100, loss 1.3719
[Nonlinear] Ep 200, loss 0.0465
[Nonlinear] Ep 300, loss 0.0299
[Nonlinear] Ep 400, loss 0.0296
[Nonlinear] Ep 500, loss 0.0295
[Nonlinear] Ep 600, loss 0.0294
[Nonlinear] Ep 700, loss 0.0294
[Nonlinear] Ep 800, loss 0.0293
[Nonlinear] Ep 900, loss 0.0293
[Nonlinear] Ep 1000, loss 0.0292
[Nonlinear] Ep 1100, loss 0.0291
[Nonlinear] Ep 1200, loss 0.0290
[Nonlinear] Ep 1300, loss 0.0289
[Nonlinear] Ep 1400, loss 0.0289
[Nonlinear] Ep 1500, loss 0.0288
[Nonlinear] Ep 1600, loss 0.0287
[Nonlinear] Ep 1700, loss 0.0286
[Nonlinear] Ep 1800, loss 0.0285
[Nonlinear] Ep 1900, loss 0.0284
[1 1 2]
[Nonlinear] Ep 0, loss 6.1633
[Nonlinear] Ep 100, loss 2.0657
[Nonlinear] Ep 200, loss 0.0954
[Nonlinear] Ep 300, loss 0.0391
[Nonlinear] Ep 400, loss 0.0363
[Nonlinear] Ep 500, loss 0.0360
[Nonlinear] Ep 600, loss 0.0358
[Nonlinear] Ep 700, loss 0.0357
[Nonlinear] Ep 800, loss 0.0356
[Nonlinear] Ep 900, loss 0.0355
[Nonlinear] Ep 1000, loss 0.0353
[Nonlinear] Ep 1100, loss 0.0352
[Nonlinear] Ep 1200, loss 0.0350
[Nonlinear] Ep 1300, loss 0.0349
[Nonlinear] Ep 1400, loss 0.0347
[Nonlinear] Ep 1500, loss 0.0345
[Nonlinear] Ep 1600, loss 0.0343
[Nonlinear] Ep 1700, loss 0.0342
[Nonlinear] Ep 1800, loss 0.0340
[Nonlinear] Ep 1900, loss 0.0338
[Nonlinear] Ep 0, loss 6.7495
[Nonlinear] Ep 100, loss 0.7489
[Nonlinear] Ep 200, loss 0.1124
[Nonlinear] Ep 300, loss 0.1011
[Nonlinear] Ep 400, loss 0.1001
[Nonlinear] Ep 500, loss 0.1000
[Nonlinear] Ep 600, loss 0.0999
[Nonlinear] Ep 700, loss 0.0999
[Nonlinear] Ep 800, loss 0.0998
[Nonlinear] Ep 900, loss 0.0998
[Nonlinear] Ep 1000, loss 0.0998
[Nonlinear] Ep 1100, loss 0.0998
[Nonlinear] Ep 1200, loss 0.0997
[Nonlinear] Ep 1300, loss 0.0997
[Nonlinear] Ep 1400, loss 0.0997
[Nonlinear] Ep 1500, loss 0.0997
[Nonlinear] Ep 1600, loss 0.0997
[Nonlinear] Ep 1700, loss 0.0997
[Nonlinear] Ep 1800, loss 0.0997
[Nonlinear] Ep 1900, loss 0.0996

=== Current trial for n = 2500, trial = 7 ===
[1 1 2]
[Nonlinear] Ep 0, loss 6.0048
[Nonlinear] Ep 100, loss 1.0826
[Nonlinear] Ep 200, loss 0.0663
[Nonlinear] Ep 300, loss 0.0288
[Nonlinear] Ep 400, loss 0.0269
[Nonlinear] Ep 500, loss 0.0269
[Nonlinear] Ep 600, loss 0.0269
[Nonlinear] Ep 700, loss 0.0269
[Nonlinear] Ep 800, loss 0.0269
[Nonlinear] Ep 900, loss 0.0269
[Nonlinear] Ep 1000, loss 0.0269
[Nonlinear] Ep 1100, loss 0.0268
[Nonlinear] Ep 1200, loss 0.0268
[Nonlinear] Ep 1300, loss 0.0268
[Nonlinear] Ep 1400, loss 0.0268
[Nonlinear] Ep 1500, loss 0.0268
[Nonlinear] Ep 1600, loss 0.0268
[Nonlinear] Ep 1700, loss 0.0268
[Nonlinear] Ep 1800, loss 0.0268
[Nonlinear] Ep 1900, loss 0.0267
[1 1 2]
[Nonlinear] Ep 0, loss 5.8808
[Nonlinear] Ep 100, loss 1.8266
[Nonlinear] Ep 200, loss 0.1237
[Nonlinear] Ep 300, loss 0.0546
[Nonlinear] Ep 400, loss 0.0474
[Nonlinear] Ep 500, loss 0.0447
[Nonlinear] Ep 600, loss 0.0430
[Nonlinear] Ep 700, loss 0.0419
[Nonlinear] Ep 800, loss 0.0411
[Nonlinear] Ep 900, loss 0.0406
[Nonlinear] Ep 1000, loss 0.0403
[Nonlinear] Ep 1100, loss 0.0400
[Nonlinear] Ep 1200, loss 0.0398
[Nonlinear] Ep 1300, loss 0.0397
[Nonlinear] Ep 1400, loss 0.0396
[Nonlinear] Ep 1500, loss 0.0394
[Nonlinear] Ep 1600, loss 0.0393
[Nonlinear] Ep 1700, loss 0.0392
[Nonlinear] Ep 1800, loss 0.0391
[Nonlinear] Ep 1900, loss 0.0390
[Nonlinear] Ep 0, loss 5.4913
[Nonlinear] Ep 100, loss 0.7094
[Nonlinear] Ep 200, loss 0.1180
[Nonlinear] Ep 300, loss 0.1143
[Nonlinear] Ep 400, loss 0.1128
[Nonlinear] Ep 500, loss 0.1115
[Nonlinear] Ep 600, loss 0.1104
[Nonlinear] Ep 700, loss 0.1095
[Nonlinear] Ep 800, loss 0.1089
[Nonlinear] Ep 900, loss 0.1085
[Nonlinear] Ep 1000, loss 0.1082
[Nonlinear] Ep 1100, loss 0.1080
[Nonlinear] Ep 1200, loss 0.1079
[Nonlinear] Ep 1300, loss 0.1078
[Nonlinear] Ep 1400, loss 0.1078
[Nonlinear] Ep 1500, loss 0.1077
[Nonlinear] Ep 1600, loss 0.1077
[Nonlinear] Ep 1700, loss 0.1077
[Nonlinear] Ep 1800, loss 0.1077
[Nonlinear] Ep 1900, loss 0.1077

=== Current trial for n = 2500, trial = 8 ===
[1 1 2]
[Nonlinear] Ep 0, loss 5.5528
[Nonlinear] Ep 100, loss 1.4494
[Nonlinear] Ep 200, loss 0.0903
[Nonlinear] Ep 300, loss 0.0258
[Nonlinear] Ep 400, loss 0.0220
[Nonlinear] Ep 500, loss 0.0217
[Nonlinear] Ep 600, loss 0.0217
[Nonlinear] Ep 700, loss 0.0217
[Nonlinear] Ep 800, loss 0.0217
[Nonlinear] Ep 900, loss 0.0217
[Nonlinear] Ep 1000, loss 0.0217
[Nonlinear] Ep 1100, loss 0.0217
[Nonlinear] Ep 1200, loss 0.0217
[Nonlinear] Ep 1300, loss 0.0217
[Nonlinear] Ep 1400, loss 0.0217
[Nonlinear] Ep 1500, loss 0.0217
[Nonlinear] Ep 1600, loss 0.0217
[Nonlinear] Ep 1700, loss 0.0216
[Nonlinear] Ep 1800, loss 0.0216
[Nonlinear] Ep 1900, loss 0.0216
[1 1 2]
[Nonlinear] Ep 0, loss 6.7189
[Nonlinear] Ep 100, loss 2.3888
[Nonlinear] Ep 200, loss 0.1568
[Nonlinear] Ep 300, loss 0.0411
[Nonlinear] Ep 400, loss 0.0329
[Nonlinear] Ep 500, loss 0.0306
[Nonlinear] Ep 600, loss 0.0296
[Nonlinear] Ep 700, loss 0.0290
[Nonlinear] Ep 800, loss 0.0287
[Nonlinear] Ep 900, loss 0.0284
[Nonlinear] Ep 1000, loss 0.0283
[Nonlinear] Ep 1100, loss 0.0282
[Nonlinear] Ep 1200, loss 0.0281
[Nonlinear] Ep 1300, loss 0.0281
[Nonlinear] Ep 1400, loss 0.0280
[Nonlinear] Ep 1500, loss 0.0280
[Nonlinear] Ep 1600, loss 0.0279
[Nonlinear] Ep 1700, loss 0.0279
[Nonlinear] Ep 1800, loss 0.0279
[Nonlinear] Ep 1900, loss 0.0278
[Nonlinear] Ep 0, loss 5.6314
[Nonlinear] Ep 100, loss 0.6739
[Nonlinear] Ep 200, loss 0.1008
[Nonlinear] Ep 300, loss 0.0985
[Nonlinear] Ep 400, loss 0.0984
[Nonlinear] Ep 500, loss 0.0983
[Nonlinear] Ep 600, loss 0.0983
[Nonlinear] Ep 700, loss 0.0983
[Nonlinear] Ep 800, loss 0.0983
[Nonlinear] Ep 900, loss 0.0983
[Nonlinear] Ep 1000, loss 0.0982
[Nonlinear] Ep 1100, loss 0.0982
[Nonlinear] Ep 1200, loss 0.0982
[Nonlinear] Ep 1300, loss 0.0982
[Nonlinear] Ep 1400, loss 0.0982
[Nonlinear] Ep 1500, loss 0.0982
[Nonlinear] Ep 1600, loss 0.0982
[Nonlinear] Ep 1700, loss 0.0982
[Nonlinear] Ep 1800, loss 0.0982
[Nonlinear] Ep 1900, loss 0.0982

=== Current trial for n = 2500, trial = 9 ===
[1 1 2]
[Nonlinear] Ep 0, loss 1.4517
[Nonlinear] Ep 100, loss 0.0597
[Nonlinear] Ep 200, loss 0.0104
[Nonlinear] Ep 300, loss 0.0104
[Nonlinear] Ep 400, loss 0.0104
[Nonlinear] Ep 500, loss 0.0104
[Nonlinear] Ep 600, loss 0.0104
[Nonlinear] Ep 700, loss 0.0104
[Nonlinear] Ep 800, loss 0.0104
[Nonlinear] Ep 900, loss 0.0104
[Nonlinear] Ep 1000, loss 0.0104
[Nonlinear] Ep 1100, loss 0.0104
[Nonlinear] Ep 1200, loss 0.0104
[Nonlinear] Ep 1300, loss 0.0104
[Nonlinear] Ep 1400, loss 0.0104
[Nonlinear] Ep 1500, loss 0.0104
[Nonlinear] Ep 1600, loss 0.0104
[Nonlinear] Ep 1700, loss 0.0104
[Nonlinear] Ep 1800, loss 0.0104
[Nonlinear] Ep 1900, loss 0.0104
[1 1 2]
[Nonlinear] Ep 0, loss 2.1797
[Nonlinear] Ep 100, loss 0.5954
[Nonlinear] Ep 200, loss 0.0354
[Nonlinear] Ep 300, loss 0.0150
[Nonlinear] Ep 400, loss 0.0143
[Nonlinear] Ep 500, loss 0.0142
[Nonlinear] Ep 600, loss 0.0140
[Nonlinear] Ep 700, loss 0.0139
[Nonlinear] Ep 800, loss 0.0139
[Nonlinear] Ep 900, loss 0.0138
[Nonlinear] Ep 1000, loss 0.0137
[Nonlinear] Ep 1100, loss 0.0136
[Nonlinear] Ep 1200, loss 0.0135
[Nonlinear] Ep 1300, loss 0.0135
[Nonlinear] Ep 1400, loss 0.0134
[Nonlinear] Ep 1500, loss 0.0133
[Nonlinear] Ep 1600, loss 0.0132
[Nonlinear] Ep 1700, loss 0.0131
[Nonlinear] Ep 1800, loss 0.0129
[Nonlinear] Ep 1900, loss 0.0128
[Nonlinear] Ep 0, loss 2.3703
[Nonlinear] Ep 100, loss 0.1031
[Nonlinear] Ep 200, loss 0.0112
[Nonlinear] Ep 300, loss 0.0108
[Nonlinear] Ep 400, loss 0.0106
[Nonlinear] Ep 500, loss 0.0105
[Nonlinear] Ep 600, loss 0.0105
[Nonlinear] Ep 700, loss 0.0104
[Nonlinear] Ep 800, loss 0.0104
[Nonlinear] Ep 900, loss 0.0104
[Nonlinear] Ep 1000, loss 0.0104
[Nonlinear] Ep 1100, loss 0.0104
[Nonlinear] Ep 1200, loss 0.0104
[Nonlinear] Ep 1300, loss 0.0104
[Nonlinear] Ep 1400, loss 0.0104
[Nonlinear] Ep 1500, loss 0.0104
[Nonlinear] Ep 1600, loss 0.0104
[Nonlinear] Ep 1700, loss 0.0104
[Nonlinear] Ep 1800, loss 0.0104
[Nonlinear] Ep 1900, loss 0.0104

=== Current trial for n = 2500, trial = 10 ===
[1 1 2]
[Nonlinear] Ep 0, loss 6.1519
[Nonlinear] Ep 100, loss 1.6556
[Nonlinear] Ep 200, loss 0.1909
[Nonlinear] Ep 300, loss 0.0293
[Nonlinear] Ep 400, loss 0.0236
[Nonlinear] Ep 500, loss 0.0235
[Nonlinear] Ep 600, loss 0.0235
[Nonlinear] Ep 700, loss 0.0235
[Nonlinear] Ep 800, loss 0.0235
[Nonlinear] Ep 900, loss 0.0235
[Nonlinear] Ep 1000, loss 0.0235
[Nonlinear] Ep 1100, loss 0.0234
[Nonlinear] Ep 1200, loss 0.0234
[Nonlinear] Ep 1300, loss 0.0234
[Nonlinear] Ep 1400, loss 0.0234
[Nonlinear] Ep 1500, loss 0.0234
[Nonlinear] Ep 1600, loss 0.0234
[Nonlinear] Ep 1700, loss 0.0233
[Nonlinear] Ep 1800, loss 0.0233
[Nonlinear] Ep 1900, loss 0.0233
[1 1 2]
[Nonlinear] Ep 0, loss 6.2053
[Nonlinear] Ep 100, loss 1.8568
[Nonlinear] Ep 200, loss 0.0895
[Nonlinear] Ep 300, loss 0.0408
[Nonlinear] Ep 400, loss 0.0358
[Nonlinear] Ep 500, loss 0.0343
[Nonlinear] Ep 600, loss 0.0337
[Nonlinear] Ep 700, loss 0.0334
[Nonlinear] Ep 800, loss 0.0331
[Nonlinear] Ep 900, loss 0.0329
[Nonlinear] Ep 1000, loss 0.0327
[Nonlinear] Ep 1100, loss 0.0325
[Nonlinear] Ep 1200, loss 0.0323
[Nonlinear] Ep 1300, loss 0.0321
[Nonlinear] Ep 1400, loss 0.0319
[Nonlinear] Ep 1500, loss 0.0317
[Nonlinear] Ep 1600, loss 0.0315
[Nonlinear] Ep 1700, loss 0.0313
[Nonlinear] Ep 1800, loss 0.0310
[Nonlinear] Ep 1900, loss 0.0307
[Nonlinear] Ep 0, loss 5.5550
[Nonlinear] Ep 100, loss 0.8084
[Nonlinear] Ep 200, loss 0.1362
[Nonlinear] Ep 300, loss 0.1071
[Nonlinear] Ep 400, loss 0.1063
[Nonlinear] Ep 500, loss 0.1056
[Nonlinear] Ep 600, loss 0.1051
[Nonlinear] Ep 700, loss 0.1047
[Nonlinear] Ep 800, loss 0.1044
[Nonlinear] Ep 900, loss 0.1042
[Nonlinear] Ep 1000, loss 0.1041
[Nonlinear] Ep 1100, loss 0.1040
[Nonlinear] Ep 1200, loss 0.1039
[Nonlinear] Ep 1300, loss 0.1039
[Nonlinear] Ep 1400, loss 0.1039
[Nonlinear] Ep 1500, loss 0.1039
[Nonlinear] Ep 1600, loss 0.1039
[Nonlinear] Ep 1700, loss 0.1038
[Nonlinear] Ep 1800, loss 0.1038
[Nonlinear] Ep 1900, loss 0.1038

=== Current trial for n = 2500, trial = 11 ===
[1 1 2]
[Nonlinear] Ep 0, loss 2.2156
[Nonlinear] Ep 100, loss 0.2136
[Nonlinear] Ep 200, loss 0.0109
[Nonlinear] Ep 300, loss 0.0108
[Nonlinear] Ep 400, loss 0.0108
[Nonlinear] Ep 500, loss 0.0108
[Nonlinear] Ep 600, loss 0.0108
[Nonlinear] Ep 700, loss 0.0108
[Nonlinear] Ep 800, loss 0.0108
[Nonlinear] Ep 900, loss 0.0108
[Nonlinear] Ep 1000, loss 0.0108
[Nonlinear] Ep 1100, loss 0.0108
[Nonlinear] Ep 1200, loss 0.0108
[Nonlinear] Ep 1300, loss 0.0108
[Nonlinear] Ep 1400, loss 0.0108
[Nonlinear] Ep 1500, loss 0.0108
[Nonlinear] Ep 1600, loss 0.0108
[Nonlinear] Ep 1700, loss 0.0107
[Nonlinear] Ep 1800, loss 0.0107
[Nonlinear] Ep 1900, loss 0.0107
[1 1 2]
[Nonlinear] Ep 0, loss 1.5870
[Nonlinear] Ep 100, loss 0.2818
[Nonlinear] Ep 200, loss 0.0212
[Nonlinear] Ep 300, loss 0.0136
[Nonlinear] Ep 400, loss 0.0126
[Nonlinear] Ep 500, loss 0.0124
[Nonlinear] Ep 600, loss 0.0123
[Nonlinear] Ep 700, loss 0.0122
[Nonlinear] Ep 800, loss 0.0122
[Nonlinear] Ep 900, loss 0.0122
[Nonlinear] Ep 1000, loss 0.0122
[Nonlinear] Ep 1100, loss 0.0121
[Nonlinear] Ep 1200, loss 0.0121
[Nonlinear] Ep 1300, loss 0.0121
[Nonlinear] Ep 1400, loss 0.0121
[Nonlinear] Ep 1500, loss 0.0120
[Nonlinear] Ep 1600, loss 0.0120
[Nonlinear] Ep 1700, loss 0.0120
[Nonlinear] Ep 1800, loss 0.0120
[Nonlinear] Ep 1900, loss 0.0119
[Nonlinear] Ep 0, loss 2.2455
[Nonlinear] Ep 100, loss 0.1576
[Nonlinear] Ep 200, loss 0.0147
[Nonlinear] Ep 300, loss 0.0113
[Nonlinear] Ep 400, loss 0.0108
[Nonlinear] Ep 500, loss 0.0107
[Nonlinear] Ep 600, loss 0.0107
[Nonlinear] Ep 700, loss 0.0107
[Nonlinear] Ep 800, loss 0.0107
[Nonlinear] Ep 900, loss 0.0107
[Nonlinear] Ep 1000, loss 0.0107
[Nonlinear] Ep 1100, loss 0.0107
[Nonlinear] Ep 1200, loss 0.0107
[Nonlinear] Ep 1300, loss 0.0107
[Nonlinear] Ep 1400, loss 0.0107
[Nonlinear] Ep 1500, loss 0.0107
[Nonlinear] Ep 1600, loss 0.0107
[Nonlinear] Ep 1700, loss 0.0107
[Nonlinear] Ep 1800, loss 0.0107
[Nonlinear] Ep 1900, loss 0.0107

=== Current trial for n = 2500, trial = 12 ===
[1 1 2]
[Nonlinear] Ep 0, loss 1.2001
[Nonlinear] Ep 100, loss 0.0154
[Nonlinear] Ep 200, loss 0.0101
[Nonlinear] Ep 300, loss 0.0101
[Nonlinear] Ep 400, loss 0.0101
[Nonlinear] Ep 500, loss 0.0101
[Nonlinear] Ep 600, loss 0.0101
[Nonlinear] Ep 700, loss 0.0101
[Nonlinear] Ep 800, loss 0.0101
[Nonlinear] Ep 900, loss 0.0101
[Nonlinear] Ep 1000, loss 0.0101
[Nonlinear] Ep 1100, loss 0.0101
[Nonlinear] Ep 1200, loss 0.0101
[Nonlinear] Ep 1300, loss 0.0101
[Nonlinear] Ep 1400, loss 0.0101
[Nonlinear] Ep 1500, loss 0.0101
[Nonlinear] Ep 1600, loss 0.0101
[Nonlinear] Ep 1700, loss 0.0101
[Nonlinear] Ep 1800, loss 0.0101
[Nonlinear] Ep 1900, loss 0.0101
[1 1 2]
[Nonlinear] Ep 0, loss 1.9908
[Nonlinear] Ep 100, loss 0.6030
[Nonlinear] Ep 200, loss 0.0298
[Nonlinear] Ep 300, loss 0.0148
[Nonlinear] Ep 400, loss 0.0142
[Nonlinear] Ep 500, loss 0.0140
[Nonlinear] Ep 600, loss 0.0139
[Nonlinear] Ep 700, loss 0.0138
[Nonlinear] Ep 800, loss 0.0137
[Nonlinear] Ep 900, loss 0.0137
[Nonlinear] Ep 1000, loss 0.0136
[Nonlinear] Ep 1100, loss 0.0136
[Nonlinear] Ep 1200, loss 0.0135
[Nonlinear] Ep 1300, loss 0.0134
[Nonlinear] Ep 1400, loss 0.0134
[Nonlinear] Ep 1500, loss 0.0133
[Nonlinear] Ep 1600, loss 0.0132
[Nonlinear] Ep 1700, loss 0.0132
[Nonlinear] Ep 1800, loss 0.0131
[Nonlinear] Ep 1900, loss 0.0131
[Nonlinear] Ep 0, loss 2.2213
[Nonlinear] Ep 100, loss 0.2070
[Nonlinear] Ep 200, loss 0.0109
[Nonlinear] Ep 300, loss 0.0102
[Nonlinear] Ep 400, loss 0.0101
[Nonlinear] Ep 500, loss 0.0101
[Nonlinear] Ep 600, loss 0.0101
[Nonlinear] Ep 700, loss 0.0101
[Nonlinear] Ep 800, loss 0.0101
[Nonlinear] Ep 900, loss 0.0101
[Nonlinear] Ep 1000, loss 0.0101
[Nonlinear] Ep 1100, loss 0.0101
[Nonlinear] Ep 1200, loss 0.0101
[Nonlinear] Ep 1300, loss 0.0101
[Nonlinear] Ep 1400, loss 0.0101
[Nonlinear] Ep 1500, loss 0.0101
[Nonlinear] Ep 1600, loss 0.0101
[Nonlinear] Ep 1700, loss 0.0101
[Nonlinear] Ep 1800, loss 0.0101
[Nonlinear] Ep 1900, loss 0.0101

=== Current trial for n = 2500, trial = 13 ===
[1 1 2]
[Nonlinear] Ep 0, loss 2.6204
[Nonlinear] Ep 100, loss 0.2684
[Nonlinear] Ep 200, loss 0.0143
[Nonlinear] Ep 300, loss 0.0131
[Nonlinear] Ep 400, loss 0.0131
[Nonlinear] Ep 500, loss 0.0131
[Nonlinear] Ep 600, loss 0.0131
[Nonlinear] Ep 700, loss 0.0131
[Nonlinear] Ep 800, loss 0.0131
[Nonlinear] Ep 900, loss 0.0131
[Nonlinear] Ep 1000, loss 0.0131
[Nonlinear] Ep 1100, loss 0.0131
[Nonlinear] Ep 1200, loss 0.0131
[Nonlinear] Ep 1300, loss 0.0130
[Nonlinear] Ep 1400, loss 0.0130
[Nonlinear] Ep 1500, loss 0.0130
[Nonlinear] Ep 1600, loss 0.0130
[Nonlinear] Ep 1700, loss 0.0130
[Nonlinear] Ep 1800, loss 0.0130
[Nonlinear] Ep 1900, loss 0.0130
[1 1 2]
[Nonlinear] Ep 0, loss 1.8648
[Nonlinear] Ep 100, loss 0.3698
[Nonlinear] Ep 200, loss 0.0177
[Nonlinear] Ep 300, loss 0.0142
[Nonlinear] Ep 400, loss 0.0139
[Nonlinear] Ep 500, loss 0.0136
[Nonlinear] Ep 600, loss 0.0135
[Nonlinear] Ep 700, loss 0.0134
[Nonlinear] Ep 800, loss 0.0134
[Nonlinear] Ep 900, loss 0.0133
[Nonlinear] Ep 1000, loss 0.0133
[Nonlinear] Ep 1100, loss 0.0132
[Nonlinear] Ep 1200, loss 0.0132
[Nonlinear] Ep 1300, loss 0.0131
[Nonlinear] Ep 1400, loss 0.0131
[Nonlinear] Ep 1500, loss 0.0130
[Nonlinear] Ep 1600, loss 0.0130
[Nonlinear] Ep 1700, loss 0.0129
[Nonlinear] Ep 1800, loss 0.0128
[Nonlinear] Ep 1900, loss 0.0128
[Nonlinear] Ep 0, loss 1.9756
[Nonlinear] Ep 100, loss 0.1612
[Nonlinear] Ep 200, loss 0.0147
[Nonlinear] Ep 300, loss 0.0131
[Nonlinear] Ep 400, loss 0.0129
[Nonlinear] Ep 500, loss 0.0129
[Nonlinear] Ep 600, loss 0.0129
[Nonlinear] Ep 700, loss 0.0129
[Nonlinear] Ep 800, loss 0.0129
[Nonlinear] Ep 900, loss 0.0129
[Nonlinear] Ep 1000, loss 0.0129
[Nonlinear] Ep 1100, loss 0.0129
[Nonlinear] Ep 1200, loss 0.0129
[Nonlinear] Ep 1300, loss 0.0129
[Nonlinear] Ep 1400, loss 0.0129
[Nonlinear] Ep 1500, loss 0.0129
[Nonlinear] Ep 1600, loss 0.0129
[Nonlinear] Ep 1700, loss 0.0129
[Nonlinear] Ep 1800, loss 0.0129
[Nonlinear] Ep 1900, loss 0.0129

=== Current trial for n = 2500, trial = 14 ===
[1 1 2]
[Nonlinear] Ep 0, loss 6.0320
[Nonlinear] Ep 100, loss 1.6792
[Nonlinear] Ep 200, loss 0.0757
[Nonlinear] Ep 300, loss 0.0210
[Nonlinear] Ep 400, loss 0.0210
[Nonlinear] Ep 500, loss 0.0210
[Nonlinear] Ep 600, loss 0.0210
[Nonlinear] Ep 700, loss 0.0210
[Nonlinear] Ep 800, loss 0.0210
[Nonlinear] Ep 900, loss 0.0210
[Nonlinear] Ep 1000, loss 0.0210
[Nonlinear] Ep 1100, loss 0.0210
[Nonlinear] Ep 1200, loss 0.0209
[Nonlinear] Ep 1300, loss 0.0209
[Nonlinear] Ep 1400, loss 0.0209
[Nonlinear] Ep 1500, loss 0.0209
[Nonlinear] Ep 1600, loss 0.0209
[Nonlinear] Ep 1700, loss 0.0209
[Nonlinear] Ep 1800, loss 0.0209
[Nonlinear] Ep 1900, loss 0.0209
[1 1 2]
[Nonlinear] Ep 0, loss 6.3657
[Nonlinear] Ep 100, loss 2.9872
[Nonlinear] Ep 200, loss 0.3213
[Nonlinear] Ep 300, loss 0.0598
[Nonlinear] Ep 400, loss 0.0369
[Nonlinear] Ep 500, loss 0.0355
[Nonlinear] Ep 600, loss 0.0353
[Nonlinear] Ep 700, loss 0.0351
[Nonlinear] Ep 800, loss 0.0349
[Nonlinear] Ep 900, loss 0.0346
[Nonlinear] Ep 1000, loss 0.0344
[Nonlinear] Ep 1100, loss 0.0342
[Nonlinear] Ep 1200, loss 0.0340
[Nonlinear] Ep 1300, loss 0.0338
[Nonlinear] Ep 1400, loss 0.0335
[Nonlinear] Ep 1500, loss 0.0333
[Nonlinear] Ep 1600, loss 0.0331
[Nonlinear] Ep 1700, loss 0.0329
[Nonlinear] Ep 1800, loss 0.0327
[Nonlinear] Ep 1900, loss 0.0325
[Nonlinear] Ep 0, loss 6.3509
[Nonlinear] Ep 100, loss 0.7242
[Nonlinear] Ep 200, loss 0.1117
[Nonlinear] Ep 300, loss 0.0994
[Nonlinear] Ep 400, loss 0.0974
[Nonlinear] Ep 500, loss 0.0971
[Nonlinear] Ep 600, loss 0.0970
[Nonlinear] Ep 700, loss 0.0969
[Nonlinear] Ep 800, loss 0.0969
[Nonlinear] Ep 900, loss 0.0968
[Nonlinear] Ep 1000, loss 0.0968
[Nonlinear] Ep 1100, loss 0.0968
[Nonlinear] Ep 1200, loss 0.0968
[Nonlinear] Ep 1300, loss 0.0967
[Nonlinear] Ep 1400, loss 0.0967
[Nonlinear] Ep 1500, loss 0.0967
[Nonlinear] Ep 1600, loss 0.0967
[Nonlinear] Ep 1700, loss 0.0967
[Nonlinear] Ep 1800, loss 0.0967
[Nonlinear] Ep 1900, loss 0.0967

=== Current trial for n = 2500, trial = 15 ===
[1 1 2]
[Nonlinear] Ep 0, loss 7.1399
[Nonlinear] Ep 100, loss 2.3745
[Nonlinear] Ep 200, loss 0.3643
[Nonlinear] Ep 300, loss 0.0582
[Nonlinear] Ep 400, loss 0.0254
[Nonlinear] Ep 500, loss 0.0198
[Nonlinear] Ep 600, loss 0.0191
[Nonlinear] Ep 700, loss 0.0191
[Nonlinear] Ep 800, loss 0.0191
[Nonlinear] Ep 900, loss 0.0191
[Nonlinear] Ep 1000, loss 0.0191
[Nonlinear] Ep 1100, loss 0.0191
[Nonlinear] Ep 1200, loss 0.0191
[Nonlinear] Ep 1300, loss 0.0191
[Nonlinear] Ep 1400, loss 0.0191
[Nonlinear] Ep 1500, loss 0.0191
[Nonlinear] Ep 1600, loss 0.0191
[Nonlinear] Ep 1700, loss 0.0191
[Nonlinear] Ep 1800, loss 0.0191
[Nonlinear] Ep 1900, loss 0.0191
[1 1 2]
[Nonlinear] Ep 0, loss 6.6273
[Nonlinear] Ep 100, loss 2.1523
[Nonlinear] Ep 200, loss 0.1512
[Nonlinear] Ep 300, loss 0.0347
[Nonlinear] Ep 400, loss 0.0291
[Nonlinear] Ep 500, loss 0.0283
[Nonlinear] Ep 600, loss 0.0280
[Nonlinear] Ep 700, loss 0.0277
[Nonlinear] Ep 800, loss 0.0275
[Nonlinear] Ep 900, loss 0.0274
[Nonlinear] Ep 1000, loss 0.0272
[Nonlinear] Ep 1100, loss 0.0271
[Nonlinear] Ep 1200, loss 0.0270
[Nonlinear] Ep 1300, loss 0.0269
[Nonlinear] Ep 1400, loss 0.0268
[Nonlinear] Ep 1500, loss 0.0267
[Nonlinear] Ep 1600, loss 0.0266
[Nonlinear] Ep 1700, loss 0.0265
[Nonlinear] Ep 1800, loss 0.0264
[Nonlinear] Ep 1900, loss 0.0263
[Nonlinear] Ep 0, loss 5.8151
[Nonlinear] Ep 100, loss 0.4802
[Nonlinear] Ep 200, loss 0.0918
[Nonlinear] Ep 300, loss 0.0913
[Nonlinear] Ep 400, loss 0.0911
[Nonlinear] Ep 500, loss 0.0910
[Nonlinear] Ep 600, loss 0.0909
[Nonlinear] Ep 700, loss 0.0909
[Nonlinear] Ep 800, loss 0.0909
[Nonlinear] Ep 900, loss 0.0908
[Nonlinear] Ep 1000, loss 0.0908
[Nonlinear] Ep 1100, loss 0.0908
[Nonlinear] Ep 1200, loss 0.0908
[Nonlinear] Ep 1300, loss 0.0908
[Nonlinear] Ep 1400, loss 0.0908
[Nonlinear] Ep 1500, loss 0.0907
[Nonlinear] Ep 1600, loss 0.0907
[Nonlinear] Ep 1700, loss 0.0907
[Nonlinear] Ep 1800, loss 0.0907
[Nonlinear] Ep 1900, loss 0.0907

=== Current trial for n = 2500, trial = 16 ===
[1 1 2]
[Nonlinear] Ep 0, loss 2.1209
[Nonlinear] Ep 100, loss 0.1787
[Nonlinear] Ep 200, loss 0.0109
[Nonlinear] Ep 300, loss 0.0107
[Nonlinear] Ep 400, loss 0.0107
[Nonlinear] Ep 500, loss 0.0107
[Nonlinear] Ep 600, loss 0.0107
[Nonlinear] Ep 700, loss 0.0107
[Nonlinear] Ep 800, loss 0.0107
[Nonlinear] Ep 900, loss 0.0107
[Nonlinear] Ep 1000, loss 0.0107
[Nonlinear] Ep 1100, loss 0.0107
[Nonlinear] Ep 1200, loss 0.0107
[Nonlinear] Ep 1300, loss 0.0107
[Nonlinear] Ep 1400, loss 0.0107
[Nonlinear] Ep 1500, loss 0.0107
[Nonlinear] Ep 1600, loss 0.0107
[Nonlinear] Ep 1700, loss 0.0107
[Nonlinear] Ep 1800, loss 0.0107
[Nonlinear] Ep 1900, loss 0.0107
[1 1 2]
[Nonlinear] Ep 0, loss 2.0403
[Nonlinear] Ep 100, loss 0.4246
[Nonlinear] Ep 200, loss 0.0213
[Nonlinear] Ep 300, loss 0.0160
[Nonlinear] Ep 400, loss 0.0156
[Nonlinear] Ep 500, loss 0.0153
[Nonlinear] Ep 600, loss 0.0151
[Nonlinear] Ep 700, loss 0.0148
[Nonlinear] Ep 800, loss 0.0146
[Nonlinear] Ep 900, loss 0.0144
[Nonlinear] Ep 1000, loss 0.0143
[Nonlinear] Ep 1100, loss 0.0142
[Nonlinear] Ep 1200, loss 0.0141
[Nonlinear] Ep 1300, loss 0.0140
[Nonlinear] Ep 1400, loss 0.0140
[Nonlinear] Ep 1500, loss 0.0139
[Nonlinear] Ep 1600, loss 0.0138
[Nonlinear] Ep 1700, loss 0.0137
[Nonlinear] Ep 1800, loss 0.0136
[Nonlinear] Ep 1900, loss 0.0135
[Nonlinear] Ep 0, loss 1.1806
[Nonlinear] Ep 100, loss 0.0147
[Nonlinear] Ep 200, loss 0.0107
[Nonlinear] Ep 300, loss 0.0106
[Nonlinear] Ep 400, loss 0.0106
[Nonlinear] Ep 500, loss 0.0106
[Nonlinear] Ep 600, loss 0.0106
[Nonlinear] Ep 700, loss 0.0106
[Nonlinear] Ep 800, loss 0.0106
[Nonlinear] Ep 900, loss 0.0106
[Nonlinear] Ep 1000, loss 0.0106
[Nonlinear] Ep 1100, loss 0.0106
[Nonlinear] Ep 1200, loss 0.0106
[Nonlinear] Ep 1300, loss 0.0106
[Nonlinear] Ep 1400, loss 0.0106
[Nonlinear] Ep 1500, loss 0.0106
[Nonlinear] Ep 1600, loss 0.0106
[Nonlinear] Ep 1700, loss 0.0106
[Nonlinear] Ep 1800, loss 0.0106
[Nonlinear] Ep 1900, loss 0.0106

=== Current trial for n = 2500, trial = 17 ===
[1 1 2]
[Nonlinear] Ep 0, loss 6.9095
[Nonlinear] Ep 100, loss 1.7666
[Nonlinear] Ep 200, loss 0.1237
[Nonlinear] Ep 300, loss 0.0276
[Nonlinear] Ep 400, loss 0.0265
[Nonlinear] Ep 500, loss 0.0264
[Nonlinear] Ep 600, loss 0.0264
[Nonlinear] Ep 700, loss 0.0264
[Nonlinear] Ep 800, loss 0.0264
[Nonlinear] Ep 900, loss 0.0264
[Nonlinear] Ep 1000, loss 0.0264
[Nonlinear] Ep 1100, loss 0.0264
[Nonlinear] Ep 1200, loss 0.0264
[Nonlinear] Ep 1300, loss 0.0264
[Nonlinear] Ep 1400, loss 0.0264
[Nonlinear] Ep 1500, loss 0.0264
[Nonlinear] Ep 1600, loss 0.0264
[Nonlinear] Ep 1700, loss 0.0264
[Nonlinear] Ep 1800, loss 0.0264
[Nonlinear] Ep 1900, loss 0.0264
[1 1 2]
[Nonlinear] Ep 0, loss 5.9463
[Nonlinear] Ep 100, loss 1.8801
[Nonlinear] Ep 200, loss 0.0848
[Nonlinear] Ep 300, loss 0.0441
[Nonlinear] Ep 400, loss 0.0393
[Nonlinear] Ep 500, loss 0.0384
[Nonlinear] Ep 600, loss 0.0381
[Nonlinear] Ep 700, loss 0.0379
[Nonlinear] Ep 800, loss 0.0378
[Nonlinear] Ep 900, loss 0.0376
[Nonlinear] Ep 1000, loss 0.0374
[Nonlinear] Ep 1100, loss 0.0372
[Nonlinear] Ep 1200, loss 0.0371
[Nonlinear] Ep 1300, loss 0.0369
[Nonlinear] Ep 1400, loss 0.0368
[Nonlinear] Ep 1500, loss 0.0366
[Nonlinear] Ep 1600, loss 0.0365
[Nonlinear] Ep 1700, loss 0.0363
[Nonlinear] Ep 1800, loss 0.0361
[Nonlinear] Ep 1900, loss 0.0360
[Nonlinear] Ep 0, loss 5.2326
[Nonlinear] Ep 100, loss 0.5158
[Nonlinear] Ep 200, loss 0.1325
[Nonlinear] Ep 300, loss 0.1220
[Nonlinear] Ep 400, loss 0.1180
[Nonlinear] Ep 500, loss 0.1162
[Nonlinear] Ep 600, loss 0.1151
[Nonlinear] Ep 700, loss 0.1144
[Nonlinear] Ep 800, loss 0.1138
[Nonlinear] Ep 900, loss 0.1134
[Nonlinear] Ep 1000, loss 0.1132
[Nonlinear] Ep 1100, loss 0.1131
[Nonlinear] Ep 1200, loss 0.1130
[Nonlinear] Ep 1300, loss 0.1129
[Nonlinear] Ep 1400, loss 0.1129
[Nonlinear] Ep 1500, loss 0.1128
[Nonlinear] Ep 1600, loss 0.1128
[Nonlinear] Ep 1700, loss 0.1128
[Nonlinear] Ep 1800, loss 0.1128
[Nonlinear] Ep 1900, loss 0.1128

=== Current trial for n = 2500, trial = 18 ===
[1 1 2]
[Nonlinear] Ep 0, loss 6.1739
[Nonlinear] Ep 100, loss 2.0237
[Nonlinear] Ep 200, loss 0.2413
[Nonlinear] Ep 300, loss 0.0631
[Nonlinear] Ep 400, loss 0.0312
[Nonlinear] Ep 500, loss 0.0290
[Nonlinear] Ep 600, loss 0.0289
[Nonlinear] Ep 700, loss 0.0288
[Nonlinear] Ep 800, loss 0.0288
[Nonlinear] Ep 900, loss 0.0288
[Nonlinear] Ep 1000, loss 0.0287
[Nonlinear] Ep 1100, loss 0.0287
[Nonlinear] Ep 1200, loss 0.0286
[Nonlinear] Ep 1300, loss 0.0286
[Nonlinear] Ep 1400, loss 0.0285
[Nonlinear] Ep 1500, loss 0.0284
[Nonlinear] Ep 1600, loss 0.0284
[Nonlinear] Ep 1700, loss 0.0283
[Nonlinear] Ep 1800, loss 0.0282
[Nonlinear] Ep 1900, loss 0.0282
[1 1 2]
[Nonlinear] Ep 0, loss 7.0190
[Nonlinear] Ep 100, loss 3.1606
[Nonlinear] Ep 200, loss 0.2505
[Nonlinear] Ep 300, loss 0.0559
[Nonlinear] Ep 400, loss 0.0433
[Nonlinear] Ep 500, loss 0.0394
[Nonlinear] Ep 600, loss 0.0383
[Nonlinear] Ep 700, loss 0.0379
[Nonlinear] Ep 800, loss 0.0376
[Nonlinear] Ep 900, loss 0.0375
[Nonlinear] Ep 1000, loss 0.0373
[Nonlinear] Ep 1100, loss 0.0371
[Nonlinear] Ep 1200, loss 0.0370
[Nonlinear] Ep 1300, loss 0.0368
[Nonlinear] Ep 1400, loss 0.0367
[Nonlinear] Ep 1500, loss 0.0365
[Nonlinear] Ep 1600, loss 0.0364
[Nonlinear] Ep 1700, loss 0.0362
[Nonlinear] Ep 1800, loss 0.0361
[Nonlinear] Ep 1900, loss 0.0359
[Nonlinear] Ep 0, loss 5.4470
[Nonlinear] Ep 100, loss 0.5705
[Nonlinear] Ep 200, loss 0.1299
[Nonlinear] Ep 300, loss 0.1155
[Nonlinear] Ep 400, loss 0.1133
[Nonlinear] Ep 500, loss 0.1127
[Nonlinear] Ep 600, loss 0.1123
[Nonlinear] Ep 700, loss 0.1120
[Nonlinear] Ep 800, loss 0.1118
[Nonlinear] Ep 900, loss 0.1116
[Nonlinear] Ep 1000, loss 0.1116
[Nonlinear] Ep 1100, loss 0.1115
[Nonlinear] Ep 1200, loss 0.1115
[Nonlinear] Ep 1300, loss 0.1115
[Nonlinear] Ep 1400, loss 0.1114
[Nonlinear] Ep 1500, loss 0.1114
[Nonlinear] Ep 1600, loss 0.1114
[Nonlinear] Ep 1700, loss 0.1114
[Nonlinear] Ep 1800, loss 0.1114
[Nonlinear] Ep 1900, loss 0.1114

=== Current trial for n = 2500, trial = 19 ===
[1 1 2]
[Nonlinear] Ep 0, loss 2.2257
[Nonlinear] Ep 100, loss 0.2460
[Nonlinear] Ep 200, loss 0.0135
[Nonlinear] Ep 300, loss 0.0127
[Nonlinear] Ep 400, loss 0.0127
[Nonlinear] Ep 500, loss 0.0127
[Nonlinear] Ep 600, loss 0.0127
[Nonlinear] Ep 700, loss 0.0127
[Nonlinear] Ep 800, loss 0.0127
[Nonlinear] Ep 900, loss 0.0127
[Nonlinear] Ep 1000, loss 0.0126
[Nonlinear] Ep 1100, loss 0.0126
[Nonlinear] Ep 1200, loss 0.0126
[Nonlinear] Ep 1300, loss 0.0126
[Nonlinear] Ep 1400, loss 0.0126
[Nonlinear] Ep 1500, loss 0.0126
[Nonlinear] Ep 1600, loss 0.0126
[Nonlinear] Ep 1700, loss 0.0126
[Nonlinear] Ep 1800, loss 0.0126
[Nonlinear] Ep 1900, loss 0.0126
[1 1 2]
[Nonlinear] Ep 0, loss 2.1915
[Nonlinear] Ep 100, loss 0.6566
[Nonlinear] Ep 200, loss 0.0190
[Nonlinear] Ep 300, loss 0.0152
[Nonlinear] Ep 400, loss 0.0149
[Nonlinear] Ep 500, loss 0.0148
[Nonlinear] Ep 600, loss 0.0147
[Nonlinear] Ep 700, loss 0.0147
[Nonlinear] Ep 800, loss 0.0146
[Nonlinear] Ep 900, loss 0.0146
[Nonlinear] Ep 1000, loss 0.0145
[Nonlinear] Ep 1100, loss 0.0145
[Nonlinear] Ep 1200, loss 0.0145
[Nonlinear] Ep 1300, loss 0.0144
[Nonlinear] Ep 1400, loss 0.0144
[Nonlinear] Ep 1500, loss 0.0144
[Nonlinear] Ep 1600, loss 0.0144
[Nonlinear] Ep 1700, loss 0.0144
[Nonlinear] Ep 1800, loss 0.0143
[Nonlinear] Ep 1900, loss 0.0143
[Nonlinear] Ep 0, loss 2.5661
[Nonlinear] Ep 100, loss 0.0843
[Nonlinear] Ep 200, loss 0.0139
[Nonlinear] Ep 300, loss 0.0133
[Nonlinear] Ep 400, loss 0.0129
[Nonlinear] Ep 500, loss 0.0127
[Nonlinear] Ep 600, loss 0.0126
[Nonlinear] Ep 700, loss 0.0125
[Nonlinear] Ep 800, loss 0.0125
[Nonlinear] Ep 900, loss 0.0125
[Nonlinear] Ep 1000, loss 0.0125
[Nonlinear] Ep 1100, loss 0.0125
[Nonlinear] Ep 1200, loss 0.0125
[Nonlinear] Ep 1300, loss 0.0125
[Nonlinear] Ep 1400, loss 0.0125
[Nonlinear] Ep 1500, loss 0.0125
[Nonlinear] Ep 1600, loss 0.0125
[Nonlinear] Ep 1700, loss 0.0125
[Nonlinear] Ep 1800, loss 0.0125
[Nonlinear] Ep 1900, loss 0.0125

=== Current trial for n = 2500, trial = 20 ===
[1 1 2]
[Nonlinear] Ep 0, loss 5.9181
[Nonlinear] Ep 100, loss 1.3546
[Nonlinear] Ep 200, loss 0.0484
[Nonlinear] Ep 300, loss 0.0247
[Nonlinear] Ep 400, loss 0.0241
[Nonlinear] Ep 500, loss 0.0241
[Nonlinear] Ep 600, loss 0.0240
[Nonlinear] Ep 700, loss 0.0240
[Nonlinear] Ep 800, loss 0.0240
[Nonlinear] Ep 900, loss 0.0239
[Nonlinear] Ep 1000, loss 0.0239
[Nonlinear] Ep 1100, loss 0.0239
[Nonlinear] Ep 1200, loss 0.0239
[Nonlinear] Ep 1300, loss 0.0238
[Nonlinear] Ep 1400, loss 0.0238
[Nonlinear] Ep 1500, loss 0.0238
[Nonlinear] Ep 1600, loss 0.0237
[Nonlinear] Ep 1700, loss 0.0237
[Nonlinear] Ep 1800, loss 0.0237
[Nonlinear] Ep 1900, loss 0.0237
[1 1 2]
[Nonlinear] Ep 0, loss 5.2430
[Nonlinear] Ep 100, loss 1.4627
[Nonlinear] Ep 200, loss 0.0900
[Nonlinear] Ep 300, loss 0.0462
[Nonlinear] Ep 400, loss 0.0392
[Nonlinear] Ep 500, loss 0.0372
[Nonlinear] Ep 600, loss 0.0363
[Nonlinear] Ep 700, loss 0.0357
[Nonlinear] Ep 800, loss 0.0354
[Nonlinear] Ep 900, loss 0.0351
[Nonlinear] Ep 1000, loss 0.0349
[Nonlinear] Ep 1100, loss 0.0348
[Nonlinear] Ep 1200, loss 0.0346
[Nonlinear] Ep 1300, loss 0.0344
[Nonlinear] Ep 1400, loss 0.0343
[Nonlinear] Ep 1500, loss 0.0341
[Nonlinear] Ep 1600, loss 0.0339
[Nonlinear] Ep 1700, loss 0.0338
[Nonlinear] Ep 1800, loss 0.0336
[Nonlinear] Ep 1900, loss 0.0334
[Nonlinear] Ep 0, loss 6.1461
[Nonlinear] Ep 100, loss 1.1991
[Nonlinear] Ep 200, loss 0.1760
[Nonlinear] Ep 300, loss 0.1327
[Nonlinear] Ep 400, loss 0.1241
[Nonlinear] Ep 500, loss 0.1173
[Nonlinear] Ep 600, loss 0.1121
[Nonlinear] Ep 700, loss 0.1082
[Nonlinear] Ep 800, loss 0.1054
[Nonlinear] Ep 900, loss 0.1035
[Nonlinear] Ep 1000, loss 0.1022
[Nonlinear] Ep 1100, loss 0.1014
[Nonlinear] Ep 1200, loss 0.1010
[Nonlinear] Ep 1300, loss 0.1007
[Nonlinear] Ep 1400, loss 0.1005
[Nonlinear] Ep 1500, loss 0.1004
[Nonlinear] Ep 1600, loss 0.1004
[Nonlinear] Ep 1700, loss 0.1004
[Nonlinear] Ep 1800, loss 0.1003
[Nonlinear] Ep 1900, loss 0.1003

=== Current trial for n = 2500, trial = 21 ===
[1 1 2]
[Nonlinear] Ep 0, loss 5.3161
[Nonlinear] Ep 100, loss 1.1287
[Nonlinear] Ep 200, loss 0.0495
[Nonlinear] Ep 300, loss 0.0251
[Nonlinear] Ep 400, loss 0.0239
[Nonlinear] Ep 500, loss 0.0239
[Nonlinear] Ep 600, loss 0.0239
[Nonlinear] Ep 700, loss 0.0239
[Nonlinear] Ep 800, loss 0.0239
[Nonlinear] Ep 900, loss 0.0239
[Nonlinear] Ep 1000, loss 0.0239
[Nonlinear] Ep 1100, loss 0.0239
[Nonlinear] Ep 1200, loss 0.0239
[Nonlinear] Ep 1300, loss 0.0239
[Nonlinear] Ep 1400, loss 0.0239
[Nonlinear] Ep 1500, loss 0.0238
[Nonlinear] Ep 1600, loss 0.0238
[Nonlinear] Ep 1700, loss 0.0238
[Nonlinear] Ep 1800, loss 0.0238
[Nonlinear] Ep 1900, loss 0.0238
[1 1 2]
[Nonlinear] Ep 0, loss 6.5717
[Nonlinear] Ep 100, loss 3.0805
[Nonlinear] Ep 200, loss 0.5256
[Nonlinear] Ep 300, loss 0.0593
[Nonlinear] Ep 400, loss 0.0461
[Nonlinear] Ep 500, loss 0.0421
[Nonlinear] Ep 600, loss 0.0396
[Nonlinear] Ep 700, loss 0.0381
[Nonlinear] Ep 800, loss 0.0371
[Nonlinear] Ep 900, loss 0.0365
[Nonlinear] Ep 1000, loss 0.0361
[Nonlinear] Ep 1100, loss 0.0358
[Nonlinear] Ep 1200, loss 0.0356
[Nonlinear] Ep 1300, loss 0.0355
[Nonlinear] Ep 1400, loss 0.0353
[Nonlinear] Ep 1500, loss 0.0352
[Nonlinear] Ep 1600, loss 0.0351
[Nonlinear] Ep 1700, loss 0.0350
[Nonlinear] Ep 1800, loss 0.0348
[Nonlinear] Ep 1900, loss 0.0347
[Nonlinear] Ep 0, loss 4.9163
[Nonlinear] Ep 100, loss 0.6102
[Nonlinear] Ep 200, loss 0.1012
[Nonlinear] Ep 300, loss 0.0977
[Nonlinear] Ep 400, loss 0.0972
[Nonlinear] Ep 500, loss 0.0966
[Nonlinear] Ep 600, loss 0.0961
[Nonlinear] Ep 700, loss 0.0957
[Nonlinear] Ep 800, loss 0.0954
[Nonlinear] Ep 900, loss 0.0951
[Nonlinear] Ep 1000, loss 0.0950
[Nonlinear] Ep 1100, loss 0.0948
[Nonlinear] Ep 1200, loss 0.0947
[Nonlinear] Ep 1300, loss 0.0947
[Nonlinear] Ep 1400, loss 0.0946
[Nonlinear] Ep 1500, loss 0.0946
[Nonlinear] Ep 1600, loss 0.0946
[Nonlinear] Ep 1700, loss 0.0946
[Nonlinear] Ep 1800, loss 0.0946
[Nonlinear] Ep 1900, loss 0.0946

=== Current trial for n = 2500, trial = 22 ===
[1 1 2]
[Nonlinear] Ep 0, loss 6.4360
[Nonlinear] Ep 100, loss 1.7659
[Nonlinear] Ep 200, loss 0.0787
[Nonlinear] Ep 300, loss 0.0283
[Nonlinear] Ep 400, loss 0.0261
[Nonlinear] Ep 500, loss 0.0260
[Nonlinear] Ep 600, loss 0.0259
[Nonlinear] Ep 700, loss 0.0259
[Nonlinear] Ep 800, loss 0.0258
[Nonlinear] Ep 900, loss 0.0257
[Nonlinear] Ep 1000, loss 0.0257
[Nonlinear] Ep 1100, loss 0.0256
[Nonlinear] Ep 1200, loss 0.0256
[Nonlinear] Ep 1300, loss 0.0255
[Nonlinear] Ep 1400, loss 0.0254
[Nonlinear] Ep 1500, loss 0.0253
[Nonlinear] Ep 1600, loss 0.0253
[Nonlinear] Ep 1700, loss 0.0252
[Nonlinear] Ep 1800, loss 0.0251
[Nonlinear] Ep 1900, loss 0.0250
[1 1 2]
[Nonlinear] Ep 0, loss 4.5743
[Nonlinear] Ep 100, loss 1.2116
[Nonlinear] Ep 200, loss 0.0756
[Nonlinear] Ep 300, loss 0.0550
[Nonlinear] Ep 400, loss 0.0517
[Nonlinear] Ep 500, loss 0.0501
[Nonlinear] Ep 600, loss 0.0489
[Nonlinear] Ep 700, loss 0.0480
[Nonlinear] Ep 800, loss 0.0474
[Nonlinear] Ep 900, loss 0.0469
[Nonlinear] Ep 1000, loss 0.0463
[Nonlinear] Ep 1100, loss 0.0458
[Nonlinear] Ep 1200, loss 0.0453
[Nonlinear] Ep 1300, loss 0.0448
[Nonlinear] Ep 1400, loss 0.0443
[Nonlinear] Ep 1500, loss 0.0438
[Nonlinear] Ep 1600, loss 0.0433
[Nonlinear] Ep 1700, loss 0.0426
[Nonlinear] Ep 1800, loss 0.0419
[Nonlinear] Ep 1900, loss 0.0409
[Nonlinear] Ep 0, loss 6.0172
[Nonlinear] Ep 100, loss 0.7262
[Nonlinear] Ep 200, loss 0.1264
[Nonlinear] Ep 300, loss 0.1182
[Nonlinear] Ep 400, loss 0.1162
[Nonlinear] Ep 500, loss 0.1146
[Nonlinear] Ep 600, loss 0.1134
[Nonlinear] Ep 700, loss 0.1125
[Nonlinear] Ep 800, loss 0.1119
[Nonlinear] Ep 900, loss 0.1115
[Nonlinear] Ep 1000, loss 0.1113
[Nonlinear] Ep 1100, loss 0.1111
[Nonlinear] Ep 1200, loss 0.1109
[Nonlinear] Ep 1300, loss 0.1107
[Nonlinear] Ep 1400, loss 0.1105
[Nonlinear] Ep 1500, loss 0.1104
[Nonlinear] Ep 1600, loss 0.1101
[Nonlinear] Ep 1700, loss 0.1099
[Nonlinear] Ep 1800, loss 0.1096
[Nonlinear] Ep 1900, loss 0.1092

=== Current trial for n = 2500, trial = 23 ===
[1 1 2]
[Nonlinear] Ep 0, loss 5.4184
[Nonlinear] Ep 100, loss 0.8990
[Nonlinear] Ep 200, loss 0.0331
[Nonlinear] Ep 300, loss 0.0277
[Nonlinear] Ep 400, loss 0.0276
[Nonlinear] Ep 500, loss 0.0276
[Nonlinear] Ep 600, loss 0.0276
[Nonlinear] Ep 700, loss 0.0276
[Nonlinear] Ep 800, loss 0.0276
[Nonlinear] Ep 900, loss 0.0276
[Nonlinear] Ep 1000, loss 0.0276
[Nonlinear] Ep 1100, loss 0.0276
[Nonlinear] Ep 1200, loss 0.0275
[Nonlinear] Ep 1300, loss 0.0275
[Nonlinear] Ep 1400, loss 0.0275
[Nonlinear] Ep 1500, loss 0.0275
[Nonlinear] Ep 1600, loss 0.0275
[Nonlinear] Ep 1700, loss 0.0275
[Nonlinear] Ep 1800, loss 0.0275
[Nonlinear] Ep 1900, loss 0.0274
[1 1 2]
[Nonlinear] Ep 0, loss 6.0040
[Nonlinear] Ep 100, loss 2.1429
[Nonlinear] Ep 200, loss 0.2661
[Nonlinear] Ep 300, loss 0.0870
[Nonlinear] Ep 400, loss 0.0651
[Nonlinear] Ep 500, loss 0.0566
[Nonlinear] Ep 600, loss 0.0511
[Nonlinear] Ep 700, loss 0.0473
[Nonlinear] Ep 800, loss 0.0447
[Nonlinear] Ep 900, loss 0.0429
[Nonlinear] Ep 1000, loss 0.0417
[Nonlinear] Ep 1100, loss 0.0410
[Nonlinear] Ep 1200, loss 0.0404
[Nonlinear] Ep 1300, loss 0.0401
[Nonlinear] Ep 1400, loss 0.0398
[Nonlinear] Ep 1500, loss 0.0395
[Nonlinear] Ep 1600, loss 0.0393
[Nonlinear] Ep 1700, loss 0.0391
[Nonlinear] Ep 1800, loss 0.0388
[Nonlinear] Ep 1900, loss 0.0386
[Nonlinear] Ep 0, loss 4.9523
[Nonlinear] Ep 100, loss 0.6221
[Nonlinear] Ep 200, loss 0.1175
[Nonlinear] Ep 300, loss 0.1049
[Nonlinear] Ep 400, loss 0.1033
[Nonlinear] Ep 500, loss 0.1023
[Nonlinear] Ep 600, loss 0.1016
[Nonlinear] Ep 700, loss 0.1010
[Nonlinear] Ep 800, loss 0.1006
[Nonlinear] Ep 900, loss 0.1003
[Nonlinear] Ep 1000, loss 0.1002
[Nonlinear] Ep 1100, loss 0.1000
[Nonlinear] Ep 1200, loss 0.0999
[Nonlinear] Ep 1300, loss 0.0998
[Nonlinear] Ep 1400, loss 0.0998
[Nonlinear] Ep 1500, loss 0.0997
[Nonlinear] Ep 1600, loss 0.0997
[Nonlinear] Ep 1700, loss 0.0997
[Nonlinear] Ep 1800, loss 0.0996
[Nonlinear] Ep 1900, loss 0.0996

=== Current trial for n = 2500, trial = 24 ===
[1 1 2]
[Nonlinear] Ep 0, loss 5.8137
[Nonlinear] Ep 100, loss 1.3031
[Nonlinear] Ep 200, loss 0.0648
[Nonlinear] Ep 300, loss 0.0197
[Nonlinear] Ep 400, loss 0.0196
[Nonlinear] Ep 500, loss 0.0196
[Nonlinear] Ep 600, loss 0.0196
[Nonlinear] Ep 700, loss 0.0196
[Nonlinear] Ep 800, loss 0.0196
[Nonlinear] Ep 900, loss 0.0196
[Nonlinear] Ep 1000, loss 0.0196
[Nonlinear] Ep 1100, loss 0.0196
[Nonlinear] Ep 1200, loss 0.0196
[Nonlinear] Ep 1300, loss 0.0196
[Nonlinear] Ep 1400, loss 0.0196
[Nonlinear] Ep 1500, loss 0.0196
[Nonlinear] Ep 1600, loss 0.0195
[Nonlinear] Ep 1700, loss 0.0195
[Nonlinear] Ep 1800, loss 0.0195
[Nonlinear] Ep 1900, loss 0.0195
[1 1 2]
[Nonlinear] Ep 0, loss 5.4657
[Nonlinear] Ep 100, loss 1.5332
[Nonlinear] Ep 200, loss 0.0725
[Nonlinear] Ep 300, loss 0.0303
[Nonlinear] Ep 400, loss 0.0290
[Nonlinear] Ep 500, loss 0.0288
[Nonlinear] Ep 600, loss 0.0287
[Nonlinear] Ep 700, loss 0.0285
[Nonlinear] Ep 800, loss 0.0282
[Nonlinear] Ep 900, loss 0.0279
[Nonlinear] Ep 1000, loss 0.0275
[Nonlinear] Ep 1100, loss 0.0272
[Nonlinear] Ep 1200, loss 0.0268
[Nonlinear] Ep 1300, loss 0.0264
[Nonlinear] Ep 1400, loss 0.0260
[Nonlinear] Ep 1500, loss 0.0256
[Nonlinear] Ep 1600, loss 0.0251
[Nonlinear] Ep 1700, loss 0.0247
[Nonlinear] Ep 1800, loss 0.0244
[Nonlinear] Ep 1900, loss 0.0240
[Nonlinear] Ep 0, loss 7.3146
[Nonlinear] Ep 100, loss 1.4612
[Nonlinear] Ep 200, loss 0.1720
[Nonlinear] Ep 300, loss 0.1031
[Nonlinear] Ep 400, loss 0.1003
[Nonlinear] Ep 500, loss 0.0995
[Nonlinear] Ep 600, loss 0.0989
[Nonlinear] Ep 700, loss 0.0985
[Nonlinear] Ep 800, loss 0.0981
[Nonlinear] Ep 900, loss 0.0978
[Nonlinear] Ep 1000, loss 0.0976
[Nonlinear] Ep 1100, loss 0.0974
[Nonlinear] Ep 1200, loss 0.0973
[Nonlinear] Ep 1300, loss 0.0973
[Nonlinear] Ep 1400, loss 0.0972
[Nonlinear] Ep 1500, loss 0.0972
[Nonlinear] Ep 1600, loss 0.0972
[Nonlinear] Ep 1700, loss 0.0972
[Nonlinear] Ep 1800, loss 0.0972
[Nonlinear] Ep 1900, loss 0.0972

=== Current trial for n = 2500, trial = 25 ===
[1 1 2]
[Nonlinear] Ep 0, loss 2.4969
[Nonlinear] Ep 100, loss 0.2127
[Nonlinear] Ep 200, loss 0.0107
[Nonlinear] Ep 300, loss 0.0105
[Nonlinear] Ep 400, loss 0.0105
[Nonlinear] Ep 500, loss 0.0105
[Nonlinear] Ep 600, loss 0.0105
[Nonlinear] Ep 700, loss 0.0105
[Nonlinear] Ep 800, loss 0.0105
[Nonlinear] Ep 900, loss 0.0105
[Nonlinear] Ep 1000, loss 0.0105
[Nonlinear] Ep 1100, loss 0.0105
[Nonlinear] Ep 1200, loss 0.0105
[Nonlinear] Ep 1300, loss 0.0105
[Nonlinear] Ep 1400, loss 0.0105
[Nonlinear] Ep 1500, loss 0.0104
[Nonlinear] Ep 1600, loss 0.0104
[Nonlinear] Ep 1700, loss 0.0104
[Nonlinear] Ep 1800, loss 0.0104
[Nonlinear] Ep 1900, loss 0.0104
[1 1 2]
[Nonlinear] Ep 0, loss 1.8649
[Nonlinear] Ep 100, loss 0.5800
[Nonlinear] Ep 200, loss 0.0174
[Nonlinear] Ep 300, loss 0.0131
[Nonlinear] Ep 400, loss 0.0130
[Nonlinear] Ep 500, loss 0.0129
[Nonlinear] Ep 600, loss 0.0129
[Nonlinear] Ep 700, loss 0.0128
[Nonlinear] Ep 800, loss 0.0127
[Nonlinear] Ep 900, loss 0.0127
[Nonlinear] Ep 1000, loss 0.0126
[Nonlinear] Ep 1100, loss 0.0125
[Nonlinear] Ep 1200, loss 0.0125
[Nonlinear] Ep 1300, loss 0.0124
[Nonlinear] Ep 1400, loss 0.0123
[Nonlinear] Ep 1500, loss 0.0123
[Nonlinear] Ep 1600, loss 0.0122
[Nonlinear] Ep 1700, loss 0.0122
[Nonlinear] Ep 1800, loss 0.0121
[Nonlinear] Ep 1900, loss 0.0121
[Nonlinear] Ep 0, loss 2.2588
[Nonlinear] Ep 100, loss 0.0485
[Nonlinear] Ep 200, loss 0.0105
[Nonlinear] Ep 300, loss 0.0104
[Nonlinear] Ep 400, loss 0.0104
[Nonlinear] Ep 500, loss 0.0104
[Nonlinear] Ep 600, loss 0.0104
[Nonlinear] Ep 700, loss 0.0104
[Nonlinear] Ep 800, loss 0.0104
[Nonlinear] Ep 900, loss 0.0104
[Nonlinear] Ep 1000, loss 0.0104
[Nonlinear] Ep 1100, loss 0.0104
[Nonlinear] Ep 1200, loss 0.0104
[Nonlinear] Ep 1300, loss 0.0104
[Nonlinear] Ep 1400, loss 0.0104
[Nonlinear] Ep 1500, loss 0.0104
[Nonlinear] Ep 1600, loss 0.0104
[Nonlinear] Ep 1700, loss 0.0104
[Nonlinear] Ep 1800, loss 0.0104
[Nonlinear] Ep 1900, loss 0.0104

=== Current trial for n = 2500, trial = 26 ===
[1 1 2]
[Nonlinear] Ep 0, loss 2.8813
[Nonlinear] Ep 100, loss 0.2584
[Nonlinear] Ep 200, loss 0.0120
[Nonlinear] Ep 300, loss 0.0115
[Nonlinear] Ep 400, loss 0.0115
[Nonlinear] Ep 500, loss 0.0115
[Nonlinear] Ep 600, loss 0.0115
[Nonlinear] Ep 700, loss 0.0114
[Nonlinear] Ep 800, loss 0.0114
[Nonlinear] Ep 900, loss 0.0114
[Nonlinear] Ep 1000, loss 0.0114
[Nonlinear] Ep 1100, loss 0.0113
[Nonlinear] Ep 1200, loss 0.0113
[Nonlinear] Ep 1300, loss 0.0113
[Nonlinear] Ep 1400, loss 0.0113
[Nonlinear] Ep 1500, loss 0.0113
[Nonlinear] Ep 1600, loss 0.0112
[Nonlinear] Ep 1700, loss 0.0112
[Nonlinear] Ep 1800, loss 0.0112
[Nonlinear] Ep 1900, loss 0.0112
[1 1 2]
[Nonlinear] Ep 0, loss 2.2599
[Nonlinear] Ep 100, loss 0.6819
[Nonlinear] Ep 200, loss 0.0365
[Nonlinear] Ep 300, loss 0.0149
[Nonlinear] Ep 400, loss 0.0141
[Nonlinear] Ep 500, loss 0.0138
[Nonlinear] Ep 600, loss 0.0136
[Nonlinear] Ep 700, loss 0.0134
[Nonlinear] Ep 800, loss 0.0132
[Nonlinear] Ep 900, loss 0.0130
[Nonlinear] Ep 1000, loss 0.0129
[Nonlinear] Ep 1100, loss 0.0128
[Nonlinear] Ep 1200, loss 0.0127
[Nonlinear] Ep 1300, loss 0.0126
[Nonlinear] Ep 1400, loss 0.0125
[Nonlinear] Ep 1500, loss 0.0125
[Nonlinear] Ep 1600, loss 0.0124
[Nonlinear] Ep 1700, loss 0.0123
[Nonlinear] Ep 1800, loss 0.0123
[Nonlinear] Ep 1900, loss 0.0122
[Nonlinear] Ep 0, loss 2.3268
[Nonlinear] Ep 100, loss 0.2473
[Nonlinear] Ep 200, loss 0.0130
[Nonlinear] Ep 300, loss 0.0111
[Nonlinear] Ep 400, loss 0.0110
[Nonlinear] Ep 500, loss 0.0109
[Nonlinear] Ep 600, loss 0.0109
[Nonlinear] Ep 700, loss 0.0109
[Nonlinear] Ep 800, loss 0.0109
[Nonlinear] Ep 900, loss 0.0109
[Nonlinear] Ep 1000, loss 0.0109
[Nonlinear] Ep 1100, loss 0.0109
[Nonlinear] Ep 1200, loss 0.0109
[Nonlinear] Ep 1300, loss 0.0109
[Nonlinear] Ep 1400, loss 0.0109
[Nonlinear] Ep 1500, loss 0.0109
[Nonlinear] Ep 1600, loss 0.0109
[Nonlinear] Ep 1700, loss 0.0109
[Nonlinear] Ep 1800, loss 0.0109
[Nonlinear] Ep 1900, loss 0.0109

=== Current trial for n = 2500, trial = 27 ===
[1 1 2]
[Nonlinear] Ep 0, loss 6.6944
[Nonlinear] Ep 100, loss 2.3655
[Nonlinear] Ep 200, loss 0.3252
[Nonlinear] Ep 300, loss 0.0756
[Nonlinear] Ep 400, loss 0.0344
[Nonlinear] Ep 500, loss 0.0283
[Nonlinear] Ep 600, loss 0.0277
[Nonlinear] Ep 700, loss 0.0276
[Nonlinear] Ep 800, loss 0.0275
[Nonlinear] Ep 900, loss 0.0275
[Nonlinear] Ep 1000, loss 0.0274
[Nonlinear] Ep 1100, loss 0.0273
[Nonlinear] Ep 1200, loss 0.0272
[Nonlinear] Ep 1300, loss 0.0271
[Nonlinear] Ep 1400, loss 0.0270
[Nonlinear] Ep 1500, loss 0.0269
[Nonlinear] Ep 1600, loss 0.0268
[Nonlinear] Ep 1700, loss 0.0267
[Nonlinear] Ep 1800, loss 0.0266
[Nonlinear] Ep 1900, loss 0.0265
[1 1 2]
[Nonlinear] Ep 0, loss 7.0034
[Nonlinear] Ep 100, loss 2.5236
[Nonlinear] Ep 200, loss 0.1444
[Nonlinear] Ep 300, loss 0.0377
[Nonlinear] Ep 400, loss 0.0357
[Nonlinear] Ep 500, loss 0.0353
[Nonlinear] Ep 600, loss 0.0351
[Nonlinear] Ep 700, loss 0.0350
[Nonlinear] Ep 800, loss 0.0348
[Nonlinear] Ep 900, loss 0.0347
[Nonlinear] Ep 1000, loss 0.0346
[Nonlinear] Ep 1100, loss 0.0344
[Nonlinear] Ep 1200, loss 0.0343
[Nonlinear] Ep 1300, loss 0.0342
[Nonlinear] Ep 1400, loss 0.0340
[Nonlinear] Ep 1500, loss 0.0339
[Nonlinear] Ep 1600, loss 0.0338
[Nonlinear] Ep 1700, loss 0.0337
[Nonlinear] Ep 1800, loss 0.0336
[Nonlinear] Ep 1900, loss 0.0335
[Nonlinear] Ep 0, loss 6.7170
[Nonlinear] Ep 100, loss 1.1457
[Nonlinear] Ep 200, loss 0.1178
[Nonlinear] Ep 300, loss 0.0998
[Nonlinear] Ep 400, loss 0.0983
[Nonlinear] Ep 500, loss 0.0981
[Nonlinear] Ep 600, loss 0.0980
[Nonlinear] Ep 700, loss 0.0980
[Nonlinear] Ep 800, loss 0.0979
[Nonlinear] Ep 900, loss 0.0979
[Nonlinear] Ep 1000, loss 0.0979
[Nonlinear] Ep 1100, loss 0.0979
[Nonlinear] Ep 1200, loss 0.0978
[Nonlinear] Ep 1300, loss 0.0978
[Nonlinear] Ep 1400, loss 0.0978
[Nonlinear] Ep 1500, loss 0.0978
[Nonlinear] Ep 1600, loss 0.0978
[Nonlinear] Ep 1700, loss 0.0978
[Nonlinear] Ep 1800, loss 0.0978
[Nonlinear] Ep 1900, loss 0.0978

=== Current trial for n = 2500, trial = 28 ===
[1 1 2]
[Nonlinear] Ep 0, loss 1.6493
[Nonlinear] Ep 100, loss 0.1045
[Nonlinear] Ep 200, loss 0.0104
[Nonlinear] Ep 300, loss 0.0104
[Nonlinear] Ep 400, loss 0.0104
[Nonlinear] Ep 500, loss 0.0104
[Nonlinear] Ep 600, loss 0.0104
[Nonlinear] Ep 700, loss 0.0104
[Nonlinear] Ep 800, loss 0.0104
[Nonlinear] Ep 900, loss 0.0104
[Nonlinear] Ep 1000, loss 0.0104
[Nonlinear] Ep 1100, loss 0.0104
[Nonlinear] Ep 1200, loss 0.0104
[Nonlinear] Ep 1300, loss 0.0104
[Nonlinear] Ep 1400, loss 0.0104
[Nonlinear] Ep 1500, loss 0.0104
[Nonlinear] Ep 1600, loss 0.0104
[Nonlinear] Ep 1700, loss 0.0104
[Nonlinear] Ep 1800, loss 0.0103
[Nonlinear] Ep 1900, loss 0.0103
[1 1 2]
[Nonlinear] Ep 0, loss 1.8757
[Nonlinear] Ep 100, loss 0.4930
[Nonlinear] Ep 200, loss 0.0333
[Nonlinear] Ep 300, loss 0.0162
[Nonlinear] Ep 400, loss 0.0149
[Nonlinear] Ep 500, loss 0.0146
[Nonlinear] Ep 600, loss 0.0144
[Nonlinear] Ep 700, loss 0.0143
[Nonlinear] Ep 800, loss 0.0142
[Nonlinear] Ep 900, loss 0.0140
[Nonlinear] Ep 1000, loss 0.0139
[Nonlinear] Ep 1100, loss 0.0138
[Nonlinear] Ep 1200, loss 0.0137
[Nonlinear] Ep 1300, loss 0.0136
[Nonlinear] Ep 1400, loss 0.0136
[Nonlinear] Ep 1500, loss 0.0135
[Nonlinear] Ep 1600, loss 0.0134
[Nonlinear] Ep 1700, loss 0.0133
[Nonlinear] Ep 1800, loss 0.0133
[Nonlinear] Ep 1900, loss 0.0132
[Nonlinear] Ep 0, loss 1.9920
[Nonlinear] Ep 100, loss 0.1668
[Nonlinear] Ep 200, loss 0.0111
[Nonlinear] Ep 300, loss 0.0106
[Nonlinear] Ep 400, loss 0.0104
[Nonlinear] Ep 500, loss 0.0104
[Nonlinear] Ep 600, loss 0.0104
[Nonlinear] Ep 700, loss 0.0104
[Nonlinear] Ep 800, loss 0.0104
[Nonlinear] Ep 900, loss 0.0104
[Nonlinear] Ep 1000, loss 0.0104
[Nonlinear] Ep 1100, loss 0.0104
[Nonlinear] Ep 1200, loss 0.0104
[Nonlinear] Ep 1300, loss 0.0104
[Nonlinear] Ep 1400, loss 0.0104
[Nonlinear] Ep 1500, loss 0.0104
[Nonlinear] Ep 1600, loss 0.0104
[Nonlinear] Ep 1700, loss 0.0103
[Nonlinear] Ep 1800, loss 0.0103
[Nonlinear] Ep 1900, loss 0.0103

=== Current trial for n = 2500, trial = 29 ===
[1 1 2]
[Nonlinear] Ep 0, loss 2.3528
[Nonlinear] Ep 100, loss 0.2224
[Nonlinear] Ep 200, loss 0.0106
[Nonlinear] Ep 300, loss 0.0102
[Nonlinear] Ep 400, loss 0.0102
[Nonlinear] Ep 500, loss 0.0102
[Nonlinear] Ep 600, loss 0.0102
[Nonlinear] Ep 700, loss 0.0102
[Nonlinear] Ep 800, loss 0.0102
[Nonlinear] Ep 900, loss 0.0102
[Nonlinear] Ep 1000, loss 0.0102
[Nonlinear] Ep 1100, loss 0.0102
[Nonlinear] Ep 1200, loss 0.0102
[Nonlinear] Ep 1300, loss 0.0102
[Nonlinear] Ep 1400, loss 0.0102
[Nonlinear] Ep 1500, loss 0.0102
[Nonlinear] Ep 1600, loss 0.0102
[Nonlinear] Ep 1700, loss 0.0102
[Nonlinear] Ep 1800, loss 0.0102
[Nonlinear] Ep 1900, loss 0.0102
[1 1 2]
[Nonlinear] Ep 0, loss 2.0737
[Nonlinear] Ep 100, loss 0.3982
[Nonlinear] Ep 200, loss 0.0187
[Nonlinear] Ep 300, loss 0.0161
[Nonlinear] Ep 400, loss 0.0157
[Nonlinear] Ep 500, loss 0.0153
[Nonlinear] Ep 600, loss 0.0150
[Nonlinear] Ep 700, loss 0.0147
[Nonlinear] Ep 800, loss 0.0144
[Nonlinear] Ep 900, loss 0.0142
[Nonlinear] Ep 1000, loss 0.0139
[Nonlinear] Ep 1100, loss 0.0137
[Nonlinear] Ep 1200, loss 0.0134
[Nonlinear] Ep 1300, loss 0.0133
[Nonlinear] Ep 1400, loss 0.0131
[Nonlinear] Ep 1500, loss 0.0129
[Nonlinear] Ep 1600, loss 0.0128
[Nonlinear] Ep 1700, loss 0.0126
[Nonlinear] Ep 1800, loss 0.0125
[Nonlinear] Ep 1900, loss 0.0124
[Nonlinear] Ep 0, loss 2.5816
[Nonlinear] Ep 100, loss 0.2786
[Nonlinear] Ep 200, loss 0.0115
[Nonlinear] Ep 300, loss 0.0104
[Nonlinear] Ep 400, loss 0.0103
[Nonlinear] Ep 500, loss 0.0102
[Nonlinear] Ep 600, loss 0.0102
[Nonlinear] Ep 700, loss 0.0102
[Nonlinear] Ep 800, loss 0.0102
[Nonlinear] Ep 900, loss 0.0102
[Nonlinear] Ep 1000, loss 0.0102
[Nonlinear] Ep 1100, loss 0.0102
[Nonlinear] Ep 1200, loss 0.0102
[Nonlinear] Ep 1300, loss 0.0102
[Nonlinear] Ep 1400, loss 0.0102
[Nonlinear] Ep 1500, loss 0.0102
[Nonlinear] Ep 1600, loss 0.0102
[Nonlinear] Ep 1700, loss 0.0102
[Nonlinear] Ep 1800, loss 0.0102
[Nonlinear] Ep 1900, loss 0.0102

=== Current trial for n = 2500, trial = 30 ===
[1 1 2]
[Nonlinear] Ep 0, loss 6.1517
[Nonlinear] Ep 100, loss 1.3755
[Nonlinear] Ep 200, loss 0.0787
[Nonlinear] Ep 300, loss 0.0253
[Nonlinear] Ep 400, loss 0.0231
[Nonlinear] Ep 500, loss 0.0230
[Nonlinear] Ep 600, loss 0.0229
[Nonlinear] Ep 700, loss 0.0229
[Nonlinear] Ep 800, loss 0.0229
[Nonlinear] Ep 900, loss 0.0229
[Nonlinear] Ep 1000, loss 0.0229
[Nonlinear] Ep 1100, loss 0.0229
[Nonlinear] Ep 1200, loss 0.0228
[Nonlinear] Ep 1300, loss 0.0228
[Nonlinear] Ep 1400, loss 0.0228
[Nonlinear] Ep 1500, loss 0.0228
[Nonlinear] Ep 1600, loss 0.0228
[Nonlinear] Ep 1700, loss 0.0227
[Nonlinear] Ep 1800, loss 0.0227
[Nonlinear] Ep 1900, loss 0.0227
[1 1 2]
[Nonlinear] Ep 0, loss 6.5126
[Nonlinear] Ep 100, loss 2.4734
[Nonlinear] Ep 200, loss 0.1533
[Nonlinear] Ep 300, loss 0.0299
[Nonlinear] Ep 400, loss 0.0281
[Nonlinear] Ep 500, loss 0.0278
[Nonlinear] Ep 600, loss 0.0278
[Nonlinear] Ep 700, loss 0.0277
[Nonlinear] Ep 800, loss 0.0277
[Nonlinear] Ep 900, loss 0.0277
[Nonlinear] Ep 1000, loss 0.0276
[Nonlinear] Ep 1100, loss 0.0276
[Nonlinear] Ep 1200, loss 0.0276
[Nonlinear] Ep 1300, loss 0.0275
[Nonlinear] Ep 1400, loss 0.0275
[Nonlinear] Ep 1500, loss 0.0275
[Nonlinear] Ep 1600, loss 0.0274
[Nonlinear] Ep 1700, loss 0.0274
[Nonlinear] Ep 1800, loss 0.0274
[Nonlinear] Ep 1900, loss 0.0274
[Nonlinear] Ep 0, loss 6.7171
[Nonlinear] Ep 100, loss 1.2001
[Nonlinear] Ep 200, loss 0.1288
[Nonlinear] Ep 300, loss 0.1077
[Nonlinear] Ep 400, loss 0.1063
[Nonlinear] Ep 500, loss 0.1050
[Nonlinear] Ep 600, loss 0.1039
[Nonlinear] Ep 700, loss 0.1028
[Nonlinear] Ep 800, loss 0.1019
[Nonlinear] Ep 900, loss 0.1011
[Nonlinear] Ep 1000, loss 0.1005
[Nonlinear] Ep 1100, loss 0.1000
[Nonlinear] Ep 1200, loss 0.0997
[Nonlinear] Ep 1300, loss 0.0994
[Nonlinear] Ep 1400, loss 0.0992
[Nonlinear] Ep 1500, loss 0.0991
[Nonlinear] Ep 1600, loss 0.0990
[Nonlinear] Ep 1700, loss 0.0989
[Nonlinear] Ep 1800, loss 0.0989
[Nonlinear] Ep 1900, loss 0.0989
>>> Finished experiment for n = 2500
>>> Result: {'n': 2500, 'clustered': [np.float64(0.014802898698113593), np.float64(0.018590307496217543), np.float64(0.0019080832650452612)], 'same_cluster': [np.float64(0.05414948999097545), np.float64(0.05919719319975354), np.float64(0.027889215240210145)], 'distinct_clusters': [np.float64(0.0363682380224821), np.float64(0.04380725656468083), np.float64(0.0019470154711623735)], 'pred_clustered': np.float64(0.018246367243592194), 'pred_same_cluster': np.float64(0.0241535832276711), 'pred_distinct_clusters': np.float64(0.060841926436888814), 'pred_clustered_linear': np.float64(0.01874361662845848), 'pred_same_cluster_linear': np.float64(0.0345282668143786), 'pred_distinct_clusters_linear': np.float64(0.06146629296010319)}
>>> Saving CSV
>>> Plots saved
!!! Error during saving/plotting for n = 2500: [Errno 2] No such file or directory: 'Plots/pred_nl_comp_lin/clustered_n_2500.png'
