=== Starting job ID 4 on node midway3-0029.rcc.local ===
Running AMP experiment for n = 4000
>>> Script started
>>> Running AMP comparison experiment with n = 4000

=== Current trial for n = 4000, trial = 1 ===
[1 1 2]


=== Current trial for n = 4000, trial = 2 ===
[1 1 2]


=== Current trial for n = 4000, trial = 3 ===
[1 1 2]


=== Current trial for n = 4000, trial = 4 ===
[1 1 2]


=== Current trial for n = 4000, trial = 5 ===
[1 1 2]


=== Current trial for n = 4000, trial = 6 ===
[1 1 2]


=== Current trial for n = 4000, trial = 7 ===
[1 1 2]


=== Current trial for n = 4000, trial = 8 ===
[1 1 2]


=== Current trial for n = 4000, trial = 9 ===
[1 1 2]


=== Current trial for n = 4000, trial = 10 ===
[1 1 2]


=== Current trial for n = 4000, trial = 11 ===
[1 1 2]


=== Current trial for n = 4000, trial = 12 ===
[1 1 2]


=== Current trial for n = 4000, trial = 13 ===
[1 1 2]


=== Current trial for n = 4000, trial = 14 ===
[1 1 2]


=== Current trial for n = 4000, trial = 15 ===
[1 1 2]


=== Current trial for n = 4000, trial = 16 ===
[1 1 2]


=== Current trial for n = 4000, trial = 17 ===
[1 1 2]


=== Current trial for n = 4000, trial = 18 ===
[1 1 2]


=== Current trial for n = 4000, trial = 19 ===
[1 1 2]


=== Current trial for n = 4000, trial = 20 ===
[1 1 2]


=== Current trial for n = 4000, trial = 21 ===
[1 1 2]


=== Current trial for n = 4000, trial = 22 ===
[1 1 2]


=== Current trial for n = 4000, trial = 23 ===
[1 1 2]


=== Current trial for n = 4000, trial = 24 ===
[1 1 2]


=== Current trial for n = 4000, trial = 25 ===
[1 1 2]


=== Current trial for n = 4000, trial = 26 ===
[1 1 2]


=== Current trial for n = 4000, trial = 27 ===
[1 1 2]


=== Current trial for n = 4000, trial = 28 ===
[1 1 2]


=== Current trial for n = 4000, trial = 29 ===
[1 1 2]


=== Current trial for n = 4000, trial = 30 ===
[1 1 2]


=== Current trial for n = 4000, trial = 31 ===
[1 1 2]


=== Current trial for n = 4000, trial = 32 ===
[1 1 2]


=== Current trial for n = 4000, trial = 33 ===
[1 1 2]


=== Current trial for n = 4000, trial = 34 ===
[1 1 2]


=== Current trial for n = 4000, trial = 35 ===
[1 1 2]


=== Current trial for n = 4000, trial = 36 ===
[1 1 2]


=== Current trial for n = 4000, trial = 37 ===
[1 1 2]


=== Current trial for n = 4000, trial = 38 ===
[1 1 2]


=== Current trial for n = 4000, trial = 39 ===
[1 1 2]


=== Current trial for n = 4000, trial = 40 ===
[1 1 2]


=== Current trial for n = 4000, trial = 41 ===
[1 1 2]


=== Current trial for n = 4000, trial = 42 ===
[1 1 2]


=== Current trial for n = 4000, trial = 43 ===
[1 1 2]


=== Current trial for n = 4000, trial = 44 ===
[1 1 2]


=== Current trial for n = 4000, trial = 45 ===
[1 1 2]


=== Current trial for n = 4000, trial = 46 ===
[1 1 2]


=== Current trial for n = 4000, trial = 47 ===
[1 1 2]


=== Current trial for n = 4000, trial = 48 ===
[1 1 2]


=== Current trial for n = 4000, trial = 49 ===
[1 1 2]


=== Current trial for n = 4000, trial = 50 ===
[1 1 2]

>>> Finished experiment for n = 4000
>>> Result: {'n': 4000, 'clustered': [np.float64(0.015581489695409942), np.float64(0.018461413311231467), np.float64(0.0016817126305369466)], 'same_cluster': [np.float64(0.04440407706497972), np.float64(0.06033208155441003), np.float64(0.0242951456877998)], 'distinct_clusters': [np.float64(0.03881149451595555), np.float64(0.04393115100197037), np.float64(0.001706607162599485)], 'pred_clustered': np.float64(0.019514790006232824), 'pred_same_cluster': np.float64(0.031182090110725674), 'pred_distinct_clusters': np.float64(0.061157356326712875)}
>>> Saving CSV
>>> Plots saved
