=== Starting job ID 0 on node midway3-0002.rcc.local ===
Running AMP experiment for n = 2000
>>> Script started
>>> Running AMP comparison experiment with n = 2000

=== Current trial for n = 2000, trial = 1 ===
[1 1 2]


=== Current trial for n = 2000, trial = 2 ===
[1 1 2]


=== Current trial for n = 2000, trial = 3 ===
[1 1 2]


=== Current trial for n = 2000, trial = 4 ===
[1 1 2]


=== Current trial for n = 2000, trial = 5 ===
[1 1 2]


=== Current trial for n = 2000, trial = 6 ===
[1 1 2]


=== Current trial for n = 2000, trial = 7 ===
[1 1 2]


=== Current trial for n = 2000, trial = 8 ===
[1 1 2]


=== Current trial for n = 2000, trial = 9 ===
[1 1 2]


=== Current trial for n = 2000, trial = 10 ===
[1 1 2]


=== Current trial for n = 2000, trial = 11 ===
[1 1 2]


=== Current trial for n = 2000, trial = 12 ===
[1 1 2]


=== Current trial for n = 2000, trial = 13 ===
[1 1 2]


=== Current trial for n = 2000, trial = 14 ===
[1 1 2]


=== Current trial for n = 2000, trial = 15 ===
[1 1 2]


=== Current trial for n = 2000, trial = 16 ===
[1 1 2]


=== Current trial for n = 2000, trial = 17 ===
[1 1 2]


=== Current trial for n = 2000, trial = 18 ===
[1 1 2]


=== Current trial for n = 2000, trial = 19 ===
[1 1 2]


=== Current trial for n = 2000, trial = 20 ===
[1 1 2]


=== Current trial for n = 2000, trial = 21 ===
[1 1 2]


=== Current trial for n = 2000, trial = 22 ===
[1 1 2]


=== Current trial for n = 2000, trial = 23 ===
[1 1 2]


=== Current trial for n = 2000, trial = 24 ===
[1 1 2]


=== Current trial for n = 2000, trial = 25 ===
[1 1 2]


=== Current trial for n = 2000, trial = 26 ===
[1 1 2]


=== Current trial for n = 2000, trial = 27 ===
[1 1 2]


=== Current trial for n = 2000, trial = 28 ===
[1 1 2]


=== Current trial for n = 2000, trial = 29 ===
[1 1 2]


=== Current trial for n = 2000, trial = 30 ===
[1 1 2]


=== Current trial for n = 2000, trial = 31 ===
[1 1 2]


=== Current trial for n = 2000, trial = 32 ===
[1 1 2]


=== Current trial for n = 2000, trial = 33 ===
[1 1 2]


=== Current trial for n = 2000, trial = 34 ===
[1 1 2]


=== Current trial for n = 2000, trial = 35 ===
[1 1 2]


=== Current trial for n = 2000, trial = 36 ===
[1 1 2]


=== Current trial for n = 2000, trial = 37 ===
[1 1 2]


=== Current trial for n = 2000, trial = 38 ===
[1 1 2]


=== Current trial for n = 2000, trial = 39 ===
[1 1 2]


=== Current trial for n = 2000, trial = 40 ===
[1 1 2]


=== Current trial for n = 2000, trial = 41 ===
[1 1 2]


=== Current trial for n = 2000, trial = 42 ===
[1 1 2]


=== Current trial for n = 2000, trial = 43 ===
[1 1 2]


=== Current trial for n = 2000, trial = 44 ===
[1 1 2]


=== Current trial for n = 2000, trial = 45 ===
[1 1 2]


=== Current trial for n = 2000, trial = 46 ===
[1 1 2]


=== Current trial for n = 2000, trial = 47 ===
[1 1 2]


=== Current trial for n = 2000, trial = 48 ===
[1 1 2]


=== Current trial for n = 2000, trial = 49 ===
[1 1 2]


=== Current trial for n = 2000, trial = 50 ===
[1 1 2]

>>> Finished experiment for n = 2000
>>> Result: {'n': 2000, 'clustered': [np.float64(0.01675704394800486), np.float64(0.020434224027291253), np.float64(0.0018895704655621792)], 'same_cluster': [np.float64(0.0568116167952218), np.float64(0.06849352883688038), np.float64(0.02711464536886357)], 'distinct_clusters': [np.float64(0.04000909833686937), np.float64(0.04441914437044393), np.float64(0.0018725478943624712)], 'pred_clustered': np.float64(0.018255140144223934), 'pred_same_cluster': np.float64(0.032653887545690805), 'pred_distinct_clusters': np.float64(0.0642202174715091)}
>>> Saving CSV
>>> Plots saved
