=== Starting job ID 0 on node midway3-0176.rcc.local ===
Running AMP experiment for n = 2000
>>> Script started
>>> Running AMP comparison experiment with n = 2000

=== Current trial for n = 2000, trial = 1 ===
[1 1 2]
[Nonlinear] Ep 0, loss 40.9433
[Nonlinear] Ep 100, loss 19.3470
[Nonlinear] Ep 200, loss 11.0768
[Nonlinear] Ep 300, loss 6.1909
[Nonlinear] Ep 400, loss 2.5198
[Nonlinear] Ep 500, loss 0.6547
[Nonlinear] Ep 600, loss 0.1204
[Nonlinear] Ep 700, loss 0.0434
[Nonlinear] Ep 800, loss 0.0380
[Nonlinear] Ep 900, loss 0.0378
[Nonlinear] Ep 1000, loss 0.0378
[Nonlinear] Ep 1100, loss 0.0378
[Nonlinear] Ep 1200, loss 0.0377
[Nonlinear] Ep 1300, loss 0.0377
[Nonlinear] Ep 1400, loss 0.0377
[Nonlinear] Ep 1500, loss 0.0377
[Nonlinear] Ep 1600, loss 0.0377
[Nonlinear] Ep 1700, loss 0.0377
[Nonlinear] Ep 1800, loss 0.0377
[Nonlinear] Ep 1900, loss 0.0377
[Nonlinear] Ep 0, loss 44.5573
[Nonlinear] Ep 100, loss 30.4261
[Nonlinear] Ep 200, loss 14.3750
[Nonlinear] Ep 300, loss 5.4162
[Nonlinear] Ep 400, loss 2.0369
[Nonlinear] Ep 500, loss 0.5865
[Nonlinear] Ep 600, loss 0.1711
[Nonlinear] Ep 700, loss 0.0969
[Nonlinear] Ep 800, loss 0.0863
[Nonlinear] Ep 900, loss 0.0836
[Nonlinear] Ep 1000, loss 0.0821
[Nonlinear] Ep 1100, loss 0.0808
[Nonlinear] Ep 1200, loss 0.0797
[Nonlinear] Ep 1300, loss 0.0788
[Nonlinear] Ep 1400, loss 0.0779
[Nonlinear] Ep 1500, loss 0.0772
[Nonlinear] Ep 1600, loss 0.0764
[Nonlinear] Ep 1700, loss 0.0757
[Nonlinear] Ep 1800, loss 0.0750
[Nonlinear] Ep 1900, loss 0.0744
[Nonlinear] Ep 0, loss 39.3051
[Nonlinear] Ep 100, loss 16.8979
[Nonlinear] Ep 200, loss 13.2575
[Nonlinear] Ep 300, loss 10.1309
[Nonlinear] Ep 400, loss 6.4567
[Nonlinear] Ep 500, loss 3.3496
[Nonlinear] Ep 600, loss 1.5908
[Nonlinear] Ep 700, loss 0.9417
[Nonlinear] Ep 800, loss 0.7808
[Nonlinear] Ep 900, loss 0.7497
[Nonlinear] Ep 1000, loss 0.7423
[Nonlinear] Ep 1100, loss 0.7385
[Nonlinear] Ep 1200, loss 0.7355
[Nonlinear] Ep 1300, loss 0.7331
[Nonlinear] Ep 1400, loss 0.7312
[Nonlinear] Ep 1500, loss 0.7296
[Nonlinear] Ep 1600, loss 0.7283
[Nonlinear] Ep 1700, loss 0.7273
[Nonlinear] Ep 1800, loss 0.7265
[Nonlinear] Ep 1900, loss 0.7259

=== Current trial for n = 2000, trial = 2 ===
[1 1 2]
[Nonlinear] Ep 0, loss 39.1318
[Nonlinear] Ep 100, loss 19.6244
[Nonlinear] Ep 200, loss 8.8871
[Nonlinear] Ep 300, loss 3.3632
[Nonlinear] Ep 400, loss 0.8770
[Nonlinear] Ep 500, loss 0.1619
[Nonlinear] Ep 600, loss 0.0525
[Nonlinear] Ep 700, loss 0.0434
[Nonlinear] Ep 800, loss 0.0429
[Nonlinear] Ep 900, loss 0.0429
[Nonlinear] Ep 1000, loss 0.0428
[Nonlinear] Ep 1100, loss 0.0428
[Nonlinear] Ep 1200, loss 0.0427
[Nonlinear] Ep 1300, loss 0.0427
[Nonlinear] Ep 1400, loss 0.0426
[Nonlinear] Ep 1500, loss 0.0426
[Nonlinear] Ep 1600, loss 0.0425
[Nonlinear] Ep 1700, loss 0.0425
[Nonlinear] Ep 1800, loss 0.0424
[Nonlinear] Ep 1900, loss 0.0424
[Nonlinear] Ep 0, loss 42.2744
[Nonlinear] Ep 100, loss 30.3926
[Nonlinear] Ep 200, loss 16.2343
[Nonlinear] Ep 300, loss 6.8590
[Nonlinear] Ep 400, loss 2.6424
[Nonlinear] Ep 500, loss 0.8362
[Nonlinear] Ep 600, loss 0.2488
[Nonlinear] Ep 700, loss 0.1465
[Nonlinear] Ep 800, loss 0.1311
[Nonlinear] Ep 900, loss 0.1271
[Nonlinear] Ep 1000, loss 0.1248
[Nonlinear] Ep 1100, loss 0.1231
[Nonlinear] Ep 1200, loss 0.1215
[Nonlinear] Ep 1300, loss 0.1199
[Nonlinear] Ep 1400, loss 0.1185
[Nonlinear] Ep 1500, loss 0.1173
[Nonlinear] Ep 1600, loss 0.1164
[Nonlinear] Ep 1700, loss 0.1155
[Nonlinear] Ep 1800, loss 0.1145
[Nonlinear] Ep 1900, loss 0.1136
[Nonlinear] Ep 0, loss 37.8539
[Nonlinear] Ep 100, loss 16.1787
[Nonlinear] Ep 200, loss 11.2380
[Nonlinear] Ep 300, loss 6.8839
[Nonlinear] Ep 400, loss 3.3786
[Nonlinear] Ep 500, loss 1.4730
[Nonlinear] Ep 600, loss 0.8976
[Nonlinear] Ep 700, loss 0.7941
[Nonlinear] Ep 800, loss 0.7715
[Nonlinear] Ep 900, loss 0.7590
[Nonlinear] Ep 1000, loss 0.7491
[Nonlinear] Ep 1100, loss 0.7414
[Nonlinear] Ep 1200, loss 0.7355
[Nonlinear] Ep 1300, loss 0.7310
[Nonlinear] Ep 1400, loss 0.7277
[Nonlinear] Ep 1500, loss 0.7254
[Nonlinear] Ep 1600, loss 0.7237
[Nonlinear] Ep 1700, loss 0.7225
[Nonlinear] Ep 1800, loss 0.7217
[Nonlinear] Ep 1900, loss 0.7211

=== Current trial for n = 2000, trial = 3 ===
[1 1 2]
[Nonlinear] Ep 0, loss 3.3794
[Nonlinear] Ep 100, loss 0.3321
[Nonlinear] Ep 200, loss 0.0187
[Nonlinear] Ep 300, loss 0.0116
[Nonlinear] Ep 400, loss 0.0116
[Nonlinear] Ep 500, loss 0.0116
[Nonlinear] Ep 600, loss 0.0116
[Nonlinear] Ep 700, loss 0.0116
[Nonlinear] Ep 800, loss 0.0115
[Nonlinear] Ep 900, loss 0.0115
[Nonlinear] Ep 1000, loss 0.0115
[Nonlinear] Ep 1100, loss 0.0115
[Nonlinear] Ep 1200, loss 0.0115
[Nonlinear] Ep 1300, loss 0.0115
[Nonlinear] Ep 1400, loss 0.0115
[Nonlinear] Ep 1500, loss 0.0115
[Nonlinear] Ep 1600, loss 0.0115
[Nonlinear] Ep 1700, loss 0.0115
[Nonlinear] Ep 1800, loss 0.0115
[Nonlinear] Ep 1900, loss 0.0115
[Nonlinear] Ep 0, loss 1.3148
[Nonlinear] Ep 100, loss 0.1235
[Nonlinear] Ep 200, loss 0.0174
[Nonlinear] Ep 300, loss 0.0167
[Nonlinear] Ep 400, loss 0.0165
[Nonlinear] Ep 500, loss 0.0162
[Nonlinear] Ep 600, loss 0.0159
[Nonlinear] Ep 700, loss 0.0157
[Nonlinear] Ep 800, loss 0.0155
[Nonlinear] Ep 900, loss 0.0154
[Nonlinear] Ep 1000, loss 0.0152
[Nonlinear] Ep 1100, loss 0.0150
[Nonlinear] Ep 1200, loss 0.0149
[Nonlinear] Ep 1300, loss 0.0147
[Nonlinear] Ep 1400, loss 0.0146
[Nonlinear] Ep 1500, loss 0.0144
[Nonlinear] Ep 1600, loss 0.0143
[Nonlinear] Ep 1700, loss 0.0142
[Nonlinear] Ep 1800, loss 0.0140
[Nonlinear] Ep 1900, loss 0.0139
[Nonlinear] Ep 0, loss 2.3165
[Nonlinear] Ep 100, loss 0.0488
[Nonlinear] Ep 200, loss 0.0125
[Nonlinear] Ep 300, loss 0.0119
[Nonlinear] Ep 400, loss 0.0116
[Nonlinear] Ep 500, loss 0.0114
[Nonlinear] Ep 600, loss 0.0114
[Nonlinear] Ep 700, loss 0.0113
[Nonlinear] Ep 800, loss 0.0113
[Nonlinear] Ep 900, loss 0.0113
[Nonlinear] Ep 1000, loss 0.0113
[Nonlinear] Ep 1100, loss 0.0113
[Nonlinear] Ep 1200, loss 0.0113
[Nonlinear] Ep 1300, loss 0.0113
[Nonlinear] Ep 1400, loss 0.0113
[Nonlinear] Ep 1500, loss 0.0113
[Nonlinear] Ep 1600, loss 0.0113
[Nonlinear] Ep 1700, loss 0.0113
[Nonlinear] Ep 1800, loss 0.0113
[Nonlinear] Ep 1900, loss 0.0113

=== Current trial for n = 2000, trial = 4 ===
[1 1 2]
[Nonlinear] Ep 0, loss 2.9985
[Nonlinear] Ep 100, loss 0.4193
[Nonlinear] Ep 200, loss 0.0145
[Nonlinear] Ep 300, loss 0.0099
[Nonlinear] Ep 400, loss 0.0099
[Nonlinear] Ep 500, loss 0.0099
[Nonlinear] Ep 600, loss 0.0099
[Nonlinear] Ep 700, loss 0.0099
[Nonlinear] Ep 800, loss 0.0099
[Nonlinear] Ep 900, loss 0.0099
[Nonlinear] Ep 1000, loss 0.0099
[Nonlinear] Ep 1100, loss 0.0099
[Nonlinear] Ep 1200, loss 0.0099
[Nonlinear] Ep 1300, loss 0.0099
[Nonlinear] Ep 1400, loss 0.0099
[Nonlinear] Ep 1500, loss 0.0099
[Nonlinear] Ep 1600, loss 0.0099
[Nonlinear] Ep 1700, loss 0.0099
[Nonlinear] Ep 1800, loss 0.0099
[Nonlinear] Ep 1900, loss 0.0099
[Nonlinear] Ep 0, loss 1.9231
[Nonlinear] Ep 100, loss 0.2972
[Nonlinear] Ep 200, loss 0.0159
[Nonlinear] Ep 300, loss 0.0127
[Nonlinear] Ep 400, loss 0.0125
[Nonlinear] Ep 500, loss 0.0124
[Nonlinear] Ep 600, loss 0.0123
[Nonlinear] Ep 700, loss 0.0122
[Nonlinear] Ep 800, loss 0.0121
[Nonlinear] Ep 900, loss 0.0120
[Nonlinear] Ep 1000, loss 0.0119
[Nonlinear] Ep 1100, loss 0.0118
[Nonlinear] Ep 1200, loss 0.0118
[Nonlinear] Ep 1300, loss 0.0117
[Nonlinear] Ep 1400, loss 0.0117
[Nonlinear] Ep 1500, loss 0.0116
[Nonlinear] Ep 1600, loss 0.0115
[Nonlinear] Ep 1700, loss 0.0115
[Nonlinear] Ep 1800, loss 0.0114
[Nonlinear] Ep 1900, loss 0.0113
[Nonlinear] Ep 0, loss 3.5919
[Nonlinear] Ep 100, loss 0.1500
[Nonlinear] Ep 200, loss 0.0108
[Nonlinear] Ep 300, loss 0.0105
[Nonlinear] Ep 400, loss 0.0103
[Nonlinear] Ep 500, loss 0.0102
[Nonlinear] Ep 600, loss 0.0100
[Nonlinear] Ep 700, loss 0.0099
[Nonlinear] Ep 800, loss 0.0099
[Nonlinear] Ep 900, loss 0.0098
[Nonlinear] Ep 1000, loss 0.0098
[Nonlinear] Ep 1100, loss 0.0098
[Nonlinear] Ep 1200, loss 0.0097
[Nonlinear] Ep 1300, loss 0.0097
[Nonlinear] Ep 1400, loss 0.0097
[Nonlinear] Ep 1500, loss 0.0097
[Nonlinear] Ep 1600, loss 0.0097
[Nonlinear] Ep 1700, loss 0.0097
[Nonlinear] Ep 1800, loss 0.0097
[Nonlinear] Ep 1900, loss 0.0097

=== Current trial for n = 2000, trial = 5 ===
[1 1 2]
[Nonlinear] Ep 0, loss 42.1379
[Nonlinear] Ep 100, loss 21.6291
[Nonlinear] Ep 200, loss 10.5826
[Nonlinear] Ep 300, loss 5.1833
[Nonlinear] Ep 400, loss 1.8300
[Nonlinear] Ep 500, loss 0.4260
[Nonlinear] Ep 600, loss 0.0939
[Nonlinear] Ep 700, loss 0.0504
[Nonlinear] Ep 800, loss 0.0469
[Nonlinear] Ep 900, loss 0.0467
[Nonlinear] Ep 1000, loss 0.0467
[Nonlinear] Ep 1100, loss 0.0467
[Nonlinear] Ep 1200, loss 0.0467
[Nonlinear] Ep 1300, loss 0.0467
[Nonlinear] Ep 1400, loss 0.0467
[Nonlinear] Ep 1500, loss 0.0466
[Nonlinear] Ep 1600, loss 0.0466
[Nonlinear] Ep 1700, loss 0.0466
[Nonlinear] Ep 1800, loss 0.0466
[Nonlinear] Ep 1900, loss 0.0466
[Nonlinear] Ep 0, loss 37.5910
[Nonlinear] Ep 100, loss 23.3558
[Nonlinear] Ep 200, loss 10.9837
[Nonlinear] Ep 300, loss 5.6410
[Nonlinear] Ep 400, loss 2.8174
[Nonlinear] Ep 500, loss 1.1831
[Nonlinear] Ep 600, loss 0.4283
[Nonlinear] Ep 700, loss 0.1632
[Nonlinear] Ep 800, loss 0.0917
[Nonlinear] Ep 900, loss 0.0757
[Nonlinear] Ep 1000, loss 0.0712
[Nonlinear] Ep 1100, loss 0.0690
[Nonlinear] Ep 1200, loss 0.0674
[Nonlinear] Ep 1300, loss 0.0663
[Nonlinear] Ep 1400, loss 0.0655
[Nonlinear] Ep 1500, loss 0.0649
[Nonlinear] Ep 1600, loss 0.0645
[Nonlinear] Ep 1700, loss 0.0641
[Nonlinear] Ep 1800, loss 0.0638
[Nonlinear] Ep 1900, loss 0.0636
[Nonlinear] Ep 0, loss 38.2640
[Nonlinear] Ep 100, loss 17.9563
[Nonlinear] Ep 200, loss 11.5762
[Nonlinear] Ep 300, loss 7.0047
[Nonlinear] Ep 400, loss 3.5296
[Nonlinear] Ep 500, loss 1.6467
[Nonlinear] Ep 600, loss 0.9735
[Nonlinear] Ep 700, loss 0.8302
[Nonlinear] Ep 800, loss 0.8093
[Nonlinear] Ep 900, loss 0.8068
[Nonlinear] Ep 1000, loss 0.8063
[Nonlinear] Ep 1100, loss 0.8059
[Nonlinear] Ep 1200, loss 0.8055
[Nonlinear] Ep 1300, loss 0.8051
[Nonlinear] Ep 1400, loss 0.8048
[Nonlinear] Ep 1500, loss 0.8045
[Nonlinear] Ep 1600, loss 0.8042
[Nonlinear] Ep 1700, loss 0.8039
[Nonlinear] Ep 1800, loss 0.8036
[Nonlinear] Ep 1900, loss 0.8033

=== Current trial for n = 2000, trial = 6 ===
[1 1 2]
[Nonlinear] Ep 0, loss 1.7889
[Nonlinear] Ep 100, loss 0.0380
[Nonlinear] Ep 200, loss 0.0098
[Nonlinear] Ep 300, loss 0.0098
[Nonlinear] Ep 400, loss 0.0098
[Nonlinear] Ep 500, loss 0.0098
[Nonlinear] Ep 600, loss 0.0098
[Nonlinear] Ep 700, loss 0.0098
[Nonlinear] Ep 800, loss 0.0098
[Nonlinear] Ep 900, loss 0.0098
[Nonlinear] Ep 1000, loss 0.0098
[Nonlinear] Ep 1100, loss 0.0098
[Nonlinear] Ep 1200, loss 0.0098
[Nonlinear] Ep 1300, loss 0.0098
[Nonlinear] Ep 1400, loss 0.0097
[Nonlinear] Ep 1500, loss 0.0097
[Nonlinear] Ep 1600, loss 0.0097
[Nonlinear] Ep 1700, loss 0.0097
[Nonlinear] Ep 1800, loss 0.0097
[Nonlinear] Ep 1900, loss 0.0097
[Nonlinear] Ep 0, loss 2.5446
[Nonlinear] Ep 100, loss 0.5663
[Nonlinear] Ep 200, loss 0.0392
[Nonlinear] Ep 300, loss 0.0117
[Nonlinear] Ep 400, loss 0.0113
[Nonlinear] Ep 500, loss 0.0112
[Nonlinear] Ep 600, loss 0.0112
[Nonlinear] Ep 700, loss 0.0111
[Nonlinear] Ep 800, loss 0.0111
[Nonlinear] Ep 900, loss 0.0110
[Nonlinear] Ep 1000, loss 0.0109
[Nonlinear] Ep 1100, loss 0.0109
[Nonlinear] Ep 1200, loss 0.0108
[Nonlinear] Ep 1300, loss 0.0108
[Nonlinear] Ep 1400, loss 0.0107
[Nonlinear] Ep 1500, loss 0.0107
[Nonlinear] Ep 1600, loss 0.0107
[Nonlinear] Ep 1700, loss 0.0106
[Nonlinear] Ep 1800, loss 0.0106
[Nonlinear] Ep 1900, loss 0.0106
[Nonlinear] Ep 0, loss 2.7502
[Nonlinear] Ep 100, loss 0.2031
[Nonlinear] Ep 200, loss 0.0149
[Nonlinear] Ep 300, loss 0.0100
[Nonlinear] Ep 400, loss 0.0099
[Nonlinear] Ep 500, loss 0.0098
[Nonlinear] Ep 600, loss 0.0097
[Nonlinear] Ep 700, loss 0.0097
[Nonlinear] Ep 800, loss 0.0097
[Nonlinear] Ep 900, loss 0.0096
[Nonlinear] Ep 1000, loss 0.0096
[Nonlinear] Ep 1100, loss 0.0096
[Nonlinear] Ep 1200, loss 0.0096
[Nonlinear] Ep 1300, loss 0.0096
[Nonlinear] Ep 1400, loss 0.0096
[Nonlinear] Ep 1500, loss 0.0096
[Nonlinear] Ep 1600, loss 0.0096
[Nonlinear] Ep 1700, loss 0.0096
[Nonlinear] Ep 1800, loss 0.0096
[Nonlinear] Ep 1900, loss 0.0096

=== Current trial for n = 2000, trial = 7 ===
[1 1 2]
[Nonlinear] Ep 0, loss 2.5657
[Nonlinear] Ep 100, loss 0.2859
[Nonlinear] Ep 200, loss 0.0161
[Nonlinear] Ep 300, loss 0.0111
[Nonlinear] Ep 400, loss 0.0111
[Nonlinear] Ep 500, loss 0.0111
[Nonlinear] Ep 600, loss 0.0111
[Nonlinear] Ep 700, loss 0.0111
[Nonlinear] Ep 800, loss 0.0111
[Nonlinear] Ep 900, loss 0.0111
[Nonlinear] Ep 1000, loss 0.0111
[Nonlinear] Ep 1100, loss 0.0111
[Nonlinear] Ep 1200, loss 0.0111
[Nonlinear] Ep 1300, loss 0.0111
[Nonlinear] Ep 1400, loss 0.0111
[Nonlinear] Ep 1500, loss 0.0111
[Nonlinear] Ep 1600, loss 0.0111
[Nonlinear] Ep 1700, loss 0.0111
[Nonlinear] Ep 1800, loss 0.0111
[Nonlinear] Ep 1900, loss 0.0111
[Nonlinear] Ep 0, loss 1.5523
[Nonlinear] Ep 100, loss 0.2611
[Nonlinear] Ep 200, loss 0.0188
[Nonlinear] Ep 300, loss 0.0141
[Nonlinear] Ep 400, loss 0.0140
[Nonlinear] Ep 500, loss 0.0139
[Nonlinear] Ep 600, loss 0.0138
[Nonlinear] Ep 700, loss 0.0137
[Nonlinear] Ep 800, loss 0.0136
[Nonlinear] Ep 900, loss 0.0136
[Nonlinear] Ep 1000, loss 0.0135
[Nonlinear] Ep 1100, loss 0.0134
[Nonlinear] Ep 1200, loss 0.0134
[Nonlinear] Ep 1300, loss 0.0133
[Nonlinear] Ep 1400, loss 0.0133
[Nonlinear] Ep 1500, loss 0.0132
[Nonlinear] Ep 1600, loss 0.0132
[Nonlinear] Ep 1700, loss 0.0131
[Nonlinear] Ep 1800, loss 0.0131
[Nonlinear] Ep 1900, loss 0.0130
[Nonlinear] Ep 0, loss 1.8690
[Nonlinear] Ep 100, loss 0.0372
[Nonlinear] Ep 200, loss 0.0117
[Nonlinear] Ep 300, loss 0.0114
[Nonlinear] Ep 400, loss 0.0113
[Nonlinear] Ep 500, loss 0.0112
[Nonlinear] Ep 600, loss 0.0111
[Nonlinear] Ep 700, loss 0.0111
[Nonlinear] Ep 800, loss 0.0111
[Nonlinear] Ep 900, loss 0.0111
[Nonlinear] Ep 1000, loss 0.0111
[Nonlinear] Ep 1100, loss 0.0111
[Nonlinear] Ep 1200, loss 0.0111
[Nonlinear] Ep 1300, loss 0.0111
[Nonlinear] Ep 1400, loss 0.0111
[Nonlinear] Ep 1500, loss 0.0111
[Nonlinear] Ep 1600, loss 0.0111
[Nonlinear] Ep 1700, loss 0.0111
[Nonlinear] Ep 1800, loss 0.0111
[Nonlinear] Ep 1900, loss 0.0111

=== Current trial for n = 2000, trial = 8 ===
[1 1 2]
[Nonlinear] Ep 0, loss 46.4838
[Nonlinear] Ep 100, loss 21.0347
[Nonlinear] Ep 200, loss 10.3867
[Nonlinear] Ep 300, loss 5.9919
[Nonlinear] Ep 400, loss 2.7240
[Nonlinear] Ep 500, loss 0.9938
[Nonlinear] Ep 600, loss 0.4126
[Nonlinear] Ep 700, loss 0.1925
[Nonlinear] Ep 800, loss 0.1093
[Nonlinear] Ep 900, loss 0.0786
[Nonlinear] Ep 1000, loss 0.0679
[Nonlinear] Ep 1100, loss 0.0647
[Nonlinear] Ep 1200, loss 0.0639
[Nonlinear] Ep 1300, loss 0.0636
[Nonlinear] Ep 1400, loss 0.0635
[Nonlinear] Ep 1500, loss 0.0635
[Nonlinear] Ep 1600, loss 0.0634
[Nonlinear] Ep 1700, loss 0.0634
[Nonlinear] Ep 1800, loss 0.0633
[Nonlinear] Ep 1900, loss 0.0632
[Nonlinear] Ep 0, loss 36.7815
[Nonlinear] Ep 100, loss 23.1784
[Nonlinear] Ep 200, loss 11.0143
[Nonlinear] Ep 300, loss 5.3835
[Nonlinear] Ep 400, loss 2.2281
[Nonlinear] Ep 500, loss 0.6479
[Nonlinear] Ep 600, loss 0.1937
[Nonlinear] Ep 700, loss 0.1211
[Nonlinear] Ep 800, loss 0.1128
[Nonlinear] Ep 900, loss 0.1108
[Nonlinear] Ep 1000, loss 0.1098
[Nonlinear] Ep 1100, loss 0.1091
[Nonlinear] Ep 1200, loss 0.1085
[Nonlinear] Ep 1300, loss 0.1081
[Nonlinear] Ep 1400, loss 0.1077
[Nonlinear] Ep 1500, loss 0.1073
[Nonlinear] Ep 1600, loss 0.1069
[Nonlinear] Ep 1700, loss 0.1065
[Nonlinear] Ep 1800, loss 0.1062
[Nonlinear] Ep 1900, loss 0.1058
[Nonlinear] Ep 0, loss 53.3487
[Nonlinear] Ep 100, loss 24.3613
[Nonlinear] Ep 200, loss 15.2199
[Nonlinear] Ep 300, loss 10.8361
[Nonlinear] Ep 400, loss 6.5204
[Nonlinear] Ep 500, loss 3.1506
[Nonlinear] Ep 600, loss 1.4374
[Nonlinear] Ep 700, loss 0.8891
[Nonlinear] Ep 800, loss 0.7814
[Nonlinear] Ep 900, loss 0.7677
[Nonlinear] Ep 1000, loss 0.7662
[Nonlinear] Ep 1100, loss 0.7659
[Nonlinear] Ep 1200, loss 0.7657
[Nonlinear] Ep 1300, loss 0.7654
[Nonlinear] Ep 1400, loss 0.7652
[Nonlinear] Ep 1500, loss 0.7650
[Nonlinear] Ep 1600, loss 0.7647
[Nonlinear] Ep 1700, loss 0.7644
[Nonlinear] Ep 1800, loss 0.7641
[Nonlinear] Ep 1900, loss 0.7638

=== Current trial for n = 2000, trial = 9 ===
[1 1 2]
[Nonlinear] Ep 0, loss 48.2180
[Nonlinear] Ep 100, loss 25.1946
[Nonlinear] Ep 200, loss 11.9766
[Nonlinear] Ep 300, loss 5.2722
[Nonlinear] Ep 400, loss 1.7947
[Nonlinear] Ep 500, loss 0.4909
[Nonlinear] Ep 600, loss 0.1309
[Nonlinear] Ep 700, loss 0.0576
[Nonlinear] Ep 800, loss 0.0472
[Nonlinear] Ep 900, loss 0.0461
[Nonlinear] Ep 1000, loss 0.0460
[Nonlinear] Ep 1100, loss 0.0460
[Nonlinear] Ep 1200, loss 0.0460
[Nonlinear] Ep 1300, loss 0.0460
[Nonlinear] Ep 1400, loss 0.0460
[Nonlinear] Ep 1500, loss 0.0460
[Nonlinear] Ep 1600, loss 0.0460
[Nonlinear] Ep 1700, loss 0.0460
[Nonlinear] Ep 1800, loss 0.0460
[Nonlinear] Ep 1900, loss 0.0459
[Nonlinear] Ep 0, loss 45.7175
[Nonlinear] Ep 100, loss 30.6784
[Nonlinear] Ep 200, loss 16.3366
[Nonlinear] Ep 300, loss 7.6706
[Nonlinear] Ep 400, loss 3.3757
[Nonlinear] Ep 500, loss 1.3109
[Nonlinear] Ep 600, loss 0.4661
[Nonlinear] Ep 700, loss 0.2196
[Nonlinear] Ep 800, loss 0.1675
[Nonlinear] Ep 900, loss 0.1562
[Nonlinear] Ep 1000, loss 0.1511
[Nonlinear] Ep 1100, loss 0.1471
[Nonlinear] Ep 1200, loss 0.1436
[Nonlinear] Ep 1300, loss 0.1404
[Nonlinear] Ep 1400, loss 0.1376
[Nonlinear] Ep 1500, loss 0.1349
[Nonlinear] Ep 1600, loss 0.1325
[Nonlinear] Ep 1700, loss 0.1302
[Nonlinear] Ep 1800, loss 0.1280
[Nonlinear] Ep 1900, loss 0.1260
[Nonlinear] Ep 0, loss 40.3625
[Nonlinear] Ep 100, loss 18.1839
[Nonlinear] Ep 200, loss 12.6849
[Nonlinear] Ep 300, loss 8.4383
[Nonlinear] Ep 400, loss 4.5480
[Nonlinear] Ep 500, loss 2.0304
[Nonlinear] Ep 600, loss 0.9859
[Nonlinear] Ep 700, loss 0.7276
[Nonlinear] Ep 800, loss 0.6867
[Nonlinear] Ep 900, loss 0.6807
[Nonlinear] Ep 1000, loss 0.6784
[Nonlinear] Ep 1100, loss 0.6764
[Nonlinear] Ep 1200, loss 0.6747
[Nonlinear] Ep 1300, loss 0.6731
[Nonlinear] Ep 1400, loss 0.6717
[Nonlinear] Ep 1500, loss 0.6704
[Nonlinear] Ep 1600, loss 0.6694
[Nonlinear] Ep 1700, loss 0.6684
[Nonlinear] Ep 1800, loss 0.6675
[Nonlinear] Ep 1900, loss 0.6667

=== Current trial for n = 2000, trial = 10 ===
[1 1 2]
[Nonlinear] Ep 0, loss 41.5885
[Nonlinear] Ep 100, loss 22.5585
[Nonlinear] Ep 200, loss 10.8284
[Nonlinear] Ep 300, loss 4.9572
[Nonlinear] Ep 400, loss 1.6115
[Nonlinear] Ep 500, loss 0.3364
[Nonlinear] Ep 600, loss 0.0761
[Nonlinear] Ep 700, loss 0.0547
[Nonlinear] Ep 800, loss 0.0537
[Nonlinear] Ep 900, loss 0.0535
[Nonlinear] Ep 1000, loss 0.0533
[Nonlinear] Ep 1100, loss 0.0532
[Nonlinear] Ep 1200, loss 0.0530
[Nonlinear] Ep 1300, loss 0.0528
[Nonlinear] Ep 1400, loss 0.0526
[Nonlinear] Ep 1500, loss 0.0524
[Nonlinear] Ep 1600, loss 0.0523
[Nonlinear] Ep 1700, loss 0.0521
[Nonlinear] Ep 1800, loss 0.0519
[Nonlinear] Ep 1900, loss 0.0517
[Nonlinear] Ep 0, loss 41.2334
[Nonlinear] Ep 100, loss 26.7552
[Nonlinear] Ep 200, loss 14.7329
[Nonlinear] Ep 300, loss 7.9527
[Nonlinear] Ep 400, loss 4.0733
[Nonlinear] Ep 500, loss 1.8233
[Nonlinear] Ep 600, loss 0.8097
[Nonlinear] Ep 700, loss 0.4063
[Nonlinear] Ep 800, loss 0.2524
[Nonlinear] Ep 900, loss 0.1868
[Nonlinear] Ep 1000, loss 0.1586
[Nonlinear] Ep 1100, loss 0.1443
[Nonlinear] Ep 1200, loss 0.1347
[Nonlinear] Ep 1300, loss 0.1283
[Nonlinear] Ep 1400, loss 0.1236
[Nonlinear] Ep 1500, loss 0.1201
[Nonlinear] Ep 1600, loss 0.1173
[Nonlinear] Ep 1700, loss 0.1151
[Nonlinear] Ep 1800, loss 0.1139
[Nonlinear] Ep 1900, loss 0.1129
[Nonlinear] Ep 0, loss 43.5553
[Nonlinear] Ep 100, loss 18.3948
[Nonlinear] Ep 200, loss 11.5228
[Nonlinear] Ep 300, loss 6.5615
[Nonlinear] Ep 400, loss 2.9103
[Nonlinear] Ep 500, loss 1.2564
[Nonlinear] Ep 600, loss 0.8355
[Nonlinear] Ep 700, loss 0.7761
[Nonlinear] Ep 800, loss 0.7704
[Nonlinear] Ep 900, loss 0.7692
[Nonlinear] Ep 1000, loss 0.7684
[Nonlinear] Ep 1100, loss 0.7676
[Nonlinear] Ep 1200, loss 0.7669
[Nonlinear] Ep 1300, loss 0.7662
[Nonlinear] Ep 1400, loss 0.7656
[Nonlinear] Ep 1500, loss 0.7650
[Nonlinear] Ep 1600, loss 0.7644
[Nonlinear] Ep 1700, loss 0.7638
[Nonlinear] Ep 1800, loss 0.7632
[Nonlinear] Ep 1900, loss 0.7626

=== Current trial for n = 2000, trial = 11 ===
[1 1 2]
[Nonlinear] Ep 0, loss 41.6662
[Nonlinear] Ep 100, loss 21.6776
[Nonlinear] Ep 200, loss 12.1223
[Nonlinear] Ep 300, loss 6.1487
[Nonlinear] Ep 400, loss 2.4878
[Nonlinear] Ep 500, loss 0.7926
[Nonlinear] Ep 600, loss 0.2340
[Nonlinear] Ep 700, loss 0.0903
[Nonlinear] Ep 800, loss 0.0603
[Nonlinear] Ep 900, loss 0.0556
[Nonlinear] Ep 1000, loss 0.0549
[Nonlinear] Ep 1100, loss 0.0547
[Nonlinear] Ep 1200, loss 0.0546
[Nonlinear] Ep 1300, loss 0.0545
[Nonlinear] Ep 1400, loss 0.0543
[Nonlinear] Ep 1500, loss 0.0542
[Nonlinear] Ep 1600, loss 0.0540
[Nonlinear] Ep 1700, loss 0.0539
[Nonlinear] Ep 1800, loss 0.0538
[Nonlinear] Ep 1900, loss 0.0537
[Nonlinear] Ep 0, loss 41.6328
[Nonlinear] Ep 100, loss 26.8526
[Nonlinear] Ep 200, loss 11.6977
[Nonlinear] Ep 300, loss 5.2055
[Nonlinear] Ep 400, loss 2.3976
[Nonlinear] Ep 500, loss 1.0390
[Nonlinear] Ep 600, loss 0.4959
[Nonlinear] Ep 700, loss 0.3132
[Nonlinear] Ep 800, loss 0.2422
[Nonlinear] Ep 900, loss 0.2092
[Nonlinear] Ep 1000, loss 0.1948
[Nonlinear] Ep 1100, loss 0.1846
[Nonlinear] Ep 1200, loss 0.1770
[Nonlinear] Ep 1300, loss 0.1711
[Nonlinear] Ep 1400, loss 0.1661
[Nonlinear] Ep 1500, loss 0.1615
[Nonlinear] Ep 1600, loss 0.1574
[Nonlinear] Ep 1700, loss 0.1541
[Nonlinear] Ep 1800, loss 0.1515
[Nonlinear] Ep 1900, loss 0.1492
[Nonlinear] Ep 0, loss 31.9190
[Nonlinear] Ep 100, loss 14.9287
[Nonlinear] Ep 200, loss 10.1255
[Nonlinear] Ep 300, loss 6.2268
[Nonlinear] Ep 400, loss 3.1925
[Nonlinear] Ep 500, loss 1.5134
[Nonlinear] Ep 600, loss 0.8885
[Nonlinear] Ep 700, loss 0.7283
[Nonlinear] Ep 800, loss 0.6911
[Nonlinear] Ep 900, loss 0.6790
[Nonlinear] Ep 1000, loss 0.6715
[Nonlinear] Ep 1100, loss 0.6654
[Nonlinear] Ep 1200, loss 0.6603
[Nonlinear] Ep 1300, loss 0.6561
[Nonlinear] Ep 1400, loss 0.6527
[Nonlinear] Ep 1500, loss 0.6499
[Nonlinear] Ep 1600, loss 0.6478
[Nonlinear] Ep 1700, loss 0.6461
[Nonlinear] Ep 1800, loss 0.6449
[Nonlinear] Ep 1900, loss 0.6439

=== Current trial for n = 2000, trial = 12 ===
[1 1 2]
[Nonlinear] Ep 0, loss 39.7587
[Nonlinear] Ep 100, loss 19.4255
[Nonlinear] Ep 200, loss 10.1321
[Nonlinear] Ep 300, loss 5.1535
[Nonlinear] Ep 400, loss 2.0033
[Nonlinear] Ep 500, loss 0.5617
[Nonlinear] Ep 600, loss 0.1352
[Nonlinear] Ep 700, loss 0.0598
[Nonlinear] Ep 800, loss 0.0514
[Nonlinear] Ep 900, loss 0.0507
[Nonlinear] Ep 1000, loss 0.0507
[Nonlinear] Ep 1100, loss 0.0506
[Nonlinear] Ep 1200, loss 0.0506
[Nonlinear] Ep 1300, loss 0.0506
[Nonlinear] Ep 1400, loss 0.0506
[Nonlinear] Ep 1500, loss 0.0506
[Nonlinear] Ep 1600, loss 0.0505
[Nonlinear] Ep 1700, loss 0.0505
[Nonlinear] Ep 1800, loss 0.0505
[Nonlinear] Ep 1900, loss 0.0504
[Nonlinear] Ep 0, loss 41.5422
[Nonlinear] Ep 100, loss 29.6229
[Nonlinear] Ep 200, loss 14.7412
[Nonlinear] Ep 300, loss 6.4736
[Nonlinear] Ep 400, loss 2.7682
[Nonlinear] Ep 500, loss 0.9286
[Nonlinear] Ep 600, loss 0.2933
[Nonlinear] Ep 700, loss 0.1502
[Nonlinear] Ep 800, loss 0.1215
[Nonlinear] Ep 900, loss 0.1104
[Nonlinear] Ep 1000, loss 0.1031
[Nonlinear] Ep 1100, loss 0.0977
[Nonlinear] Ep 1200, loss 0.0944
[Nonlinear] Ep 1300, loss 0.0920
[Nonlinear] Ep 1400, loss 0.0902
[Nonlinear] Ep 1500, loss 0.0889
[Nonlinear] Ep 1600, loss 0.0879
[Nonlinear] Ep 1700, loss 0.0869
[Nonlinear] Ep 1800, loss 0.0862
[Nonlinear] Ep 1900, loss 0.0854
[Nonlinear] Ep 0, loss 42.0367
[Nonlinear] Ep 100, loss 18.4349
[Nonlinear] Ep 200, loss 11.6240
[Nonlinear] Ep 300, loss 6.8822
[Nonlinear] Ep 400, loss 3.3424
[Nonlinear] Ep 500, loss 1.4922
[Nonlinear] Ep 600, loss 0.8749
[Nonlinear] Ep 700, loss 0.7473
[Nonlinear] Ep 800, loss 0.7278
[Nonlinear] Ep 900, loss 0.7228
[Nonlinear] Ep 1000, loss 0.7197
[Nonlinear] Ep 1100, loss 0.7174
[Nonlinear] Ep 1200, loss 0.7157
[Nonlinear] Ep 1300, loss 0.7143
[Nonlinear] Ep 1400, loss 0.7133
[Nonlinear] Ep 1500, loss 0.7125
[Nonlinear] Ep 1600, loss 0.7119
[Nonlinear] Ep 1700, loss 0.7113
[Nonlinear] Ep 1800, loss 0.7108
[Nonlinear] Ep 1900, loss 0.7103

=== Current trial for n = 2000, trial = 13 ===
[1 1 2]
[Nonlinear] Ep 0, loss 1.8965
[Nonlinear] Ep 100, loss 0.0412
[Nonlinear] Ep 200, loss 0.0111
[Nonlinear] Ep 300, loss 0.0111
[Nonlinear] Ep 400, loss 0.0111
[Nonlinear] Ep 500, loss 0.0111
[Nonlinear] Ep 600, loss 0.0111
[Nonlinear] Ep 700, loss 0.0111
[Nonlinear] Ep 800, loss 0.0111
[Nonlinear] Ep 900, loss 0.0111
[Nonlinear] Ep 1000, loss 0.0111
[Nonlinear] Ep 1100, loss 0.0111
[Nonlinear] Ep 1200, loss 0.0111
[Nonlinear] Ep 1300, loss 0.0111
[Nonlinear] Ep 1400, loss 0.0111
[Nonlinear] Ep 1500, loss 0.0111
[Nonlinear] Ep 1600, loss 0.0111
[Nonlinear] Ep 1700, loss 0.0111
[Nonlinear] Ep 1800, loss 0.0111
[Nonlinear] Ep 1900, loss 0.0111
[Nonlinear] Ep 0, loss 2.3888
[Nonlinear] Ep 100, loss 0.5243
[Nonlinear] Ep 200, loss 0.0384
[Nonlinear] Ep 300, loss 0.0151
[Nonlinear] Ep 400, loss 0.0144
[Nonlinear] Ep 500, loss 0.0139
[Nonlinear] Ep 600, loss 0.0136
[Nonlinear] Ep 700, loss 0.0134
[Nonlinear] Ep 800, loss 0.0133
[Nonlinear] Ep 900, loss 0.0132
[Nonlinear] Ep 1000, loss 0.0132
[Nonlinear] Ep 1100, loss 0.0131
[Nonlinear] Ep 1200, loss 0.0131
[Nonlinear] Ep 1300, loss 0.0131
[Nonlinear] Ep 1400, loss 0.0130
[Nonlinear] Ep 1500, loss 0.0130
[Nonlinear] Ep 1600, loss 0.0130
[Nonlinear] Ep 1700, loss 0.0129
[Nonlinear] Ep 1800, loss 0.0129
[Nonlinear] Ep 1900, loss 0.0129
[Nonlinear] Ep 0, loss 2.8591
[Nonlinear] Ep 100, loss 0.2196
[Nonlinear] Ep 200, loss 0.0147
[Nonlinear] Ep 300, loss 0.0114
[Nonlinear] Ep 400, loss 0.0112
[Nonlinear] Ep 500, loss 0.0112
[Nonlinear] Ep 600, loss 0.0112
[Nonlinear] Ep 700, loss 0.0112
[Nonlinear] Ep 800, loss 0.0112
[Nonlinear] Ep 900, loss 0.0112
[Nonlinear] Ep 1000, loss 0.0112
[Nonlinear] Ep 1100, loss 0.0112
[Nonlinear] Ep 1200, loss 0.0112
[Nonlinear] Ep 1300, loss 0.0112
[Nonlinear] Ep 1400, loss 0.0112
[Nonlinear] Ep 1500, loss 0.0112
[Nonlinear] Ep 1600, loss 0.0112
[Nonlinear] Ep 1700, loss 0.0112
[Nonlinear] Ep 1800, loss 0.0112
[Nonlinear] Ep 1900, loss 0.0112

=== Current trial for n = 2000, trial = 14 ===
[1 1 2]
[Nonlinear] Ep 0, loss 42.8581
[Nonlinear] Ep 100, loss 22.9114
[Nonlinear] Ep 200, loss 10.6763
[Nonlinear] Ep 300, loss 4.9687
[Nonlinear] Ep 400, loss 1.5978
[Nonlinear] Ep 500, loss 0.3477
[Nonlinear] Ep 600, loss 0.0893
[Nonlinear] Ep 700, loss 0.0591
[Nonlinear] Ep 800, loss 0.0570
[Nonlinear] Ep 900, loss 0.0569
[Nonlinear] Ep 1000, loss 0.0569
[Nonlinear] Ep 1100, loss 0.0568
[Nonlinear] Ep 1200, loss 0.0568
[Nonlinear] Ep 1300, loss 0.0567
[Nonlinear] Ep 1400, loss 0.0567
[Nonlinear] Ep 1500, loss 0.0567
[Nonlinear] Ep 1600, loss 0.0566
[Nonlinear] Ep 1700, loss 0.0566
[Nonlinear] Ep 1800, loss 0.0566
[Nonlinear] Ep 1900, loss 0.0565
[Nonlinear] Ep 0, loss 43.7926
[Nonlinear] Ep 100, loss 32.4226
[Nonlinear] Ep 200, loss 16.7816
[Nonlinear] Ep 300, loss 5.5607
[Nonlinear] Ep 400, loss 1.6079
[Nonlinear] Ep 500, loss 0.3719
[Nonlinear] Ep 600, loss 0.1214
[Nonlinear] Ep 700, loss 0.0896
[Nonlinear] Ep 800, loss 0.0834
[Nonlinear] Ep 900, loss 0.0812
[Nonlinear] Ep 1000, loss 0.0803
[Nonlinear] Ep 1100, loss 0.0797
[Nonlinear] Ep 1200, loss 0.0793
[Nonlinear] Ep 1300, loss 0.0788
[Nonlinear] Ep 1400, loss 0.0784
[Nonlinear] Ep 1500, loss 0.0781
[Nonlinear] Ep 1600, loss 0.0778
[Nonlinear] Ep 1700, loss 0.0775
[Nonlinear] Ep 1800, loss 0.0772
[Nonlinear] Ep 1900, loss 0.0769
[Nonlinear] Ep 0, loss 40.5835
[Nonlinear] Ep 100, loss 17.9463
[Nonlinear] Ep 200, loss 12.1511
[Nonlinear] Ep 300, loss 8.0810
[Nonlinear] Ep 400, loss 4.1377
[Nonlinear] Ep 500, loss 1.7305
[Nonlinear] Ep 600, loss 0.8657
[Nonlinear] Ep 700, loss 0.6808
[Nonlinear] Ep 800, loss 0.6547
[Nonlinear] Ep 900, loss 0.6511
[Nonlinear] Ep 1000, loss 0.6499
[Nonlinear] Ep 1100, loss 0.6489
[Nonlinear] Ep 1200, loss 0.6480
[Nonlinear] Ep 1300, loss 0.6473
[Nonlinear] Ep 1400, loss 0.6467
[Nonlinear] Ep 1500, loss 0.6462
[Nonlinear] Ep 1600, loss 0.6458
[Nonlinear] Ep 1700, loss 0.6454
[Nonlinear] Ep 1800, loss 0.6451
[Nonlinear] Ep 1900, loss 0.6448

=== Current trial for n = 2000, trial = 15 ===
[1 1 2]
[Nonlinear] Ep 0, loss 38.4069
[Nonlinear] Ep 100, loss 18.8924
[Nonlinear] Ep 200, loss 10.1829
[Nonlinear] Ep 300, loss 5.2650
[Nonlinear] Ep 400, loss 1.9523
[Nonlinear] Ep 500, loss 0.4891
[Nonlinear] Ep 600, loss 0.1135
[Nonlinear] Ep 700, loss 0.0581
[Nonlinear] Ep 800, loss 0.0532
[Nonlinear] Ep 900, loss 0.0528
[Nonlinear] Ep 1000, loss 0.0527
[Nonlinear] Ep 1100, loss 0.0526
[Nonlinear] Ep 1200, loss 0.0525
[Nonlinear] Ep 1300, loss 0.0524
[Nonlinear] Ep 1400, loss 0.0523
[Nonlinear] Ep 1500, loss 0.0522
[Nonlinear] Ep 1600, loss 0.0522
[Nonlinear] Ep 1700, loss 0.0521
[Nonlinear] Ep 1800, loss 0.0520
[Nonlinear] Ep 1900, loss 0.0519
[Nonlinear] Ep 0, loss 47.1338
[Nonlinear] Ep 100, loss 33.5936
[Nonlinear] Ep 200, loss 18.4203
[Nonlinear] Ep 300, loss 7.9360
[Nonlinear] Ep 400, loss 3.2715
[Nonlinear] Ep 500, loss 1.1108
[Nonlinear] Ep 600, loss 0.3013
[Nonlinear] Ep 700, loss 0.1207
[Nonlinear] Ep 800, loss 0.1008
[Nonlinear] Ep 900, loss 0.0986
[Nonlinear] Ep 1000, loss 0.0977
[Nonlinear] Ep 1100, loss 0.0971
[Nonlinear] Ep 1200, loss 0.0967
[Nonlinear] Ep 1300, loss 0.0964
[Nonlinear] Ep 1400, loss 0.0962
[Nonlinear] Ep 1500, loss 0.0959
[Nonlinear] Ep 1600, loss 0.0957
[Nonlinear] Ep 1700, loss 0.0954
[Nonlinear] Ep 1800, loss 0.0952
[Nonlinear] Ep 1900, loss 0.0949
[Nonlinear] Ep 0, loss 40.6526
[Nonlinear] Ep 100, loss 17.2417
[Nonlinear] Ep 200, loss 11.0264
[Nonlinear] Ep 300, loss 6.4297
[Nonlinear] Ep 400, loss 3.0780
[Nonlinear] Ep 500, loss 1.3907
[Nonlinear] Ep 600, loss 0.8584
[Nonlinear] Ep 700, loss 0.7532
[Nonlinear] Ep 800, loss 0.7384
[Nonlinear] Ep 900, loss 0.7361
[Nonlinear] Ep 1000, loss 0.7350
[Nonlinear] Ep 1100, loss 0.7341
[Nonlinear] Ep 1200, loss 0.7334
[Nonlinear] Ep 1300, loss 0.7328
[Nonlinear] Ep 1400, loss 0.7322
[Nonlinear] Ep 1500, loss 0.7318
[Nonlinear] Ep 1600, loss 0.7314
[Nonlinear] Ep 1700, loss 0.7310
[Nonlinear] Ep 1800, loss 0.7307
[Nonlinear] Ep 1900, loss 0.7304

=== Current trial for n = 2000, trial = 16 ===
[1 1 2]
[Nonlinear] Ep 0, loss 36.8976
[Nonlinear] Ep 100, loss 18.1864
[Nonlinear] Ep 200, loss 10.1197
[Nonlinear] Ep 300, loss 5.0353
[Nonlinear] Ep 400, loss 1.6534
[Nonlinear] Ep 500, loss 0.3394
[Nonlinear] Ep 600, loss 0.0690
[Nonlinear] Ep 700, loss 0.0451
[Nonlinear] Ep 800, loss 0.0440
[Nonlinear] Ep 900, loss 0.0440
[Nonlinear] Ep 1000, loss 0.0440
[Nonlinear] Ep 1100, loss 0.0439
[Nonlinear] Ep 1200, loss 0.0439
[Nonlinear] Ep 1300, loss 0.0439
[Nonlinear] Ep 1400, loss 0.0439
[Nonlinear] Ep 1500, loss 0.0438
[Nonlinear] Ep 1600, loss 0.0438
[Nonlinear] Ep 1700, loss 0.0438
[Nonlinear] Ep 1800, loss 0.0438
[Nonlinear] Ep 1900, loss 0.0437
[Nonlinear] Ep 0, loss 41.0991
[Nonlinear] Ep 100, loss 25.7410
[Nonlinear] Ep 200, loss 12.7458
[Nonlinear] Ep 300, loss 5.8506
[Nonlinear] Ep 400, loss 2.7755
[Nonlinear] Ep 500, loss 1.2046
[Nonlinear] Ep 600, loss 0.4832
[Nonlinear] Ep 700, loss 0.2270
[Nonlinear] Ep 800, loss 0.1295
[Nonlinear] Ep 900, loss 0.0904
[Nonlinear] Ep 1000, loss 0.0754
[Nonlinear] Ep 1100, loss 0.0690
[Nonlinear] Ep 1200, loss 0.0658
[Nonlinear] Ep 1300, loss 0.0639
[Nonlinear] Ep 1400, loss 0.0627
[Nonlinear] Ep 1500, loss 0.0620
[Nonlinear] Ep 1600, loss 0.0615
[Nonlinear] Ep 1700, loss 0.0611
[Nonlinear] Ep 1800, loss 0.0609
[Nonlinear] Ep 1900, loss 0.0608
[Nonlinear] Ep 0, loss 46.6350
[Nonlinear] Ep 100, loss 20.0567
[Nonlinear] Ep 200, loss 13.7598
[Nonlinear] Ep 300, loss 10.4935
[Nonlinear] Ep 400, loss 6.6312
[Nonlinear] Ep 500, loss 3.1778
[Nonlinear] Ep 600, loss 1.3901
[Nonlinear] Ep 700, loss 0.8327
[Nonlinear] Ep 800, loss 0.7252
[Nonlinear] Ep 900, loss 0.7088
[Nonlinear] Ep 1000, loss 0.7046
[Nonlinear] Ep 1100, loss 0.7021
[Nonlinear] Ep 1200, loss 0.7003
[Nonlinear] Ep 1300, loss 0.6990
[Nonlinear] Ep 1400, loss 0.6980
[Nonlinear] Ep 1500, loss 0.6974
[Nonlinear] Ep 1600, loss 0.6969
[Nonlinear] Ep 1700, loss 0.6965
[Nonlinear] Ep 1800, loss 0.6962
[Nonlinear] Ep 1900, loss 0.6959

=== Current trial for n = 2000, trial = 17 ===
[1 1 2]
[Nonlinear] Ep 0, loss 1.8314
[Nonlinear] Ep 100, loss 0.1654
[Nonlinear] Ep 200, loss 0.0096
[Nonlinear] Ep 300, loss 0.0096
[Nonlinear] Ep 400, loss 0.0096
[Nonlinear] Ep 500, loss 0.0096
[Nonlinear] Ep 600, loss 0.0096
[Nonlinear] Ep 700, loss 0.0096
[Nonlinear] Ep 800, loss 0.0096
[Nonlinear] Ep 900, loss 0.0096
[Nonlinear] Ep 1000, loss 0.0096
[Nonlinear] Ep 1100, loss 0.0096
[Nonlinear] Ep 1200, loss 0.0095
[Nonlinear] Ep 1300, loss 0.0095
[Nonlinear] Ep 1400, loss 0.0095
[Nonlinear] Ep 1500, loss 0.0095
[Nonlinear] Ep 1600, loss 0.0095
[Nonlinear] Ep 1700, loss 0.0095
[Nonlinear] Ep 1800, loss 0.0095
[Nonlinear] Ep 1900, loss 0.0095
[Nonlinear] Ep 0, loss 2.6681
[Nonlinear] Ep 100, loss 0.7082
[Nonlinear] Ep 200, loss 0.0668
[Nonlinear] Ep 300, loss 0.0120
[Nonlinear] Ep 400, loss 0.0116
[Nonlinear] Ep 500, loss 0.0115
[Nonlinear] Ep 600, loss 0.0114
[Nonlinear] Ep 700, loss 0.0113
[Nonlinear] Ep 800, loss 0.0112
[Nonlinear] Ep 900, loss 0.0111
[Nonlinear] Ep 1000, loss 0.0111
[Nonlinear] Ep 1100, loss 0.0110
[Nonlinear] Ep 1200, loss 0.0110
[Nonlinear] Ep 1300, loss 0.0109
[Nonlinear] Ep 1400, loss 0.0109
[Nonlinear] Ep 1500, loss 0.0108
[Nonlinear] Ep 1600, loss 0.0107
[Nonlinear] Ep 1700, loss 0.0107
[Nonlinear] Ep 1800, loss 0.0106
[Nonlinear] Ep 1900, loss 0.0105
[Nonlinear] Ep 0, loss 1.6575
[Nonlinear] Ep 100, loss 0.0182
[Nonlinear] Ep 200, loss 0.0096
[Nonlinear] Ep 300, loss 0.0096
[Nonlinear] Ep 400, loss 0.0095
[Nonlinear] Ep 500, loss 0.0095
[Nonlinear] Ep 600, loss 0.0095
[Nonlinear] Ep 700, loss 0.0095
[Nonlinear] Ep 800, loss 0.0095
[Nonlinear] Ep 900, loss 0.0095
[Nonlinear] Ep 1000, loss 0.0095
[Nonlinear] Ep 1100, loss 0.0095
[Nonlinear] Ep 1200, loss 0.0095
[Nonlinear] Ep 1300, loss 0.0095
[Nonlinear] Ep 1400, loss 0.0095
[Nonlinear] Ep 1500, loss 0.0095
[Nonlinear] Ep 1600, loss 0.0095
[Nonlinear] Ep 1700, loss 0.0095
[Nonlinear] Ep 1800, loss 0.0095
[Nonlinear] Ep 1900, loss 0.0095

=== Current trial for n = 2000, trial = 18 ===
[1 1 2]
[Nonlinear] Ep 0, loss 43.0856
[Nonlinear] Ep 100, loss 23.1557
[Nonlinear] Ep 200, loss 11.5259
[Nonlinear] Ep 300, loss 4.5477
[Nonlinear] Ep 400, loss 1.0882
[Nonlinear] Ep 500, loss 0.2048
[Nonlinear] Ep 600, loss 0.0899
[Nonlinear] Ep 700, loss 0.0819
[Nonlinear] Ep 800, loss 0.0815
[Nonlinear] Ep 900, loss 0.0814
[Nonlinear] Ep 1000, loss 0.0813
[Nonlinear] Ep 1100, loss 0.0812
[Nonlinear] Ep 1200, loss 0.0811
[Nonlinear] Ep 1300, loss 0.0810
[Nonlinear] Ep 1400, loss 0.0809
[Nonlinear] Ep 1500, loss 0.0808
[Nonlinear] Ep 1600, loss 0.0806
[Nonlinear] Ep 1700, loss 0.0805
[Nonlinear] Ep 1800, loss 0.0804
[Nonlinear] Ep 1900, loss 0.0802
[Nonlinear] Ep 0, loss 42.3674
[Nonlinear] Ep 100, loss 29.0816
[Nonlinear] Ep 200, loss 14.0361
[Nonlinear] Ep 300, loss 4.9335
[Nonlinear] Ep 400, loss 1.3899
[Nonlinear] Ep 500, loss 0.3208
[Nonlinear] Ep 600, loss 0.1374
[Nonlinear] Ep 700, loss 0.1189
[Nonlinear] Ep 800, loss 0.1168
[Nonlinear] Ep 900, loss 0.1158
[Nonlinear] Ep 1000, loss 0.1151
[Nonlinear] Ep 1100, loss 0.1144
[Nonlinear] Ep 1200, loss 0.1137
[Nonlinear] Ep 1300, loss 0.1131
[Nonlinear] Ep 1400, loss 0.1126
[Nonlinear] Ep 1500, loss 0.1120
[Nonlinear] Ep 1600, loss 0.1115
[Nonlinear] Ep 1700, loss 0.1110
[Nonlinear] Ep 1800, loss 0.1105
[Nonlinear] Ep 1900, loss 0.1100
[Nonlinear] Ep 0, loss 41.4557
[Nonlinear] Ep 100, loss 18.1290
[Nonlinear] Ep 200, loss 13.2652
[Nonlinear] Ep 300, loss 9.7397
[Nonlinear] Ep 400, loss 5.9689
[Nonlinear] Ep 500, loss 2.9154
[Nonlinear] Ep 600, loss 1.3821
[Nonlinear] Ep 700, loss 0.8592
[Nonlinear] Ep 800, loss 0.7256
[Nonlinear] Ep 900, loss 0.6942
[Nonlinear] Ep 1000, loss 0.6847
[Nonlinear] Ep 1100, loss 0.6793
[Nonlinear] Ep 1200, loss 0.6749
[Nonlinear] Ep 1300, loss 0.6712
[Nonlinear] Ep 1400, loss 0.6681
[Nonlinear] Ep 1500, loss 0.6655
[Nonlinear] Ep 1600, loss 0.6634
[Nonlinear] Ep 1700, loss 0.6616
[Nonlinear] Ep 1800, loss 0.6602
[Nonlinear] Ep 1900, loss 0.6590

=== Current trial for n = 2000, trial = 19 ===
[1 1 2]
[Nonlinear] Ep 0, loss 43.7151
[Nonlinear] Ep 100, loss 19.4741
[Nonlinear] Ep 200, loss 9.1329
[Nonlinear] Ep 300, loss 4.7357
[Nonlinear] Ep 400, loss 1.9539
[Nonlinear] Ep 500, loss 0.6397
[Nonlinear] Ep 600, loss 0.2160
[Nonlinear] Ep 700, loss 0.1018
[Nonlinear] Ep 800, loss 0.0668
[Nonlinear] Ep 900, loss 0.0539
[Nonlinear] Ep 1000, loss 0.0493
[Nonlinear] Ep 1100, loss 0.0478
[Nonlinear] Ep 1200, loss 0.0474
[Nonlinear] Ep 1300, loss 0.0473
[Nonlinear] Ep 1400, loss 0.0472
[Nonlinear] Ep 1500, loss 0.0472
[Nonlinear] Ep 1600, loss 0.0472
[Nonlinear] Ep 1700, loss 0.0471
[Nonlinear] Ep 1800, loss 0.0471
[Nonlinear] Ep 1900, loss 0.0471
[Nonlinear] Ep 0, loss 39.6160
[Nonlinear] Ep 100, loss 27.5309
[Nonlinear] Ep 200, loss 13.4743
[Nonlinear] Ep 300, loss 5.4313
[Nonlinear] Ep 400, loss 1.7711
[Nonlinear] Ep 500, loss 0.4050
[Nonlinear] Ep 600, loss 0.1305
[Nonlinear] Ep 700, loss 0.0904
[Nonlinear] Ep 800, loss 0.0790
[Nonlinear] Ep 900, loss 0.0727
[Nonlinear] Ep 1000, loss 0.0689
[Nonlinear] Ep 1100, loss 0.0662
[Nonlinear] Ep 1200, loss 0.0649
[Nonlinear] Ep 1300, loss 0.0642
[Nonlinear] Ep 1400, loss 0.0638
[Nonlinear] Ep 1500, loss 0.0634
[Nonlinear] Ep 1600, loss 0.0632
[Nonlinear] Ep 1700, loss 0.0629
[Nonlinear] Ep 1800, loss 0.0627
[Nonlinear] Ep 1900, loss 0.0624
[Nonlinear] Ep 0, loss 44.1113
[Nonlinear] Ep 100, loss 18.7463
[Nonlinear] Ep 200, loss 12.7236
[Nonlinear] Ep 300, loss 9.0739
[Nonlinear] Ep 400, loss 5.6959
[Nonlinear] Ep 500, loss 2.9799
[Nonlinear] Ep 600, loss 1.4265
[Nonlinear] Ep 700, loss 0.8548
[Nonlinear] Ep 800, loss 0.7196
[Nonlinear] Ep 900, loss 0.6957
[Nonlinear] Ep 1000, loss 0.6900
[Nonlinear] Ep 1100, loss 0.6871
[Nonlinear] Ep 1200, loss 0.6849
[Nonlinear] Ep 1300, loss 0.6834
[Nonlinear] Ep 1400, loss 0.6823
[Nonlinear] Ep 1500, loss 0.6815
[Nonlinear] Ep 1600, loss 0.6810
[Nonlinear] Ep 1700, loss 0.6806
[Nonlinear] Ep 1800, loss 0.6804
[Nonlinear] Ep 1900, loss 0.6802

=== Current trial for n = 2000, trial = 20 ===
[1 1 2]
[Nonlinear] Ep 0, loss 42.4355
[Nonlinear] Ep 100, loss 22.0864
[Nonlinear] Ep 200, loss 10.9048
[Nonlinear] Ep 300, loss 4.8213
[Nonlinear] Ep 400, loss 1.5506
[Nonlinear] Ep 500, loss 0.3577
[Nonlinear] Ep 600, loss 0.0951
[Nonlinear] Ep 700, loss 0.0618
[Nonlinear] Ep 800, loss 0.0593
[Nonlinear] Ep 900, loss 0.0591
[Nonlinear] Ep 1000, loss 0.0591
[Nonlinear] Ep 1100, loss 0.0591
[Nonlinear] Ep 1200, loss 0.0591
[Nonlinear] Ep 1300, loss 0.0591
[Nonlinear] Ep 1400, loss 0.0590
[Nonlinear] Ep 1500, loss 0.0590
[Nonlinear] Ep 1600, loss 0.0590
[Nonlinear] Ep 1700, loss 0.0590
[Nonlinear] Ep 1800, loss 0.0589
[Nonlinear] Ep 1900, loss 0.0589
[Nonlinear] Ep 0, loss 46.2830
[Nonlinear] Ep 100, loss 33.5335
[Nonlinear] Ep 200, loss 19.1508
[Nonlinear] Ep 300, loss 9.0288
[Nonlinear] Ep 400, loss 4.5730
[Nonlinear] Ep 500, loss 1.8986
[Nonlinear] Ep 600, loss 0.5402
[Nonlinear] Ep 700, loss 0.1639
[Nonlinear] Ep 800, loss 0.1060
[Nonlinear] Ep 900, loss 0.0993
[Nonlinear] Ep 1000, loss 0.0983
[Nonlinear] Ep 1100, loss 0.0980
[Nonlinear] Ep 1200, loss 0.0978
[Nonlinear] Ep 1300, loss 0.0975
[Nonlinear] Ep 1400, loss 0.0973
[Nonlinear] Ep 1500, loss 0.0971
[Nonlinear] Ep 1600, loss 0.0968
[Nonlinear] Ep 1700, loss 0.0966
[Nonlinear] Ep 1800, loss 0.0962
[Nonlinear] Ep 1900, loss 0.0959
[Nonlinear] Ep 0, loss 43.1237
[Nonlinear] Ep 100, loss 18.1278
[Nonlinear] Ep 200, loss 11.6820
[Nonlinear] Ep 300, loss 7.2825
[Nonlinear] Ep 400, loss 3.5857
[Nonlinear] Ep 500, loss 1.5611
[Nonlinear] Ep 600, loss 0.9176
[Nonlinear] Ep 700, loss 0.8002
[Nonlinear] Ep 800, loss 0.7851
[Nonlinear] Ep 900, loss 0.7819
[Nonlinear] Ep 1000, loss 0.7802
[Nonlinear] Ep 1100, loss 0.7790
[Nonlinear] Ep 1200, loss 0.7782
[Nonlinear] Ep 1300, loss 0.7777
[Nonlinear] Ep 1400, loss 0.7773
[Nonlinear] Ep 1500, loss 0.7770
[Nonlinear] Ep 1600, loss 0.7767
[Nonlinear] Ep 1700, loss 0.7765
[Nonlinear] Ep 1800, loss 0.7762
[Nonlinear] Ep 1900, loss 0.7759

=== Current trial for n = 2000, trial = 21 ===
[1 1 2]
[Nonlinear] Ep 0, loss 41.0005
[Nonlinear] Ep 100, loss 21.8001
[Nonlinear] Ep 200, loss 11.1948
[Nonlinear] Ep 300, loss 5.4840
[Nonlinear] Ep 400, loss 1.6998
[Nonlinear] Ep 500, loss 0.3148
[Nonlinear] Ep 600, loss 0.0725
[Nonlinear] Ep 700, loss 0.0516
[Nonlinear] Ep 800, loss 0.0504
[Nonlinear] Ep 900, loss 0.0503
[Nonlinear] Ep 1000, loss 0.0503
[Nonlinear] Ep 1100, loss 0.0502
[Nonlinear] Ep 1200, loss 0.0501
[Nonlinear] Ep 1300, loss 0.0500
[Nonlinear] Ep 1400, loss 0.0500
[Nonlinear] Ep 1500, loss 0.0499
[Nonlinear] Ep 1600, loss 0.0499
[Nonlinear] Ep 1700, loss 0.0498
[Nonlinear] Ep 1800, loss 0.0497
[Nonlinear] Ep 1900, loss 0.0497
[Nonlinear] Ep 0, loss 37.8788
[Nonlinear] Ep 100, loss 23.9091
[Nonlinear] Ep 200, loss 10.4142
[Nonlinear] Ep 300, loss 3.6446
[Nonlinear] Ep 400, loss 0.9327
[Nonlinear] Ep 500, loss 0.2234
[Nonlinear] Ep 600, loss 0.1178
[Nonlinear] Ep 700, loss 0.1058
[Nonlinear] Ep 800, loss 0.1029
[Nonlinear] Ep 900, loss 0.1010
[Nonlinear] Ep 1000, loss 0.0993
[Nonlinear] Ep 1100, loss 0.0979
[Nonlinear] Ep 1200, loss 0.0967
[Nonlinear] Ep 1300, loss 0.0957
[Nonlinear] Ep 1400, loss 0.0947
[Nonlinear] Ep 1500, loss 0.0938
[Nonlinear] Ep 1600, loss 0.0930
[Nonlinear] Ep 1700, loss 0.0922
[Nonlinear] Ep 1800, loss 0.0915
[Nonlinear] Ep 1900, loss 0.0908
[Nonlinear] Ep 0, loss 53.5058
[Nonlinear] Ep 100, loss 21.6651
[Nonlinear] Ep 200, loss 13.1801
[Nonlinear] Ep 300, loss 9.0505
[Nonlinear] Ep 400, loss 5.1239
[Nonlinear] Ep 500, loss 2.4757
[Nonlinear] Ep 600, loss 1.2502
[Nonlinear] Ep 700, loss 0.8769
[Nonlinear] Ep 800, loss 0.8017
[Nonlinear] Ep 900, loss 0.7902
[Nonlinear] Ep 1000, loss 0.7877
[Nonlinear] Ep 1100, loss 0.7864
[Nonlinear] Ep 1200, loss 0.7853
[Nonlinear] Ep 1300, loss 0.7844
[Nonlinear] Ep 1400, loss 0.7836
[Nonlinear] Ep 1500, loss 0.7829
[Nonlinear] Ep 1600, loss 0.7823
[Nonlinear] Ep 1700, loss 0.7817
[Nonlinear] Ep 1800, loss 0.7812
[Nonlinear] Ep 1900, loss 0.7807

=== Current trial for n = 2000, trial = 22 ===
[1 1 2]
[Nonlinear] Ep 0, loss 2.2732
[Nonlinear] Ep 100, loss 0.1549
[Nonlinear] Ep 200, loss 0.0101
[Nonlinear] Ep 300, loss 0.0101
[Nonlinear] Ep 400, loss 0.0101
[Nonlinear] Ep 500, loss 0.0101
[Nonlinear] Ep 600, loss 0.0101
[Nonlinear] Ep 700, loss 0.0101
[Nonlinear] Ep 800, loss 0.0101
[Nonlinear] Ep 900, loss 0.0101
[Nonlinear] Ep 1000, loss 0.0101
[Nonlinear] Ep 1100, loss 0.0101
[Nonlinear] Ep 1200, loss 0.0101
[Nonlinear] Ep 1300, loss 0.0101
[Nonlinear] Ep 1400, loss 0.0101
[Nonlinear] Ep 1500, loss 0.0101
[Nonlinear] Ep 1600, loss 0.0101
[Nonlinear] Ep 1700, loss 0.0101
[Nonlinear] Ep 1800, loss 0.0101
[Nonlinear] Ep 1900, loss 0.0101
[Nonlinear] Ep 0, loss 1.2833
[Nonlinear] Ep 100, loss 0.1033
[Nonlinear] Ep 200, loss 0.0119
[Nonlinear] Ep 300, loss 0.0115
[Nonlinear] Ep 400, loss 0.0114
[Nonlinear] Ep 500, loss 0.0114
[Nonlinear] Ep 600, loss 0.0114
[Nonlinear] Ep 700, loss 0.0113
[Nonlinear] Ep 800, loss 0.0113
[Nonlinear] Ep 900, loss 0.0113
[Nonlinear] Ep 1000, loss 0.0113
[Nonlinear] Ep 1100, loss 0.0112
[Nonlinear] Ep 1200, loss 0.0112
[Nonlinear] Ep 1300, loss 0.0112
[Nonlinear] Ep 1400, loss 0.0112
[Nonlinear] Ep 1500, loss 0.0112
[Nonlinear] Ep 1600, loss 0.0112
[Nonlinear] Ep 1700, loss 0.0111
[Nonlinear] Ep 1800, loss 0.0111
[Nonlinear] Ep 1900, loss 0.0111
[Nonlinear] Ep 0, loss 1.3990
[Nonlinear] Ep 100, loss 0.1209
[Nonlinear] Ep 200, loss 0.0102
[Nonlinear] Ep 300, loss 0.0101
[Nonlinear] Ep 400, loss 0.0101
[Nonlinear] Ep 500, loss 0.0101
[Nonlinear] Ep 600, loss 0.0101
[Nonlinear] Ep 700, loss 0.0101
[Nonlinear] Ep 800, loss 0.0101
[Nonlinear] Ep 900, loss 0.0101
[Nonlinear] Ep 1000, loss 0.0101
[Nonlinear] Ep 1100, loss 0.0101
[Nonlinear] Ep 1200, loss 0.0101
[Nonlinear] Ep 1300, loss 0.0101
[Nonlinear] Ep 1400, loss 0.0101
[Nonlinear] Ep 1500, loss 0.0101
[Nonlinear] Ep 1600, loss 0.0101
[Nonlinear] Ep 1700, loss 0.0101
[Nonlinear] Ep 1800, loss 0.0101
[Nonlinear] Ep 1900, loss 0.0101

=== Current trial for n = 2000, trial = 23 ===
[1 1 2]
[Nonlinear] Ep 0, loss 41.7884
[Nonlinear] Ep 100, loss 22.7060
[Nonlinear] Ep 200, loss 11.0164
[Nonlinear] Ep 300, loss 4.9653
[Nonlinear] Ep 400, loss 1.5568
[Nonlinear] Ep 500, loss 0.2958
[Nonlinear] Ep 600, loss 0.0693
[Nonlinear] Ep 700, loss 0.0488
[Nonlinear] Ep 800, loss 0.0477
[Nonlinear] Ep 900, loss 0.0477
[Nonlinear] Ep 1000, loss 0.0477
[Nonlinear] Ep 1100, loss 0.0477
[Nonlinear] Ep 1200, loss 0.0477
[Nonlinear] Ep 1300, loss 0.0477
[Nonlinear] Ep 1400, loss 0.0477
[Nonlinear] Ep 1500, loss 0.0477
[Nonlinear] Ep 1600, loss 0.0477
[Nonlinear] Ep 1700, loss 0.0477
[Nonlinear] Ep 1800, loss 0.0477
[Nonlinear] Ep 1900, loss 0.0477
[Nonlinear] Ep 0, loss 39.6518
[Nonlinear] Ep 100, loss 25.7773
[Nonlinear] Ep 200, loss 10.3370
[Nonlinear] Ep 300, loss 3.8204
[Nonlinear] Ep 400, loss 1.5010
[Nonlinear] Ep 500, loss 0.6248
[Nonlinear] Ep 600, loss 0.3306
[Nonlinear] Ep 700, loss 0.2259
[Nonlinear] Ep 800, loss 0.1821
[Nonlinear] Ep 900, loss 0.1596
[Nonlinear] Ep 1000, loss 0.1445
[Nonlinear] Ep 1100, loss 0.1348
[Nonlinear] Ep 1200, loss 0.1274
[Nonlinear] Ep 1300, loss 0.1213
[Nonlinear] Ep 1400, loss 0.1165
[Nonlinear] Ep 1500, loss 0.1133
[Nonlinear] Ep 1600, loss 0.1106
[Nonlinear] Ep 1700, loss 0.1082
[Nonlinear] Ep 1800, loss 0.1064
[Nonlinear] Ep 1900, loss 0.1049
[Nonlinear] Ep 0, loss 30.4048
[Nonlinear] Ep 100, loss 15.6130
[Nonlinear] Ep 200, loss 10.6195
[Nonlinear] Ep 300, loss 6.4231
[Nonlinear] Ep 400, loss 3.2241
[Nonlinear] Ep 500, loss 1.4627
[Nonlinear] Ep 600, loss 0.8451
[Nonlinear] Ep 700, loss 0.7025
[Nonlinear] Ep 800, loss 0.6724
[Nonlinear] Ep 900, loss 0.6602
[Nonlinear] Ep 1000, loss 0.6516
[Nonlinear] Ep 1100, loss 0.6453
[Nonlinear] Ep 1200, loss 0.6409
[Nonlinear] Ep 1300, loss 0.6378
[Nonlinear] Ep 1400, loss 0.6357
[Nonlinear] Ep 1500, loss 0.6342
[Nonlinear] Ep 1600, loss 0.6333
[Nonlinear] Ep 1700, loss 0.6326
[Nonlinear] Ep 1800, loss 0.6321
[Nonlinear] Ep 1900, loss 0.6317

=== Current trial for n = 2000, trial = 24 ===
[1 1 2]
[Nonlinear] Ep 0, loss 39.9157
[Nonlinear] Ep 100, loss 19.5656
[Nonlinear] Ep 200, loss 8.7158
[Nonlinear] Ep 300, loss 3.8677
[Nonlinear] Ep 400, loss 1.2655
[Nonlinear] Ep 500, loss 0.3081
[Nonlinear] Ep 600, loss 0.0848
[Nonlinear] Ep 700, loss 0.0511
[Nonlinear] Ep 800, loss 0.0478
[Nonlinear] Ep 900, loss 0.0475
[Nonlinear] Ep 1000, loss 0.0475
[Nonlinear] Ep 1100, loss 0.0475
[Nonlinear] Ep 1200, loss 0.0475
[Nonlinear] Ep 1300, loss 0.0474
[Nonlinear] Ep 1400, loss 0.0474
[Nonlinear] Ep 1500, loss 0.0474
[Nonlinear] Ep 1600, loss 0.0474
[Nonlinear] Ep 1700, loss 0.0473
[Nonlinear] Ep 1800, loss 0.0473
[Nonlinear] Ep 1900, loss 0.0473
[Nonlinear] Ep 0, loss 47.5097
[Nonlinear] Ep 100, loss 33.4837
[Nonlinear] Ep 200, loss 17.4177
[Nonlinear] Ep 300, loss 7.1169
[Nonlinear] Ep 400, loss 3.0664
[Nonlinear] Ep 500, loss 1.0965
[Nonlinear] Ep 600, loss 0.3288
[Nonlinear] Ep 700, loss 0.1410
[Nonlinear] Ep 800, loss 0.1106
[Nonlinear] Ep 900, loss 0.1059
[Nonlinear] Ep 1000, loss 0.1038
[Nonlinear] Ep 1100, loss 0.1021
[Nonlinear] Ep 1200, loss 0.1007
[Nonlinear] Ep 1300, loss 0.0995
[Nonlinear] Ep 1400, loss 0.0983
[Nonlinear] Ep 1500, loss 0.0972
[Nonlinear] Ep 1600, loss 0.0962
[Nonlinear] Ep 1700, loss 0.0954
[Nonlinear] Ep 1800, loss 0.0947
[Nonlinear] Ep 1900, loss 0.0940
[Nonlinear] Ep 0, loss 43.4363
[Nonlinear] Ep 100, loss 19.1266
[Nonlinear] Ep 200, loss 12.7311
[Nonlinear] Ep 300, loss 8.5935
[Nonlinear] Ep 400, loss 5.0429
[Nonlinear] Ep 500, loss 2.4791
[Nonlinear] Ep 600, loss 1.1950
[Nonlinear] Ep 700, loss 0.7927
[Nonlinear] Ep 800, loss 0.7121
[Nonlinear] Ep 900, loss 0.7009
[Nonlinear] Ep 1000, loss 0.6994
[Nonlinear] Ep 1100, loss 0.6989
[Nonlinear] Ep 1200, loss 0.6985
[Nonlinear] Ep 1300, loss 0.6980
[Nonlinear] Ep 1400, loss 0.6976
[Nonlinear] Ep 1500, loss 0.6971
[Nonlinear] Ep 1600, loss 0.6967
[Nonlinear] Ep 1700, loss 0.6962
[Nonlinear] Ep 1800, loss 0.6956
[Nonlinear] Ep 1900, loss 0.6950

=== Current trial for n = 2000, trial = 25 ===
[1 1 2]
[Nonlinear] Ep 0, loss 42.1601
[Nonlinear] Ep 100, loss 20.2911
[Nonlinear] Ep 200, loss 10.0525
[Nonlinear] Ep 300, loss 5.2490
[Nonlinear] Ep 400, loss 2.2267
[Nonlinear] Ep 500, loss 0.7799
[Nonlinear] Ep 600, loss 0.2895
[Nonlinear] Ep 700, loss 0.1375
[Nonlinear] Ep 800, loss 0.0886
[Nonlinear] Ep 900, loss 0.0759
[Nonlinear] Ep 1000, loss 0.0732
[Nonlinear] Ep 1100, loss 0.0727
[Nonlinear] Ep 1200, loss 0.0726
[Nonlinear] Ep 1300, loss 0.0726
[Nonlinear] Ep 1400, loss 0.0726
[Nonlinear] Ep 1500, loss 0.0726
[Nonlinear] Ep 1600, loss 0.0726
[Nonlinear] Ep 1700, loss 0.0725
[Nonlinear] Ep 1800, loss 0.0725
[Nonlinear] Ep 1900, loss 0.0725
[Nonlinear] Ep 0, loss 40.6270
[Nonlinear] Ep 100, loss 27.2642
[Nonlinear] Ep 200, loss 12.1874
[Nonlinear] Ep 300, loss 4.8253
[Nonlinear] Ep 400, loss 1.9436
[Nonlinear] Ep 500, loss 0.5916
[Nonlinear] Ep 600, loss 0.2253
[Nonlinear] Ep 700, loss 0.1601
[Nonlinear] Ep 800, loss 0.1476
[Nonlinear] Ep 900, loss 0.1430
[Nonlinear] Ep 1000, loss 0.1409
[Nonlinear] Ep 1100, loss 0.1395
[Nonlinear] Ep 1200, loss 0.1386
[Nonlinear] Ep 1300, loss 0.1379
[Nonlinear] Ep 1400, loss 0.1373
[Nonlinear] Ep 1500, loss 0.1367
[Nonlinear] Ep 1600, loss 0.1362
[Nonlinear] Ep 1700, loss 0.1357
[Nonlinear] Ep 1800, loss 0.1352
[Nonlinear] Ep 1900, loss 0.1347
[Nonlinear] Ep 0, loss 37.7622
[Nonlinear] Ep 100, loss 17.2645
[Nonlinear] Ep 200, loss 11.1034
[Nonlinear] Ep 300, loss 6.2949
[Nonlinear] Ep 400, loss 2.7886
[Nonlinear] Ep 500, loss 1.1752
[Nonlinear] Ep 600, loss 0.7407
[Nonlinear] Ep 700, loss 0.6734
[Nonlinear] Ep 800, loss 0.6670
[Nonlinear] Ep 900, loss 0.6664
[Nonlinear] Ep 1000, loss 0.6662
[Nonlinear] Ep 1100, loss 0.6660
[Nonlinear] Ep 1200, loss 0.6658
[Nonlinear] Ep 1300, loss 0.6657
[Nonlinear] Ep 1400, loss 0.6655
[Nonlinear] Ep 1500, loss 0.6653
[Nonlinear] Ep 1600, loss 0.6652
[Nonlinear] Ep 1700, loss 0.6651
[Nonlinear] Ep 1800, loss 0.6650
[Nonlinear] Ep 1900, loss 0.6649

=== Current trial for n = 2000, trial = 26 ===
[1 1 2]
[Nonlinear] Ep 0, loss 1.8704
[Nonlinear] Ep 100, loss 0.0829
[Nonlinear] Ep 200, loss 0.0107
[Nonlinear] Ep 300, loss 0.0107
[Nonlinear] Ep 400, loss 0.0107
[Nonlinear] Ep 500, loss 0.0107
[Nonlinear] Ep 600, loss 0.0107
[Nonlinear] Ep 700, loss 0.0107
[Nonlinear] Ep 800, loss 0.0107
[Nonlinear] Ep 900, loss 0.0107
[Nonlinear] Ep 1000, loss 0.0107
[Nonlinear] Ep 1100, loss 0.0107
[Nonlinear] Ep 1200, loss 0.0107
[Nonlinear] Ep 1300, loss 0.0107
[Nonlinear] Ep 1400, loss 0.0107
[Nonlinear] Ep 1500, loss 0.0107
[Nonlinear] Ep 1600, loss 0.0107
[Nonlinear] Ep 1700, loss 0.0107
[Nonlinear] Ep 1800, loss 0.0107
[Nonlinear] Ep 1900, loss 0.0107
[Nonlinear] Ep 0, loss 2.0952
[Nonlinear] Ep 100, loss 0.5342
[Nonlinear] Ep 200, loss 0.0492
[Nonlinear] Ep 300, loss 0.0114
[Nonlinear] Ep 400, loss 0.0113
[Nonlinear] Ep 500, loss 0.0112
[Nonlinear] Ep 600, loss 0.0112
[Nonlinear] Ep 700, loss 0.0112
[Nonlinear] Ep 800, loss 0.0112
[Nonlinear] Ep 900, loss 0.0112
[Nonlinear] Ep 1000, loss 0.0112
[Nonlinear] Ep 1100, loss 0.0112
[Nonlinear] Ep 1200, loss 0.0112
[Nonlinear] Ep 1300, loss 0.0111
[Nonlinear] Ep 1400, loss 0.0111
[Nonlinear] Ep 1500, loss 0.0111
[Nonlinear] Ep 1600, loss 0.0111
[Nonlinear] Ep 1700, loss 0.0111
[Nonlinear] Ep 1800, loss 0.0111
[Nonlinear] Ep 1900, loss 0.0111
[Nonlinear] Ep 0, loss 0.9530
[Nonlinear] Ep 100, loss 0.0110
[Nonlinear] Ep 200, loss 0.0107
[Nonlinear] Ep 300, loss 0.0107
[Nonlinear] Ep 400, loss 0.0107
[Nonlinear] Ep 500, loss 0.0107
[Nonlinear] Ep 600, loss 0.0107
[Nonlinear] Ep 700, loss 0.0107
[Nonlinear] Ep 800, loss 0.0107
[Nonlinear] Ep 900, loss 0.0107
[Nonlinear] Ep 1000, loss 0.0107
[Nonlinear] Ep 1100, loss 0.0107
[Nonlinear] Ep 1200, loss 0.0107
[Nonlinear] Ep 1300, loss 0.0107
[Nonlinear] Ep 1400, loss 0.0107
[Nonlinear] Ep 1500, loss 0.0107
[Nonlinear] Ep 1600, loss 0.0107
[Nonlinear] Ep 1700, loss 0.0107
[Nonlinear] Ep 1800, loss 0.0107
[Nonlinear] Ep 1900, loss 0.0107

=== Current trial for n = 2000, trial = 27 ===
[1 1 2]
[Nonlinear] Ep 0, loss 44.2033
[Nonlinear] Ep 100, loss 22.1935
[Nonlinear] Ep 200, loss 11.6906
[Nonlinear] Ep 300, loss 6.8873
[Nonlinear] Ep 400, loss 3.0804
[Nonlinear] Ep 500, loss 0.9738
[Nonlinear] Ep 600, loss 0.2405
[Nonlinear] Ep 700, loss 0.0819
[Nonlinear] Ep 800, loss 0.0596
[Nonlinear] Ep 900, loss 0.0574
[Nonlinear] Ep 1000, loss 0.0573
[Nonlinear] Ep 1100, loss 0.0572
[Nonlinear] Ep 1200, loss 0.0572
[Nonlinear] Ep 1300, loss 0.0571
[Nonlinear] Ep 1400, loss 0.0571
[Nonlinear] Ep 1500, loss 0.0570
[Nonlinear] Ep 1600, loss 0.0570
[Nonlinear] Ep 1700, loss 0.0569
[Nonlinear] Ep 1800, loss 0.0569
[Nonlinear] Ep 1900, loss 0.0568
[Nonlinear] Ep 0, loss 41.1587
[Nonlinear] Ep 100, loss 27.9864
[Nonlinear] Ep 200, loss 14.8698
[Nonlinear] Ep 300, loss 5.8104
[Nonlinear] Ep 400, loss 1.5723
[Nonlinear] Ep 500, loss 0.3182
[Nonlinear] Ep 600, loss 0.1080
[Nonlinear] Ep 700, loss 0.0899
[Nonlinear] Ep 800, loss 0.0888
[Nonlinear] Ep 900, loss 0.0885
[Nonlinear] Ep 1000, loss 0.0883
[Nonlinear] Ep 1100, loss 0.0881
[Nonlinear] Ep 1200, loss 0.0879
[Nonlinear] Ep 1300, loss 0.0876
[Nonlinear] Ep 1400, loss 0.0874
[Nonlinear] Ep 1500, loss 0.0872
[Nonlinear] Ep 1600, loss 0.0870
[Nonlinear] Ep 1700, loss 0.0868
[Nonlinear] Ep 1800, loss 0.0866
[Nonlinear] Ep 1900, loss 0.0863
[Nonlinear] Ep 0, loss 36.2727
[Nonlinear] Ep 100, loss 16.6547
[Nonlinear] Ep 200, loss 10.7653
[Nonlinear] Ep 300, loss 6.5830
[Nonlinear] Ep 400, loss 3.2187
[Nonlinear] Ep 500, loss 1.3834
[Nonlinear] Ep 600, loss 0.8198
[Nonlinear] Ep 700, loss 0.7222
[Nonlinear] Ep 800, loss 0.7119
[Nonlinear] Ep 900, loss 0.7111
[Nonlinear] Ep 1000, loss 0.7109
[Nonlinear] Ep 1100, loss 0.7106
[Nonlinear] Ep 1200, loss 0.7104
[Nonlinear] Ep 1300, loss 0.7102
[Nonlinear] Ep 1400, loss 0.7099
[Nonlinear] Ep 1500, loss 0.7097
[Nonlinear] Ep 1600, loss 0.7094
[Nonlinear] Ep 1700, loss 0.7092
[Nonlinear] Ep 1800, loss 0.7089
[Nonlinear] Ep 1900, loss 0.7086

=== Current trial for n = 2000, trial = 28 ===
[1 1 2]
[Nonlinear] Ep 0, loss 36.5293
[Nonlinear] Ep 100, loss 17.5202
[Nonlinear] Ep 200, loss 8.5867
[Nonlinear] Ep 300, loss 3.8780
[Nonlinear] Ep 400, loss 1.2351
[Nonlinear] Ep 500, loss 0.2831
[Nonlinear] Ep 600, loss 0.0739
[Nonlinear] Ep 700, loss 0.0455
[Nonlinear] Ep 800, loss 0.0431
[Nonlinear] Ep 900, loss 0.0429
[Nonlinear] Ep 1000, loss 0.0429
[Nonlinear] Ep 1100, loss 0.0428
[Nonlinear] Ep 1200, loss 0.0428
[Nonlinear] Ep 1300, loss 0.0428
[Nonlinear] Ep 1400, loss 0.0427
[Nonlinear] Ep 1500, loss 0.0427
[Nonlinear] Ep 1600, loss 0.0427
[Nonlinear] Ep 1700, loss 0.0427
[Nonlinear] Ep 1800, loss 0.0426
[Nonlinear] Ep 1900, loss 0.0426
[Nonlinear] Ep 0, loss 44.3436
[Nonlinear] Ep 100, loss 29.8119
[Nonlinear] Ep 200, loss 14.5402
[Nonlinear] Ep 300, loss 6.6779
[Nonlinear] Ep 400, loss 3.1435
[Nonlinear] Ep 500, loss 1.1153
[Nonlinear] Ep 600, loss 0.3411
[Nonlinear] Ep 700, loss 0.1412
[Nonlinear] Ep 800, loss 0.1037
[Nonlinear] Ep 900, loss 0.0959
[Nonlinear] Ep 1000, loss 0.0930
[Nonlinear] Ep 1100, loss 0.0911
[Nonlinear] Ep 1200, loss 0.0898
[Nonlinear] Ep 1300, loss 0.0888
[Nonlinear] Ep 1400, loss 0.0880
[Nonlinear] Ep 1500, loss 0.0873
[Nonlinear] Ep 1600, loss 0.0868
[Nonlinear] Ep 1700, loss 0.0862
[Nonlinear] Ep 1800, loss 0.0858
[Nonlinear] Ep 1900, loss 0.0855
[Nonlinear] Ep 0, loss 40.5728
[Nonlinear] Ep 100, loss 18.3236
[Nonlinear] Ep 200, loss 12.0080
[Nonlinear] Ep 300, loss 7.4820
[Nonlinear] Ep 400, loss 3.7002
[Nonlinear] Ep 500, loss 1.5780
[Nonlinear] Ep 600, loss 0.8456
[Nonlinear] Ep 700, loss 0.7006
[Nonlinear] Ep 800, loss 0.6832
[Nonlinear] Ep 900, loss 0.6816
[Nonlinear] Ep 1000, loss 0.6813
[Nonlinear] Ep 1100, loss 0.6810
[Nonlinear] Ep 1200, loss 0.6807
[Nonlinear] Ep 1300, loss 0.6805
[Nonlinear] Ep 1400, loss 0.6802
[Nonlinear] Ep 1500, loss 0.6800
[Nonlinear] Ep 1600, loss 0.6797
[Nonlinear] Ep 1700, loss 0.6795
[Nonlinear] Ep 1800, loss 0.6792
[Nonlinear] Ep 1900, loss 0.6790

=== Current trial for n = 2000, trial = 29 ===
[1 1 2]
[Nonlinear] Ep 0, loss 2.7852
[Nonlinear] Ep 100, loss 0.1339
[Nonlinear] Ep 200, loss 0.0097
[Nonlinear] Ep 300, loss 0.0097
[Nonlinear] Ep 400, loss 0.0097
[Nonlinear] Ep 500, loss 0.0097
[Nonlinear] Ep 600, loss 0.0097
[Nonlinear] Ep 700, loss 0.0097
[Nonlinear] Ep 800, loss 0.0097
[Nonlinear] Ep 900, loss 0.0097
[Nonlinear] Ep 1000, loss 0.0097
[Nonlinear] Ep 1100, loss 0.0097
[Nonlinear] Ep 1200, loss 0.0097
[Nonlinear] Ep 1300, loss 0.0097
[Nonlinear] Ep 1400, loss 0.0097
[Nonlinear] Ep 1500, loss 0.0097
[Nonlinear] Ep 1600, loss 0.0097
[Nonlinear] Ep 1700, loss 0.0097
[Nonlinear] Ep 1800, loss 0.0097
[Nonlinear] Ep 1900, loss 0.0097
[Nonlinear] Ep 0, loss 2.7275
[Nonlinear] Ep 100, loss 0.5803
[Nonlinear] Ep 200, loss 0.0311
[Nonlinear] Ep 300, loss 0.0143
[Nonlinear] Ep 400, loss 0.0141
[Nonlinear] Ep 500, loss 0.0139
[Nonlinear] Ep 600, loss 0.0138
[Nonlinear] Ep 700, loss 0.0138
[Nonlinear] Ep 800, loss 0.0137
[Nonlinear] Ep 900, loss 0.0136
[Nonlinear] Ep 1000, loss 0.0136
[Nonlinear] Ep 1100, loss 0.0135
[Nonlinear] Ep 1200, loss 0.0135
[Nonlinear] Ep 1300, loss 0.0134
[Nonlinear] Ep 1400, loss 0.0134
[Nonlinear] Ep 1500, loss 0.0133
[Nonlinear] Ep 1600, loss 0.0133
[Nonlinear] Ep 1700, loss 0.0132
[Nonlinear] Ep 1800, loss 0.0132
[Nonlinear] Ep 1900, loss 0.0131
[Nonlinear] Ep 0, loss 1.8945
[Nonlinear] Ep 100, loss 0.0341
[Nonlinear] Ep 200, loss 0.0098
[Nonlinear] Ep 300, loss 0.0098
[Nonlinear] Ep 400, loss 0.0097
[Nonlinear] Ep 500, loss 0.0097
[Nonlinear] Ep 600, loss 0.0097
[Nonlinear] Ep 700, loss 0.0097
[Nonlinear] Ep 800, loss 0.0097
[Nonlinear] Ep 900, loss 0.0097
[Nonlinear] Ep 1000, loss 0.0097
[Nonlinear] Ep 1100, loss 0.0097
[Nonlinear] Ep 1200, loss 0.0097
[Nonlinear] Ep 1300, loss 0.0097
[Nonlinear] Ep 1400, loss 0.0097
[Nonlinear] Ep 1500, loss 0.0097
[Nonlinear] Ep 1600, loss 0.0097
[Nonlinear] Ep 1700, loss 0.0097
[Nonlinear] Ep 1800, loss 0.0097
[Nonlinear] Ep 1900, loss 0.0097

=== Current trial for n = 2000, trial = 30 ===
[1 1 2]
[Nonlinear] Ep 0, loss 44.9459
[Nonlinear] Ep 100, loss 21.4913
[Nonlinear] Ep 200, loss 10.5960
[Nonlinear] Ep 300, loss 4.8536
[Nonlinear] Ep 400, loss 1.5970
[Nonlinear] Ep 500, loss 0.3418
[Nonlinear] Ep 600, loss 0.0881
[Nonlinear] Ep 700, loss 0.0561
[Nonlinear] Ep 800, loss 0.0538
[Nonlinear] Ep 900, loss 0.0537
[Nonlinear] Ep 1000, loss 0.0536
[Nonlinear] Ep 1100, loss 0.0536
[Nonlinear] Ep 1200, loss 0.0536
[Nonlinear] Ep 1300, loss 0.0536
[Nonlinear] Ep 1400, loss 0.0536
[Nonlinear] Ep 1500, loss 0.0536
[Nonlinear] Ep 1600, loss 0.0535
[Nonlinear] Ep 1700, loss 0.0535
[Nonlinear] Ep 1800, loss 0.0535
[Nonlinear] Ep 1900, loss 0.0535
[Nonlinear] Ep 0, loss 44.5841
[Nonlinear] Ep 100, loss 30.3703
[Nonlinear] Ep 200, loss 14.7451
[Nonlinear] Ep 300, loss 6.0638
[Nonlinear] Ep 400, loss 2.3208
[Nonlinear] Ep 500, loss 0.8176
[Nonlinear] Ep 600, loss 0.2891
[Nonlinear] Ep 700, loss 0.1331
[Nonlinear] Ep 800, loss 0.0978
[Nonlinear] Ep 900, loss 0.0898
[Nonlinear] Ep 1000, loss 0.0868
[Nonlinear] Ep 1100, loss 0.0850
[Nonlinear] Ep 1200, loss 0.0839
[Nonlinear] Ep 1300, loss 0.0831
[Nonlinear] Ep 1400, loss 0.0825
[Nonlinear] Ep 1500, loss 0.0821
[Nonlinear] Ep 1600, loss 0.0818
[Nonlinear] Ep 1700, loss 0.0815
[Nonlinear] Ep 1800, loss 0.0813
[Nonlinear] Ep 1900, loss 0.0811
[Nonlinear] Ep 0, loss 41.3354
[Nonlinear] Ep 100, loss 17.0126
[Nonlinear] Ep 200, loss 11.4271
[Nonlinear] Ep 300, loss 7.2444
[Nonlinear] Ep 400, loss 3.7106
[Nonlinear] Ep 500, loss 1.6916
[Nonlinear] Ep 600, loss 0.9682
[Nonlinear] Ep 700, loss 0.8106
[Nonlinear] Ep 800, loss 0.7883
[Nonlinear] Ep 900, loss 0.7854
[Nonlinear] Ep 1000, loss 0.7845
[Nonlinear] Ep 1100, loss 0.7839
[Nonlinear] Ep 1200, loss 0.7834
[Nonlinear] Ep 1300, loss 0.7829
[Nonlinear] Ep 1400, loss 0.7825
[Nonlinear] Ep 1500, loss 0.7821
[Nonlinear] Ep 1600, loss 0.7817
[Nonlinear] Ep 1700, loss 0.7813
[Nonlinear] Ep 1800, loss 0.7809
[Nonlinear] Ep 1900, loss 0.7806
>>> Finished experiment for n = 2000
>>> Result: {'n': 2000, 'clustered': [np.float64(0.015440407427216116), np.float64(0.017982031008156266), np.float64(0.00154529759842709)], 'same_cluster': [np.float64(0.05539489793380206), np.float64(0.0713404698183779), np.float64(0.027358644102549148)], 'distinct_clusters': [np.float64(0.04021728645458649), np.float64(0.045942202654633224), np.float64(0.0015684552947015803)], 'pred_clustered': np.float64(0.04841842814469081), 'pred_same_cluster': np.float64(0.07421721278654503), 'pred_distinct_clusters': np.float64(0.5420494974517237)}
>>> Saving CSV
>>> Plots saved
!!! Error during saving/plotting for n = 2000: [Errno 2] No such file or directory: 'Plots/pred_nl_comp_singid/clustered_n_2000.png'
