=== Starting job ID 4 on node midway3-0060.rcc.local ===
Running AMP experiment for n = 4000
>>> Script started
>>> Running AMP comparison experiment with n = 4000

=== Current trial for n = 4000, trial = 1 ===
[1 1 2]
[Nonlinear] Ep 0, loss 46.6900
[Nonlinear] Ep 100, loss 24.2617
[Nonlinear] Ep 200, loss 12.9780
[Nonlinear] Ep 300, loss 6.3295
[Nonlinear] Ep 400, loss 2.3671
[Nonlinear] Ep 500, loss 0.7445
[Nonlinear] Ep 600, loss 0.2208
[Nonlinear] Ep 700, loss 0.0974
[Nonlinear] Ep 800, loss 0.0783
[Nonlinear] Ep 900, loss 0.0763
[Nonlinear] Ep 1000, loss 0.0761
[Nonlinear] Ep 1100, loss 0.0761
[Nonlinear] Ep 1200, loss 0.0760
[Nonlinear] Ep 1300, loss 0.0760
[Nonlinear] Ep 1400, loss 0.0760
[Nonlinear] Ep 1500, loss 0.0760
[Nonlinear] Ep 1600, loss 0.0760
[Nonlinear] Ep 1700, loss 0.0760
[Nonlinear] Ep 1800, loss 0.0759
[Nonlinear] Ep 1900, loss 0.0759
[Nonlinear] Ep 0, loss 39.8645
[Nonlinear] Ep 100, loss 26.6131
[Nonlinear] Ep 200, loss 13.1655
[Nonlinear] Ep 300, loss 5.7641
[Nonlinear] Ep 400, loss 2.1435
[Nonlinear] Ep 500, loss 0.6244
[Nonlinear] Ep 600, loss 0.2037
[Nonlinear] Ep 700, loss 0.1218
[Nonlinear] Ep 800, loss 0.1090
[Nonlinear] Ep 900, loss 0.1064
[Nonlinear] Ep 1000, loss 0.1048
[Nonlinear] Ep 1100, loss 0.1034
[Nonlinear] Ep 1200, loss 0.1023
[Nonlinear] Ep 1300, loss 0.1013
[Nonlinear] Ep 1400, loss 0.1004
[Nonlinear] Ep 1500, loss 0.0996
[Nonlinear] Ep 1600, loss 0.0988
[Nonlinear] Ep 1700, loss 0.0983
[Nonlinear] Ep 1800, loss 0.0978
[Nonlinear] Ep 1900, loss 0.0973
[Nonlinear] Ep 0, loss 40.3742
[Nonlinear] Ep 100, loss 16.4970
[Nonlinear] Ep 200, loss 11.5093
[Nonlinear] Ep 300, loss 7.5846
[Nonlinear] Ep 400, loss 4.0224
[Nonlinear] Ep 500, loss 1.8218
[Nonlinear] Ep 600, loss 0.9957
[Nonlinear] Ep 700, loss 0.8173
[Nonlinear] Ep 800, loss 0.7935
[Nonlinear] Ep 900, loss 0.7905
[Nonlinear] Ep 1000, loss 0.7896
[Nonlinear] Ep 1100, loss 0.7890
[Nonlinear] Ep 1200, loss 0.7886
[Nonlinear] Ep 1300, loss 0.7882
[Nonlinear] Ep 1400, loss 0.7879
[Nonlinear] Ep 1500, loss 0.7876
[Nonlinear] Ep 1600, loss 0.7874
[Nonlinear] Ep 1700, loss 0.7871
[Nonlinear] Ep 1800, loss 0.7868
[Nonlinear] Ep 1900, loss 0.7865

=== Current trial for n = 4000, trial = 2 ===
[1 1 2]
[Nonlinear] Ep 0, loss 2.2545
[Nonlinear] Ep 100, loss 0.0990
[Nonlinear] Ep 200, loss 0.0111
[Nonlinear] Ep 300, loss 0.0109
[Nonlinear] Ep 400, loss 0.0109
[Nonlinear] Ep 500, loss 0.0109
[Nonlinear] Ep 600, loss 0.0109
[Nonlinear] Ep 700, loss 0.0109
[Nonlinear] Ep 800, loss 0.0109
[Nonlinear] Ep 900, loss 0.0109
[Nonlinear] Ep 1000, loss 0.0109
[Nonlinear] Ep 1100, loss 0.0109
[Nonlinear] Ep 1200, loss 0.0109
[Nonlinear] Ep 1300, loss 0.0109
[Nonlinear] Ep 1400, loss 0.0109
[Nonlinear] Ep 1500, loss 0.0109
[Nonlinear] Ep 1600, loss 0.0109
[Nonlinear] Ep 1700, loss 0.0109
[Nonlinear] Ep 1800, loss 0.0109
[Nonlinear] Ep 1900, loss 0.0109
[Nonlinear] Ep 0, loss 1.9341
[Nonlinear] Ep 100, loss 0.5506
[Nonlinear] Ep 200, loss 0.0302
[Nonlinear] Ep 300, loss 0.0147
[Nonlinear] Ep 400, loss 0.0145
[Nonlinear] Ep 500, loss 0.0144
[Nonlinear] Ep 600, loss 0.0143
[Nonlinear] Ep 700, loss 0.0142
[Nonlinear] Ep 800, loss 0.0140
[Nonlinear] Ep 900, loss 0.0139
[Nonlinear] Ep 1000, loss 0.0138
[Nonlinear] Ep 1100, loss 0.0136
[Nonlinear] Ep 1200, loss 0.0135
[Nonlinear] Ep 1300, loss 0.0134
[Nonlinear] Ep 1400, loss 0.0133
[Nonlinear] Ep 1500, loss 0.0131
[Nonlinear] Ep 1600, loss 0.0130
[Nonlinear] Ep 1700, loss 0.0129
[Nonlinear] Ep 1800, loss 0.0128
[Nonlinear] Ep 1900, loss 0.0127
[Nonlinear] Ep 0, loss 2.7796
[Nonlinear] Ep 100, loss 0.0828
[Nonlinear] Ep 200, loss 0.0114
[Nonlinear] Ep 300, loss 0.0112
[Nonlinear] Ep 400, loss 0.0111
[Nonlinear] Ep 500, loss 0.0111
[Nonlinear] Ep 600, loss 0.0110
[Nonlinear] Ep 700, loss 0.0110
[Nonlinear] Ep 800, loss 0.0110
[Nonlinear] Ep 900, loss 0.0109
[Nonlinear] Ep 1000, loss 0.0109
[Nonlinear] Ep 1100, loss 0.0109
[Nonlinear] Ep 1200, loss 0.0109
[Nonlinear] Ep 1300, loss 0.0109
[Nonlinear] Ep 1400, loss 0.0109
[Nonlinear] Ep 1500, loss 0.0109
[Nonlinear] Ep 1600, loss 0.0109
[Nonlinear] Ep 1700, loss 0.0109
[Nonlinear] Ep 1800, loss 0.0109
[Nonlinear] Ep 1900, loss 0.0109

=== Current trial for n = 4000, trial = 3 ===
[1 1 2]
[Nonlinear] Ep 0, loss 39.5276
[Nonlinear] Ep 100, loss 19.9138
[Nonlinear] Ep 200, loss 10.5219
[Nonlinear] Ep 300, loss 5.2041
[Nonlinear] Ep 400, loss 1.9139
[Nonlinear] Ep 500, loss 0.4802
[Nonlinear] Ep 600, loss 0.1192
[Nonlinear] Ep 700, loss 0.0685
[Nonlinear] Ep 800, loss 0.0642
[Nonlinear] Ep 900, loss 0.0639
[Nonlinear] Ep 1000, loss 0.0639
[Nonlinear] Ep 1100, loss 0.0639
[Nonlinear] Ep 1200, loss 0.0639
[Nonlinear] Ep 1300, loss 0.0638
[Nonlinear] Ep 1400, loss 0.0638
[Nonlinear] Ep 1500, loss 0.0638
[Nonlinear] Ep 1600, loss 0.0638
[Nonlinear] Ep 1700, loss 0.0638
[Nonlinear] Ep 1800, loss 0.0637
[Nonlinear] Ep 1900, loss 0.0637
[Nonlinear] Ep 0, loss 42.9173
[Nonlinear] Ep 100, loss 28.8180
[Nonlinear] Ep 200, loss 13.5670
[Nonlinear] Ep 300, loss 5.7013
[Nonlinear] Ep 400, loss 2.6976
[Nonlinear] Ep 500, loss 1.2823
[Nonlinear] Ep 600, loss 0.6415
[Nonlinear] Ep 700, loss 0.3554
[Nonlinear] Ep 800, loss 0.2208
[Nonlinear] Ep 900, loss 0.1577
[Nonlinear] Ep 1000, loss 0.1278
[Nonlinear] Ep 1100, loss 0.1127
[Nonlinear] Ep 1200, loss 0.1042
[Nonlinear] Ep 1300, loss 0.0986
[Nonlinear] Ep 1400, loss 0.0953
[Nonlinear] Ep 1500, loss 0.0932
[Nonlinear] Ep 1600, loss 0.0920
[Nonlinear] Ep 1700, loss 0.0911
[Nonlinear] Ep 1800, loss 0.0905
[Nonlinear] Ep 1900, loss 0.0900
[Nonlinear] Ep 0, loss 53.2299
[Nonlinear] Ep 100, loss 24.1701
[Nonlinear] Ep 200, loss 14.6318
[Nonlinear] Ep 300, loss 9.6604
[Nonlinear] Ep 400, loss 5.3302
[Nonlinear] Ep 500, loss 2.5738
[Nonlinear] Ep 600, loss 1.3313
[Nonlinear] Ep 700, loss 0.9582
[Nonlinear] Ep 800, loss 0.8758
[Nonlinear] Ep 900, loss 0.8551
[Nonlinear] Ep 1000, loss 0.8444
[Nonlinear] Ep 1100, loss 0.8361
[Nonlinear] Ep 1200, loss 0.8294
[Nonlinear] Ep 1300, loss 0.8241
[Nonlinear] Ep 1400, loss 0.8198
[Nonlinear] Ep 1500, loss 0.8165
[Nonlinear] Ep 1600, loss 0.8140
[Nonlinear] Ep 1700, loss 0.8120
[Nonlinear] Ep 1800, loss 0.8104
[Nonlinear] Ep 1900, loss 0.8092

=== Current trial for n = 4000, trial = 4 ===
[1 1 2]
[Nonlinear] Ep 0, loss 46.4159
[Nonlinear] Ep 100, loss 23.9154
[Nonlinear] Ep 200, loss 11.0492
[Nonlinear] Ep 300, loss 4.8294
[Nonlinear] Ep 400, loss 1.4394
[Nonlinear] Ep 500, loss 0.2796
[Nonlinear] Ep 600, loss 0.0780
[Nonlinear] Ep 700, loss 0.0602
[Nonlinear] Ep 800, loss 0.0592
[Nonlinear] Ep 900, loss 0.0592
[Nonlinear] Ep 1000, loss 0.0592
[Nonlinear] Ep 1100, loss 0.0591
[Nonlinear] Ep 1200, loss 0.0591
[Nonlinear] Ep 1300, loss 0.0591
[Nonlinear] Ep 1400, loss 0.0591
[Nonlinear] Ep 1500, loss 0.0590
[Nonlinear] Ep 1600, loss 0.0590
[Nonlinear] Ep 1700, loss 0.0590
[Nonlinear] Ep 1800, loss 0.0589
[Nonlinear] Ep 1900, loss 0.0589
[Nonlinear] Ep 0, loss 40.6815
[Nonlinear] Ep 100, loss 26.8214
[Nonlinear] Ep 200, loss 12.6263
[Nonlinear] Ep 300, loss 5.4185
[Nonlinear] Ep 400, loss 2.6170
[Nonlinear] Ep 500, loss 1.1212
[Nonlinear] Ep 600, loss 0.4245
[Nonlinear] Ep 700, loss 0.2030
[Nonlinear] Ep 800, loss 0.1258
[Nonlinear] Ep 900, loss 0.0980
[Nonlinear] Ep 1000, loss 0.0876
[Nonlinear] Ep 1100, loss 0.0825
[Nonlinear] Ep 1200, loss 0.0789
[Nonlinear] Ep 1300, loss 0.0769
[Nonlinear] Ep 1400, loss 0.0759
[Nonlinear] Ep 1500, loss 0.0753
[Nonlinear] Ep 1600, loss 0.0748
[Nonlinear] Ep 1700, loss 0.0745
[Nonlinear] Ep 1800, loss 0.0742
[Nonlinear] Ep 1900, loss 0.0739
[Nonlinear] Ep 0, loss 35.5076
[Nonlinear] Ep 100, loss 17.4388
[Nonlinear] Ep 200, loss 12.2831
[Nonlinear] Ep 300, loss 7.3673
[Nonlinear] Ep 400, loss 3.4670
[Nonlinear] Ep 500, loss 1.5020
[Nonlinear] Ep 600, loss 0.9239
[Nonlinear] Ep 700, loss 0.8151
[Nonlinear] Ep 800, loss 0.7946
[Nonlinear] Ep 900, loss 0.7851
[Nonlinear] Ep 1000, loss 0.7788
[Nonlinear] Ep 1100, loss 0.7748
[Nonlinear] Ep 1200, loss 0.7723
[Nonlinear] Ep 1300, loss 0.7708
[Nonlinear] Ep 1400, loss 0.7698
[Nonlinear] Ep 1500, loss 0.7692
[Nonlinear] Ep 1600, loss 0.7687
[Nonlinear] Ep 1700, loss 0.7683
[Nonlinear] Ep 1800, loss 0.7679
[Nonlinear] Ep 1900, loss 0.7675

=== Current trial for n = 4000, trial = 5 ===
[1 1 2]
[Nonlinear] Ep 0, loss 41.9825
[Nonlinear] Ep 100, loss 21.4574
[Nonlinear] Ep 200, loss 10.9428
[Nonlinear] Ep 300, loss 5.1257
[Nonlinear] Ep 400, loss 1.8646
[Nonlinear] Ep 500, loss 0.5125
[Nonlinear] Ep 600, loss 0.1364
[Nonlinear] Ep 700, loss 0.0690
[Nonlinear] Ep 800, loss 0.0612
[Nonlinear] Ep 900, loss 0.0605
[Nonlinear] Ep 1000, loss 0.0604
[Nonlinear] Ep 1100, loss 0.0604
[Nonlinear] Ep 1200, loss 0.0604
[Nonlinear] Ep 1300, loss 0.0603
[Nonlinear] Ep 1400, loss 0.0603
[Nonlinear] Ep 1500, loss 0.0602
[Nonlinear] Ep 1600, loss 0.0602
[Nonlinear] Ep 1700, loss 0.0601
[Nonlinear] Ep 1800, loss 0.0601
[Nonlinear] Ep 1900, loss 0.0600
[Nonlinear] Ep 0, loss 40.6728
[Nonlinear] Ep 100, loss 26.1317
[Nonlinear] Ep 200, loss 11.6450
[Nonlinear] Ep 300, loss 4.5015
[Nonlinear] Ep 400, loss 1.3441
[Nonlinear] Ep 500, loss 0.3301
[Nonlinear] Ep 600, loss 0.1472
[Nonlinear] Ep 700, loss 0.1278
[Nonlinear] Ep 800, loss 0.1245
[Nonlinear] Ep 900, loss 0.1223
[Nonlinear] Ep 1000, loss 0.1202
[Nonlinear] Ep 1100, loss 0.1183
[Nonlinear] Ep 1200, loss 0.1165
[Nonlinear] Ep 1300, loss 0.1148
[Nonlinear] Ep 1400, loss 0.1133
[Nonlinear] Ep 1500, loss 0.1119
[Nonlinear] Ep 1600, loss 0.1105
[Nonlinear] Ep 1700, loss 0.1094
[Nonlinear] Ep 1800, loss 0.1083
[Nonlinear] Ep 1900, loss 0.1073
[Nonlinear] Ep 0, loss 34.4305
[Nonlinear] Ep 100, loss 15.3732
[Nonlinear] Ep 200, loss 11.2462
[Nonlinear] Ep 300, loss 7.0285
[Nonlinear] Ep 400, loss 3.3841
[Nonlinear] Ep 500, loss 1.4037
[Nonlinear] Ep 600, loss 0.7997
[Nonlinear] Ep 700, loss 0.6979
[Nonlinear] Ep 800, loss 0.6876
[Nonlinear] Ep 900, loss 0.6866
[Nonlinear] Ep 1000, loss 0.6863
[Nonlinear] Ep 1100, loss 0.6859
[Nonlinear] Ep 1200, loss 0.6856
[Nonlinear] Ep 1300, loss 0.6852
[Nonlinear] Ep 1400, loss 0.6849
[Nonlinear] Ep 1500, loss 0.6845
[Nonlinear] Ep 1600, loss 0.6841
[Nonlinear] Ep 1700, loss 0.6837
[Nonlinear] Ep 1800, loss 0.6833
[Nonlinear] Ep 1900, loss 0.6829

=== Current trial for n = 4000, trial = 6 ===
[1 1 2]
[Nonlinear] Ep 0, loss 41.1619
[Nonlinear] Ep 100, loss 19.7818
[Nonlinear] Ep 200, loss 10.6441
[Nonlinear] Ep 300, loss 5.9046
[Nonlinear] Ep 400, loss 2.4564
[Nonlinear] Ep 500, loss 0.6974
[Nonlinear] Ep 600, loss 0.1580
[Nonlinear] Ep 700, loss 0.0606
[Nonlinear] Ep 800, loss 0.0496
[Nonlinear] Ep 900, loss 0.0487
[Nonlinear] Ep 1000, loss 0.0486
[Nonlinear] Ep 1100, loss 0.0486
[Nonlinear] Ep 1200, loss 0.0486
[Nonlinear] Ep 1300, loss 0.0485
[Nonlinear] Ep 1400, loss 0.0485
[Nonlinear] Ep 1500, loss 0.0485
[Nonlinear] Ep 1600, loss 0.0485
[Nonlinear] Ep 1700, loss 0.0484
[Nonlinear] Ep 1800, loss 0.0484
[Nonlinear] Ep 1900, loss 0.0483
[Nonlinear] Ep 0, loss 43.2908
[Nonlinear] Ep 100, loss 31.4123
[Nonlinear] Ep 200, loss 18.0810
[Nonlinear] Ep 300, loss 7.0893
[Nonlinear] Ep 400, loss 2.1019
[Nonlinear] Ep 500, loss 0.5142
[Nonlinear] Ep 600, loss 0.1365
[Nonlinear] Ep 700, loss 0.0772
[Nonlinear] Ep 800, loss 0.0707
[Nonlinear] Ep 900, loss 0.0696
[Nonlinear] Ep 1000, loss 0.0689
[Nonlinear] Ep 1100, loss 0.0685
[Nonlinear] Ep 1200, loss 0.0681
[Nonlinear] Ep 1300, loss 0.0678
[Nonlinear] Ep 1400, loss 0.0676
[Nonlinear] Ep 1500, loss 0.0674
[Nonlinear] Ep 1600, loss 0.0673
[Nonlinear] Ep 1700, loss 0.0672
[Nonlinear] Ep 1800, loss 0.0671
[Nonlinear] Ep 1900, loss 0.0670
[Nonlinear] Ep 0, loss 40.7781
[Nonlinear] Ep 100, loss 16.3884
[Nonlinear] Ep 200, loss 10.6202
[Nonlinear] Ep 300, loss 6.5455
[Nonlinear] Ep 400, loss 3.2912
[Nonlinear] Ep 500, loss 1.4554
[Nonlinear] Ep 600, loss 0.8010
[Nonlinear] Ep 700, loss 0.6564
[Nonlinear] Ep 800, loss 0.6362
[Nonlinear] Ep 900, loss 0.6340
[Nonlinear] Ep 1000, loss 0.6334
[Nonlinear] Ep 1100, loss 0.6331
[Nonlinear] Ep 1200, loss 0.6328
[Nonlinear] Ep 1300, loss 0.6326
[Nonlinear] Ep 1400, loss 0.6324
[Nonlinear] Ep 1500, loss 0.6322
[Nonlinear] Ep 1600, loss 0.6321
[Nonlinear] Ep 1700, loss 0.6320
[Nonlinear] Ep 1800, loss 0.6318
[Nonlinear] Ep 1900, loss 0.6317

=== Current trial for n = 4000, trial = 7 ===
[1 1 2]
[Nonlinear] Ep 0, loss 39.1076
[Nonlinear] Ep 100, loss 18.9244
[Nonlinear] Ep 200, loss 9.9858
[Nonlinear] Ep 300, loss 5.0382
[Nonlinear] Ep 400, loss 1.8258
[Nonlinear] Ep 500, loss 0.4628
[Nonlinear] Ep 600, loss 0.1157
[Nonlinear] Ep 700, loss 0.0733
[Nonlinear] Ep 800, loss 0.0706
[Nonlinear] Ep 900, loss 0.0705
[Nonlinear] Ep 1000, loss 0.0704
[Nonlinear] Ep 1100, loss 0.0704
[Nonlinear] Ep 1200, loss 0.0703
[Nonlinear] Ep 1300, loss 0.0702
[Nonlinear] Ep 1400, loss 0.0702
[Nonlinear] Ep 1500, loss 0.0701
[Nonlinear] Ep 1600, loss 0.0700
[Nonlinear] Ep 1700, loss 0.0699
[Nonlinear] Ep 1800, loss 0.0699
[Nonlinear] Ep 1900, loss 0.0698
[Nonlinear] Ep 0, loss 42.2830
[Nonlinear] Ep 100, loss 29.6839
[Nonlinear] Ep 200, loss 15.0462
[Nonlinear] Ep 300, loss 5.7470
[Nonlinear] Ep 400, loss 1.8885
[Nonlinear] Ep 500, loss 0.4826
[Nonlinear] Ep 600, loss 0.1461
[Nonlinear] Ep 700, loss 0.1018
[Nonlinear] Ep 800, loss 0.0984
[Nonlinear] Ep 900, loss 0.0980
[Nonlinear] Ep 1000, loss 0.0978
[Nonlinear] Ep 1100, loss 0.0975
[Nonlinear] Ep 1200, loss 0.0973
[Nonlinear] Ep 1300, loss 0.0971
[Nonlinear] Ep 1400, loss 0.0969
[Nonlinear] Ep 1500, loss 0.0967
[Nonlinear] Ep 1600, loss 0.0965
[Nonlinear] Ep 1700, loss 0.0963
[Nonlinear] Ep 1800, loss 0.0961
[Nonlinear] Ep 1900, loss 0.0959
[Nonlinear] Ep 0, loss 44.3479
[Nonlinear] Ep 100, loss 17.0800
[Nonlinear] Ep 200, loss 10.2613
[Nonlinear] Ep 300, loss 7.1198
[Nonlinear] Ep 400, loss 4.4093
[Nonlinear] Ep 500, loss 2.4725
[Nonlinear] Ep 600, loss 1.3892
[Nonlinear] Ep 700, loss 0.9100
[Nonlinear] Ep 800, loss 0.7407
[Nonlinear] Ep 900, loss 0.6929
[Nonlinear] Ep 1000, loss 0.6815
[Nonlinear] Ep 1100, loss 0.6788
[Nonlinear] Ep 1200, loss 0.6779
[Nonlinear] Ep 1300, loss 0.6772
[Nonlinear] Ep 1400, loss 0.6766
[Nonlinear] Ep 1500, loss 0.6760
[Nonlinear] Ep 1600, loss 0.6754
[Nonlinear] Ep 1700, loss 0.6749
[Nonlinear] Ep 1800, loss 0.6744
[Nonlinear] Ep 1900, loss 0.6739

=== Current trial for n = 4000, trial = 8 ===
[1 1 2]
[Nonlinear] Ep 0, loss 48.9687
[Nonlinear] Ep 100, loss 24.2225
[Nonlinear] Ep 200, loss 12.0157
[Nonlinear] Ep 300, loss 6.2877
[Nonlinear] Ep 400, loss 2.4022
[Nonlinear] Ep 500, loss 0.5480
[Nonlinear] Ep 600, loss 0.0940
[Nonlinear] Ep 700, loss 0.0483
[Nonlinear] Ep 800, loss 0.0462
[Nonlinear] Ep 900, loss 0.0461
[Nonlinear] Ep 1000, loss 0.0461
[Nonlinear] Ep 1100, loss 0.0461
[Nonlinear] Ep 1200, loss 0.0460
[Nonlinear] Ep 1300, loss 0.0460
[Nonlinear] Ep 1400, loss 0.0460
[Nonlinear] Ep 1500, loss 0.0459
[Nonlinear] Ep 1600, loss 0.0459
[Nonlinear] Ep 1700, loss 0.0458
[Nonlinear] Ep 1800, loss 0.0458
[Nonlinear] Ep 1900, loss 0.0458
[Nonlinear] Ep 0, loss 35.9180
[Nonlinear] Ep 100, loss 21.0330
[Nonlinear] Ep 200, loss 8.7127
[Nonlinear] Ep 300, loss 3.3124
[Nonlinear] Ep 400, loss 1.0006
[Nonlinear] Ep 500, loss 0.2688
[Nonlinear] Ep 600, loss 0.1296
[Nonlinear] Ep 700, loss 0.1128
[Nonlinear] Ep 800, loss 0.1095
[Nonlinear] Ep 900, loss 0.1076
[Nonlinear] Ep 1000, loss 0.1060
[Nonlinear] Ep 1100, loss 0.1046
[Nonlinear] Ep 1200, loss 0.1033
[Nonlinear] Ep 1300, loss 0.1021
[Nonlinear] Ep 1400, loss 0.1010
[Nonlinear] Ep 1500, loss 0.1000
[Nonlinear] Ep 1600, loss 0.0990
[Nonlinear] Ep 1700, loss 0.0980
[Nonlinear] Ep 1800, loss 0.0970
[Nonlinear] Ep 1900, loss 0.0959
[Nonlinear] Ep 0, loss 37.0045
[Nonlinear] Ep 100, loss 17.5680
[Nonlinear] Ep 200, loss 12.0583
[Nonlinear] Ep 300, loss 7.3094
[Nonlinear] Ep 400, loss 3.4569
[Nonlinear] Ep 500, loss 1.4310
[Nonlinear] Ep 600, loss 0.8013
[Nonlinear] Ep 700, loss 0.7017
[Nonlinear] Ep 800, loss 0.6925
[Nonlinear] Ep 900, loss 0.6913
[Nonlinear] Ep 1000, loss 0.6906
[Nonlinear] Ep 1100, loss 0.6899
[Nonlinear] Ep 1200, loss 0.6893
[Nonlinear] Ep 1300, loss 0.6886
[Nonlinear] Ep 1400, loss 0.6880
[Nonlinear] Ep 1500, loss 0.6875
[Nonlinear] Ep 1600, loss 0.6869
[Nonlinear] Ep 1700, loss 0.6862
[Nonlinear] Ep 1800, loss 0.6857
[Nonlinear] Ep 1900, loss 0.6851

=== Current trial for n = 4000, trial = 9 ===
[1 1 2]
[Nonlinear] Ep 0, loss 1.9058
[Nonlinear] Ep 100, loss 0.0220
[Nonlinear] Ep 200, loss 0.0104
[Nonlinear] Ep 300, loss 0.0104
[Nonlinear] Ep 400, loss 0.0104
[Nonlinear] Ep 500, loss 0.0104
[Nonlinear] Ep 600, loss 0.0104
[Nonlinear] Ep 700, loss 0.0104
[Nonlinear] Ep 800, loss 0.0104
[Nonlinear] Ep 900, loss 0.0104
[Nonlinear] Ep 1000, loss 0.0104
[Nonlinear] Ep 1100, loss 0.0104
[Nonlinear] Ep 1200, loss 0.0104
[Nonlinear] Ep 1300, loss 0.0104
[Nonlinear] Ep 1400, loss 0.0104
[Nonlinear] Ep 1500, loss 0.0104
[Nonlinear] Ep 1600, loss 0.0104
[Nonlinear] Ep 1700, loss 0.0104
[Nonlinear] Ep 1800, loss 0.0104
[Nonlinear] Ep 1900, loss 0.0104
[Nonlinear] Ep 0, loss 1.9655
[Nonlinear] Ep 100, loss 0.2636
[Nonlinear] Ep 200, loss 0.0178
[Nonlinear] Ep 300, loss 0.0149
[Nonlinear] Ep 400, loss 0.0147
[Nonlinear] Ep 500, loss 0.0145
[Nonlinear] Ep 600, loss 0.0143
[Nonlinear] Ep 700, loss 0.0141
[Nonlinear] Ep 800, loss 0.0140
[Nonlinear] Ep 900, loss 0.0138
[Nonlinear] Ep 1000, loss 0.0136
[Nonlinear] Ep 1100, loss 0.0134
[Nonlinear] Ep 1200, loss 0.0132
[Nonlinear] Ep 1300, loss 0.0131
[Nonlinear] Ep 1400, loss 0.0129
[Nonlinear] Ep 1500, loss 0.0128
[Nonlinear] Ep 1600, loss 0.0127
[Nonlinear] Ep 1700, loss 0.0126
[Nonlinear] Ep 1800, loss 0.0125
[Nonlinear] Ep 1900, loss 0.0125
[Nonlinear] Ep 0, loss 2.6672
[Nonlinear] Ep 100, loss 0.4458
[Nonlinear] Ep 200, loss 0.0278
[Nonlinear] Ep 300, loss 0.0106
[Nonlinear] Ep 400, loss 0.0105
[Nonlinear] Ep 500, loss 0.0104
[Nonlinear] Ep 600, loss 0.0104
[Nonlinear] Ep 700, loss 0.0104
[Nonlinear] Ep 800, loss 0.0104
[Nonlinear] Ep 900, loss 0.0104
[Nonlinear] Ep 1000, loss 0.0104
[Nonlinear] Ep 1100, loss 0.0104
[Nonlinear] Ep 1200, loss 0.0104
[Nonlinear] Ep 1300, loss 0.0104
[Nonlinear] Ep 1400, loss 0.0104
[Nonlinear] Ep 1500, loss 0.0104
[Nonlinear] Ep 1600, loss 0.0104
[Nonlinear] Ep 1700, loss 0.0104
[Nonlinear] Ep 1800, loss 0.0104
[Nonlinear] Ep 1900, loss 0.0104

=== Current trial for n = 4000, trial = 10 ===
[1 1 2]
[Nonlinear] Ep 0, loss 2.0965
[Nonlinear] Ep 100, loss 0.1011
[Nonlinear] Ep 200, loss 0.0107
[Nonlinear] Ep 300, loss 0.0107
[Nonlinear] Ep 400, loss 0.0107
[Nonlinear] Ep 500, loss 0.0107
[Nonlinear] Ep 600, loss 0.0107
[Nonlinear] Ep 700, loss 0.0106
[Nonlinear] Ep 800, loss 0.0106
[Nonlinear] Ep 900, loss 0.0106
[Nonlinear] Ep 1000, loss 0.0106
[Nonlinear] Ep 1100, loss 0.0106
[Nonlinear] Ep 1200, loss 0.0106
[Nonlinear] Ep 1300, loss 0.0106
[Nonlinear] Ep 1400, loss 0.0106
[Nonlinear] Ep 1500, loss 0.0106
[Nonlinear] Ep 1600, loss 0.0106
[Nonlinear] Ep 1700, loss 0.0106
[Nonlinear] Ep 1800, loss 0.0106
[Nonlinear] Ep 1900, loss 0.0106
[Nonlinear] Ep 0, loss 2.0013
[Nonlinear] Ep 100, loss 0.4241
[Nonlinear] Ep 200, loss 0.0218
[Nonlinear] Ep 300, loss 0.0122
[Nonlinear] Ep 400, loss 0.0122
[Nonlinear] Ep 500, loss 0.0121
[Nonlinear] Ep 600, loss 0.0121
[Nonlinear] Ep 700, loss 0.0121
[Nonlinear] Ep 800, loss 0.0121
[Nonlinear] Ep 900, loss 0.0120
[Nonlinear] Ep 1000, loss 0.0120
[Nonlinear] Ep 1100, loss 0.0120
[Nonlinear] Ep 1200, loss 0.0119
[Nonlinear] Ep 1300, loss 0.0119
[Nonlinear] Ep 1400, loss 0.0119
[Nonlinear] Ep 1500, loss 0.0119
[Nonlinear] Ep 1600, loss 0.0118
[Nonlinear] Ep 1700, loss 0.0118
[Nonlinear] Ep 1800, loss 0.0118
[Nonlinear] Ep 1900, loss 0.0118
[Nonlinear] Ep 0, loss 2.5179
[Nonlinear] Ep 100, loss 0.1018
[Nonlinear] Ep 200, loss 0.0129
[Nonlinear] Ep 300, loss 0.0118
[Nonlinear] Ep 400, loss 0.0114
[Nonlinear] Ep 500, loss 0.0111
[Nonlinear] Ep 600, loss 0.0109
[Nonlinear] Ep 700, loss 0.0108
[Nonlinear] Ep 800, loss 0.0107
[Nonlinear] Ep 900, loss 0.0106
[Nonlinear] Ep 1000, loss 0.0106
[Nonlinear] Ep 1100, loss 0.0106
[Nonlinear] Ep 1200, loss 0.0106
[Nonlinear] Ep 1300, loss 0.0106
[Nonlinear] Ep 1400, loss 0.0106
[Nonlinear] Ep 1500, loss 0.0106
[Nonlinear] Ep 1600, loss 0.0106
[Nonlinear] Ep 1700, loss 0.0106
[Nonlinear] Ep 1800, loss 0.0106
[Nonlinear] Ep 1900, loss 0.0106

=== Current trial for n = 4000, trial = 11 ===
[1 1 2]
[Nonlinear] Ep 0, loss 2.1346
[Nonlinear] Ep 100, loss 0.0270
[Nonlinear] Ep 200, loss 0.0121
[Nonlinear] Ep 300, loss 0.0121
[Nonlinear] Ep 400, loss 0.0121
[Nonlinear] Ep 500, loss 0.0121
[Nonlinear] Ep 600, loss 0.0121
[Nonlinear] Ep 700, loss 0.0121
[Nonlinear] Ep 800, loss 0.0121
[Nonlinear] Ep 900, loss 0.0121
[Nonlinear] Ep 1000, loss 0.0121
[Nonlinear] Ep 1100, loss 0.0121
[Nonlinear] Ep 1200, loss 0.0121
[Nonlinear] Ep 1300, loss 0.0121
[Nonlinear] Ep 1400, loss 0.0121
[Nonlinear] Ep 1500, loss 0.0121
[Nonlinear] Ep 1600, loss 0.0121
[Nonlinear] Ep 1700, loss 0.0121
[Nonlinear] Ep 1800, loss 0.0121
[Nonlinear] Ep 1900, loss 0.0121
[Nonlinear] Ep 0, loss 1.3099
[Nonlinear] Ep 100, loss 0.1469
[Nonlinear] Ep 200, loss 0.0190
[Nonlinear] Ep 300, loss 0.0173
[Nonlinear] Ep 400, loss 0.0172
[Nonlinear] Ep 500, loss 0.0170
[Nonlinear] Ep 600, loss 0.0169
[Nonlinear] Ep 700, loss 0.0168
[Nonlinear] Ep 800, loss 0.0167
[Nonlinear] Ep 900, loss 0.0166
[Nonlinear] Ep 1000, loss 0.0165
[Nonlinear] Ep 1100, loss 0.0164
[Nonlinear] Ep 1200, loss 0.0163
[Nonlinear] Ep 1300, loss 0.0162
[Nonlinear] Ep 1400, loss 0.0161
[Nonlinear] Ep 1500, loss 0.0160
[Nonlinear] Ep 1600, loss 0.0159
[Nonlinear] Ep 1700, loss 0.0159
[Nonlinear] Ep 1800, loss 0.0158
[Nonlinear] Ep 1900, loss 0.0157
[Nonlinear] Ep 0, loss 1.9967
[Nonlinear] Ep 100, loss 0.0217
[Nonlinear] Ep 200, loss 0.0119
[Nonlinear] Ep 300, loss 0.0119
[Nonlinear] Ep 400, loss 0.0119
[Nonlinear] Ep 500, loss 0.0119
[Nonlinear] Ep 600, loss 0.0119
[Nonlinear] Ep 700, loss 0.0119
[Nonlinear] Ep 800, loss 0.0119
[Nonlinear] Ep 900, loss 0.0119
[Nonlinear] Ep 1000, loss 0.0119
[Nonlinear] Ep 1100, loss 0.0119
[Nonlinear] Ep 1200, loss 0.0119
[Nonlinear] Ep 1300, loss 0.0119
[Nonlinear] Ep 1400, loss 0.0119
[Nonlinear] Ep 1500, loss 0.0119
[Nonlinear] Ep 1600, loss 0.0119
[Nonlinear] Ep 1700, loss 0.0119
[Nonlinear] Ep 1800, loss 0.0119
[Nonlinear] Ep 1900, loss 0.0119

=== Current trial for n = 4000, trial = 12 ===
[1 1 2]
[Nonlinear] Ep 0, loss 42.8956
[Nonlinear] Ep 100, loss 22.7125
[Nonlinear] Ep 200, loss 12.6251
[Nonlinear] Ep 300, loss 8.0310
[Nonlinear] Ep 400, loss 4.1242
[Nonlinear] Ep 500, loss 1.5950
[Nonlinear] Ep 600, loss 0.4663
[Nonlinear] Ep 700, loss 0.1375
[Nonlinear] Ep 800, loss 0.0751
[Nonlinear] Ep 900, loss 0.0667
[Nonlinear] Ep 1000, loss 0.0659
[Nonlinear] Ep 1100, loss 0.0658
[Nonlinear] Ep 1200, loss 0.0657
[Nonlinear] Ep 1300, loss 0.0656
[Nonlinear] Ep 1400, loss 0.0656
[Nonlinear] Ep 1500, loss 0.0655
[Nonlinear] Ep 1600, loss 0.0654
[Nonlinear] Ep 1700, loss 0.0654
[Nonlinear] Ep 1800, loss 0.0653
[Nonlinear] Ep 1900, loss 0.0652
[Nonlinear] Ep 0, loss 39.8604
[Nonlinear] Ep 100, loss 26.5421
[Nonlinear] Ep 200, loss 13.6380
[Nonlinear] Ep 300, loss 6.2661
[Nonlinear] Ep 400, loss 2.5713
[Nonlinear] Ep 500, loss 0.7826
[Nonlinear] Ep 600, loss 0.2103
[Nonlinear] Ep 700, loss 0.1463
[Nonlinear] Ep 800, loss 0.1400
[Nonlinear] Ep 900, loss 0.1373
[Nonlinear] Ep 1000, loss 0.1353
[Nonlinear] Ep 1100, loss 0.1337
[Nonlinear] Ep 1200, loss 0.1323
[Nonlinear] Ep 1300, loss 0.1310
[Nonlinear] Ep 1400, loss 0.1297
[Nonlinear] Ep 1500, loss 0.1284
[Nonlinear] Ep 1600, loss 0.1271
[Nonlinear] Ep 1700, loss 0.1258
[Nonlinear] Ep 1800, loss 0.1247
[Nonlinear] Ep 1900, loss 0.1235
[Nonlinear] Ep 0, loss 44.2572
[Nonlinear] Ep 100, loss 17.8230
[Nonlinear] Ep 200, loss 11.5662
[Nonlinear] Ep 300, loss 7.4534
[Nonlinear] Ep 400, loss 4.0429
[Nonlinear] Ep 500, loss 1.9364
[Nonlinear] Ep 600, loss 1.0680
[Nonlinear] Ep 700, loss 0.8434
[Nonlinear] Ep 800, loss 0.8048
[Nonlinear] Ep 900, loss 0.7977
[Nonlinear] Ep 1000, loss 0.7944
[Nonlinear] Ep 1100, loss 0.7919
[Nonlinear] Ep 1200, loss 0.7899
[Nonlinear] Ep 1300, loss 0.7883
[Nonlinear] Ep 1400, loss 0.7871
[Nonlinear] Ep 1500, loss 0.7862
[Nonlinear] Ep 1600, loss 0.7855
[Nonlinear] Ep 1700, loss 0.7849
[Nonlinear] Ep 1800, loss 0.7844
[Nonlinear] Ep 1900, loss 0.7840

=== Current trial for n = 4000, trial = 13 ===
[1 1 2]
[Nonlinear] Ep 0, loss 41.7854
[Nonlinear] Ep 100, loss 23.4252
[Nonlinear] Ep 200, loss 11.6217
[Nonlinear] Ep 300, loss 5.9085
[Nonlinear] Ep 400, loss 2.1506
[Nonlinear] Ep 500, loss 0.5709
[Nonlinear] Ep 600, loss 0.1483
[Nonlinear] Ep 700, loss 0.0783
[Nonlinear] Ep 800, loss 0.0712
[Nonlinear] Ep 900, loss 0.0706
[Nonlinear] Ep 1000, loss 0.0706
[Nonlinear] Ep 1100, loss 0.0705
[Nonlinear] Ep 1200, loss 0.0704
[Nonlinear] Ep 1300, loss 0.0704
[Nonlinear] Ep 1400, loss 0.0703
[Nonlinear] Ep 1500, loss 0.0702
[Nonlinear] Ep 1600, loss 0.0702
[Nonlinear] Ep 1700, loss 0.0701
[Nonlinear] Ep 1800, loss 0.0700
[Nonlinear] Ep 1900, loss 0.0700
[Nonlinear] Ep 0, loss 40.3367
[Nonlinear] Ep 100, loss 27.6740
[Nonlinear] Ep 200, loss 12.7595
[Nonlinear] Ep 300, loss 4.6432
[Nonlinear] Ep 400, loss 1.3634
[Nonlinear] Ep 500, loss 0.3130
[Nonlinear] Ep 600, loss 0.1346
[Nonlinear] Ep 700, loss 0.1153
[Nonlinear] Ep 800, loss 0.1118
[Nonlinear] Ep 900, loss 0.1098
[Nonlinear] Ep 1000, loss 0.1082
[Nonlinear] Ep 1100, loss 0.1069
[Nonlinear] Ep 1200, loss 0.1058
[Nonlinear] Ep 1300, loss 0.1050
[Nonlinear] Ep 1400, loss 0.1044
[Nonlinear] Ep 1500, loss 0.1038
[Nonlinear] Ep 1600, loss 0.1033
[Nonlinear] Ep 1700, loss 0.1029
[Nonlinear] Ep 1800, loss 0.1024
[Nonlinear] Ep 1900, loss 0.1021
[Nonlinear] Ep 0, loss 40.3285
[Nonlinear] Ep 100, loss 18.5148
[Nonlinear] Ep 200, loss 11.6813
[Nonlinear] Ep 300, loss 7.1364
[Nonlinear] Ep 400, loss 3.5532
[Nonlinear] Ep 500, loss 1.6147
[Nonlinear] Ep 600, loss 0.9277
[Nonlinear] Ep 700, loss 0.7656
[Nonlinear] Ep 800, loss 0.7392
[Nonlinear] Ep 900, loss 0.7349
[Nonlinear] Ep 1000, loss 0.7332
[Nonlinear] Ep 1100, loss 0.7319
[Nonlinear] Ep 1200, loss 0.7308
[Nonlinear] Ep 1300, loss 0.7298
[Nonlinear] Ep 1400, loss 0.7291
[Nonlinear] Ep 1500, loss 0.7284
[Nonlinear] Ep 1600, loss 0.7279
[Nonlinear] Ep 1700, loss 0.7275
[Nonlinear] Ep 1800, loss 0.7271
[Nonlinear] Ep 1900, loss 0.7268

=== Current trial for n = 4000, trial = 14 ===
[1 1 2]
[Nonlinear] Ep 0, loss 40.0487
[Nonlinear] Ep 100, loss 20.7110
[Nonlinear] Ep 200, loss 10.5199
[Nonlinear] Ep 300, loss 4.6981
[Nonlinear] Ep 400, loss 1.2987
[Nonlinear] Ep 500, loss 0.2153
[Nonlinear] Ep 600, loss 0.0762
[Nonlinear] Ep 700, loss 0.0683
[Nonlinear] Ep 800, loss 0.0680
[Nonlinear] Ep 900, loss 0.0679
[Nonlinear] Ep 1000, loss 0.0677
[Nonlinear] Ep 1100, loss 0.0676
[Nonlinear] Ep 1200, loss 0.0674
[Nonlinear] Ep 1300, loss 0.0673
[Nonlinear] Ep 1400, loss 0.0671
[Nonlinear] Ep 1500, loss 0.0670
[Nonlinear] Ep 1600, loss 0.0668
[Nonlinear] Ep 1700, loss 0.0666
[Nonlinear] Ep 1800, loss 0.0665
[Nonlinear] Ep 1900, loss 0.0663
[Nonlinear] Ep 0, loss 41.2869
[Nonlinear] Ep 100, loss 26.8003
[Nonlinear] Ep 200, loss 12.2674
[Nonlinear] Ep 300, loss 5.0822
[Nonlinear] Ep 400, loss 2.1620
[Nonlinear] Ep 500, loss 0.8146
[Nonlinear] Ep 600, loss 0.3087
[Nonlinear] Ep 700, loss 0.1607
[Nonlinear] Ep 800, loss 0.1204
[Nonlinear] Ep 900, loss 0.1044
[Nonlinear] Ep 1000, loss 0.0948
[Nonlinear] Ep 1100, loss 0.0881
[Nonlinear] Ep 1200, loss 0.0837
[Nonlinear] Ep 1300, loss 0.0809
[Nonlinear] Ep 1400, loss 0.0794
[Nonlinear] Ep 1500, loss 0.0785
[Nonlinear] Ep 1600, loss 0.0780
[Nonlinear] Ep 1700, loss 0.0777
[Nonlinear] Ep 1800, loss 0.0775
[Nonlinear] Ep 1900, loss 0.0774
[Nonlinear] Ep 0, loss 51.3153
[Nonlinear] Ep 100, loss 21.5810
[Nonlinear] Ep 200, loss 12.7944
[Nonlinear] Ep 300, loss 8.4568
[Nonlinear] Ep 400, loss 4.4496
[Nonlinear] Ep 500, loss 1.8165
[Nonlinear] Ep 600, loss 0.9172
[Nonlinear] Ep 700, loss 0.7555
[Nonlinear] Ep 800, loss 0.7377
[Nonlinear] Ep 900, loss 0.7359
[Nonlinear] Ep 1000, loss 0.7353
[Nonlinear] Ep 1100, loss 0.7347
[Nonlinear] Ep 1200, loss 0.7342
[Nonlinear] Ep 1300, loss 0.7337
[Nonlinear] Ep 1400, loss 0.7333
[Nonlinear] Ep 1500, loss 0.7328
[Nonlinear] Ep 1600, loss 0.7324
[Nonlinear] Ep 1700, loss 0.7319
[Nonlinear] Ep 1800, loss 0.7315
[Nonlinear] Ep 1900, loss 0.7311

=== Current trial for n = 4000, trial = 15 ===
[1 1 2]
[Nonlinear] Ep 0, loss 3.0414
[Nonlinear] Ep 100, loss 0.1736
[Nonlinear] Ep 200, loss 0.0111
[Nonlinear] Ep 300, loss 0.0103
[Nonlinear] Ep 400, loss 0.0102
[Nonlinear] Ep 500, loss 0.0102
[Nonlinear] Ep 600, loss 0.0102
[Nonlinear] Ep 700, loss 0.0102
[Nonlinear] Ep 800, loss 0.0102
[Nonlinear] Ep 900, loss 0.0102
[Nonlinear] Ep 1000, loss 0.0102
[Nonlinear] Ep 1100, loss 0.0102
[Nonlinear] Ep 1200, loss 0.0102
[Nonlinear] Ep 1300, loss 0.0102
[Nonlinear] Ep 1400, loss 0.0102
[Nonlinear] Ep 1500, loss 0.0102
[Nonlinear] Ep 1600, loss 0.0102
[Nonlinear] Ep 1700, loss 0.0102
[Nonlinear] Ep 1800, loss 0.0102
[Nonlinear] Ep 1900, loss 0.0102
[Nonlinear] Ep 0, loss 1.9470
[Nonlinear] Ep 100, loss 0.2978
[Nonlinear] Ep 200, loss 0.0192
[Nonlinear] Ep 300, loss 0.0132
[Nonlinear] Ep 400, loss 0.0130
[Nonlinear] Ep 500, loss 0.0128
[Nonlinear] Ep 600, loss 0.0128
[Nonlinear] Ep 700, loss 0.0127
[Nonlinear] Ep 800, loss 0.0126
[Nonlinear] Ep 900, loss 0.0126
[Nonlinear] Ep 1000, loss 0.0125
[Nonlinear] Ep 1100, loss 0.0125
[Nonlinear] Ep 1200, loss 0.0125
[Nonlinear] Ep 1300, loss 0.0124
[Nonlinear] Ep 1400, loss 0.0124
[Nonlinear] Ep 1500, loss 0.0123
[Nonlinear] Ep 1600, loss 0.0123
[Nonlinear] Ep 1700, loss 0.0122
[Nonlinear] Ep 1800, loss 0.0122
[Nonlinear] Ep 1900, loss 0.0121
[Nonlinear] Ep 0, loss 2.6742
[Nonlinear] Ep 100, loss 0.3943
[Nonlinear] Ep 200, loss 0.0206
[Nonlinear] Ep 300, loss 0.0104
[Nonlinear] Ep 400, loss 0.0103
[Nonlinear] Ep 500, loss 0.0103
[Nonlinear] Ep 600, loss 0.0102
[Nonlinear] Ep 700, loss 0.0102
[Nonlinear] Ep 800, loss 0.0102
[Nonlinear] Ep 900, loss 0.0102
[Nonlinear] Ep 1000, loss 0.0102
[Nonlinear] Ep 1100, loss 0.0102
[Nonlinear] Ep 1200, loss 0.0102
[Nonlinear] Ep 1300, loss 0.0102
[Nonlinear] Ep 1400, loss 0.0102
[Nonlinear] Ep 1500, loss 0.0102
[Nonlinear] Ep 1600, loss 0.0102
[Nonlinear] Ep 1700, loss 0.0102
[Nonlinear] Ep 1800, loss 0.0102
[Nonlinear] Ep 1900, loss 0.0102

=== Current trial for n = 4000, trial = 16 ===
[1 1 2]
[Nonlinear] Ep 0, loss 47.2746
[Nonlinear] Ep 100, loss 26.8523
[Nonlinear] Ep 200, loss 14.6072
[Nonlinear] Ep 300, loss 7.2059
[Nonlinear] Ep 400, loss 2.5680
[Nonlinear] Ep 500, loss 0.5944
[Nonlinear] Ep 600, loss 0.1351
[Nonlinear] Ep 700, loss 0.0785
[Nonlinear] Ep 800, loss 0.0744
[Nonlinear] Ep 900, loss 0.0742
[Nonlinear] Ep 1000, loss 0.0741
[Nonlinear] Ep 1100, loss 0.0741
[Nonlinear] Ep 1200, loss 0.0740
[Nonlinear] Ep 1300, loss 0.0740
[Nonlinear] Ep 1400, loss 0.0739
[Nonlinear] Ep 1500, loss 0.0739
[Nonlinear] Ep 1600, loss 0.0738
[Nonlinear] Ep 1700, loss 0.0737
[Nonlinear] Ep 1800, loss 0.0737
[Nonlinear] Ep 1900, loss 0.0736
[Nonlinear] Ep 0, loss 37.7922
[Nonlinear] Ep 100, loss 25.5831
[Nonlinear] Ep 200, loss 12.8064
[Nonlinear] Ep 300, loss 5.6821
[Nonlinear] Ep 400, loss 2.0178
[Nonlinear] Ep 500, loss 0.5246
[Nonlinear] Ep 600, loss 0.1792
[Nonlinear] Ep 700, loss 0.1298
[Nonlinear] Ep 800, loss 0.1213
[Nonlinear] Ep 900, loss 0.1174
[Nonlinear] Ep 1000, loss 0.1148
[Nonlinear] Ep 1100, loss 0.1129
[Nonlinear] Ep 1200, loss 0.1114
[Nonlinear] Ep 1300, loss 0.1102
[Nonlinear] Ep 1400, loss 0.1091
[Nonlinear] Ep 1500, loss 0.1079
[Nonlinear] Ep 1600, loss 0.1068
[Nonlinear] Ep 1700, loss 0.1059
[Nonlinear] Ep 1800, loss 0.1051
[Nonlinear] Ep 1900, loss 0.1046
[Nonlinear] Ep 0, loss 37.4263
[Nonlinear] Ep 100, loss 15.0628
[Nonlinear] Ep 200, loss 10.0049
[Nonlinear] Ep 300, loss 6.0751
[Nonlinear] Ep 400, loss 2.9325
[Nonlinear] Ep 500, loss 1.3209
[Nonlinear] Ep 600, loss 0.8257
[Nonlinear] Ep 700, loss 0.7389
[Nonlinear] Ep 800, loss 0.7287
[Nonlinear] Ep 900, loss 0.7267
[Nonlinear] Ep 1000, loss 0.7255
[Nonlinear] Ep 1100, loss 0.7247
[Nonlinear] Ep 1200, loss 0.7241
[Nonlinear] Ep 1300, loss 0.7236
[Nonlinear] Ep 1400, loss 0.7232
[Nonlinear] Ep 1500, loss 0.7228
[Nonlinear] Ep 1600, loss 0.7224
[Nonlinear] Ep 1700, loss 0.7220
[Nonlinear] Ep 1800, loss 0.7216
[Nonlinear] Ep 1900, loss 0.7212

=== Current trial for n = 4000, trial = 17 ===
[1 1 2]
[Nonlinear] Ep 0, loss 50.4952
[Nonlinear] Ep 100, loss 24.4200
[Nonlinear] Ep 200, loss 10.1705
[Nonlinear] Ep 300, loss 4.0025
[Nonlinear] Ep 400, loss 1.2925
[Nonlinear] Ep 500, loss 0.3700
[Nonlinear] Ep 600, loss 0.1136
[Nonlinear] Ep 700, loss 0.0690
[Nonlinear] Ep 800, loss 0.0645
[Nonlinear] Ep 900, loss 0.0641
[Nonlinear] Ep 1000, loss 0.0639
[Nonlinear] Ep 1100, loss 0.0638
[Nonlinear] Ep 1200, loss 0.0636
[Nonlinear] Ep 1300, loss 0.0635
[Nonlinear] Ep 1400, loss 0.0633
[Nonlinear] Ep 1500, loss 0.0631
[Nonlinear] Ep 1600, loss 0.0629
[Nonlinear] Ep 1700, loss 0.0627
[Nonlinear] Ep 1800, loss 0.0625
[Nonlinear] Ep 1900, loss 0.0623
[Nonlinear] Ep 0, loss 39.9771
[Nonlinear] Ep 100, loss 27.6826
[Nonlinear] Ep 200, loss 14.4022
[Nonlinear] Ep 300, loss 5.2907
[Nonlinear] Ep 400, loss 1.8318
[Nonlinear] Ep 500, loss 0.6693
[Nonlinear] Ep 600, loss 0.3016
[Nonlinear] Ep 700, loss 0.1543
[Nonlinear] Ep 800, loss 0.1015
[Nonlinear] Ep 900, loss 0.0806
[Nonlinear] Ep 1000, loss 0.0724
[Nonlinear] Ep 1100, loss 0.0694
[Nonlinear] Ep 1200, loss 0.0685
[Nonlinear] Ep 1300, loss 0.0681
[Nonlinear] Ep 1400, loss 0.0680
[Nonlinear] Ep 1500, loss 0.0679
[Nonlinear] Ep 1600, loss 0.0678
[Nonlinear] Ep 1700, loss 0.0677
[Nonlinear] Ep 1800, loss 0.0676
[Nonlinear] Ep 1900, loss 0.0676
[Nonlinear] Ep 0, loss 34.7220
[Nonlinear] Ep 100, loss 17.7439
[Nonlinear] Ep 200, loss 10.4824
[Nonlinear] Ep 300, loss 5.1913
[Nonlinear] Ep 400, loss 2.1947
[Nonlinear] Ep 500, loss 1.1106
[Nonlinear] Ep 600, loss 0.8615
[Nonlinear] Ep 700, loss 0.8220
[Nonlinear] Ep 800, loss 0.8142
[Nonlinear] Ep 900, loss 0.8110
[Nonlinear] Ep 1000, loss 0.8091
[Nonlinear] Ep 1100, loss 0.8077
[Nonlinear] Ep 1200, loss 0.8063
[Nonlinear] Ep 1300, loss 0.8051
[Nonlinear] Ep 1400, loss 0.8040
[Nonlinear] Ep 1500, loss 0.8029
[Nonlinear] Ep 1600, loss 0.8017
[Nonlinear] Ep 1700, loss 0.8005
[Nonlinear] Ep 1800, loss 0.7993
[Nonlinear] Ep 1900, loss 0.7980

=== Current trial for n = 4000, trial = 18 ===
[1 1 2]
[Nonlinear] Ep 0, loss 40.9790
[Nonlinear] Ep 100, loss 22.7124
[Nonlinear] Ep 200, loss 13.3027
[Nonlinear] Ep 300, loss 7.0618
[Nonlinear] Ep 400, loss 2.7483
[Nonlinear] Ep 500, loss 0.7837
[Nonlinear] Ep 600, loss 0.2073
[Nonlinear] Ep 700, loss 0.0780
[Nonlinear] Ep 800, loss 0.0566
[Nonlinear] Ep 900, loss 0.0540
[Nonlinear] Ep 1000, loss 0.0538
[Nonlinear] Ep 1100, loss 0.0537
[Nonlinear] Ep 1200, loss 0.0536
[Nonlinear] Ep 1300, loss 0.0536
[Nonlinear] Ep 1400, loss 0.0535
[Nonlinear] Ep 1500, loss 0.0535
[Nonlinear] Ep 1600, loss 0.0534
[Nonlinear] Ep 1700, loss 0.0534
[Nonlinear] Ep 1800, loss 0.0534
[Nonlinear] Ep 1900, loss 0.0533
[Nonlinear] Ep 0, loss 39.0970
[Nonlinear] Ep 100, loss 25.1780
[Nonlinear] Ep 200, loss 11.4812
[Nonlinear] Ep 300, loss 4.7688
[Nonlinear] Ep 400, loss 1.8589
[Nonlinear] Ep 500, loss 0.7353
[Nonlinear] Ep 600, loss 0.3499
[Nonlinear] Ep 700, loss 0.2052
[Nonlinear] Ep 800, loss 0.1414
[Nonlinear] Ep 900, loss 0.1117
[Nonlinear] Ep 1000, loss 0.0979
[Nonlinear] Ep 1100, loss 0.0916
[Nonlinear] Ep 1200, loss 0.0889
[Nonlinear] Ep 1300, loss 0.0877
[Nonlinear] Ep 1400, loss 0.0871
[Nonlinear] Ep 1500, loss 0.0866
[Nonlinear] Ep 1600, loss 0.0863
[Nonlinear] Ep 1700, loss 0.0860
[Nonlinear] Ep 1800, loss 0.0857
[Nonlinear] Ep 1900, loss 0.0855
[Nonlinear] Ep 0, loss 42.5720
[Nonlinear] Ep 100, loss 15.9776
[Nonlinear] Ep 200, loss 9.5111
[Nonlinear] Ep 300, loss 5.0281
[Nonlinear] Ep 400, loss 2.3354
[Nonlinear] Ep 500, loss 1.1677
[Nonlinear] Ep 600, loss 0.8412
[Nonlinear] Ep 700, loss 0.7745
[Nonlinear] Ep 800, loss 0.7563
[Nonlinear] Ep 900, loss 0.7467
[Nonlinear] Ep 1000, loss 0.7405
[Nonlinear] Ep 1100, loss 0.7365
[Nonlinear] Ep 1200, loss 0.7337
[Nonlinear] Ep 1300, loss 0.7318
[Nonlinear] Ep 1400, loss 0.7305
[Nonlinear] Ep 1500, loss 0.7296
[Nonlinear] Ep 1600, loss 0.7290
[Nonlinear] Ep 1700, loss 0.7286
[Nonlinear] Ep 1800, loss 0.7282
[Nonlinear] Ep 1900, loss 0.7279

=== Current trial for n = 4000, trial = 19 ===
[1 1 2]
[Nonlinear] Ep 0, loss 2.3180
[Nonlinear] Ep 100, loss 0.1157
[Nonlinear] Ep 200, loss 0.0103
[Nonlinear] Ep 300, loss 0.0103
[Nonlinear] Ep 400, loss 0.0103
[Nonlinear] Ep 500, loss 0.0103
[Nonlinear] Ep 600, loss 0.0103
[Nonlinear] Ep 700, loss 0.0103
[Nonlinear] Ep 800, loss 0.0103
[Nonlinear] Ep 900, loss 0.0103
[Nonlinear] Ep 1000, loss 0.0103
[Nonlinear] Ep 1100, loss 0.0103
[Nonlinear] Ep 1200, loss 0.0103
[Nonlinear] Ep 1300, loss 0.0103
[Nonlinear] Ep 1400, loss 0.0103
[Nonlinear] Ep 1500, loss 0.0103
[Nonlinear] Ep 1600, loss 0.0103
[Nonlinear] Ep 1700, loss 0.0103
[Nonlinear] Ep 1800, loss 0.0103
[Nonlinear] Ep 1900, loss 0.0103
[Nonlinear] Ep 0, loss 2.7015
[Nonlinear] Ep 100, loss 0.5621
[Nonlinear] Ep 200, loss 0.0445
[Nonlinear] Ep 300, loss 0.0166
[Nonlinear] Ep 400, loss 0.0164
[Nonlinear] Ep 500, loss 0.0162
[Nonlinear] Ep 600, loss 0.0160
[Nonlinear] Ep 700, loss 0.0159
[Nonlinear] Ep 800, loss 0.0157
[Nonlinear] Ep 900, loss 0.0156
[Nonlinear] Ep 1000, loss 0.0155
[Nonlinear] Ep 1100, loss 0.0153
[Nonlinear] Ep 1200, loss 0.0152
[Nonlinear] Ep 1300, loss 0.0151
[Nonlinear] Ep 1400, loss 0.0150
[Nonlinear] Ep 1500, loss 0.0149
[Nonlinear] Ep 1600, loss 0.0147
[Nonlinear] Ep 1700, loss 0.0146
[Nonlinear] Ep 1800, loss 0.0144
[Nonlinear] Ep 1900, loss 0.0143
[Nonlinear] Ep 0, loss 2.0475
[Nonlinear] Ep 100, loss 0.0822
[Nonlinear] Ep 200, loss 0.0112
[Nonlinear] Ep 300, loss 0.0109
[Nonlinear] Ep 400, loss 0.0106
[Nonlinear] Ep 500, loss 0.0105
[Nonlinear] Ep 600, loss 0.0103
[Nonlinear] Ep 700, loss 0.0103
[Nonlinear] Ep 800, loss 0.0102
[Nonlinear] Ep 900, loss 0.0102
[Nonlinear] Ep 1000, loss 0.0102
[Nonlinear] Ep 1100, loss 0.0102
[Nonlinear] Ep 1200, loss 0.0102
[Nonlinear] Ep 1300, loss 0.0102
[Nonlinear] Ep 1400, loss 0.0102
[Nonlinear] Ep 1500, loss 0.0102
[Nonlinear] Ep 1600, loss 0.0102
[Nonlinear] Ep 1700, loss 0.0102
[Nonlinear] Ep 1800, loss 0.0102
[Nonlinear] Ep 1900, loss 0.0102

=== Current trial for n = 4000, trial = 20 ===
[1 1 2]
[Nonlinear] Ep 0, loss 3.8725
[Nonlinear] Ep 100, loss 0.2131
[Nonlinear] Ep 200, loss 0.0118
[Nonlinear] Ep 300, loss 0.0115
[Nonlinear] Ep 400, loss 0.0115
[Nonlinear] Ep 500, loss 0.0115
[Nonlinear] Ep 600, loss 0.0115
[Nonlinear] Ep 700, loss 0.0115
[Nonlinear] Ep 800, loss 0.0115
[Nonlinear] Ep 900, loss 0.0115
[Nonlinear] Ep 1000, loss 0.0115
[Nonlinear] Ep 1100, loss 0.0115
[Nonlinear] Ep 1200, loss 0.0115
[Nonlinear] Ep 1300, loss 0.0115
[Nonlinear] Ep 1400, loss 0.0115
[Nonlinear] Ep 1500, loss 0.0115
[Nonlinear] Ep 1600, loss 0.0115
[Nonlinear] Ep 1700, loss 0.0115
[Nonlinear] Ep 1800, loss 0.0115
[Nonlinear] Ep 1900, loss 0.0115
[Nonlinear] Ep 0, loss 2.4076
[Nonlinear] Ep 100, loss 0.3810
[Nonlinear] Ep 200, loss 0.0271
[Nonlinear] Ep 300, loss 0.0155
[Nonlinear] Ep 400, loss 0.0154
[Nonlinear] Ep 500, loss 0.0153
[Nonlinear] Ep 600, loss 0.0152
[Nonlinear] Ep 700, loss 0.0151
[Nonlinear] Ep 800, loss 0.0151
[Nonlinear] Ep 900, loss 0.0150
[Nonlinear] Ep 1000, loss 0.0149
[Nonlinear] Ep 1100, loss 0.0149
[Nonlinear] Ep 1200, loss 0.0148
[Nonlinear] Ep 1300, loss 0.0147
[Nonlinear] Ep 1400, loss 0.0147
[Nonlinear] Ep 1500, loss 0.0146
[Nonlinear] Ep 1600, loss 0.0145
[Nonlinear] Ep 1700, loss 0.0144
[Nonlinear] Ep 1800, loss 0.0143
[Nonlinear] Ep 1900, loss 0.0143
[Nonlinear] Ep 0, loss 2.2314
[Nonlinear] Ep 100, loss 0.0599
[Nonlinear] Ep 200, loss 0.0144
[Nonlinear] Ep 300, loss 0.0130
[Nonlinear] Ep 400, loss 0.0122
[Nonlinear] Ep 500, loss 0.0118
[Nonlinear] Ep 600, loss 0.0117
[Nonlinear] Ep 700, loss 0.0116
[Nonlinear] Ep 800, loss 0.0116
[Nonlinear] Ep 900, loss 0.0116
[Nonlinear] Ep 1000, loss 0.0116
[Nonlinear] Ep 1100, loss 0.0116
[Nonlinear] Ep 1200, loss 0.0116
[Nonlinear] Ep 1300, loss 0.0116
[Nonlinear] Ep 1400, loss 0.0116
[Nonlinear] Ep 1500, loss 0.0116
[Nonlinear] Ep 1600, loss 0.0116
[Nonlinear] Ep 1700, loss 0.0116
[Nonlinear] Ep 1800, loss 0.0116
[Nonlinear] Ep 1900, loss 0.0116

=== Current trial for n = 4000, trial = 21 ===
[1 1 2]
[Nonlinear] Ep 0, loss 36.0795
[Nonlinear] Ep 100, loss 17.9243
[Nonlinear] Ep 200, loss 10.2825
[Nonlinear] Ep 300, loss 5.7689
[Nonlinear] Ep 400, loss 2.8974
[Nonlinear] Ep 500, loss 1.5079
[Nonlinear] Ep 600, loss 0.8171
[Nonlinear] Ep 700, loss 0.4584
[Nonlinear] Ep 800, loss 0.2842
[Nonlinear] Ep 900, loss 0.1864
[Nonlinear] Ep 1000, loss 0.1315
[Nonlinear] Ep 1100, loss 0.1027
[Nonlinear] Ep 1200, loss 0.0890
[Nonlinear] Ep 1300, loss 0.0831
[Nonlinear] Ep 1400, loss 0.0806
[Nonlinear] Ep 1500, loss 0.0796
[Nonlinear] Ep 1600, loss 0.0792
[Nonlinear] Ep 1700, loss 0.0790
[Nonlinear] Ep 1800, loss 0.0789
[Nonlinear] Ep 1900, loss 0.0788
[Nonlinear] Ep 0, loss 42.3576
[Nonlinear] Ep 100, loss 27.9633
[Nonlinear] Ep 200, loss 13.1599
[Nonlinear] Ep 300, loss 5.6796
[Nonlinear] Ep 400, loss 2.4038
[Nonlinear] Ep 500, loss 0.7987
[Nonlinear] Ep 600, loss 0.2657
[Nonlinear] Ep 700, loss 0.1480
[Nonlinear] Ep 800, loss 0.1253
[Nonlinear] Ep 900, loss 0.1186
[Nonlinear] Ep 1000, loss 0.1151
[Nonlinear] Ep 1100, loss 0.1129
[Nonlinear] Ep 1200, loss 0.1115
[Nonlinear] Ep 1300, loss 0.1104
[Nonlinear] Ep 1400, loss 0.1096
[Nonlinear] Ep 1500, loss 0.1089
[Nonlinear] Ep 1600, loss 0.1084
[Nonlinear] Ep 1700, loss 0.1079
[Nonlinear] Ep 1800, loss 0.1075
[Nonlinear] Ep 1900, loss 0.1072
[Nonlinear] Ep 0, loss 44.2916
[Nonlinear] Ep 100, loss 17.3756
[Nonlinear] Ep 200, loss 11.4543
[Nonlinear] Ep 300, loss 7.3000
[Nonlinear] Ep 400, loss 3.7867
[Nonlinear] Ep 500, loss 1.7025
[Nonlinear] Ep 600, loss 0.9141
[Nonlinear] Ep 700, loss 0.7350
[Nonlinear] Ep 800, loss 0.7096
[Nonlinear] Ep 900, loss 0.7070
[Nonlinear] Ep 1000, loss 0.7065
[Nonlinear] Ep 1100, loss 0.7062
[Nonlinear] Ep 1200, loss 0.7059
[Nonlinear] Ep 1300, loss 0.7056
[Nonlinear] Ep 1400, loss 0.7053
[Nonlinear] Ep 1500, loss 0.7049
[Nonlinear] Ep 1600, loss 0.7046
[Nonlinear] Ep 1700, loss 0.7043
[Nonlinear] Ep 1800, loss 0.7039
[Nonlinear] Ep 1900, loss 0.7036

=== Current trial for n = 4000, trial = 22 ===
[1 1 2]
[Nonlinear] Ep 0, loss 1.8591
[Nonlinear] Ep 100, loss 0.0550
[Nonlinear] Ep 200, loss 0.0125
[Nonlinear] Ep 300, loss 0.0125
[Nonlinear] Ep 400, loss 0.0125
[Nonlinear] Ep 500, loss 0.0125
[Nonlinear] Ep 600, loss 0.0125
[Nonlinear] Ep 700, loss 0.0125
[Nonlinear] Ep 800, loss 0.0125
[Nonlinear] Ep 900, loss 0.0125
[Nonlinear] Ep 1000, loss 0.0125
[Nonlinear] Ep 1100, loss 0.0125
[Nonlinear] Ep 1200, loss 0.0125
[Nonlinear] Ep 1300, loss 0.0125
[Nonlinear] Ep 1400, loss 0.0125
[Nonlinear] Ep 1500, loss 0.0125
[Nonlinear] Ep 1600, loss 0.0125
[Nonlinear] Ep 1700, loss 0.0125
[Nonlinear] Ep 1800, loss 0.0125
[Nonlinear] Ep 1900, loss 0.0125
[Nonlinear] Ep 0, loss 1.9900
[Nonlinear] Ep 100, loss 0.3861
[Nonlinear] Ep 200, loss 0.0275
[Nonlinear] Ep 300, loss 0.0152
[Nonlinear] Ep 400, loss 0.0142
[Nonlinear] Ep 500, loss 0.0139
[Nonlinear] Ep 600, loss 0.0137
[Nonlinear] Ep 700, loss 0.0136
[Nonlinear] Ep 800, loss 0.0136
[Nonlinear] Ep 900, loss 0.0135
[Nonlinear] Ep 1000, loss 0.0135
[Nonlinear] Ep 1100, loss 0.0134
[Nonlinear] Ep 1200, loss 0.0134
[Nonlinear] Ep 1300, loss 0.0133
[Nonlinear] Ep 1400, loss 0.0133
[Nonlinear] Ep 1500, loss 0.0133
[Nonlinear] Ep 1600, loss 0.0132
[Nonlinear] Ep 1700, loss 0.0132
[Nonlinear] Ep 1800, loss 0.0132
[Nonlinear] Ep 1900, loss 0.0132
[Nonlinear] Ep 0, loss 3.1605
[Nonlinear] Ep 100, loss 0.1152
[Nonlinear] Ep 200, loss 0.0135
[Nonlinear] Ep 300, loss 0.0130
[Nonlinear] Ep 400, loss 0.0128
[Nonlinear] Ep 500, loss 0.0127
[Nonlinear] Ep 600, loss 0.0126
[Nonlinear] Ep 700, loss 0.0125
[Nonlinear] Ep 800, loss 0.0125
[Nonlinear] Ep 900, loss 0.0125
[Nonlinear] Ep 1000, loss 0.0124
[Nonlinear] Ep 1100, loss 0.0124
[Nonlinear] Ep 1200, loss 0.0124
[Nonlinear] Ep 1300, loss 0.0124
[Nonlinear] Ep 1400, loss 0.0124
[Nonlinear] Ep 1500, loss 0.0124
[Nonlinear] Ep 1600, loss 0.0124
[Nonlinear] Ep 1700, loss 0.0124
[Nonlinear] Ep 1800, loss 0.0124
[Nonlinear] Ep 1900, loss 0.0124

=== Current trial for n = 4000, trial = 23 ===
[1 1 2]
[Nonlinear] Ep 0, loss 41.3566
[Nonlinear] Ep 100, loss 19.6888
[Nonlinear] Ep 200, loss 9.0786
[Nonlinear] Ep 300, loss 4.2090
[Nonlinear] Ep 400, loss 1.4165
[Nonlinear] Ep 500, loss 0.3331
[Nonlinear] Ep 600, loss 0.0916
[Nonlinear] Ep 700, loss 0.0607
[Nonlinear] Ep 800, loss 0.0584
[Nonlinear] Ep 900, loss 0.0582
[Nonlinear] Ep 1000, loss 0.0582
[Nonlinear] Ep 1100, loss 0.0582
[Nonlinear] Ep 1200, loss 0.0582
[Nonlinear] Ep 1300, loss 0.0582
[Nonlinear] Ep 1400, loss 0.0582
[Nonlinear] Ep 1500, loss 0.0582
[Nonlinear] Ep 1600, loss 0.0582
[Nonlinear] Ep 1700, loss 0.0582
[Nonlinear] Ep 1800, loss 0.0582
[Nonlinear] Ep 1900, loss 0.0581
[Nonlinear] Ep 0, loss 43.6362
[Nonlinear] Ep 100, loss 29.1118
[Nonlinear] Ep 200, loss 14.0298
[Nonlinear] Ep 300, loss 6.0937
[Nonlinear] Ep 400, loss 3.0119
[Nonlinear] Ep 500, loss 1.2213
[Nonlinear] Ep 600, loss 0.4336
[Nonlinear] Ep 700, loss 0.2142
[Nonlinear] Ep 800, loss 0.1572
[Nonlinear] Ep 900, loss 0.1375
[Nonlinear] Ep 1000, loss 0.1286
[Nonlinear] Ep 1100, loss 0.1236
[Nonlinear] Ep 1200, loss 0.1206
[Nonlinear] Ep 1300, loss 0.1182
[Nonlinear] Ep 1400, loss 0.1164
[Nonlinear] Ep 1500, loss 0.1149
[Nonlinear] Ep 1600, loss 0.1135
[Nonlinear] Ep 1700, loss 0.1122
[Nonlinear] Ep 1800, loss 0.1110
[Nonlinear] Ep 1900, loss 0.1098
[Nonlinear] Ep 0, loss 40.1727
[Nonlinear] Ep 100, loss 17.8506
[Nonlinear] Ep 200, loss 11.8848
[Nonlinear] Ep 300, loss 7.1321
[Nonlinear] Ep 400, loss 3.3493
[Nonlinear] Ep 500, loss 1.4347
[Nonlinear] Ep 600, loss 0.8820
[Nonlinear] Ep 700, loss 0.7849
[Nonlinear] Ep 800, loss 0.7672
[Nonlinear] Ep 900, loss 0.7585
[Nonlinear] Ep 1000, loss 0.7522
[Nonlinear] Ep 1100, loss 0.7476
[Nonlinear] Ep 1200, loss 0.7442
[Nonlinear] Ep 1300, loss 0.7419
[Nonlinear] Ep 1400, loss 0.7403
[Nonlinear] Ep 1500, loss 0.7392
[Nonlinear] Ep 1600, loss 0.7385
[Nonlinear] Ep 1700, loss 0.7380
[Nonlinear] Ep 1800, loss 0.7376
[Nonlinear] Ep 1900, loss 0.7372

=== Current trial for n = 4000, trial = 24 ===
[1 1 2]
[Nonlinear] Ep 0, loss 1.2560
[Nonlinear] Ep 100, loss 0.0280
[Nonlinear] Ep 200, loss 0.0110
[Nonlinear] Ep 300, loss 0.0110
[Nonlinear] Ep 400, loss 0.0110
[Nonlinear] Ep 500, loss 0.0110
[Nonlinear] Ep 600, loss 0.0110
[Nonlinear] Ep 700, loss 0.0110
[Nonlinear] Ep 800, loss 0.0110
[Nonlinear] Ep 900, loss 0.0110
[Nonlinear] Ep 1000, loss 0.0110
[Nonlinear] Ep 1100, loss 0.0110
[Nonlinear] Ep 1200, loss 0.0110
[Nonlinear] Ep 1300, loss 0.0110
[Nonlinear] Ep 1400, loss 0.0110
[Nonlinear] Ep 1500, loss 0.0110
[Nonlinear] Ep 1600, loss 0.0110
[Nonlinear] Ep 1700, loss 0.0110
[Nonlinear] Ep 1800, loss 0.0110
[Nonlinear] Ep 1900, loss 0.0110
[Nonlinear] Ep 0, loss 1.6420
[Nonlinear] Ep 100, loss 0.3095
[Nonlinear] Ep 200, loss 0.0191
[Nonlinear] Ep 300, loss 0.0155
[Nonlinear] Ep 400, loss 0.0150
[Nonlinear] Ep 500, loss 0.0148
[Nonlinear] Ep 600, loss 0.0146
[Nonlinear] Ep 700, loss 0.0144
[Nonlinear] Ep 800, loss 0.0142
[Nonlinear] Ep 900, loss 0.0141
[Nonlinear] Ep 1000, loss 0.0140
[Nonlinear] Ep 1100, loss 0.0138
[Nonlinear] Ep 1200, loss 0.0137
[Nonlinear] Ep 1300, loss 0.0135
[Nonlinear] Ep 1400, loss 0.0134
[Nonlinear] Ep 1500, loss 0.0132
[Nonlinear] Ep 1600, loss 0.0131
[Nonlinear] Ep 1700, loss 0.0129
[Nonlinear] Ep 1800, loss 0.0128
[Nonlinear] Ep 1900, loss 0.0127
[Nonlinear] Ep 0, loss 0.6593
[Nonlinear] Ep 100, loss 0.0122
[Nonlinear] Ep 200, loss 0.0113
[Nonlinear] Ep 300, loss 0.0111
[Nonlinear] Ep 400, loss 0.0110
[Nonlinear] Ep 500, loss 0.0110
[Nonlinear] Ep 600, loss 0.0110
[Nonlinear] Ep 700, loss 0.0110
[Nonlinear] Ep 800, loss 0.0110
[Nonlinear] Ep 900, loss 0.0110
[Nonlinear] Ep 1000, loss 0.0110
[Nonlinear] Ep 1100, loss 0.0110
[Nonlinear] Ep 1200, loss 0.0110
[Nonlinear] Ep 1300, loss 0.0110
[Nonlinear] Ep 1400, loss 0.0110
[Nonlinear] Ep 1500, loss 0.0110
[Nonlinear] Ep 1600, loss 0.0110
[Nonlinear] Ep 1700, loss 0.0110
[Nonlinear] Ep 1800, loss 0.0110
[Nonlinear] Ep 1900, loss 0.0110

=== Current trial for n = 4000, trial = 25 ===
[1 1 2]
[Nonlinear] Ep 0, loss 39.9867
[Nonlinear] Ep 100, loss 18.7256
[Nonlinear] Ep 200, loss 11.0286
[Nonlinear] Ep 300, loss 6.5158
[Nonlinear] Ep 400, loss 3.0867
[Nonlinear] Ep 500, loss 1.1639
[Nonlinear] Ep 600, loss 0.3748
[Nonlinear] Ep 700, loss 0.1216
[Nonlinear] Ep 800, loss 0.0598
[Nonlinear] Ep 900, loss 0.0495
[Nonlinear] Ep 1000, loss 0.0483
[Nonlinear] Ep 1100, loss 0.0481
[Nonlinear] Ep 1200, loss 0.0481
[Nonlinear] Ep 1300, loss 0.0481
[Nonlinear] Ep 1400, loss 0.0480
[Nonlinear] Ep 1500, loss 0.0480
[Nonlinear] Ep 1600, loss 0.0480
[Nonlinear] Ep 1700, loss 0.0479
[Nonlinear] Ep 1800, loss 0.0479
[Nonlinear] Ep 1900, loss 0.0478
[Nonlinear] Ep 0, loss 47.6568
[Nonlinear] Ep 100, loss 31.0009
[Nonlinear] Ep 200, loss 13.7554
[Nonlinear] Ep 300, loss 4.9516
[Nonlinear] Ep 400, loss 2.0843
[Nonlinear] Ep 500, loss 0.8158
[Nonlinear] Ep 600, loss 0.2898
[Nonlinear] Ep 700, loss 0.1307
[Nonlinear] Ep 800, loss 0.0938
[Nonlinear] Ep 900, loss 0.0852
[Nonlinear] Ep 1000, loss 0.0824
[Nonlinear] Ep 1100, loss 0.0813
[Nonlinear] Ep 1200, loss 0.0808
[Nonlinear] Ep 1300, loss 0.0805
[Nonlinear] Ep 1400, loss 0.0803
[Nonlinear] Ep 1500, loss 0.0802
[Nonlinear] Ep 1600, loss 0.0800
[Nonlinear] Ep 1700, loss 0.0799
[Nonlinear] Ep 1800, loss 0.0797
[Nonlinear] Ep 1900, loss 0.0795
[Nonlinear] Ep 0, loss 34.4204
[Nonlinear] Ep 100, loss 16.1054
[Nonlinear] Ep 200, loss 11.9889
[Nonlinear] Ep 300, loss 7.8705
[Nonlinear] Ep 400, loss 4.0709
[Nonlinear] Ep 500, loss 1.7606
[Nonlinear] Ep 600, loss 0.9018
[Nonlinear] Ep 700, loss 0.7123
[Nonlinear] Ep 800, loss 0.6860
[Nonlinear] Ep 900, loss 0.6829
[Nonlinear] Ep 1000, loss 0.6819
[Nonlinear] Ep 1100, loss 0.6813
[Nonlinear] Ep 1200, loss 0.6808
[Nonlinear] Ep 1300, loss 0.6805
[Nonlinear] Ep 1400, loss 0.6802
[Nonlinear] Ep 1500, loss 0.6799
[Nonlinear] Ep 1600, loss 0.6798
[Nonlinear] Ep 1700, loss 0.6796
[Nonlinear] Ep 1800, loss 0.6794
[Nonlinear] Ep 1900, loss 0.6793

=== Current trial for n = 4000, trial = 26 ===
[1 1 2]
[Nonlinear] Ep 0, loss 44.4085
[Nonlinear] Ep 100, loss 23.8678
[Nonlinear] Ep 200, loss 11.7754
[Nonlinear] Ep 300, loss 4.9908
[Nonlinear] Ep 400, loss 1.4978
[Nonlinear] Ep 500, loss 0.3257
[Nonlinear] Ep 600, loss 0.1036
[Nonlinear] Ep 700, loss 0.0782
[Nonlinear] Ep 800, loss 0.0762
[Nonlinear] Ep 900, loss 0.0761
[Nonlinear] Ep 1000, loss 0.0760
[Nonlinear] Ep 1100, loss 0.0760
[Nonlinear] Ep 1200, loss 0.0759
[Nonlinear] Ep 1300, loss 0.0759
[Nonlinear] Ep 1400, loss 0.0758
[Nonlinear] Ep 1500, loss 0.0757
[Nonlinear] Ep 1600, loss 0.0757
[Nonlinear] Ep 1700, loss 0.0756
[Nonlinear] Ep 1800, loss 0.0755
[Nonlinear] Ep 1900, loss 0.0755
[Nonlinear] Ep 0, loss 41.1031
[Nonlinear] Ep 100, loss 27.6880
[Nonlinear] Ep 200, loss 13.5199
[Nonlinear] Ep 300, loss 5.9881
[Nonlinear] Ep 400, loss 2.3785
[Nonlinear] Ep 500, loss 0.7174
[Nonlinear] Ep 600, loss 0.2562
[Nonlinear] Ep 700, loss 0.1607
[Nonlinear] Ep 800, loss 0.1317
[Nonlinear] Ep 900, loss 0.1187
[Nonlinear] Ep 1000, loss 0.1127
[Nonlinear] Ep 1100, loss 0.1098
[Nonlinear] Ep 1200, loss 0.1081
[Nonlinear] Ep 1300, loss 0.1071
[Nonlinear] Ep 1400, loss 0.1063
[Nonlinear] Ep 1500, loss 0.1056
[Nonlinear] Ep 1600, loss 0.1050
[Nonlinear] Ep 1700, loss 0.1044
[Nonlinear] Ep 1800, loss 0.1038
[Nonlinear] Ep 1900, loss 0.1032
[Nonlinear] Ep 0, loss 40.5641
[Nonlinear] Ep 100, loss 18.1922
[Nonlinear] Ep 200, loss 11.1010
[Nonlinear] Ep 300, loss 6.4835
[Nonlinear] Ep 400, loss 2.9769
[Nonlinear] Ep 500, loss 1.2775
[Nonlinear] Ep 600, loss 0.8002
[Nonlinear] Ep 700, loss 0.7236
[Nonlinear] Ep 800, loss 0.7153
[Nonlinear] Ep 900, loss 0.7139
[Nonlinear] Ep 1000, loss 0.7130
[Nonlinear] Ep 1100, loss 0.7123
[Nonlinear] Ep 1200, loss 0.7117
[Nonlinear] Ep 1300, loss 0.7111
[Nonlinear] Ep 1400, loss 0.7107
[Nonlinear] Ep 1500, loss 0.7104
[Nonlinear] Ep 1600, loss 0.7101
[Nonlinear] Ep 1700, loss 0.7099
[Nonlinear] Ep 1800, loss 0.7097
[Nonlinear] Ep 1900, loss 0.7095

=== Current trial for n = 4000, trial = 27 ===
[1 1 2]
[Nonlinear] Ep 0, loss 39.8164
[Nonlinear] Ep 100, loss 18.4427
[Nonlinear] Ep 200, loss 9.6973
[Nonlinear] Ep 300, loss 5.2038
[Nonlinear] Ep 400, loss 2.2059
[Nonlinear] Ep 500, loss 0.7035
[Nonlinear] Ep 600, loss 0.2013
[Nonlinear] Ep 700, loss 0.0848
[Nonlinear] Ep 800, loss 0.0667
[Nonlinear] Ep 900, loss 0.0647
[Nonlinear] Ep 1000, loss 0.0645
[Nonlinear] Ep 1100, loss 0.0645
[Nonlinear] Ep 1200, loss 0.0645
[Nonlinear] Ep 1300, loss 0.0645
[Nonlinear] Ep 1400, loss 0.0645
[Nonlinear] Ep 1500, loss 0.0645
[Nonlinear] Ep 1600, loss 0.0645
[Nonlinear] Ep 1700, loss 0.0645
[Nonlinear] Ep 1800, loss 0.0645
[Nonlinear] Ep 1900, loss 0.0644
[Nonlinear] Ep 0, loss 41.1847
[Nonlinear] Ep 100, loss 27.5135
[Nonlinear] Ep 200, loss 12.5444
[Nonlinear] Ep 300, loss 4.3306
[Nonlinear] Ep 400, loss 1.0415
[Nonlinear] Ep 500, loss 0.2262
[Nonlinear] Ep 600, loss 0.1226
[Nonlinear] Ep 700, loss 0.1067
[Nonlinear] Ep 800, loss 0.0982
[Nonlinear] Ep 900, loss 0.0922
[Nonlinear] Ep 1000, loss 0.0882
[Nonlinear] Ep 1100, loss 0.0856
[Nonlinear] Ep 1200, loss 0.0840
[Nonlinear] Ep 1300, loss 0.0829
[Nonlinear] Ep 1400, loss 0.0822
[Nonlinear] Ep 1500, loss 0.0816
[Nonlinear] Ep 1600, loss 0.0812
[Nonlinear] Ep 1700, loss 0.0808
[Nonlinear] Ep 1800, loss 0.0804
[Nonlinear] Ep 1900, loss 0.0800
[Nonlinear] Ep 0, loss 52.0822
[Nonlinear] Ep 100, loss 21.1406
[Nonlinear] Ep 200, loss 13.4429
[Nonlinear] Ep 300, loss 10.0666
[Nonlinear] Ep 400, loss 6.1868
[Nonlinear] Ep 500, loss 3.0797
[Nonlinear] Ep 600, loss 1.3506
[Nonlinear] Ep 700, loss 0.7830
[Nonlinear] Ep 800, loss 0.6624
[Nonlinear] Ep 900, loss 0.6432
[Nonlinear] Ep 1000, loss 0.6393
[Nonlinear] Ep 1100, loss 0.6375
[Nonlinear] Ep 1200, loss 0.6362
[Nonlinear] Ep 1300, loss 0.6353
[Nonlinear] Ep 1400, loss 0.6347
[Nonlinear] Ep 1500, loss 0.6343
[Nonlinear] Ep 1600, loss 0.6340
[Nonlinear] Ep 1700, loss 0.6338
[Nonlinear] Ep 1800, loss 0.6336
[Nonlinear] Ep 1900, loss 0.6334

=== Current trial for n = 4000, trial = 28 ===
[1 1 2]
[Nonlinear] Ep 0, loss 2.2981
[Nonlinear] Ep 100, loss 0.0696
[Nonlinear] Ep 200, loss 0.0119
[Nonlinear] Ep 300, loss 0.0119
[Nonlinear] Ep 400, loss 0.0119
[Nonlinear] Ep 500, loss 0.0119
[Nonlinear] Ep 600, loss 0.0119
[Nonlinear] Ep 700, loss 0.0119
[Nonlinear] Ep 800, loss 0.0119
[Nonlinear] Ep 900, loss 0.0119
[Nonlinear] Ep 1000, loss 0.0119
[Nonlinear] Ep 1100, loss 0.0119
[Nonlinear] Ep 1200, loss 0.0119
[Nonlinear] Ep 1300, loss 0.0119
[Nonlinear] Ep 1400, loss 0.0118
[Nonlinear] Ep 1500, loss 0.0118
[Nonlinear] Ep 1600, loss 0.0118
[Nonlinear] Ep 1700, loss 0.0118
[Nonlinear] Ep 1800, loss 0.0118
[Nonlinear] Ep 1900, loss 0.0118
[Nonlinear] Ep 0, loss 1.6454
[Nonlinear] Ep 100, loss 0.2955
[Nonlinear] Ep 200, loss 0.0151
[Nonlinear] Ep 300, loss 0.0130
[Nonlinear] Ep 400, loss 0.0130
[Nonlinear] Ep 500, loss 0.0129
[Nonlinear] Ep 600, loss 0.0129
[Nonlinear] Ep 700, loss 0.0128
[Nonlinear] Ep 800, loss 0.0128
[Nonlinear] Ep 900, loss 0.0128
[Nonlinear] Ep 1000, loss 0.0127
[Nonlinear] Ep 1100, loss 0.0127
[Nonlinear] Ep 1200, loss 0.0127
[Nonlinear] Ep 1300, loss 0.0127
[Nonlinear] Ep 1400, loss 0.0126
[Nonlinear] Ep 1500, loss 0.0126
[Nonlinear] Ep 1600, loss 0.0126
[Nonlinear] Ep 1700, loss 0.0126
[Nonlinear] Ep 1800, loss 0.0125
[Nonlinear] Ep 1900, loss 0.0125
[Nonlinear] Ep 0, loss 1.9294
[Nonlinear] Ep 100, loss 0.1016
[Nonlinear] Ep 200, loss 0.0119
[Nonlinear] Ep 300, loss 0.0118
[Nonlinear] Ep 400, loss 0.0118
[Nonlinear] Ep 500, loss 0.0118
[Nonlinear] Ep 600, loss 0.0118
[Nonlinear] Ep 700, loss 0.0118
[Nonlinear] Ep 800, loss 0.0118
[Nonlinear] Ep 900, loss 0.0118
[Nonlinear] Ep 1000, loss 0.0118
[Nonlinear] Ep 1100, loss 0.0118
[Nonlinear] Ep 1200, loss 0.0118
[Nonlinear] Ep 1300, loss 0.0118
[Nonlinear] Ep 1400, loss 0.0118
[Nonlinear] Ep 1500, loss 0.0118
[Nonlinear] Ep 1600, loss 0.0118
[Nonlinear] Ep 1700, loss 0.0118
[Nonlinear] Ep 1800, loss 0.0118
[Nonlinear] Ep 1900, loss 0.0118

=== Current trial for n = 4000, trial = 29 ===
[1 1 2]
[Nonlinear] Ep 0, loss 37.4382
[Nonlinear] Ep 100, loss 18.9677
[Nonlinear] Ep 200, loss 8.7339
[Nonlinear] Ep 300, loss 3.2574
[Nonlinear] Ep 400, loss 0.7687
[Nonlinear] Ep 500, loss 0.1364
[Nonlinear] Ep 600, loss 0.0617
[Nonlinear] Ep 700, loss 0.0571
[Nonlinear] Ep 800, loss 0.0569
[Nonlinear] Ep 900, loss 0.0568
[Nonlinear] Ep 1000, loss 0.0567
[Nonlinear] Ep 1100, loss 0.0566
[Nonlinear] Ep 1200, loss 0.0566
[Nonlinear] Ep 1300, loss 0.0565
[Nonlinear] Ep 1400, loss 0.0564
[Nonlinear] Ep 1500, loss 0.0563
[Nonlinear] Ep 1600, loss 0.0562
[Nonlinear] Ep 1700, loss 0.0561
[Nonlinear] Ep 1800, loss 0.0560
[Nonlinear] Ep 1900, loss 0.0559
[Nonlinear] Ep 0, loss 45.0868
[Nonlinear] Ep 100, loss 31.7958
[Nonlinear] Ep 200, loss 16.4483
[Nonlinear] Ep 300, loss 7.3186
[Nonlinear] Ep 400, loss 3.3934
[Nonlinear] Ep 500, loss 1.2774
[Nonlinear] Ep 600, loss 0.3510
[Nonlinear] Ep 700, loss 0.1324
[Nonlinear] Ep 800, loss 0.1038
[Nonlinear] Ep 900, loss 0.0946
[Nonlinear] Ep 1000, loss 0.0918
[Nonlinear] Ep 1100, loss 0.0908
[Nonlinear] Ep 1200, loss 0.0902
[Nonlinear] Ep 1300, loss 0.0896
[Nonlinear] Ep 1400, loss 0.0891
[Nonlinear] Ep 1500, loss 0.0886
[Nonlinear] Ep 1600, loss 0.0880
[Nonlinear] Ep 1700, loss 0.0875
[Nonlinear] Ep 1800, loss 0.0870
[Nonlinear] Ep 1900, loss 0.0865
[Nonlinear] Ep 0, loss 44.7146
[Nonlinear] Ep 100, loss 19.9689
[Nonlinear] Ep 200, loss 13.4224
[Nonlinear] Ep 300, loss 8.9249
[Nonlinear] Ep 400, loss 4.9749
[Nonlinear] Ep 500, loss 2.3862
[Nonlinear] Ep 600, loss 1.1473
[Nonlinear] Ep 700, loss 0.7634
[Nonlinear] Ep 800, loss 0.6908
[Nonlinear] Ep 900, loss 0.6812
[Nonlinear] Ep 1000, loss 0.6793
[Nonlinear] Ep 1100, loss 0.6781
[Nonlinear] Ep 1200, loss 0.6770
[Nonlinear] Ep 1300, loss 0.6760
[Nonlinear] Ep 1400, loss 0.6752
[Nonlinear] Ep 1500, loss 0.6744
[Nonlinear] Ep 1600, loss 0.6738
[Nonlinear] Ep 1700, loss 0.6732
[Nonlinear] Ep 1800, loss 0.6727
[Nonlinear] Ep 1900, loss 0.6722

=== Current trial for n = 4000, trial = 30 ===
[1 1 2]
[Nonlinear] Ep 0, loss 2.1867
[Nonlinear] Ep 100, loss 0.0503
[Nonlinear] Ep 200, loss 0.0108
[Nonlinear] Ep 300, loss 0.0108
[Nonlinear] Ep 400, loss 0.0108
[Nonlinear] Ep 500, loss 0.0108
[Nonlinear] Ep 600, loss 0.0108
[Nonlinear] Ep 700, loss 0.0108
[Nonlinear] Ep 800, loss 0.0108
[Nonlinear] Ep 900, loss 0.0108
[Nonlinear] Ep 1000, loss 0.0108
[Nonlinear] Ep 1100, loss 0.0108
[Nonlinear] Ep 1200, loss 0.0108
[Nonlinear] Ep 1300, loss 0.0108
[Nonlinear] Ep 1400, loss 0.0108
[Nonlinear] Ep 1500, loss 0.0108
[Nonlinear] Ep 1600, loss 0.0108
[Nonlinear] Ep 1700, loss 0.0108
[Nonlinear] Ep 1800, loss 0.0108
[Nonlinear] Ep 1900, loss 0.0108
[Nonlinear] Ep 0, loss 2.4570
[Nonlinear] Ep 100, loss 0.6631
[Nonlinear] Ep 200, loss 0.0615
[Nonlinear] Ep 300, loss 0.0179
[Nonlinear] Ep 400, loss 0.0169
[Nonlinear] Ep 500, loss 0.0163
[Nonlinear] Ep 600, loss 0.0159
[Nonlinear] Ep 700, loss 0.0155
[Nonlinear] Ep 800, loss 0.0152
[Nonlinear] Ep 900, loss 0.0148
[Nonlinear] Ep 1000, loss 0.0146
[Nonlinear] Ep 1100, loss 0.0143
[Nonlinear] Ep 1200, loss 0.0142
[Nonlinear] Ep 1300, loss 0.0140
[Nonlinear] Ep 1400, loss 0.0139
[Nonlinear] Ep 1500, loss 0.0138
[Nonlinear] Ep 1600, loss 0.0137
[Nonlinear] Ep 1700, loss 0.0136
[Nonlinear] Ep 1800, loss 0.0135
[Nonlinear] Ep 1900, loss 0.0134
[Nonlinear] Ep 0, loss 1.6960
[Nonlinear] Ep 100, loss 0.1328
[Nonlinear] Ep 200, loss 0.0108
[Nonlinear] Ep 300, loss 0.0108
[Nonlinear] Ep 400, loss 0.0108
[Nonlinear] Ep 500, loss 0.0108
[Nonlinear] Ep 600, loss 0.0108
[Nonlinear] Ep 700, loss 0.0108
[Nonlinear] Ep 800, loss 0.0108
[Nonlinear] Ep 900, loss 0.0108
[Nonlinear] Ep 1000, loss 0.0108
[Nonlinear] Ep 1100, loss 0.0108
[Nonlinear] Ep 1200, loss 0.0108
[Nonlinear] Ep 1300, loss 0.0108
[Nonlinear] Ep 1400, loss 0.0108
[Nonlinear] Ep 1500, loss 0.0108
[Nonlinear] Ep 1600, loss 0.0108
[Nonlinear] Ep 1700, loss 0.0108
[Nonlinear] Ep 1800, loss 0.0108
[Nonlinear] Ep 1900, loss 0.0108
>>> Finished experiment for n = 4000
>>> Result: {'n': 4000, 'clustered': [np.float64(0.015548339159282793), np.float64(0.01957354503745529), np.float64(0.0017718371192449386)], 'same_cluster': [np.float64(0.05425820165232309), np.float64(0.06730286099556958), np.float64(0.02795797763137754)], 'distinct_clusters': [np.float64(0.03920089392834106), np.float64(0.045184245387057745), np.float64(0.0017813381328103117)], 'pred_clustered': np.float64(0.044094072251015984), 'pred_same_cluster': np.float64(0.06670960330320307), 'pred_distinct_clusters': np.float64(0.47267000421140054)}
>>> Saving CSV
>>> Plots saved
!!! Error during saving/plotting for n = 4000: [Errno 2] No such file or directory: 'Plots/pred_nl_comp_singid/clustered_n_4000.png'
