=== Starting job ID 1 on node midway3-0176.rcc.local ===
Running AMP experiment for n = 2500
>>> Script started
>>> Running AMP comparison experiment with n = 2500

=== Current trial for n = 2500, trial = 1 ===
[1 1 2]
[Nonlinear] Ep 0, loss 40.6283
[Nonlinear] Ep 100, loss 20.2317
[Nonlinear] Ep 200, loss 9.7551
[Nonlinear] Ep 300, loss 4.3701
[Nonlinear] Ep 400, loss 1.3840
[Nonlinear] Ep 500, loss 0.3185
[Nonlinear] Ep 600, loss 0.0948
[Nonlinear] Ep 700, loss 0.0696
[Nonlinear] Ep 800, loss 0.0679
[Nonlinear] Ep 900, loss 0.0676
[Nonlinear] Ep 1000, loss 0.0673
[Nonlinear] Ep 1100, loss 0.0671
[Nonlinear] Ep 1200, loss 0.0669
[Nonlinear] Ep 1300, loss 0.0666
[Nonlinear] Ep 1400, loss 0.0664
[Nonlinear] Ep 1500, loss 0.0662
[Nonlinear] Ep 1600, loss 0.0659
[Nonlinear] Ep 1700, loss 0.0657
[Nonlinear] Ep 1800, loss 0.0655
[Nonlinear] Ep 1900, loss 0.0652
[Nonlinear] Ep 0, loss 45.1296
[Nonlinear] Ep 100, loss 31.2131
[Nonlinear] Ep 200, loss 14.8122
[Nonlinear] Ep 300, loss 6.0166
[Nonlinear] Ep 400, loss 2.0853
[Nonlinear] Ep 500, loss 0.5736
[Nonlinear] Ep 600, loss 0.1834
[Nonlinear] Ep 700, loss 0.1097
[Nonlinear] Ep 800, loss 0.0947
[Nonlinear] Ep 900, loss 0.0884
[Nonlinear] Ep 1000, loss 0.0830
[Nonlinear] Ep 1100, loss 0.0788
[Nonlinear] Ep 1200, loss 0.0758
[Nonlinear] Ep 1300, loss 0.0737
[Nonlinear] Ep 1400, loss 0.0722
[Nonlinear] Ep 1500, loss 0.0711
[Nonlinear] Ep 1600, loss 0.0703
[Nonlinear] Ep 1700, loss 0.0698
[Nonlinear] Ep 1800, loss 0.0693
[Nonlinear] Ep 1900, loss 0.0689
[Nonlinear] Ep 0, loss 38.3651
[Nonlinear] Ep 100, loss 16.4357
[Nonlinear] Ep 200, loss 10.5893
[Nonlinear] Ep 300, loss 5.9680
[Nonlinear] Ep 400, loss 2.5792
[Nonlinear] Ep 500, loss 1.0967
[Nonlinear] Ep 600, loss 0.7306
[Nonlinear] Ep 700, loss 0.6796
[Nonlinear] Ep 800, loss 0.6745
[Nonlinear] Ep 900, loss 0.6734
[Nonlinear] Ep 1000, loss 0.6726
[Nonlinear] Ep 1100, loss 0.6718
[Nonlinear] Ep 1200, loss 0.6711
[Nonlinear] Ep 1300, loss 0.6705
[Nonlinear] Ep 1400, loss 0.6701
[Nonlinear] Ep 1500, loss 0.6696
[Nonlinear] Ep 1600, loss 0.6693
[Nonlinear] Ep 1700, loss 0.6690
[Nonlinear] Ep 1800, loss 0.6687
[Nonlinear] Ep 1900, loss 0.6684

=== Current trial for n = 2500, trial = 2 ===
[1 1 2]
[Nonlinear] Ep 0, loss 1.2576
[Nonlinear] Ep 100, loss 0.0152
[Nonlinear] Ep 200, loss 0.0106
[Nonlinear] Ep 300, loss 0.0106
[Nonlinear] Ep 400, loss 0.0106
[Nonlinear] Ep 500, loss 0.0106
[Nonlinear] Ep 600, loss 0.0106
[Nonlinear] Ep 700, loss 0.0106
[Nonlinear] Ep 800, loss 0.0106
[Nonlinear] Ep 900, loss 0.0106
[Nonlinear] Ep 1000, loss 0.0106
[Nonlinear] Ep 1100, loss 0.0106
[Nonlinear] Ep 1200, loss 0.0106
[Nonlinear] Ep 1300, loss 0.0106
[Nonlinear] Ep 1400, loss 0.0106
[Nonlinear] Ep 1500, loss 0.0106
[Nonlinear] Ep 1600, loss 0.0106
[Nonlinear] Ep 1700, loss 0.0106
[Nonlinear] Ep 1800, loss 0.0106
[Nonlinear] Ep 1900, loss 0.0106
[Nonlinear] Ep 0, loss 1.8091
[Nonlinear] Ep 100, loss 0.2274
[Nonlinear] Ep 200, loss 0.0158
[Nonlinear] Ep 300, loss 0.0133
[Nonlinear] Ep 400, loss 0.0127
[Nonlinear] Ep 500, loss 0.0125
[Nonlinear] Ep 600, loss 0.0124
[Nonlinear] Ep 700, loss 0.0123
[Nonlinear] Ep 800, loss 0.0122
[Nonlinear] Ep 900, loss 0.0122
[Nonlinear] Ep 1000, loss 0.0121
[Nonlinear] Ep 1100, loss 0.0121
[Nonlinear] Ep 1200, loss 0.0120
[Nonlinear] Ep 1300, loss 0.0120
[Nonlinear] Ep 1400, loss 0.0120
[Nonlinear] Ep 1500, loss 0.0119
[Nonlinear] Ep 1600, loss 0.0119
[Nonlinear] Ep 1700, loss 0.0119
[Nonlinear] Ep 1800, loss 0.0118
[Nonlinear] Ep 1900, loss 0.0118
[Nonlinear] Ep 0, loss 1.3999
[Nonlinear] Ep 100, loss 0.0156
[Nonlinear] Ep 200, loss 0.0129
[Nonlinear] Ep 300, loss 0.0121
[Nonlinear] Ep 400, loss 0.0114
[Nonlinear] Ep 500, loss 0.0110
[Nonlinear] Ep 600, loss 0.0108
[Nonlinear] Ep 700, loss 0.0107
[Nonlinear] Ep 800, loss 0.0107
[Nonlinear] Ep 900, loss 0.0106
[Nonlinear] Ep 1000, loss 0.0106
[Nonlinear] Ep 1100, loss 0.0106
[Nonlinear] Ep 1200, loss 0.0106
[Nonlinear] Ep 1300, loss 0.0106
[Nonlinear] Ep 1400, loss 0.0106
[Nonlinear] Ep 1500, loss 0.0106
[Nonlinear] Ep 1600, loss 0.0106
[Nonlinear] Ep 1700, loss 0.0106
[Nonlinear] Ep 1800, loss 0.0106
[Nonlinear] Ep 1900, loss 0.0106

=== Current trial for n = 2500, trial = 3 ===
[1 1 2]
[Nonlinear] Ep 0, loss 43.6904
[Nonlinear] Ep 100, loss 23.5041
[Nonlinear] Ep 200, loss 11.1728
[Nonlinear] Ep 300, loss 4.4808
[Nonlinear] Ep 400, loss 1.2223
[Nonlinear] Ep 500, loss 0.2297
[Nonlinear] Ep 600, loss 0.0715
[Nonlinear] Ep 700, loss 0.0579
[Nonlinear] Ep 800, loss 0.0572
[Nonlinear] Ep 900, loss 0.0572
[Nonlinear] Ep 1000, loss 0.0572
[Nonlinear] Ep 1100, loss 0.0572
[Nonlinear] Ep 1200, loss 0.0572
[Nonlinear] Ep 1300, loss 0.0571
[Nonlinear] Ep 1400, loss 0.0571
[Nonlinear] Ep 1500, loss 0.0571
[Nonlinear] Ep 1600, loss 0.0571
[Nonlinear] Ep 1700, loss 0.0571
[Nonlinear] Ep 1800, loss 0.0571
[Nonlinear] Ep 1900, loss 0.0571
[Nonlinear] Ep 0, loss 44.2154
[Nonlinear] Ep 100, loss 30.4376
[Nonlinear] Ep 200, loss 13.9868
[Nonlinear] Ep 300, loss 5.2908
[Nonlinear] Ep 400, loss 2.3532
[Nonlinear] Ep 500, loss 1.0529
[Nonlinear] Ep 600, loss 0.5052
[Nonlinear] Ep 700, loss 0.3040
[Nonlinear] Ep 800, loss 0.2270
[Nonlinear] Ep 900, loss 0.1896
[Nonlinear] Ep 1000, loss 0.1696
[Nonlinear] Ep 1100, loss 0.1569
[Nonlinear] Ep 1200, loss 0.1488
[Nonlinear] Ep 1300, loss 0.1431
[Nonlinear] Ep 1400, loss 0.1394
[Nonlinear] Ep 1500, loss 0.1363
[Nonlinear] Ep 1600, loss 0.1337
[Nonlinear] Ep 1700, loss 0.1317
[Nonlinear] Ep 1800, loss 0.1299
[Nonlinear] Ep 1900, loss 0.1283
[Nonlinear] Ep 0, loss 44.4382
[Nonlinear] Ep 100, loss 17.3739
[Nonlinear] Ep 200, loss 10.7656
[Nonlinear] Ep 300, loss 6.7734
[Nonlinear] Ep 400, loss 3.5431
[Nonlinear] Ep 500, loss 1.6874
[Nonlinear] Ep 600, loss 0.9677
[Nonlinear] Ep 700, loss 0.7804
[Nonlinear] Ep 800, loss 0.7408
[Nonlinear] Ep 900, loss 0.7289
[Nonlinear] Ep 1000, loss 0.7228
[Nonlinear] Ep 1100, loss 0.7187
[Nonlinear] Ep 1200, loss 0.7158
[Nonlinear] Ep 1300, loss 0.7138
[Nonlinear] Ep 1400, loss 0.7123
[Nonlinear] Ep 1500, loss 0.7113
[Nonlinear] Ep 1600, loss 0.7106
[Nonlinear] Ep 1700, loss 0.7101
[Nonlinear] Ep 1800, loss 0.7096
[Nonlinear] Ep 1900, loss 0.7092

=== Current trial for n = 2500, trial = 4 ===
[1 1 2]
[Nonlinear] Ep 0, loss 41.7776
[Nonlinear] Ep 100, loss 20.7190
[Nonlinear] Ep 200, loss 11.4933
[Nonlinear] Ep 300, loss 7.7034
[Nonlinear] Ep 400, loss 3.9417
[Nonlinear] Ep 500, loss 1.2752
[Nonlinear] Ep 600, loss 0.2988
[Nonlinear] Ep 700, loss 0.0988
[Nonlinear] Ep 800, loss 0.0750
[Nonlinear] Ep 900, loss 0.0731
[Nonlinear] Ep 1000, loss 0.0729
[Nonlinear] Ep 1100, loss 0.0729
[Nonlinear] Ep 1200, loss 0.0728
[Nonlinear] Ep 1300, loss 0.0728
[Nonlinear] Ep 1400, loss 0.0728
[Nonlinear] Ep 1500, loss 0.0727
[Nonlinear] Ep 1600, loss 0.0727
[Nonlinear] Ep 1700, loss 0.0726
[Nonlinear] Ep 1800, loss 0.0726
[Nonlinear] Ep 1900, loss 0.0725
[Nonlinear] Ep 0, loss 42.0205
[Nonlinear] Ep 100, loss 29.8852
[Nonlinear] Ep 200, loss 16.0254
[Nonlinear] Ep 300, loss 6.4372
[Nonlinear] Ep 400, loss 2.1645
[Nonlinear] Ep 500, loss 0.5586
[Nonlinear] Ep 600, loss 0.1835
[Nonlinear] Ep 700, loss 0.1142
[Nonlinear] Ep 800, loss 0.0966
[Nonlinear] Ep 900, loss 0.0893
[Nonlinear] Ep 1000, loss 0.0867
[Nonlinear] Ep 1100, loss 0.0857
[Nonlinear] Ep 1200, loss 0.0850
[Nonlinear] Ep 1300, loss 0.0845
[Nonlinear] Ep 1400, loss 0.0841
[Nonlinear] Ep 1500, loss 0.0837
[Nonlinear] Ep 1600, loss 0.0834
[Nonlinear] Ep 1700, loss 0.0830
[Nonlinear] Ep 1800, loss 0.0827
[Nonlinear] Ep 1900, loss 0.0824
[Nonlinear] Ep 0, loss 43.9706
[Nonlinear] Ep 100, loss 18.7025
[Nonlinear] Ep 200, loss 12.8037
[Nonlinear] Ep 300, loss 8.5391
[Nonlinear] Ep 400, loss 4.4790
[Nonlinear] Ep 500, loss 1.9180
[Nonlinear] Ep 600, loss 0.9989
[Nonlinear] Ep 700, loss 0.8113
[Nonlinear] Ep 800, loss 0.7839
[Nonlinear] Ep 900, loss 0.7760
[Nonlinear] Ep 1000, loss 0.7703
[Nonlinear] Ep 1100, loss 0.7655
[Nonlinear] Ep 1200, loss 0.7616
[Nonlinear] Ep 1300, loss 0.7584
[Nonlinear] Ep 1400, loss 0.7560
[Nonlinear] Ep 1500, loss 0.7542
[Nonlinear] Ep 1600, loss 0.7529
[Nonlinear] Ep 1700, loss 0.7520
[Nonlinear] Ep 1800, loss 0.7513
[Nonlinear] Ep 1900, loss 0.7509

=== Current trial for n = 2500, trial = 5 ===
[1 1 2]
[Nonlinear] Ep 0, loss 38.6373
[Nonlinear] Ep 100, loss 18.6682
[Nonlinear] Ep 200, loss 10.7038
[Nonlinear] Ep 300, loss 5.9153
[Nonlinear] Ep 400, loss 2.4357
[Nonlinear] Ep 500, loss 0.9346
[Nonlinear] Ep 600, loss 0.4697
[Nonlinear] Ep 700, loss 0.2580
[Nonlinear] Ep 800, loss 0.1480
[Nonlinear] Ep 900, loss 0.0941
[Nonlinear] Ep 1000, loss 0.0701
[Nonlinear] Ep 1100, loss 0.0606
[Nonlinear] Ep 1200, loss 0.0571
[Nonlinear] Ep 1300, loss 0.0560
[Nonlinear] Ep 1400, loss 0.0557
[Nonlinear] Ep 1500, loss 0.0556
[Nonlinear] Ep 1600, loss 0.0556
[Nonlinear] Ep 1700, loss 0.0555
[Nonlinear] Ep 1800, loss 0.0555
[Nonlinear] Ep 1900, loss 0.0555
[Nonlinear] Ep 0, loss 40.3599
[Nonlinear] Ep 100, loss 26.2732
[Nonlinear] Ep 200, loss 12.0702
[Nonlinear] Ep 300, loss 4.3455
[Nonlinear] Ep 400, loss 1.3066
[Nonlinear] Ep 500, loss 0.3367
[Nonlinear] Ep 600, loss 0.1322
[Nonlinear] Ep 700, loss 0.1051
[Nonlinear] Ep 800, loss 0.1015
[Nonlinear] Ep 900, loss 0.0998
[Nonlinear] Ep 1000, loss 0.0980
[Nonlinear] Ep 1100, loss 0.0962
[Nonlinear] Ep 1200, loss 0.0947
[Nonlinear] Ep 1300, loss 0.0934
[Nonlinear] Ep 1400, loss 0.0922
[Nonlinear] Ep 1500, loss 0.0911
[Nonlinear] Ep 1600, loss 0.0901
[Nonlinear] Ep 1700, loss 0.0891
[Nonlinear] Ep 1800, loss 0.0883
[Nonlinear] Ep 1900, loss 0.0879
[Nonlinear] Ep 0, loss 40.9595
[Nonlinear] Ep 100, loss 17.1192
[Nonlinear] Ep 200, loss 11.4683
[Nonlinear] Ep 300, loss 7.7194
[Nonlinear] Ep 400, loss 4.2962
[Nonlinear] Ep 500, loss 2.0248
[Nonlinear] Ep 600, loss 1.0604
[Nonlinear] Ep 700, loss 0.7933
[Nonlinear] Ep 800, loss 0.7347
[Nonlinear] Ep 900, loss 0.7149
[Nonlinear] Ep 1000, loss 0.7012
[Nonlinear] Ep 1100, loss 0.6895
[Nonlinear] Ep 1200, loss 0.6794
[Nonlinear] Ep 1300, loss 0.6707
[Nonlinear] Ep 1400, loss 0.6635
[Nonlinear] Ep 1500, loss 0.6574
[Nonlinear] Ep 1600, loss 0.6524
[Nonlinear] Ep 1700, loss 0.6482
[Nonlinear] Ep 1800, loss 0.6449
[Nonlinear] Ep 1900, loss 0.6423

=== Current trial for n = 2500, trial = 6 ===
[1 1 2]
[Nonlinear] Ep 0, loss 2.0817
[Nonlinear] Ep 100, loss 0.0526
[Nonlinear] Ep 200, loss 0.0106
[Nonlinear] Ep 300, loss 0.0106
[Nonlinear] Ep 400, loss 0.0106
[Nonlinear] Ep 500, loss 0.0106
[Nonlinear] Ep 600, loss 0.0106
[Nonlinear] Ep 700, loss 0.0106
[Nonlinear] Ep 800, loss 0.0106
[Nonlinear] Ep 900, loss 0.0106
[Nonlinear] Ep 1000, loss 0.0106
[Nonlinear] Ep 1100, loss 0.0106
[Nonlinear] Ep 1200, loss 0.0106
[Nonlinear] Ep 1300, loss 0.0106
[Nonlinear] Ep 1400, loss 0.0106
[Nonlinear] Ep 1500, loss 0.0106
[Nonlinear] Ep 1600, loss 0.0106
[Nonlinear] Ep 1700, loss 0.0106
[Nonlinear] Ep 1800, loss 0.0106
[Nonlinear] Ep 1900, loss 0.0106
[Nonlinear] Ep 0, loss 1.8030
[Nonlinear] Ep 100, loss 0.3825
[Nonlinear] Ep 200, loss 0.0152
[Nonlinear] Ep 300, loss 0.0140
[Nonlinear] Ep 400, loss 0.0139
[Nonlinear] Ep 500, loss 0.0137
[Nonlinear] Ep 600, loss 0.0136
[Nonlinear] Ep 700, loss 0.0135
[Nonlinear] Ep 800, loss 0.0134
[Nonlinear] Ep 900, loss 0.0133
[Nonlinear] Ep 1000, loss 0.0132
[Nonlinear] Ep 1100, loss 0.0131
[Nonlinear] Ep 1200, loss 0.0130
[Nonlinear] Ep 1300, loss 0.0130
[Nonlinear] Ep 1400, loss 0.0129
[Nonlinear] Ep 1500, loss 0.0128
[Nonlinear] Ep 1600, loss 0.0127
[Nonlinear] Ep 1700, loss 0.0126
[Nonlinear] Ep 1800, loss 0.0126
[Nonlinear] Ep 1900, loss 0.0125
[Nonlinear] Ep 0, loss 1.6925
[Nonlinear] Ep 100, loss 0.0611
[Nonlinear] Ep 200, loss 0.0131
[Nonlinear] Ep 300, loss 0.0115
[Nonlinear] Ep 400, loss 0.0109
[Nonlinear] Ep 500, loss 0.0107
[Nonlinear] Ep 600, loss 0.0107
[Nonlinear] Ep 700, loss 0.0106
[Nonlinear] Ep 800, loss 0.0106
[Nonlinear] Ep 900, loss 0.0106
[Nonlinear] Ep 1000, loss 0.0106
[Nonlinear] Ep 1100, loss 0.0106
[Nonlinear] Ep 1200, loss 0.0106
[Nonlinear] Ep 1300, loss 0.0106
[Nonlinear] Ep 1400, loss 0.0106
[Nonlinear] Ep 1500, loss 0.0106
[Nonlinear] Ep 1600, loss 0.0106
[Nonlinear] Ep 1700, loss 0.0106
[Nonlinear] Ep 1800, loss 0.0106
[Nonlinear] Ep 1900, loss 0.0105

=== Current trial for n = 2500, trial = 7 ===
[1 1 2]
[Nonlinear] Ep 0, loss 3.4315
[Nonlinear] Ep 100, loss 0.1360
[Nonlinear] Ep 200, loss 0.0103
[Nonlinear] Ep 300, loss 0.0103
[Nonlinear] Ep 400, loss 0.0103
[Nonlinear] Ep 500, loss 0.0103
[Nonlinear] Ep 600, loss 0.0103
[Nonlinear] Ep 700, loss 0.0103
[Nonlinear] Ep 800, loss 0.0103
[Nonlinear] Ep 900, loss 0.0103
[Nonlinear] Ep 1000, loss 0.0103
[Nonlinear] Ep 1100, loss 0.0103
[Nonlinear] Ep 1200, loss 0.0103
[Nonlinear] Ep 1300, loss 0.0103
[Nonlinear] Ep 1400, loss 0.0103
[Nonlinear] Ep 1500, loss 0.0103
[Nonlinear] Ep 1600, loss 0.0103
[Nonlinear] Ep 1700, loss 0.0102
[Nonlinear] Ep 1800, loss 0.0102
[Nonlinear] Ep 1900, loss 0.0102
[Nonlinear] Ep 0, loss 2.2751
[Nonlinear] Ep 100, loss 0.3094
[Nonlinear] Ep 200, loss 0.0219
[Nonlinear] Ep 300, loss 0.0121
[Nonlinear] Ep 400, loss 0.0118
[Nonlinear] Ep 500, loss 0.0117
[Nonlinear] Ep 600, loss 0.0117
[Nonlinear] Ep 700, loss 0.0117
[Nonlinear] Ep 800, loss 0.0117
[Nonlinear] Ep 900, loss 0.0116
[Nonlinear] Ep 1000, loss 0.0116
[Nonlinear] Ep 1100, loss 0.0116
[Nonlinear] Ep 1200, loss 0.0116
[Nonlinear] Ep 1300, loss 0.0115
[Nonlinear] Ep 1400, loss 0.0115
[Nonlinear] Ep 1500, loss 0.0115
[Nonlinear] Ep 1600, loss 0.0115
[Nonlinear] Ep 1700, loss 0.0115
[Nonlinear] Ep 1800, loss 0.0114
[Nonlinear] Ep 1900, loss 0.0114
[Nonlinear] Ep 0, loss 3.3440
[Nonlinear] Ep 100, loss 0.1974
[Nonlinear] Ep 200, loss 0.0114
[Nonlinear] Ep 300, loss 0.0102
[Nonlinear] Ep 400, loss 0.0102
[Nonlinear] Ep 500, loss 0.0102
[Nonlinear] Ep 600, loss 0.0102
[Nonlinear] Ep 700, loss 0.0102
[Nonlinear] Ep 800, loss 0.0102
[Nonlinear] Ep 900, loss 0.0102
[Nonlinear] Ep 1000, loss 0.0102
[Nonlinear] Ep 1100, loss 0.0102
[Nonlinear] Ep 1200, loss 0.0102
[Nonlinear] Ep 1300, loss 0.0102
[Nonlinear] Ep 1400, loss 0.0102
[Nonlinear] Ep 1500, loss 0.0102
[Nonlinear] Ep 1600, loss 0.0102
[Nonlinear] Ep 1700, loss 0.0102
[Nonlinear] Ep 1800, loss 0.0102
[Nonlinear] Ep 1900, loss 0.0102

=== Current trial for n = 2500, trial = 8 ===
[1 1 2]
[Nonlinear] Ep 0, loss 1.8416
[Nonlinear] Ep 100, loss 0.0845
[Nonlinear] Ep 200, loss 0.0112
[Nonlinear] Ep 300, loss 0.0112
[Nonlinear] Ep 400, loss 0.0112
[Nonlinear] Ep 500, loss 0.0112
[Nonlinear] Ep 600, loss 0.0112
[Nonlinear] Ep 700, loss 0.0112
[Nonlinear] Ep 800, loss 0.0112
[Nonlinear] Ep 900, loss 0.0112
[Nonlinear] Ep 1000, loss 0.0112
[Nonlinear] Ep 1100, loss 0.0112
[Nonlinear] Ep 1200, loss 0.0112
[Nonlinear] Ep 1300, loss 0.0112
[Nonlinear] Ep 1400, loss 0.0112
[Nonlinear] Ep 1500, loss 0.0112
[Nonlinear] Ep 1600, loss 0.0112
[Nonlinear] Ep 1700, loss 0.0112
[Nonlinear] Ep 1800, loss 0.0112
[Nonlinear] Ep 1900, loss 0.0112
[Nonlinear] Ep 0, loss 2.6991
[Nonlinear] Ep 100, loss 0.6955
[Nonlinear] Ep 200, loss 0.0684
[Nonlinear] Ep 300, loss 0.0128
[Nonlinear] Ep 400, loss 0.0122
[Nonlinear] Ep 500, loss 0.0121
[Nonlinear] Ep 600, loss 0.0121
[Nonlinear] Ep 700, loss 0.0121
[Nonlinear] Ep 800, loss 0.0121
[Nonlinear] Ep 900, loss 0.0121
[Nonlinear] Ep 1000, loss 0.0121
[Nonlinear] Ep 1100, loss 0.0120
[Nonlinear] Ep 1200, loss 0.0120
[Nonlinear] Ep 1300, loss 0.0120
[Nonlinear] Ep 1400, loss 0.0120
[Nonlinear] Ep 1500, loss 0.0120
[Nonlinear] Ep 1600, loss 0.0120
[Nonlinear] Ep 1700, loss 0.0120
[Nonlinear] Ep 1800, loss 0.0120
[Nonlinear] Ep 1900, loss 0.0120
[Nonlinear] Ep 0, loss 1.3873
[Nonlinear] Ep 100, loss 0.0874
[Nonlinear] Ep 200, loss 0.0112
[Nonlinear] Ep 300, loss 0.0112
[Nonlinear] Ep 400, loss 0.0112
[Nonlinear] Ep 500, loss 0.0112
[Nonlinear] Ep 600, loss 0.0112
[Nonlinear] Ep 700, loss 0.0112
[Nonlinear] Ep 800, loss 0.0112
[Nonlinear] Ep 900, loss 0.0112
[Nonlinear] Ep 1000, loss 0.0112
[Nonlinear] Ep 1100, loss 0.0112
[Nonlinear] Ep 1200, loss 0.0112
[Nonlinear] Ep 1300, loss 0.0112
[Nonlinear] Ep 1400, loss 0.0112
[Nonlinear] Ep 1500, loss 0.0112
[Nonlinear] Ep 1600, loss 0.0112
[Nonlinear] Ep 1700, loss 0.0112
[Nonlinear] Ep 1800, loss 0.0112
[Nonlinear] Ep 1900, loss 0.0112

=== Current trial for n = 2500, trial = 9 ===
[1 1 2]
[Nonlinear] Ep 0, loss 40.6205
[Nonlinear] Ep 100, loss 21.4961
[Nonlinear] Ep 200, loss 11.4470
[Nonlinear] Ep 300, loss 6.4629
[Nonlinear] Ep 400, loss 2.7726
[Nonlinear] Ep 500, loss 0.7865
[Nonlinear] Ep 600, loss 0.1718
[Nonlinear] Ep 700, loss 0.0649
[Nonlinear] Ep 800, loss 0.0538
[Nonlinear] Ep 900, loss 0.0530
[Nonlinear] Ep 1000, loss 0.0530
[Nonlinear] Ep 1100, loss 0.0529
[Nonlinear] Ep 1200, loss 0.0529
[Nonlinear] Ep 1300, loss 0.0529
[Nonlinear] Ep 1400, loss 0.0529
[Nonlinear] Ep 1500, loss 0.0528
[Nonlinear] Ep 1600, loss 0.0528
[Nonlinear] Ep 1700, loss 0.0528
[Nonlinear] Ep 1800, loss 0.0527
[Nonlinear] Ep 1900, loss 0.0527
[Nonlinear] Ep 0, loss 36.7656
[Nonlinear] Ep 100, loss 23.2099
[Nonlinear] Ep 200, loss 10.5282
[Nonlinear] Ep 300, loss 4.6639
[Nonlinear] Ep 400, loss 1.8014
[Nonlinear] Ep 500, loss 0.5574
[Nonlinear] Ep 600, loss 0.1878
[Nonlinear] Ep 700, loss 0.1163
[Nonlinear] Ep 800, loss 0.1070
[Nonlinear] Ep 900, loss 0.1059
[Nonlinear] Ep 1000, loss 0.1054
[Nonlinear] Ep 1100, loss 0.1050
[Nonlinear] Ep 1200, loss 0.1047
[Nonlinear] Ep 1300, loss 0.1044
[Nonlinear] Ep 1400, loss 0.1041
[Nonlinear] Ep 1500, loss 0.1038
[Nonlinear] Ep 1600, loss 0.1036
[Nonlinear] Ep 1700, loss 0.1033
[Nonlinear] Ep 1800, loss 0.1030
[Nonlinear] Ep 1900, loss 0.1027
[Nonlinear] Ep 0, loss 45.7479
[Nonlinear] Ep 100, loss 17.3022
[Nonlinear] Ep 200, loss 12.1199
[Nonlinear] Ep 300, loss 8.5665
[Nonlinear] Ep 400, loss 4.8660
[Nonlinear] Ep 500, loss 2.1380
[Nonlinear] Ep 600, loss 0.9796
[Nonlinear] Ep 700, loss 0.7027
[Nonlinear] Ep 800, loss 0.6641
[Nonlinear] Ep 900, loss 0.6600
[Nonlinear] Ep 1000, loss 0.6589
[Nonlinear] Ep 1100, loss 0.6581
[Nonlinear] Ep 1200, loss 0.6574
[Nonlinear] Ep 1300, loss 0.6568
[Nonlinear] Ep 1400, loss 0.6563
[Nonlinear] Ep 1500, loss 0.6559
[Nonlinear] Ep 1600, loss 0.6556
[Nonlinear] Ep 1700, loss 0.6554
[Nonlinear] Ep 1800, loss 0.6552
[Nonlinear] Ep 1900, loss 0.6550

=== Current trial for n = 2500, trial = 10 ===
[1 1 2]
[Nonlinear] Ep 0, loss 1.2519
[Nonlinear] Ep 100, loss 0.0142
[Nonlinear] Ep 200, loss 0.0105
[Nonlinear] Ep 300, loss 0.0105
[Nonlinear] Ep 400, loss 0.0105
[Nonlinear] Ep 500, loss 0.0105
[Nonlinear] Ep 600, loss 0.0105
[Nonlinear] Ep 700, loss 0.0105
[Nonlinear] Ep 800, loss 0.0105
[Nonlinear] Ep 900, loss 0.0105
[Nonlinear] Ep 1000, loss 0.0105
[Nonlinear] Ep 1100, loss 0.0105
[Nonlinear] Ep 1200, loss 0.0105
[Nonlinear] Ep 1300, loss 0.0105
[Nonlinear] Ep 1400, loss 0.0105
[Nonlinear] Ep 1500, loss 0.0105
[Nonlinear] Ep 1600, loss 0.0105
[Nonlinear] Ep 1700, loss 0.0105
[Nonlinear] Ep 1800, loss 0.0105
[Nonlinear] Ep 1900, loss 0.0105
[Nonlinear] Ep 0, loss 2.1290
[Nonlinear] Ep 100, loss 0.4348
[Nonlinear] Ep 200, loss 0.0252
[Nonlinear] Ep 300, loss 0.0126
[Nonlinear] Ep 400, loss 0.0125
[Nonlinear] Ep 500, loss 0.0125
[Nonlinear] Ep 600, loss 0.0124
[Nonlinear] Ep 700, loss 0.0124
[Nonlinear] Ep 800, loss 0.0123
[Nonlinear] Ep 900, loss 0.0123
[Nonlinear] Ep 1000, loss 0.0122
[Nonlinear] Ep 1100, loss 0.0122
[Nonlinear] Ep 1200, loss 0.0122
[Nonlinear] Ep 1300, loss 0.0121
[Nonlinear] Ep 1400, loss 0.0121
[Nonlinear] Ep 1500, loss 0.0120
[Nonlinear] Ep 1600, loss 0.0120
[Nonlinear] Ep 1700, loss 0.0120
[Nonlinear] Ep 1800, loss 0.0119
[Nonlinear] Ep 1900, loss 0.0119
[Nonlinear] Ep 0, loss 3.7101
[Nonlinear] Ep 100, loss 0.1034
[Nonlinear] Ep 200, loss 0.0107
[Nonlinear] Ep 300, loss 0.0105
[Nonlinear] Ep 400, loss 0.0105
[Nonlinear] Ep 500, loss 0.0104
[Nonlinear] Ep 600, loss 0.0104
[Nonlinear] Ep 700, loss 0.0104
[Nonlinear] Ep 800, loss 0.0104
[Nonlinear] Ep 900, loss 0.0104
[Nonlinear] Ep 1000, loss 0.0104
[Nonlinear] Ep 1100, loss 0.0104
[Nonlinear] Ep 1200, loss 0.0104
[Nonlinear] Ep 1300, loss 0.0104
[Nonlinear] Ep 1400, loss 0.0104
[Nonlinear] Ep 1500, loss 0.0104
[Nonlinear] Ep 1600, loss 0.0104
[Nonlinear] Ep 1700, loss 0.0104
[Nonlinear] Ep 1800, loss 0.0104
[Nonlinear] Ep 1900, loss 0.0104

=== Current trial for n = 2500, trial = 11 ===
[1 1 2]
[Nonlinear] Ep 0, loss 2.1033
[Nonlinear] Ep 100, loss 0.0248
[Nonlinear] Ep 200, loss 0.0103
[Nonlinear] Ep 300, loss 0.0103
[Nonlinear] Ep 400, loss 0.0103
[Nonlinear] Ep 500, loss 0.0103
[Nonlinear] Ep 600, loss 0.0103
[Nonlinear] Ep 700, loss 0.0103
[Nonlinear] Ep 800, loss 0.0103
[Nonlinear] Ep 900, loss 0.0103
[Nonlinear] Ep 1000, loss 0.0103
[Nonlinear] Ep 1100, loss 0.0103
[Nonlinear] Ep 1200, loss 0.0103
[Nonlinear] Ep 1300, loss 0.0103
[Nonlinear] Ep 1400, loss 0.0103
[Nonlinear] Ep 1500, loss 0.0103
[Nonlinear] Ep 1600, loss 0.0103
[Nonlinear] Ep 1700, loss 0.0103
[Nonlinear] Ep 1800, loss 0.0103
[Nonlinear] Ep 1900, loss 0.0103
[Nonlinear] Ep 0, loss 2.7907
[Nonlinear] Ep 100, loss 0.5296
[Nonlinear] Ep 200, loss 0.0392
[Nonlinear] Ep 300, loss 0.0149
[Nonlinear] Ep 400, loss 0.0144
[Nonlinear] Ep 500, loss 0.0142
[Nonlinear] Ep 600, loss 0.0141
[Nonlinear] Ep 700, loss 0.0140
[Nonlinear] Ep 800, loss 0.0139
[Nonlinear] Ep 900, loss 0.0138
[Nonlinear] Ep 1000, loss 0.0137
[Nonlinear] Ep 1100, loss 0.0136
[Nonlinear] Ep 1200, loss 0.0135
[Nonlinear] Ep 1300, loss 0.0134
[Nonlinear] Ep 1400, loss 0.0133
[Nonlinear] Ep 1500, loss 0.0132
[Nonlinear] Ep 1600, loss 0.0132
[Nonlinear] Ep 1700, loss 0.0131
[Nonlinear] Ep 1800, loss 0.0130
[Nonlinear] Ep 1900, loss 0.0129
[Nonlinear] Ep 0, loss 2.1072
[Nonlinear] Ep 100, loss 0.0870
[Nonlinear] Ep 200, loss 0.0108
[Nonlinear] Ep 300, loss 0.0106
[Nonlinear] Ep 400, loss 0.0104
[Nonlinear] Ep 500, loss 0.0103
[Nonlinear] Ep 600, loss 0.0102
[Nonlinear] Ep 700, loss 0.0102
[Nonlinear] Ep 800, loss 0.0101
[Nonlinear] Ep 900, loss 0.0101
[Nonlinear] Ep 1000, loss 0.0101
[Nonlinear] Ep 1100, loss 0.0101
[Nonlinear] Ep 1200, loss 0.0101
[Nonlinear] Ep 1300, loss 0.0101
[Nonlinear] Ep 1400, loss 0.0101
[Nonlinear] Ep 1500, loss 0.0101
[Nonlinear] Ep 1600, loss 0.0101
[Nonlinear] Ep 1700, loss 0.0101
[Nonlinear] Ep 1800, loss 0.0101
[Nonlinear] Ep 1900, loss 0.0101

=== Current trial for n = 2500, trial = 12 ===
[1 1 2]
[Nonlinear] Ep 0, loss 36.4040
[Nonlinear] Ep 100, loss 18.0601
[Nonlinear] Ep 200, loss 8.6956
[Nonlinear] Ep 300, loss 3.6767
[Nonlinear] Ep 400, loss 1.0404
[Nonlinear] Ep 500, loss 0.1827
[Nonlinear] Ep 600, loss 0.0871
[Nonlinear] Ep 700, loss 0.0836
[Nonlinear] Ep 800, loss 0.0835
[Nonlinear] Ep 900, loss 0.0834
[Nonlinear] Ep 1000, loss 0.0833
[Nonlinear] Ep 1100, loss 0.0832
[Nonlinear] Ep 1200, loss 0.0831
[Nonlinear] Ep 1300, loss 0.0830
[Nonlinear] Ep 1400, loss 0.0829
[Nonlinear] Ep 1500, loss 0.0828
[Nonlinear] Ep 1600, loss 0.0826
[Nonlinear] Ep 1700, loss 0.0825
[Nonlinear] Ep 1800, loss 0.0824
[Nonlinear] Ep 1900, loss 0.0822
[Nonlinear] Ep 0, loss 41.8411
[Nonlinear] Ep 100, loss 28.3625
[Nonlinear] Ep 200, loss 13.6808
[Nonlinear] Ep 300, loss 5.8105
[Nonlinear] Ep 400, loss 2.5558
[Nonlinear] Ep 500, loss 0.9959
[Nonlinear] Ep 600, loss 0.3785
[Nonlinear] Ep 700, loss 0.1852
[Nonlinear] Ep 800, loss 0.1335
[Nonlinear] Ep 900, loss 0.1140
[Nonlinear] Ep 1000, loss 0.1036
[Nonlinear] Ep 1100, loss 0.0971
[Nonlinear] Ep 1200, loss 0.0929
[Nonlinear] Ep 1300, loss 0.0900
[Nonlinear] Ep 1400, loss 0.0881
[Nonlinear] Ep 1500, loss 0.0868
[Nonlinear] Ep 1600, loss 0.0860
[Nonlinear] Ep 1700, loss 0.0854
[Nonlinear] Ep 1800, loss 0.0850
[Nonlinear] Ep 1900, loss 0.0848
[Nonlinear] Ep 0, loss 36.5671
[Nonlinear] Ep 100, loss 16.7670
[Nonlinear] Ep 200, loss 11.2199
[Nonlinear] Ep 300, loss 7.0622
[Nonlinear] Ep 400, loss 3.5712
[Nonlinear] Ep 500, loss 1.6320
[Nonlinear] Ep 600, loss 0.9426
[Nonlinear] Ep 700, loss 0.7910
[Nonlinear] Ep 800, loss 0.7632
[Nonlinear] Ep 900, loss 0.7521
[Nonlinear] Ep 1000, loss 0.7434
[Nonlinear] Ep 1100, loss 0.7362
[Nonlinear] Ep 1200, loss 0.7302
[Nonlinear] Ep 1300, loss 0.7253
[Nonlinear] Ep 1400, loss 0.7213
[Nonlinear] Ep 1500, loss 0.7182
[Nonlinear] Ep 1600, loss 0.7157
[Nonlinear] Ep 1700, loss 0.7139
[Nonlinear] Ep 1800, loss 0.7125
[Nonlinear] Ep 1900, loss 0.7114

=== Current trial for n = 2500, trial = 13 ===
[1 1 2]
[Nonlinear] Ep 0, loss 2.0325
[Nonlinear] Ep 100, loss 0.0945
[Nonlinear] Ep 200, loss 0.0108
[Nonlinear] Ep 300, loss 0.0108
[Nonlinear] Ep 400, loss 0.0108
[Nonlinear] Ep 500, loss 0.0108
[Nonlinear] Ep 600, loss 0.0108
[Nonlinear] Ep 700, loss 0.0108
[Nonlinear] Ep 800, loss 0.0108
[Nonlinear] Ep 900, loss 0.0108
[Nonlinear] Ep 1000, loss 0.0108
[Nonlinear] Ep 1100, loss 0.0108
[Nonlinear] Ep 1200, loss 0.0108
[Nonlinear] Ep 1300, loss 0.0108
[Nonlinear] Ep 1400, loss 0.0108
[Nonlinear] Ep 1500, loss 0.0108
[Nonlinear] Ep 1600, loss 0.0108
[Nonlinear] Ep 1700, loss 0.0108
[Nonlinear] Ep 1800, loss 0.0108
[Nonlinear] Ep 1900, loss 0.0108
[Nonlinear] Ep 0, loss 2.3174
[Nonlinear] Ep 100, loss 0.6029
[Nonlinear] Ep 200, loss 0.0617
[Nonlinear] Ep 300, loss 0.0147
[Nonlinear] Ep 400, loss 0.0136
[Nonlinear] Ep 500, loss 0.0134
[Nonlinear] Ep 600, loss 0.0132
[Nonlinear] Ep 700, loss 0.0130
[Nonlinear] Ep 800, loss 0.0129
[Nonlinear] Ep 900, loss 0.0127
[Nonlinear] Ep 1000, loss 0.0125
[Nonlinear] Ep 1100, loss 0.0124
[Nonlinear] Ep 1200, loss 0.0122
[Nonlinear] Ep 1300, loss 0.0121
[Nonlinear] Ep 1400, loss 0.0120
[Nonlinear] Ep 1500, loss 0.0119
[Nonlinear] Ep 1600, loss 0.0118
[Nonlinear] Ep 1700, loss 0.0117
[Nonlinear] Ep 1800, loss 0.0117
[Nonlinear] Ep 1900, loss 0.0116
[Nonlinear] Ep 0, loss 4.0556
[Nonlinear] Ep 100, loss 0.3849
[Nonlinear] Ep 200, loss 0.0275
[Nonlinear] Ep 300, loss 0.0112
[Nonlinear] Ep 400, loss 0.0110
[Nonlinear] Ep 500, loss 0.0109
[Nonlinear] Ep 600, loss 0.0108
[Nonlinear] Ep 700, loss 0.0108
[Nonlinear] Ep 800, loss 0.0108
[Nonlinear] Ep 900, loss 0.0108
[Nonlinear] Ep 1000, loss 0.0108
[Nonlinear] Ep 1100, loss 0.0108
[Nonlinear] Ep 1200, loss 0.0108
[Nonlinear] Ep 1300, loss 0.0108
[Nonlinear] Ep 1400, loss 0.0108
[Nonlinear] Ep 1500, loss 0.0108
[Nonlinear] Ep 1600, loss 0.0108
[Nonlinear] Ep 1700, loss 0.0108
[Nonlinear] Ep 1800, loss 0.0108
[Nonlinear] Ep 1900, loss 0.0108

=== Current trial for n = 2500, trial = 14 ===
[1 1 2]
[Nonlinear] Ep 0, loss 48.3736
[Nonlinear] Ep 100, loss 26.3665
[Nonlinear] Ep 200, loss 12.5623
[Nonlinear] Ep 300, loss 5.6030
[Nonlinear] Ep 400, loss 1.9418
[Nonlinear] Ep 500, loss 0.5236
[Nonlinear] Ep 600, loss 0.1374
[Nonlinear] Ep 700, loss 0.0656
[Nonlinear] Ep 800, loss 0.0572
[Nonlinear] Ep 900, loss 0.0564
[Nonlinear] Ep 1000, loss 0.0564
[Nonlinear] Ep 1100, loss 0.0563
[Nonlinear] Ep 1200, loss 0.0563
[Nonlinear] Ep 1300, loss 0.0562
[Nonlinear] Ep 1400, loss 0.0561
[Nonlinear] Ep 1500, loss 0.0561
[Nonlinear] Ep 1600, loss 0.0560
[Nonlinear] Ep 1700, loss 0.0559
[Nonlinear] Ep 1800, loss 0.0559
[Nonlinear] Ep 1900, loss 0.0558
[Nonlinear] Ep 0, loss 43.5092
[Nonlinear] Ep 100, loss 30.2034
[Nonlinear] Ep 200, loss 16.4446
[Nonlinear] Ep 300, loss 8.3771
[Nonlinear] Ep 400, loss 4.1589
[Nonlinear] Ep 500, loss 1.8696
[Nonlinear] Ep 600, loss 0.7351
[Nonlinear] Ep 700, loss 0.3129
[Nonlinear] Ep 800, loss 0.1939
[Nonlinear] Ep 900, loss 0.1615
[Nonlinear] Ep 1000, loss 0.1473
[Nonlinear] Ep 1100, loss 0.1383
[Nonlinear] Ep 1200, loss 0.1320
[Nonlinear] Ep 1300, loss 0.1271
[Nonlinear] Ep 1400, loss 0.1232
[Nonlinear] Ep 1500, loss 0.1201
[Nonlinear] Ep 1600, loss 0.1179
[Nonlinear] Ep 1700, loss 0.1161
[Nonlinear] Ep 1800, loss 0.1146
[Nonlinear] Ep 1900, loss 0.1132
[Nonlinear] Ep 0, loss 41.7941
[Nonlinear] Ep 100, loss 18.3932
[Nonlinear] Ep 200, loss 11.7982
[Nonlinear] Ep 300, loss 7.7914
[Nonlinear] Ep 400, loss 4.4397
[Nonlinear] Ep 500, loss 2.2774
[Nonlinear] Ep 600, loss 1.2884
[Nonlinear] Ep 700, loss 0.9473
[Nonlinear] Ep 800, loss 0.8527
[Nonlinear] Ep 900, loss 0.8246
[Nonlinear] Ep 1000, loss 0.8103
[Nonlinear] Ep 1100, loss 0.7992
[Nonlinear] Ep 1200, loss 0.7898
[Nonlinear] Ep 1300, loss 0.7818
[Nonlinear] Ep 1400, loss 0.7750
[Nonlinear] Ep 1500, loss 0.7693
[Nonlinear] Ep 1600, loss 0.7646
[Nonlinear] Ep 1700, loss 0.7608
[Nonlinear] Ep 1800, loss 0.7577
[Nonlinear] Ep 1900, loss 0.7553

=== Current trial for n = 2500, trial = 15 ===
[1 1 2]
[Nonlinear] Ep 0, loss 38.8763
[Nonlinear] Ep 100, loss 19.5709
[Nonlinear] Ep 200, loss 9.9996
[Nonlinear] Ep 300, loss 4.7992
[Nonlinear] Ep 400, loss 1.6075
[Nonlinear] Ep 500, loss 0.3592
[Nonlinear] Ep 600, loss 0.0788
[Nonlinear] Ep 700, loss 0.0439
[Nonlinear] Ep 800, loss 0.0413
[Nonlinear] Ep 900, loss 0.0411
[Nonlinear] Ep 1000, loss 0.0411
[Nonlinear] Ep 1100, loss 0.0410
[Nonlinear] Ep 1200, loss 0.0410
[Nonlinear] Ep 1300, loss 0.0410
[Nonlinear] Ep 1400, loss 0.0409
[Nonlinear] Ep 1500, loss 0.0409
[Nonlinear] Ep 1600, loss 0.0408
[Nonlinear] Ep 1700, loss 0.0408
[Nonlinear] Ep 1800, loss 0.0407
[Nonlinear] Ep 1900, loss 0.0407
[Nonlinear] Ep 0, loss 37.7225
[Nonlinear] Ep 100, loss 24.1841
[Nonlinear] Ep 200, loss 10.2082
[Nonlinear] Ep 300, loss 3.9670
[Nonlinear] Ep 400, loss 1.4870
[Nonlinear] Ep 500, loss 0.5950
[Nonlinear] Ep 600, loss 0.3113
[Nonlinear] Ep 700, loss 0.2167
[Nonlinear] Ep 800, loss 0.1674
[Nonlinear] Ep 900, loss 0.1388
[Nonlinear] Ep 1000, loss 0.1174
[Nonlinear] Ep 1100, loss 0.1014
[Nonlinear] Ep 1200, loss 0.0905
[Nonlinear] Ep 1300, loss 0.0826
[Nonlinear] Ep 1400, loss 0.0768
[Nonlinear] Ep 1500, loss 0.0728
[Nonlinear] Ep 1600, loss 0.0700
[Nonlinear] Ep 1700, loss 0.0680
[Nonlinear] Ep 1800, loss 0.0666
[Nonlinear] Ep 1900, loss 0.0656
[Nonlinear] Ep 0, loss 38.4047
[Nonlinear] Ep 100, loss 17.0592
[Nonlinear] Ep 200, loss 11.1663
[Nonlinear] Ep 300, loss 7.1767
[Nonlinear] Ep 400, loss 3.9124
[Nonlinear] Ep 500, loss 1.8277
[Nonlinear] Ep 600, loss 0.9364
[Nonlinear] Ep 700, loss 0.7091
[Nonlinear] Ep 800, loss 0.6738
[Nonlinear] Ep 900, loss 0.6685
[Nonlinear] Ep 1000, loss 0.6666
[Nonlinear] Ep 1100, loss 0.6651
[Nonlinear] Ep 1200, loss 0.6640
[Nonlinear] Ep 1300, loss 0.6631
[Nonlinear] Ep 1400, loss 0.6625
[Nonlinear] Ep 1500, loss 0.6620
[Nonlinear] Ep 1600, loss 0.6616
[Nonlinear] Ep 1700, loss 0.6613
[Nonlinear] Ep 1800, loss 0.6611
[Nonlinear] Ep 1900, loss 0.6609

=== Current trial for n = 2500, trial = 16 ===
[1 1 2]
[Nonlinear] Ep 0, loss 1.1572
[Nonlinear] Ep 100, loss 0.1315
[Nonlinear] Ep 200, loss 0.0104
[Nonlinear] Ep 300, loss 0.0101
[Nonlinear] Ep 400, loss 0.0101
[Nonlinear] Ep 500, loss 0.0100
[Nonlinear] Ep 600, loss 0.0100
[Nonlinear] Ep 700, loss 0.0100
[Nonlinear] Ep 800, loss 0.0100
[Nonlinear] Ep 900, loss 0.0100
[Nonlinear] Ep 1000, loss 0.0100
[Nonlinear] Ep 1100, loss 0.0100
[Nonlinear] Ep 1200, loss 0.0100
[Nonlinear] Ep 1300, loss 0.0100
[Nonlinear] Ep 1400, loss 0.0100
[Nonlinear] Ep 1500, loss 0.0100
[Nonlinear] Ep 1600, loss 0.0100
[Nonlinear] Ep 1700, loss 0.0100
[Nonlinear] Ep 1800, loss 0.0100
[Nonlinear] Ep 1900, loss 0.0100
[Nonlinear] Ep 0, loss 2.3162
[Nonlinear] Ep 100, loss 0.5520
[Nonlinear] Ep 200, loss 0.0523
[Nonlinear] Ep 300, loss 0.0133
[Nonlinear] Ep 400, loss 0.0129
[Nonlinear] Ep 500, loss 0.0129
[Nonlinear] Ep 600, loss 0.0128
[Nonlinear] Ep 700, loss 0.0127
[Nonlinear] Ep 800, loss 0.0127
[Nonlinear] Ep 900, loss 0.0127
[Nonlinear] Ep 1000, loss 0.0126
[Nonlinear] Ep 1100, loss 0.0126
[Nonlinear] Ep 1200, loss 0.0125
[Nonlinear] Ep 1300, loss 0.0125
[Nonlinear] Ep 1400, loss 0.0125
[Nonlinear] Ep 1500, loss 0.0124
[Nonlinear] Ep 1600, loss 0.0124
[Nonlinear] Ep 1700, loss 0.0124
[Nonlinear] Ep 1800, loss 0.0123
[Nonlinear] Ep 1900, loss 0.0123
[Nonlinear] Ep 0, loss 1.6284
[Nonlinear] Ep 100, loss 0.0188
[Nonlinear] Ep 200, loss 0.0103
[Nonlinear] Ep 300, loss 0.0102
[Nonlinear] Ep 400, loss 0.0101
[Nonlinear] Ep 500, loss 0.0101
[Nonlinear] Ep 600, loss 0.0101
[Nonlinear] Ep 700, loss 0.0101
[Nonlinear] Ep 800, loss 0.0101
[Nonlinear] Ep 900, loss 0.0101
[Nonlinear] Ep 1000, loss 0.0101
[Nonlinear] Ep 1100, loss 0.0101
[Nonlinear] Ep 1200, loss 0.0101
[Nonlinear] Ep 1300, loss 0.0101
[Nonlinear] Ep 1400, loss 0.0101
[Nonlinear] Ep 1500, loss 0.0101
[Nonlinear] Ep 1600, loss 0.0101
[Nonlinear] Ep 1700, loss 0.0101
[Nonlinear] Ep 1800, loss 0.0101
[Nonlinear] Ep 1900, loss 0.0101

=== Current trial for n = 2500, trial = 17 ===
[1 1 2]
[Nonlinear] Ep 0, loss 40.9823
[Nonlinear] Ep 100, loss 18.6472
[Nonlinear] Ep 200, loss 9.2377
[Nonlinear] Ep 300, loss 5.0927
[Nonlinear] Ep 400, loss 2.3093
[Nonlinear] Ep 500, loss 0.8352
[Nonlinear] Ep 600, loss 0.2905
[Nonlinear] Ep 700, loss 0.1266
[Nonlinear] Ep 800, loss 0.0717
[Nonlinear] Ep 900, loss 0.0542
[Nonlinear] Ep 1000, loss 0.0496
[Nonlinear] Ep 1100, loss 0.0486
[Nonlinear] Ep 1200, loss 0.0483
[Nonlinear] Ep 1300, loss 0.0482
[Nonlinear] Ep 1400, loss 0.0482
[Nonlinear] Ep 1500, loss 0.0481
[Nonlinear] Ep 1600, loss 0.0481
[Nonlinear] Ep 1700, loss 0.0480
[Nonlinear] Ep 1800, loss 0.0479
[Nonlinear] Ep 1900, loss 0.0479
[Nonlinear] Ep 0, loss 39.4250
[Nonlinear] Ep 100, loss 26.9182
[Nonlinear] Ep 200, loss 12.5173
[Nonlinear] Ep 300, loss 4.2038
[Nonlinear] Ep 400, loss 1.0910
[Nonlinear] Ep 500, loss 0.2457
[Nonlinear] Ep 600, loss 0.1086
[Nonlinear] Ep 700, loss 0.0905
[Nonlinear] Ep 800, loss 0.0860
[Nonlinear] Ep 900, loss 0.0832
[Nonlinear] Ep 1000, loss 0.0809
[Nonlinear] Ep 1100, loss 0.0790
[Nonlinear] Ep 1200, loss 0.0776
[Nonlinear] Ep 1300, loss 0.0763
[Nonlinear] Ep 1400, loss 0.0753
[Nonlinear] Ep 1500, loss 0.0746
[Nonlinear] Ep 1600, loss 0.0739
[Nonlinear] Ep 1700, loss 0.0733
[Nonlinear] Ep 1800, loss 0.0728
[Nonlinear] Ep 1900, loss 0.0723
[Nonlinear] Ep 0, loss 43.2050
[Nonlinear] Ep 100, loss 17.9630
[Nonlinear] Ep 200, loss 11.2933
[Nonlinear] Ep 300, loss 7.2410
[Nonlinear] Ep 400, loss 4.0009
[Nonlinear] Ep 500, loss 1.9894
[Nonlinear] Ep 600, loss 1.1102
[Nonlinear] Ep 700, loss 0.8485
[Nonlinear] Ep 800, loss 0.7933
[Nonlinear] Ep 900, loss 0.7816
[Nonlinear] Ep 1000, loss 0.7765
[Nonlinear] Ep 1100, loss 0.7724
[Nonlinear] Ep 1200, loss 0.7688
[Nonlinear] Ep 1300, loss 0.7658
[Nonlinear] Ep 1400, loss 0.7632
[Nonlinear] Ep 1500, loss 0.7611
[Nonlinear] Ep 1600, loss 0.7593
[Nonlinear] Ep 1700, loss 0.7579
[Nonlinear] Ep 1800, loss 0.7568
[Nonlinear] Ep 1900, loss 0.7559

=== Current trial for n = 2500, trial = 18 ===
[1 1 2]
[Nonlinear] Ep 0, loss 2.9074
[Nonlinear] Ep 100, loss 0.1677
[Nonlinear] Ep 200, loss 0.0106
[Nonlinear] Ep 300, loss 0.0104
[Nonlinear] Ep 400, loss 0.0104
[Nonlinear] Ep 500, loss 0.0104
[Nonlinear] Ep 600, loss 0.0104
[Nonlinear] Ep 700, loss 0.0104
[Nonlinear] Ep 800, loss 0.0104
[Nonlinear] Ep 900, loss 0.0104
[Nonlinear] Ep 1000, loss 0.0104
[Nonlinear] Ep 1100, loss 0.0104
[Nonlinear] Ep 1200, loss 0.0104
[Nonlinear] Ep 1300, loss 0.0104
[Nonlinear] Ep 1400, loss 0.0104
[Nonlinear] Ep 1500, loss 0.0104
[Nonlinear] Ep 1600, loss 0.0104
[Nonlinear] Ep 1700, loss 0.0104
[Nonlinear] Ep 1800, loss 0.0103
[Nonlinear] Ep 1900, loss 0.0103
[Nonlinear] Ep 0, loss 1.4573
[Nonlinear] Ep 100, loss 0.2528
[Nonlinear] Ep 200, loss 0.0174
[Nonlinear] Ep 300, loss 0.0138
[Nonlinear] Ep 400, loss 0.0135
[Nonlinear] Ep 500, loss 0.0133
[Nonlinear] Ep 600, loss 0.0132
[Nonlinear] Ep 700, loss 0.0131
[Nonlinear] Ep 800, loss 0.0130
[Nonlinear] Ep 900, loss 0.0129
[Nonlinear] Ep 1000, loss 0.0128
[Nonlinear] Ep 1100, loss 0.0127
[Nonlinear] Ep 1200, loss 0.0126
[Nonlinear] Ep 1300, loss 0.0125
[Nonlinear] Ep 1400, loss 0.0124
[Nonlinear] Ep 1500, loss 0.0123
[Nonlinear] Ep 1600, loss 0.0123
[Nonlinear] Ep 1700, loss 0.0122
[Nonlinear] Ep 1800, loss 0.0122
[Nonlinear] Ep 1900, loss 0.0121
[Nonlinear] Ep 0, loss 3.6557
[Nonlinear] Ep 100, loss 0.0894
[Nonlinear] Ep 200, loss 0.0104
[Nonlinear] Ep 300, loss 0.0104
[Nonlinear] Ep 400, loss 0.0104
[Nonlinear] Ep 500, loss 0.0104
[Nonlinear] Ep 600, loss 0.0104
[Nonlinear] Ep 700, loss 0.0104
[Nonlinear] Ep 800, loss 0.0104
[Nonlinear] Ep 900, loss 0.0104
[Nonlinear] Ep 1000, loss 0.0104
[Nonlinear] Ep 1100, loss 0.0104
[Nonlinear] Ep 1200, loss 0.0104
[Nonlinear] Ep 1300, loss 0.0104
[Nonlinear] Ep 1400, loss 0.0104
[Nonlinear] Ep 1500, loss 0.0104
[Nonlinear] Ep 1600, loss 0.0104
[Nonlinear] Ep 1700, loss 0.0104
[Nonlinear] Ep 1800, loss 0.0104
[Nonlinear] Ep 1900, loss 0.0104

=== Current trial for n = 2500, trial = 19 ===
[1 1 2]
[Nonlinear] Ep 0, loss 1.4463
[Nonlinear] Ep 100, loss 0.0396
[Nonlinear] Ep 200, loss 0.0113
[Nonlinear] Ep 300, loss 0.0113
[Nonlinear] Ep 400, loss 0.0113
[Nonlinear] Ep 500, loss 0.0113
[Nonlinear] Ep 600, loss 0.0113
[Nonlinear] Ep 700, loss 0.0113
[Nonlinear] Ep 800, loss 0.0113
[Nonlinear] Ep 900, loss 0.0112
[Nonlinear] Ep 1000, loss 0.0112
[Nonlinear] Ep 1100, loss 0.0112
[Nonlinear] Ep 1200, loss 0.0112
[Nonlinear] Ep 1300, loss 0.0112
[Nonlinear] Ep 1400, loss 0.0112
[Nonlinear] Ep 1500, loss 0.0112
[Nonlinear] Ep 1600, loss 0.0112
[Nonlinear] Ep 1700, loss 0.0112
[Nonlinear] Ep 1800, loss 0.0112
[Nonlinear] Ep 1900, loss 0.0112
[Nonlinear] Ep 0, loss 2.2043
[Nonlinear] Ep 100, loss 0.3893
[Nonlinear] Ep 200, loss 0.0227
[Nonlinear] Ep 300, loss 0.0150
[Nonlinear] Ep 400, loss 0.0143
[Nonlinear] Ep 500, loss 0.0138
[Nonlinear] Ep 600, loss 0.0135
[Nonlinear] Ep 700, loss 0.0134
[Nonlinear] Ep 800, loss 0.0133
[Nonlinear] Ep 900, loss 0.0131
[Nonlinear] Ep 1000, loss 0.0130
[Nonlinear] Ep 1100, loss 0.0129
[Nonlinear] Ep 1200, loss 0.0128
[Nonlinear] Ep 1300, loss 0.0127
[Nonlinear] Ep 1400, loss 0.0126
[Nonlinear] Ep 1500, loss 0.0126
[Nonlinear] Ep 1600, loss 0.0125
[Nonlinear] Ep 1700, loss 0.0125
[Nonlinear] Ep 1800, loss 0.0124
[Nonlinear] Ep 1900, loss 0.0124
[Nonlinear] Ep 0, loss 1.3114
[Nonlinear] Ep 100, loss 0.0177
[Nonlinear] Ep 200, loss 0.0116
[Nonlinear] Ep 300, loss 0.0114
[Nonlinear] Ep 400, loss 0.0113
[Nonlinear] Ep 500, loss 0.0113
[Nonlinear] Ep 600, loss 0.0112
[Nonlinear] Ep 700, loss 0.0112
[Nonlinear] Ep 800, loss 0.0112
[Nonlinear] Ep 900, loss 0.0112
[Nonlinear] Ep 1000, loss 0.0112
[Nonlinear] Ep 1100, loss 0.0112
[Nonlinear] Ep 1200, loss 0.0112
[Nonlinear] Ep 1300, loss 0.0112
[Nonlinear] Ep 1400, loss 0.0112
[Nonlinear] Ep 1500, loss 0.0112
[Nonlinear] Ep 1600, loss 0.0112
[Nonlinear] Ep 1700, loss 0.0112
[Nonlinear] Ep 1800, loss 0.0112
[Nonlinear] Ep 1900, loss 0.0112

=== Current trial for n = 2500, trial = 20 ===
[1 1 2]
[Nonlinear] Ep 0, loss 2.3010
[Nonlinear] Ep 100, loss 0.0591
[Nonlinear] Ep 200, loss 0.0109
[Nonlinear] Ep 300, loss 0.0109
[Nonlinear] Ep 400, loss 0.0109
[Nonlinear] Ep 500, loss 0.0109
[Nonlinear] Ep 600, loss 0.0109
[Nonlinear] Ep 700, loss 0.0109
[Nonlinear] Ep 800, loss 0.0109
[Nonlinear] Ep 900, loss 0.0109
[Nonlinear] Ep 1000, loss 0.0109
[Nonlinear] Ep 1100, loss 0.0109
[Nonlinear] Ep 1200, loss 0.0109
[Nonlinear] Ep 1300, loss 0.0109
[Nonlinear] Ep 1400, loss 0.0109
[Nonlinear] Ep 1500, loss 0.0109
[Nonlinear] Ep 1600, loss 0.0109
[Nonlinear] Ep 1700, loss 0.0109
[Nonlinear] Ep 1800, loss 0.0109
[Nonlinear] Ep 1900, loss 0.0109
[Nonlinear] Ep 0, loss 2.0226
[Nonlinear] Ep 100, loss 0.4456
[Nonlinear] Ep 200, loss 0.0246
[Nonlinear] Ep 300, loss 0.0134
[Nonlinear] Ep 400, loss 0.0125
[Nonlinear] Ep 500, loss 0.0122
[Nonlinear] Ep 600, loss 0.0121
[Nonlinear] Ep 700, loss 0.0120
[Nonlinear] Ep 800, loss 0.0120
[Nonlinear] Ep 900, loss 0.0120
[Nonlinear] Ep 1000, loss 0.0119
[Nonlinear] Ep 1100, loss 0.0119
[Nonlinear] Ep 1200, loss 0.0119
[Nonlinear] Ep 1300, loss 0.0118
[Nonlinear] Ep 1400, loss 0.0118
[Nonlinear] Ep 1500, loss 0.0118
[Nonlinear] Ep 1600, loss 0.0117
[Nonlinear] Ep 1700, loss 0.0117
[Nonlinear] Ep 1800, loss 0.0117
[Nonlinear] Ep 1900, loss 0.0117
[Nonlinear] Ep 0, loss 3.1932
[Nonlinear] Ep 100, loss 0.0849
[Nonlinear] Ep 200, loss 0.0148
[Nonlinear] Ep 300, loss 0.0137
[Nonlinear] Ep 400, loss 0.0128
[Nonlinear] Ep 500, loss 0.0121
[Nonlinear] Ep 600, loss 0.0116
[Nonlinear] Ep 700, loss 0.0112
[Nonlinear] Ep 800, loss 0.0110
[Nonlinear] Ep 900, loss 0.0109
[Nonlinear] Ep 1000, loss 0.0108
[Nonlinear] Ep 1100, loss 0.0108
[Nonlinear] Ep 1200, loss 0.0108
[Nonlinear] Ep 1300, loss 0.0108
[Nonlinear] Ep 1400, loss 0.0108
[Nonlinear] Ep 1500, loss 0.0108
[Nonlinear] Ep 1600, loss 0.0108
[Nonlinear] Ep 1700, loss 0.0108
[Nonlinear] Ep 1800, loss 0.0108
[Nonlinear] Ep 1900, loss 0.0108

=== Current trial for n = 2500, trial = 21 ===
[1 1 2]
[Nonlinear] Ep 0, loss 43.4400
[Nonlinear] Ep 100, loss 22.8938
[Nonlinear] Ep 200, loss 12.0234
[Nonlinear] Ep 300, loss 6.2819
[Nonlinear] Ep 400, loss 2.5462
[Nonlinear] Ep 500, loss 0.6714
[Nonlinear] Ep 600, loss 0.1377
[Nonlinear] Ep 700, loss 0.0658
[Nonlinear] Ep 800, loss 0.0607
[Nonlinear] Ep 900, loss 0.0604
[Nonlinear] Ep 1000, loss 0.0604
[Nonlinear] Ep 1100, loss 0.0603
[Nonlinear] Ep 1200, loss 0.0603
[Nonlinear] Ep 1300, loss 0.0603
[Nonlinear] Ep 1400, loss 0.0602
[Nonlinear] Ep 1500, loss 0.0602
[Nonlinear] Ep 1600, loss 0.0601
[Nonlinear] Ep 1700, loss 0.0601
[Nonlinear] Ep 1800, loss 0.0600
[Nonlinear] Ep 1900, loss 0.0600
[Nonlinear] Ep 0, loss 43.6763
[Nonlinear] Ep 100, loss 29.0465
[Nonlinear] Ep 200, loss 14.8320
[Nonlinear] Ep 300, loss 7.3114
[Nonlinear] Ep 400, loss 3.4896
[Nonlinear] Ep 500, loss 1.3813
[Nonlinear] Ep 600, loss 0.4848
[Nonlinear] Ep 700, loss 0.1964
[Nonlinear] Ep 800, loss 0.1106
[Nonlinear] Ep 900, loss 0.0890
[Nonlinear] Ep 1000, loss 0.0839
[Nonlinear] Ep 1100, loss 0.0820
[Nonlinear] Ep 1200, loss 0.0808
[Nonlinear] Ep 1300, loss 0.0798
[Nonlinear] Ep 1400, loss 0.0790
[Nonlinear] Ep 1500, loss 0.0784
[Nonlinear] Ep 1600, loss 0.0779
[Nonlinear] Ep 1700, loss 0.0775
[Nonlinear] Ep 1800, loss 0.0771
[Nonlinear] Ep 1900, loss 0.0769
[Nonlinear] Ep 0, loss 39.7011
[Nonlinear] Ep 100, loss 16.7792
[Nonlinear] Ep 200, loss 12.6217
[Nonlinear] Ep 300, loss 8.8789
[Nonlinear] Ep 400, loss 4.8700
[Nonlinear] Ep 500, loss 2.1178
[Nonlinear] Ep 600, loss 1.0053
[Nonlinear] Ep 700, loss 0.7450
[Nonlinear] Ep 800, loss 0.7051
[Nonlinear] Ep 900, loss 0.6989
[Nonlinear] Ep 1000, loss 0.6964
[Nonlinear] Ep 1100, loss 0.6946
[Nonlinear] Ep 1200, loss 0.6931
[Nonlinear] Ep 1300, loss 0.6920
[Nonlinear] Ep 1400, loss 0.6910
[Nonlinear] Ep 1500, loss 0.6903
[Nonlinear] Ep 1600, loss 0.6897
[Nonlinear] Ep 1700, loss 0.6891
[Nonlinear] Ep 1800, loss 0.6886
[Nonlinear] Ep 1900, loss 0.6881

=== Current trial for n = 2500, trial = 22 ===
[1 1 2]
[Nonlinear] Ep 0, loss 47.7266
[Nonlinear] Ep 100, loss 26.8637
[Nonlinear] Ep 200, loss 14.0677
[Nonlinear] Ep 300, loss 7.1999
[Nonlinear] Ep 400, loss 3.0576
[Nonlinear] Ep 500, loss 1.0148
[Nonlinear] Ep 600, loss 0.2603
[Nonlinear] Ep 700, loss 0.0820
[Nonlinear] Ep 800, loss 0.0551
[Nonlinear] Ep 900, loss 0.0522
[Nonlinear] Ep 1000, loss 0.0519
[Nonlinear] Ep 1100, loss 0.0518
[Nonlinear] Ep 1200, loss 0.0517
[Nonlinear] Ep 1300, loss 0.0517
[Nonlinear] Ep 1400, loss 0.0516
[Nonlinear] Ep 1500, loss 0.0515
[Nonlinear] Ep 1600, loss 0.0514
[Nonlinear] Ep 1700, loss 0.0513
[Nonlinear] Ep 1800, loss 0.0512
[Nonlinear] Ep 1900, loss 0.0511
[Nonlinear] Ep 0, loss 41.8416
[Nonlinear] Ep 100, loss 27.8654
[Nonlinear] Ep 200, loss 12.7151
[Nonlinear] Ep 300, loss 4.7317
[Nonlinear] Ep 400, loss 2.0337
[Nonlinear] Ep 500, loss 0.7638
[Nonlinear] Ep 600, loss 0.2708
[Nonlinear] Ep 700, loss 0.1215
[Nonlinear] Ep 800, loss 0.0847
[Nonlinear] Ep 900, loss 0.0753
[Nonlinear] Ep 1000, loss 0.0726
[Nonlinear] Ep 1100, loss 0.0714
[Nonlinear] Ep 1200, loss 0.0708
[Nonlinear] Ep 1300, loss 0.0704
[Nonlinear] Ep 1400, loss 0.0700
[Nonlinear] Ep 1500, loss 0.0698
[Nonlinear] Ep 1600, loss 0.0696
[Nonlinear] Ep 1700, loss 0.0694
[Nonlinear] Ep 1800, loss 0.0692
[Nonlinear] Ep 1900, loss 0.0690
[Nonlinear] Ep 0, loss 37.2839
[Nonlinear] Ep 100, loss 16.9499
[Nonlinear] Ep 200, loss 12.1424
[Nonlinear] Ep 300, loss 7.9924
[Nonlinear] Ep 400, loss 4.0763
[Nonlinear] Ep 500, loss 1.7505
[Nonlinear] Ep 600, loss 0.8935
[Nonlinear] Ep 700, loss 0.7144
[Nonlinear] Ep 800, loss 0.6903
[Nonlinear] Ep 900, loss 0.6874
[Nonlinear] Ep 1000, loss 0.6864
[Nonlinear] Ep 1100, loss 0.6856
[Nonlinear] Ep 1200, loss 0.6848
[Nonlinear] Ep 1300, loss 0.6841
[Nonlinear] Ep 1400, loss 0.6835
[Nonlinear] Ep 1500, loss 0.6829
[Nonlinear] Ep 1600, loss 0.6824
[Nonlinear] Ep 1700, loss 0.6819
[Nonlinear] Ep 1800, loss 0.6815
[Nonlinear] Ep 1900, loss 0.6811

=== Current trial for n = 2500, trial = 23 ===
[1 1 2]
[Nonlinear] Ep 0, loss 3.4148
[Nonlinear] Ep 100, loss 0.1615
[Nonlinear] Ep 200, loss 0.0114
[Nonlinear] Ep 300, loss 0.0112
[Nonlinear] Ep 400, loss 0.0112
[Nonlinear] Ep 500, loss 0.0112
[Nonlinear] Ep 600, loss 0.0112
[Nonlinear] Ep 700, loss 0.0112
[Nonlinear] Ep 800, loss 0.0112
[Nonlinear] Ep 900, loss 0.0112
[Nonlinear] Ep 1000, loss 0.0112
[Nonlinear] Ep 1100, loss 0.0112
[Nonlinear] Ep 1200, loss 0.0112
[Nonlinear] Ep 1300, loss 0.0112
[Nonlinear] Ep 1400, loss 0.0112
[Nonlinear] Ep 1500, loss 0.0112
[Nonlinear] Ep 1600, loss 0.0112
[Nonlinear] Ep 1700, loss 0.0112
[Nonlinear] Ep 1800, loss 0.0112
[Nonlinear] Ep 1900, loss 0.0112
[Nonlinear] Ep 0, loss 2.0792
[Nonlinear] Ep 100, loss 0.3764
[Nonlinear] Ep 200, loss 0.0257
[Nonlinear] Ep 300, loss 0.0132
[Nonlinear] Ep 400, loss 0.0127
[Nonlinear] Ep 500, loss 0.0125
[Nonlinear] Ep 600, loss 0.0124
[Nonlinear] Ep 700, loss 0.0123
[Nonlinear] Ep 800, loss 0.0123
[Nonlinear] Ep 900, loss 0.0122
[Nonlinear] Ep 1000, loss 0.0122
[Nonlinear] Ep 1100, loss 0.0122
[Nonlinear] Ep 1200, loss 0.0121
[Nonlinear] Ep 1300, loss 0.0121
[Nonlinear] Ep 1400, loss 0.0121
[Nonlinear] Ep 1500, loss 0.0121
[Nonlinear] Ep 1600, loss 0.0120
[Nonlinear] Ep 1700, loss 0.0120
[Nonlinear] Ep 1800, loss 0.0120
[Nonlinear] Ep 1900, loss 0.0120
[Nonlinear] Ep 0, loss 1.7929
[Nonlinear] Ep 100, loss 0.1847
[Nonlinear] Ep 200, loss 0.0140
[Nonlinear] Ep 300, loss 0.0116
[Nonlinear] Ep 400, loss 0.0113
[Nonlinear] Ep 500, loss 0.0112
[Nonlinear] Ep 600, loss 0.0112
[Nonlinear] Ep 700, loss 0.0112
[Nonlinear] Ep 800, loss 0.0112
[Nonlinear] Ep 900, loss 0.0112
[Nonlinear] Ep 1000, loss 0.0112
[Nonlinear] Ep 1100, loss 0.0112
[Nonlinear] Ep 1200, loss 0.0112
[Nonlinear] Ep 1300, loss 0.0112
[Nonlinear] Ep 1400, loss 0.0112
[Nonlinear] Ep 1500, loss 0.0112
[Nonlinear] Ep 1600, loss 0.0112
[Nonlinear] Ep 1700, loss 0.0112
[Nonlinear] Ep 1800, loss 0.0112
[Nonlinear] Ep 1900, loss 0.0112

=== Current trial for n = 2500, trial = 24 ===
[1 1 2]
[Nonlinear] Ep 0, loss 1.4441
[Nonlinear] Ep 100, loss 0.0157
[Nonlinear] Ep 200, loss 0.0103
[Nonlinear] Ep 300, loss 0.0103
[Nonlinear] Ep 400, loss 0.0103
[Nonlinear] Ep 500, loss 0.0103
[Nonlinear] Ep 600, loss 0.0103
[Nonlinear] Ep 700, loss 0.0103
[Nonlinear] Ep 800, loss 0.0103
[Nonlinear] Ep 900, loss 0.0103
[Nonlinear] Ep 1000, loss 0.0103
[Nonlinear] Ep 1100, loss 0.0103
[Nonlinear] Ep 1200, loss 0.0103
[Nonlinear] Ep 1300, loss 0.0103
[Nonlinear] Ep 1400, loss 0.0103
[Nonlinear] Ep 1500, loss 0.0103
[Nonlinear] Ep 1600, loss 0.0103
[Nonlinear] Ep 1700, loss 0.0103
[Nonlinear] Ep 1800, loss 0.0103
[Nonlinear] Ep 1900, loss 0.0103
[Nonlinear] Ep 0, loss 2.5692
[Nonlinear] Ep 100, loss 0.7265
[Nonlinear] Ep 200, loss 0.1052
[Nonlinear] Ep 300, loss 0.0144
[Nonlinear] Ep 400, loss 0.0119
[Nonlinear] Ep 500, loss 0.0118
[Nonlinear] Ep 600, loss 0.0118
[Nonlinear] Ep 700, loss 0.0118
[Nonlinear] Ep 800, loss 0.0117
[Nonlinear] Ep 900, loss 0.0117
[Nonlinear] Ep 1000, loss 0.0117
[Nonlinear] Ep 1100, loss 0.0116
[Nonlinear] Ep 1200, loss 0.0116
[Nonlinear] Ep 1300, loss 0.0116
[Nonlinear] Ep 1400, loss 0.0116
[Nonlinear] Ep 1500, loss 0.0115
[Nonlinear] Ep 1600, loss 0.0115
[Nonlinear] Ep 1700, loss 0.0115
[Nonlinear] Ep 1800, loss 0.0115
[Nonlinear] Ep 1900, loss 0.0114
[Nonlinear] Ep 0, loss 1.3275
[Nonlinear] Ep 100, loss 0.0178
[Nonlinear] Ep 200, loss 0.0106
[Nonlinear] Ep 300, loss 0.0104
[Nonlinear] Ep 400, loss 0.0104
[Nonlinear] Ep 500, loss 0.0103
[Nonlinear] Ep 600, loss 0.0103
[Nonlinear] Ep 700, loss 0.0103
[Nonlinear] Ep 800, loss 0.0103
[Nonlinear] Ep 900, loss 0.0103
[Nonlinear] Ep 1000, loss 0.0103
[Nonlinear] Ep 1100, loss 0.0103
[Nonlinear] Ep 1200, loss 0.0103
[Nonlinear] Ep 1300, loss 0.0103
[Nonlinear] Ep 1400, loss 0.0103
[Nonlinear] Ep 1500, loss 0.0103
[Nonlinear] Ep 1600, loss 0.0103
[Nonlinear] Ep 1700, loss 0.0103
[Nonlinear] Ep 1800, loss 0.0103
[Nonlinear] Ep 1900, loss 0.0103

=== Current trial for n = 2500, trial = 25 ===
[1 1 2]
[Nonlinear] Ep 0, loss 1.5108
[Nonlinear] Ep 100, loss 0.0368
[Nonlinear] Ep 200, loss 0.0118
[Nonlinear] Ep 300, loss 0.0118
[Nonlinear] Ep 400, loss 0.0118
[Nonlinear] Ep 500, loss 0.0118
[Nonlinear] Ep 600, loss 0.0118
[Nonlinear] Ep 700, loss 0.0118
[Nonlinear] Ep 800, loss 0.0118
[Nonlinear] Ep 900, loss 0.0118
[Nonlinear] Ep 1000, loss 0.0118
[Nonlinear] Ep 1100, loss 0.0118
[Nonlinear] Ep 1200, loss 0.0118
[Nonlinear] Ep 1300, loss 0.0118
[Nonlinear] Ep 1400, loss 0.0118
[Nonlinear] Ep 1500, loss 0.0117
[Nonlinear] Ep 1600, loss 0.0117
[Nonlinear] Ep 1700, loss 0.0117
[Nonlinear] Ep 1800, loss 0.0117
[Nonlinear] Ep 1900, loss 0.0117
[Nonlinear] Ep 0, loss 2.0076
[Nonlinear] Ep 100, loss 0.3062
[Nonlinear] Ep 200, loss 0.0162
[Nonlinear] Ep 300, loss 0.0146
[Nonlinear] Ep 400, loss 0.0145
[Nonlinear] Ep 500, loss 0.0143
[Nonlinear] Ep 600, loss 0.0142
[Nonlinear] Ep 700, loss 0.0141
[Nonlinear] Ep 800, loss 0.0140
[Nonlinear] Ep 900, loss 0.0139
[Nonlinear] Ep 1000, loss 0.0139
[Nonlinear] Ep 1100, loss 0.0138
[Nonlinear] Ep 1200, loss 0.0137
[Nonlinear] Ep 1300, loss 0.0136
[Nonlinear] Ep 1400, loss 0.0136
[Nonlinear] Ep 1500, loss 0.0135
[Nonlinear] Ep 1600, loss 0.0134
[Nonlinear] Ep 1700, loss 0.0134
[Nonlinear] Ep 1800, loss 0.0133
[Nonlinear] Ep 1900, loss 0.0133
[Nonlinear] Ep 0, loss 2.1735
[Nonlinear] Ep 100, loss 0.1248
[Nonlinear] Ep 200, loss 0.0119
[Nonlinear] Ep 300, loss 0.0118
[Nonlinear] Ep 400, loss 0.0117
[Nonlinear] Ep 500, loss 0.0117
[Nonlinear] Ep 600, loss 0.0117
[Nonlinear] Ep 700, loss 0.0117
[Nonlinear] Ep 800, loss 0.0117
[Nonlinear] Ep 900, loss 0.0117
[Nonlinear] Ep 1000, loss 0.0117
[Nonlinear] Ep 1100, loss 0.0117
[Nonlinear] Ep 1200, loss 0.0117
[Nonlinear] Ep 1300, loss 0.0117
[Nonlinear] Ep 1400, loss 0.0117
[Nonlinear] Ep 1500, loss 0.0117
[Nonlinear] Ep 1600, loss 0.0117
[Nonlinear] Ep 1700, loss 0.0117
[Nonlinear] Ep 1800, loss 0.0117
[Nonlinear] Ep 1900, loss 0.0117

=== Current trial for n = 2500, trial = 26 ===
[1 1 2]
[Nonlinear] Ep 0, loss 45.7318
[Nonlinear] Ep 100, loss 22.9795
[Nonlinear] Ep 200, loss 9.7704
[Nonlinear] Ep 300, loss 4.4016
[Nonlinear] Ep 400, loss 1.5002
[Nonlinear] Ep 500, loss 0.3586
[Nonlinear] Ep 600, loss 0.1061
[Nonlinear] Ep 700, loss 0.0738
[Nonlinear] Ep 800, loss 0.0713
[Nonlinear] Ep 900, loss 0.0711
[Nonlinear] Ep 1000, loss 0.0711
[Nonlinear] Ep 1100, loss 0.0710
[Nonlinear] Ep 1200, loss 0.0710
[Nonlinear] Ep 1300, loss 0.0710
[Nonlinear] Ep 1400, loss 0.0709
[Nonlinear] Ep 1500, loss 0.0709
[Nonlinear] Ep 1600, loss 0.0708
[Nonlinear] Ep 1700, loss 0.0708
[Nonlinear] Ep 1800, loss 0.0707
[Nonlinear] Ep 1900, loss 0.0707
[Nonlinear] Ep 0, loss 42.0498
[Nonlinear] Ep 100, loss 28.1439
[Nonlinear] Ep 200, loss 15.1105
[Nonlinear] Ep 300, loss 7.2337
[Nonlinear] Ep 400, loss 2.8734
[Nonlinear] Ep 500, loss 0.8854
[Nonlinear] Ep 600, loss 0.2794
[Nonlinear] Ep 700, loss 0.1509
[Nonlinear] Ep 800, loss 0.1198
[Nonlinear] Ep 900, loss 0.1071
[Nonlinear] Ep 1000, loss 0.1011
[Nonlinear] Ep 1100, loss 0.0984
[Nonlinear] Ep 1200, loss 0.0972
[Nonlinear] Ep 1300, loss 0.0965
[Nonlinear] Ep 1400, loss 0.0960
[Nonlinear] Ep 1500, loss 0.0955
[Nonlinear] Ep 1600, loss 0.0950
[Nonlinear] Ep 1700, loss 0.0945
[Nonlinear] Ep 1800, loss 0.0941
[Nonlinear] Ep 1900, loss 0.0936
[Nonlinear] Ep 0, loss 42.4652
[Nonlinear] Ep 100, loss 18.2116
[Nonlinear] Ep 200, loss 12.3346
[Nonlinear] Ep 300, loss 7.8359
[Nonlinear] Ep 400, loss 3.8286
[Nonlinear] Ep 500, loss 1.5589
[Nonlinear] Ep 600, loss 0.7909
[Nonlinear] Ep 700, loss 0.6426
[Nonlinear] Ep 800, loss 0.6247
[Nonlinear] Ep 900, loss 0.6231
[Nonlinear] Ep 1000, loss 0.6226
[Nonlinear] Ep 1100, loss 0.6223
[Nonlinear] Ep 1200, loss 0.6219
[Nonlinear] Ep 1300, loss 0.6214
[Nonlinear] Ep 1400, loss 0.6210
[Nonlinear] Ep 1500, loss 0.6205
[Nonlinear] Ep 1600, loss 0.6201
[Nonlinear] Ep 1700, loss 0.6196
[Nonlinear] Ep 1800, loss 0.6191
[Nonlinear] Ep 1900, loss 0.6186

=== Current trial for n = 2500, trial = 27 ===
[1 1 2]
[Nonlinear] Ep 0, loss 43.6065
[Nonlinear] Ep 100, loss 24.2209
[Nonlinear] Ep 200, loss 12.8497
[Nonlinear] Ep 300, loss 6.0302
[Nonlinear] Ep 400, loss 2.1073
[Nonlinear] Ep 500, loss 0.5063
[Nonlinear] Ep 600, loss 0.1198
[Nonlinear] Ep 700, loss 0.0665
[Nonlinear] Ep 800, loss 0.0619
[Nonlinear] Ep 900, loss 0.0617
[Nonlinear] Ep 1000, loss 0.0616
[Nonlinear] Ep 1100, loss 0.0616
[Nonlinear] Ep 1200, loss 0.0615
[Nonlinear] Ep 1300, loss 0.0615
[Nonlinear] Ep 1400, loss 0.0614
[Nonlinear] Ep 1500, loss 0.0614
[Nonlinear] Ep 1600, loss 0.0614
[Nonlinear] Ep 1700, loss 0.0613
[Nonlinear] Ep 1800, loss 0.0612
[Nonlinear] Ep 1900, loss 0.0612
[Nonlinear] Ep 0, loss 44.6616
[Nonlinear] Ep 100, loss 30.6850
[Nonlinear] Ep 200, loss 14.8011
[Nonlinear] Ep 300, loss 5.6333
[Nonlinear] Ep 400, loss 2.4873
[Nonlinear] Ep 500, loss 0.9507
[Nonlinear] Ep 600, loss 0.3055
[Nonlinear] Ep 700, loss 0.1316
[Nonlinear] Ep 800, loss 0.1009
[Nonlinear] Ep 900, loss 0.0961
[Nonlinear] Ep 1000, loss 0.0947
[Nonlinear] Ep 1100, loss 0.0940
[Nonlinear] Ep 1200, loss 0.0936
[Nonlinear] Ep 1300, loss 0.0933
[Nonlinear] Ep 1400, loss 0.0930
[Nonlinear] Ep 1500, loss 0.0928
[Nonlinear] Ep 1600, loss 0.0927
[Nonlinear] Ep 1700, loss 0.0925
[Nonlinear] Ep 1800, loss 0.0924
[Nonlinear] Ep 1900, loss 0.0922
[Nonlinear] Ep 0, loss 42.3222
[Nonlinear] Ep 100, loss 18.3456
[Nonlinear] Ep 200, loss 11.7236
[Nonlinear] Ep 300, loss 7.2974
[Nonlinear] Ep 400, loss 3.7724
[Nonlinear] Ep 500, loss 1.7534
[Nonlinear] Ep 600, loss 0.9849
[Nonlinear] Ep 700, loss 0.7968
[Nonlinear] Ep 800, loss 0.7652
[Nonlinear] Ep 900, loss 0.7601
[Nonlinear] Ep 1000, loss 0.7581
[Nonlinear] Ep 1100, loss 0.7567
[Nonlinear] Ep 1200, loss 0.7556
[Nonlinear] Ep 1300, loss 0.7546
[Nonlinear] Ep 1400, loss 0.7538
[Nonlinear] Ep 1500, loss 0.7531
[Nonlinear] Ep 1600, loss 0.7525
[Nonlinear] Ep 1700, loss 0.7519
[Nonlinear] Ep 1800, loss 0.7514
[Nonlinear] Ep 1900, loss 0.7509

=== Current trial for n = 2500, trial = 28 ===
[1 1 2]
[Nonlinear] Ep 0, loss 2.2313
[Nonlinear] Ep 100, loss 0.0937
[Nonlinear] Ep 200, loss 0.0107
[Nonlinear] Ep 300, loss 0.0107
[Nonlinear] Ep 400, loss 0.0107
[Nonlinear] Ep 500, loss 0.0107
[Nonlinear] Ep 600, loss 0.0107
[Nonlinear] Ep 700, loss 0.0107
[Nonlinear] Ep 800, loss 0.0107
[Nonlinear] Ep 900, loss 0.0107
[Nonlinear] Ep 1000, loss 0.0107
[Nonlinear] Ep 1100, loss 0.0107
[Nonlinear] Ep 1200, loss 0.0107
[Nonlinear] Ep 1300, loss 0.0107
[Nonlinear] Ep 1400, loss 0.0107
[Nonlinear] Ep 1500, loss 0.0106
[Nonlinear] Ep 1600, loss 0.0106
[Nonlinear] Ep 1700, loss 0.0106
[Nonlinear] Ep 1800, loss 0.0106
[Nonlinear] Ep 1900, loss 0.0106
[Nonlinear] Ep 0, loss 1.5824
[Nonlinear] Ep 100, loss 0.2008
[Nonlinear] Ep 200, loss 0.0155
[Nonlinear] Ep 300, loss 0.0140
[Nonlinear] Ep 400, loss 0.0140
[Nonlinear] Ep 500, loss 0.0139
[Nonlinear] Ep 600, loss 0.0138
[Nonlinear] Ep 700, loss 0.0137
[Nonlinear] Ep 800, loss 0.0136
[Nonlinear] Ep 900, loss 0.0136
[Nonlinear] Ep 1000, loss 0.0135
[Nonlinear] Ep 1100, loss 0.0134
[Nonlinear] Ep 1200, loss 0.0134
[Nonlinear] Ep 1300, loss 0.0133
[Nonlinear] Ep 1400, loss 0.0132
[Nonlinear] Ep 1500, loss 0.0132
[Nonlinear] Ep 1600, loss 0.0131
[Nonlinear] Ep 1700, loss 0.0130
[Nonlinear] Ep 1800, loss 0.0130
[Nonlinear] Ep 1900, loss 0.0129
[Nonlinear] Ep 0, loss 1.2258
[Nonlinear] Ep 100, loss 0.0315
[Nonlinear] Ep 200, loss 0.0109
[Nonlinear] Ep 300, loss 0.0107
[Nonlinear] Ep 400, loss 0.0106
[Nonlinear] Ep 500, loss 0.0106
[Nonlinear] Ep 600, loss 0.0106
[Nonlinear] Ep 700, loss 0.0106
[Nonlinear] Ep 800, loss 0.0106
[Nonlinear] Ep 900, loss 0.0106
[Nonlinear] Ep 1000, loss 0.0106
[Nonlinear] Ep 1100, loss 0.0106
[Nonlinear] Ep 1200, loss 0.0106
[Nonlinear] Ep 1300, loss 0.0106
[Nonlinear] Ep 1400, loss 0.0106
[Nonlinear] Ep 1500, loss 0.0106
[Nonlinear] Ep 1600, loss 0.0106
[Nonlinear] Ep 1700, loss 0.0106
[Nonlinear] Ep 1800, loss 0.0106
[Nonlinear] Ep 1900, loss 0.0106

=== Current trial for n = 2500, trial = 29 ===
[1 1 2]
[Nonlinear] Ep 0, loss 1.7819
[Nonlinear] Ep 100, loss 0.0245
[Nonlinear] Ep 200, loss 0.0117
[Nonlinear] Ep 300, loss 0.0117
[Nonlinear] Ep 400, loss 0.0117
[Nonlinear] Ep 500, loss 0.0116
[Nonlinear] Ep 600, loss 0.0116
[Nonlinear] Ep 700, loss 0.0116
[Nonlinear] Ep 800, loss 0.0116
[Nonlinear] Ep 900, loss 0.0116
[Nonlinear] Ep 1000, loss 0.0116
[Nonlinear] Ep 1100, loss 0.0116
[Nonlinear] Ep 1200, loss 0.0116
[Nonlinear] Ep 1300, loss 0.0116
[Nonlinear] Ep 1400, loss 0.0116
[Nonlinear] Ep 1500, loss 0.0116
[Nonlinear] Ep 1600, loss 0.0116
[Nonlinear] Ep 1700, loss 0.0116
[Nonlinear] Ep 1800, loss 0.0116
[Nonlinear] Ep 1900, loss 0.0116
[Nonlinear] Ep 0, loss 1.8310
[Nonlinear] Ep 100, loss 0.3584
[Nonlinear] Ep 200, loss 0.0243
[Nonlinear] Ep 300, loss 0.0193
[Nonlinear] Ep 400, loss 0.0170
[Nonlinear] Ep 500, loss 0.0152
[Nonlinear] Ep 600, loss 0.0139
[Nonlinear] Ep 700, loss 0.0130
[Nonlinear] Ep 800, loss 0.0126
[Nonlinear] Ep 900, loss 0.0123
[Nonlinear] Ep 1000, loss 0.0122
[Nonlinear] Ep 1100, loss 0.0120
[Nonlinear] Ep 1200, loss 0.0120
[Nonlinear] Ep 1300, loss 0.0119
[Nonlinear] Ep 1400, loss 0.0119
[Nonlinear] Ep 1500, loss 0.0118
[Nonlinear] Ep 1600, loss 0.0118
[Nonlinear] Ep 1700, loss 0.0118
[Nonlinear] Ep 1800, loss 0.0117
[Nonlinear] Ep 1900, loss 0.0117
[Nonlinear] Ep 0, loss 2.9951
[Nonlinear] Ep 100, loss 0.0943
[Nonlinear] Ep 200, loss 0.0132
[Nonlinear] Ep 300, loss 0.0122
[Nonlinear] Ep 400, loss 0.0119
[Nonlinear] Ep 500, loss 0.0117
[Nonlinear] Ep 600, loss 0.0116
[Nonlinear] Ep 700, loss 0.0115
[Nonlinear] Ep 800, loss 0.0115
[Nonlinear] Ep 900, loss 0.0115
[Nonlinear] Ep 1000, loss 0.0115
[Nonlinear] Ep 1100, loss 0.0115
[Nonlinear] Ep 1200, loss 0.0115
[Nonlinear] Ep 1300, loss 0.0114
[Nonlinear] Ep 1400, loss 0.0114
[Nonlinear] Ep 1500, loss 0.0114
[Nonlinear] Ep 1600, loss 0.0114
[Nonlinear] Ep 1700, loss 0.0114
[Nonlinear] Ep 1800, loss 0.0114
[Nonlinear] Ep 1900, loss 0.0114

=== Current trial for n = 2500, trial = 30 ===
[1 1 2]
[Nonlinear] Ep 0, loss 2.6257
[Nonlinear] Ep 100, loss 0.1899
[Nonlinear] Ep 200, loss 0.0113
[Nonlinear] Ep 300, loss 0.0105
[Nonlinear] Ep 400, loss 0.0105
[Nonlinear] Ep 500, loss 0.0105
[Nonlinear] Ep 600, loss 0.0105
[Nonlinear] Ep 700, loss 0.0105
[Nonlinear] Ep 800, loss 0.0105
[Nonlinear] Ep 900, loss 0.0105
[Nonlinear] Ep 1000, loss 0.0105
[Nonlinear] Ep 1100, loss 0.0105
[Nonlinear] Ep 1200, loss 0.0105
[Nonlinear] Ep 1300, loss 0.0105
[Nonlinear] Ep 1400, loss 0.0105
[Nonlinear] Ep 1500, loss 0.0105
[Nonlinear] Ep 1600, loss 0.0105
[Nonlinear] Ep 1700, loss 0.0105
[Nonlinear] Ep 1800, loss 0.0105
[Nonlinear] Ep 1900, loss 0.0105
[Nonlinear] Ep 0, loss 1.0615
[Nonlinear] Ep 100, loss 0.0779
[Nonlinear] Ep 200, loss 0.0123
[Nonlinear] Ep 300, loss 0.0120
[Nonlinear] Ep 400, loss 0.0120
[Nonlinear] Ep 500, loss 0.0119
[Nonlinear] Ep 600, loss 0.0118
[Nonlinear] Ep 700, loss 0.0118
[Nonlinear] Ep 800, loss 0.0117
[Nonlinear] Ep 900, loss 0.0117
[Nonlinear] Ep 1000, loss 0.0116
[Nonlinear] Ep 1100, loss 0.0116
[Nonlinear] Ep 1200, loss 0.0115
[Nonlinear] Ep 1300, loss 0.0115
[Nonlinear] Ep 1400, loss 0.0114
[Nonlinear] Ep 1500, loss 0.0114
[Nonlinear] Ep 1600, loss 0.0114
[Nonlinear] Ep 1700, loss 0.0114
[Nonlinear] Ep 1800, loss 0.0113
[Nonlinear] Ep 1900, loss 0.0113
[Nonlinear] Ep 0, loss 1.4770
[Nonlinear] Ep 100, loss 0.0940
[Nonlinear] Ep 200, loss 0.0106
[Nonlinear] Ep 300, loss 0.0105
[Nonlinear] Ep 400, loss 0.0105
[Nonlinear] Ep 500, loss 0.0105
[Nonlinear] Ep 600, loss 0.0105
[Nonlinear] Ep 700, loss 0.0105
[Nonlinear] Ep 800, loss 0.0105
[Nonlinear] Ep 900, loss 0.0105
[Nonlinear] Ep 1000, loss 0.0105
[Nonlinear] Ep 1100, loss 0.0105
[Nonlinear] Ep 1200, loss 0.0105
[Nonlinear] Ep 1300, loss 0.0105
[Nonlinear] Ep 1400, loss 0.0105
[Nonlinear] Ep 1500, loss 0.0105
[Nonlinear] Ep 1600, loss 0.0105
[Nonlinear] Ep 1700, loss 0.0105
[Nonlinear] Ep 1800, loss 0.0105
[Nonlinear] Ep 1900, loss 0.0105
>>> Finished experiment for n = 2500
>>> Result: {'n': 2500, 'clustered': [np.float64(0.014736066784552955), np.float64(0.020848809866497134), np.float64(0.0014943242301192648)], 'same_cluster': [np.float64(0.05196215499320236), np.float64(0.06562729735476432), np.float64(0.023478804630574092)], 'distinct_clusters': [np.float64(0.03791288177311114), np.float64(0.044361623417885146), np.float64(0.00147408798575979)], 'pred_clustered': np.float64(0.025709716295016095), 'pred_same_cluster': np.float64(0.036756877717060044), 'pred_distinct_clusters': np.float64(0.32399259095803407)}
>>> Saving CSV
>>> Plots saved
!!! Error during saving/plotting for n = 2500: [Errno 2] No such file or directory: 'Plots/pred_nl_comp_singid/clustered_n_2500.png'
