=== Starting job ID 2 on node midway3-0060.rcc.local ===
Running AMP experiment for n = 3000
>>> Script started
>>> Running AMP comparison experiment with n = 3000

=== Current trial for n = 3000, trial = 1 ===
[1 1 2]
[Nonlinear] Ep 0, loss 2.4765
[Nonlinear] Ep 100, loss 0.2743
[Nonlinear] Ep 200, loss 0.0122
[Nonlinear] Ep 300, loss 0.0109
[Nonlinear] Ep 400, loss 0.0109
[Nonlinear] Ep 500, loss 0.0109
[Nonlinear] Ep 600, loss 0.0109
[Nonlinear] Ep 700, loss 0.0109
[Nonlinear] Ep 800, loss 0.0109
[Nonlinear] Ep 900, loss 0.0109
[Nonlinear] Ep 1000, loss 0.0109
[Nonlinear] Ep 1100, loss 0.0109
[Nonlinear] Ep 1200, loss 0.0109
[Nonlinear] Ep 1300, loss 0.0109
[Nonlinear] Ep 1400, loss 0.0109
[Nonlinear] Ep 1500, loss 0.0109
[Nonlinear] Ep 1600, loss 0.0109
[Nonlinear] Ep 1700, loss 0.0109
[Nonlinear] Ep 1800, loss 0.0109
[Nonlinear] Ep 1900, loss 0.0109
[Nonlinear] Ep 0, loss 1.7934
[Nonlinear] Ep 100, loss 0.2738
[Nonlinear] Ep 200, loss 0.0171
[Nonlinear] Ep 300, loss 0.0136
[Nonlinear] Ep 400, loss 0.0134
[Nonlinear] Ep 500, loss 0.0133
[Nonlinear] Ep 600, loss 0.0133
[Nonlinear] Ep 700, loss 0.0132
[Nonlinear] Ep 800, loss 0.0131
[Nonlinear] Ep 900, loss 0.0130
[Nonlinear] Ep 1000, loss 0.0130
[Nonlinear] Ep 1100, loss 0.0129
[Nonlinear] Ep 1200, loss 0.0128
[Nonlinear] Ep 1300, loss 0.0127
[Nonlinear] Ep 1400, loss 0.0127
[Nonlinear] Ep 1500, loss 0.0126
[Nonlinear] Ep 1600, loss 0.0125
[Nonlinear] Ep 1700, loss 0.0125
[Nonlinear] Ep 1800, loss 0.0124
[Nonlinear] Ep 1900, loss 0.0124
[Nonlinear] Ep 0, loss 1.4175
[Nonlinear] Ep 100, loss 0.0138
[Nonlinear] Ep 200, loss 0.0108
[Nonlinear] Ep 300, loss 0.0108
[Nonlinear] Ep 400, loss 0.0108
[Nonlinear] Ep 500, loss 0.0108
[Nonlinear] Ep 600, loss 0.0108
[Nonlinear] Ep 700, loss 0.0108
[Nonlinear] Ep 800, loss 0.0108
[Nonlinear] Ep 900, loss 0.0108
[Nonlinear] Ep 1000, loss 0.0108
[Nonlinear] Ep 1100, loss 0.0108
[Nonlinear] Ep 1200, loss 0.0108
[Nonlinear] Ep 1300, loss 0.0108
[Nonlinear] Ep 1400, loss 0.0108
[Nonlinear] Ep 1500, loss 0.0108
[Nonlinear] Ep 1600, loss 0.0108
[Nonlinear] Ep 1700, loss 0.0108
[Nonlinear] Ep 1800, loss 0.0108
[Nonlinear] Ep 1900, loss 0.0108

=== Current trial for n = 3000, trial = 2 ===
[1 1 2]
[Nonlinear] Ep 0, loss 2.2657
[Nonlinear] Ep 100, loss 0.1805
[Nonlinear] Ep 200, loss 0.0109
[Nonlinear] Ep 300, loss 0.0107
[Nonlinear] Ep 400, loss 0.0107
[Nonlinear] Ep 500, loss 0.0107
[Nonlinear] Ep 600, loss 0.0107
[Nonlinear] Ep 700, loss 0.0107
[Nonlinear] Ep 800, loss 0.0107
[Nonlinear] Ep 900, loss 0.0107
[Nonlinear] Ep 1000, loss 0.0107
[Nonlinear] Ep 1100, loss 0.0107
[Nonlinear] Ep 1200, loss 0.0107
[Nonlinear] Ep 1300, loss 0.0107
[Nonlinear] Ep 1400, loss 0.0107
[Nonlinear] Ep 1500, loss 0.0107
[Nonlinear] Ep 1600, loss 0.0107
[Nonlinear] Ep 1700, loss 0.0107
[Nonlinear] Ep 1800, loss 0.0107
[Nonlinear] Ep 1900, loss 0.0107
[Nonlinear] Ep 0, loss 2.5391
[Nonlinear] Ep 100, loss 0.5044
[Nonlinear] Ep 200, loss 0.0458
[Nonlinear] Ep 300, loss 0.0174
[Nonlinear] Ep 400, loss 0.0150
[Nonlinear] Ep 500, loss 0.0143
[Nonlinear] Ep 600, loss 0.0139
[Nonlinear] Ep 700, loss 0.0137
[Nonlinear] Ep 800, loss 0.0135
[Nonlinear] Ep 900, loss 0.0133
[Nonlinear] Ep 1000, loss 0.0132
[Nonlinear] Ep 1100, loss 0.0130
[Nonlinear] Ep 1200, loss 0.0128
[Nonlinear] Ep 1300, loss 0.0127
[Nonlinear] Ep 1400, loss 0.0126
[Nonlinear] Ep 1500, loss 0.0124
[Nonlinear] Ep 1600, loss 0.0123
[Nonlinear] Ep 1700, loss 0.0122
[Nonlinear] Ep 1800, loss 0.0121
[Nonlinear] Ep 1900, loss 0.0121
[Nonlinear] Ep 0, loss 3.4734
[Nonlinear] Ep 100, loss 0.2882
[Nonlinear] Ep 200, loss 0.0186
[Nonlinear] Ep 300, loss 0.0133
[Nonlinear] Ep 400, loss 0.0124
[Nonlinear] Ep 500, loss 0.0117
[Nonlinear] Ep 600, loss 0.0113
[Nonlinear] Ep 700, loss 0.0110
[Nonlinear] Ep 800, loss 0.0109
[Nonlinear] Ep 900, loss 0.0108
[Nonlinear] Ep 1000, loss 0.0108
[Nonlinear] Ep 1100, loss 0.0108
[Nonlinear] Ep 1200, loss 0.0108
[Nonlinear] Ep 1300, loss 0.0107
[Nonlinear] Ep 1400, loss 0.0107
[Nonlinear] Ep 1500, loss 0.0107
[Nonlinear] Ep 1600, loss 0.0107
[Nonlinear] Ep 1700, loss 0.0107
[Nonlinear] Ep 1800, loss 0.0107
[Nonlinear] Ep 1900, loss 0.0107

=== Current trial for n = 3000, trial = 3 ===
[1 1 2]
[Nonlinear] Ep 0, loss 45.1205
[Nonlinear] Ep 100, loss 22.7742
[Nonlinear] Ep 200, loss 11.6083
[Nonlinear] Ep 300, loss 5.8161
[Nonlinear] Ep 400, loss 2.2911
[Nonlinear] Ep 500, loss 0.6457
[Nonlinear] Ep 600, loss 0.1662
[Nonlinear] Ep 700, loss 0.0858
[Nonlinear] Ep 800, loss 0.0776
[Nonlinear] Ep 900, loss 0.0771
[Nonlinear] Ep 1000, loss 0.0770
[Nonlinear] Ep 1100, loss 0.0769
[Nonlinear] Ep 1200, loss 0.0769
[Nonlinear] Ep 1300, loss 0.0768
[Nonlinear] Ep 1400, loss 0.0767
[Nonlinear] Ep 1500, loss 0.0766
[Nonlinear] Ep 1600, loss 0.0766
[Nonlinear] Ep 1700, loss 0.0765
[Nonlinear] Ep 1800, loss 0.0764
[Nonlinear] Ep 1900, loss 0.0763
[Nonlinear] Ep 0, loss 38.2095
[Nonlinear] Ep 100, loss 25.8098
[Nonlinear] Ep 200, loss 12.3259
[Nonlinear] Ep 300, loss 5.0971
[Nonlinear] Ep 400, loss 1.7678
[Nonlinear] Ep 500, loss 0.4755
[Nonlinear] Ep 600, loss 0.1706
[Nonlinear] Ep 700, loss 0.1267
[Nonlinear] Ep 800, loss 0.1197
[Nonlinear] Ep 900, loss 0.1169
[Nonlinear] Ep 1000, loss 0.1152
[Nonlinear] Ep 1100, loss 0.1141
[Nonlinear] Ep 1200, loss 0.1133
[Nonlinear] Ep 1300, loss 0.1127
[Nonlinear] Ep 1400, loss 0.1121
[Nonlinear] Ep 1500, loss 0.1115
[Nonlinear] Ep 1600, loss 0.1109
[Nonlinear] Ep 1700, loss 0.1103
[Nonlinear] Ep 1800, loss 0.1097
[Nonlinear] Ep 1900, loss 0.1092
[Nonlinear] Ep 0, loss 42.2972
[Nonlinear] Ep 100, loss 17.6424
[Nonlinear] Ep 200, loss 11.6350
[Nonlinear] Ep 300, loss 7.8816
[Nonlinear] Ep 400, loss 4.6717
[Nonlinear] Ep 500, loss 2.4165
[Nonlinear] Ep 600, loss 1.2420
[Nonlinear] Ep 700, loss 0.8034
[Nonlinear] Ep 800, loss 0.7229
[Nonlinear] Ep 900, loss 0.7139
[Nonlinear] Ep 1000, loss 0.7099
[Nonlinear] Ep 1100, loss 0.7069
[Nonlinear] Ep 1200, loss 0.7047
[Nonlinear] Ep 1300, loss 0.7031
[Nonlinear] Ep 1400, loss 0.7019
[Nonlinear] Ep 1500, loss 0.7011
[Nonlinear] Ep 1600, loss 0.7005
[Nonlinear] Ep 1700, loss 0.7001
[Nonlinear] Ep 1800, loss 0.6998
[Nonlinear] Ep 1900, loss 0.6995

=== Current trial for n = 3000, trial = 4 ===
[1 1 2]
[Nonlinear] Ep 0, loss 44.8598
[Nonlinear] Ep 100, loss 22.2572
[Nonlinear] Ep 200, loss 12.0036
[Nonlinear] Ep 300, loss 6.7923
[Nonlinear] Ep 400, loss 2.7985
[Nonlinear] Ep 500, loss 0.7043
[Nonlinear] Ep 600, loss 0.1323
[Nonlinear] Ep 700, loss 0.0512
[Nonlinear] Ep 800, loss 0.0448
[Nonlinear] Ep 900, loss 0.0444
[Nonlinear] Ep 1000, loss 0.0444
[Nonlinear] Ep 1100, loss 0.0444
[Nonlinear] Ep 1200, loss 0.0444
[Nonlinear] Ep 1300, loss 0.0443
[Nonlinear] Ep 1400, loss 0.0443
[Nonlinear] Ep 1500, loss 0.0443
[Nonlinear] Ep 1600, loss 0.0443
[Nonlinear] Ep 1700, loss 0.0442
[Nonlinear] Ep 1800, loss 0.0442
[Nonlinear] Ep 1900, loss 0.0442
[Nonlinear] Ep 0, loss 41.1963
[Nonlinear] Ep 100, loss 27.6368
[Nonlinear] Ep 200, loss 13.9583
[Nonlinear] Ep 300, loss 6.7359
[Nonlinear] Ep 400, loss 3.4554
[Nonlinear] Ep 500, loss 1.6951
[Nonlinear] Ep 600, loss 0.8748
[Nonlinear] Ep 700, loss 0.5090
[Nonlinear] Ep 800, loss 0.3507
[Nonlinear] Ep 900, loss 0.2694
[Nonlinear] Ep 1000, loss 0.2220
[Nonlinear] Ep 1100, loss 0.1922
[Nonlinear] Ep 1200, loss 0.1732
[Nonlinear] Ep 1300, loss 0.1608
[Nonlinear] Ep 1400, loss 0.1527
[Nonlinear] Ep 1500, loss 0.1470
[Nonlinear] Ep 1600, loss 0.1433
[Nonlinear] Ep 1700, loss 0.1410
[Nonlinear] Ep 1800, loss 0.1394
[Nonlinear] Ep 1900, loss 0.1383
[Nonlinear] Ep 0, loss 46.9337
[Nonlinear] Ep 100, loss 20.6639
[Nonlinear] Ep 200, loss 12.2972
[Nonlinear] Ep 300, loss 8.5880
[Nonlinear] Ep 400, loss 5.3905
[Nonlinear] Ep 500, loss 3.0687
[Nonlinear] Ep 600, loss 1.6875
[Nonlinear] Ep 700, loss 1.0460
[Nonlinear] Ep 800, loss 0.8168
[Nonlinear] Ep 900, loss 0.7512
[Nonlinear] Ep 1000, loss 0.7325
[Nonlinear] Ep 1100, loss 0.7238
[Nonlinear] Ep 1200, loss 0.7172
[Nonlinear] Ep 1300, loss 0.7115
[Nonlinear] Ep 1400, loss 0.7065
[Nonlinear] Ep 1500, loss 0.7021
[Nonlinear] Ep 1600, loss 0.6984
[Nonlinear] Ep 1700, loss 0.6952
[Nonlinear] Ep 1800, loss 0.6926
[Nonlinear] Ep 1900, loss 0.6903

=== Current trial for n = 3000, trial = 5 ===
[1 1 2]
[Nonlinear] Ep 0, loss 37.4655
[Nonlinear] Ep 100, loss 18.0257
[Nonlinear] Ep 200, loss 9.3215
[Nonlinear] Ep 300, loss 4.2913
[Nonlinear] Ep 400, loss 1.3446
[Nonlinear] Ep 500, loss 0.3280
[Nonlinear] Ep 600, loss 0.1144
[Nonlinear] Ep 700, loss 0.0867
[Nonlinear] Ep 800, loss 0.0843
[Nonlinear] Ep 900, loss 0.0841
[Nonlinear] Ep 1000, loss 0.0841
[Nonlinear] Ep 1100, loss 0.0841
[Nonlinear] Ep 1200, loss 0.0841
[Nonlinear] Ep 1300, loss 0.0841
[Nonlinear] Ep 1400, loss 0.0840
[Nonlinear] Ep 1500, loss 0.0840
[Nonlinear] Ep 1600, loss 0.0840
[Nonlinear] Ep 1700, loss 0.0840
[Nonlinear] Ep 1800, loss 0.0840
[Nonlinear] Ep 1900, loss 0.0839
[Nonlinear] Ep 0, loss 42.7477
[Nonlinear] Ep 100, loss 31.8988
[Nonlinear] Ep 200, loss 18.0673
[Nonlinear] Ep 300, loss 8.3487
[Nonlinear] Ep 400, loss 3.1753
[Nonlinear] Ep 500, loss 0.8088
[Nonlinear] Ep 600, loss 0.2140
[Nonlinear] Ep 700, loss 0.1256
[Nonlinear] Ep 800, loss 0.1130
[Nonlinear] Ep 900, loss 0.1090
[Nonlinear] Ep 1000, loss 0.1066
[Nonlinear] Ep 1100, loss 0.1049
[Nonlinear] Ep 1200, loss 0.1037
[Nonlinear] Ep 1300, loss 0.1026
[Nonlinear] Ep 1400, loss 0.1017
[Nonlinear] Ep 1500, loss 0.1009
[Nonlinear] Ep 1600, loss 0.1004
[Nonlinear] Ep 1700, loss 0.0999
[Nonlinear] Ep 1800, loss 0.0995
[Nonlinear] Ep 1900, loss 0.0992
[Nonlinear] Ep 0, loss 46.4884
[Nonlinear] Ep 100, loss 19.1673
[Nonlinear] Ep 200, loss 13.3739
[Nonlinear] Ep 300, loss 9.8922
[Nonlinear] Ep 400, loss 6.3805
[Nonlinear] Ep 500, loss 3.4315
[Nonlinear] Ep 600, loss 1.7025
[Nonlinear] Ep 700, loss 1.0298
[Nonlinear] Ep 800, loss 0.8580
[Nonlinear] Ep 900, loss 0.8279
[Nonlinear] Ep 1000, loss 0.8238
[Nonlinear] Ep 1100, loss 0.8230
[Nonlinear] Ep 1200, loss 0.8226
[Nonlinear] Ep 1300, loss 0.8222
[Nonlinear] Ep 1400, loss 0.8218
[Nonlinear] Ep 1500, loss 0.8215
[Nonlinear] Ep 1600, loss 0.8212
[Nonlinear] Ep 1700, loss 0.8209
[Nonlinear] Ep 1800, loss 0.8205
[Nonlinear] Ep 1900, loss 0.8202

=== Current trial for n = 3000, trial = 6 ===
[1 1 2]
[Nonlinear] Ep 0, loss 2.3762
[Nonlinear] Ep 100, loss 0.0809
[Nonlinear] Ep 200, loss 0.0101
[Nonlinear] Ep 300, loss 0.0101
[Nonlinear] Ep 400, loss 0.0101
[Nonlinear] Ep 500, loss 0.0101
[Nonlinear] Ep 600, loss 0.0101
[Nonlinear] Ep 700, loss 0.0101
[Nonlinear] Ep 800, loss 0.0101
[Nonlinear] Ep 900, loss 0.0101
[Nonlinear] Ep 1000, loss 0.0101
[Nonlinear] Ep 1100, loss 0.0101
[Nonlinear] Ep 1200, loss 0.0101
[Nonlinear] Ep 1300, loss 0.0101
[Nonlinear] Ep 1400, loss 0.0101
[Nonlinear] Ep 1500, loss 0.0101
[Nonlinear] Ep 1600, loss 0.0101
[Nonlinear] Ep 1700, loss 0.0101
[Nonlinear] Ep 1800, loss 0.0101
[Nonlinear] Ep 1900, loss 0.0101
[Nonlinear] Ep 0, loss 2.7727
[Nonlinear] Ep 100, loss 0.5394
[Nonlinear] Ep 200, loss 0.0360
[Nonlinear] Ep 300, loss 0.0141
[Nonlinear] Ep 400, loss 0.0133
[Nonlinear] Ep 500, loss 0.0130
[Nonlinear] Ep 600, loss 0.0129
[Nonlinear] Ep 700, loss 0.0127
[Nonlinear] Ep 800, loss 0.0126
[Nonlinear] Ep 900, loss 0.0125
[Nonlinear] Ep 1000, loss 0.0124
[Nonlinear] Ep 1100, loss 0.0123
[Nonlinear] Ep 1200, loss 0.0122
[Nonlinear] Ep 1300, loss 0.0121
[Nonlinear] Ep 1400, loss 0.0120
[Nonlinear] Ep 1500, loss 0.0120
[Nonlinear] Ep 1600, loss 0.0119
[Nonlinear] Ep 1700, loss 0.0119
[Nonlinear] Ep 1800, loss 0.0119
[Nonlinear] Ep 1900, loss 0.0118
[Nonlinear] Ep 0, loss 1.9054
[Nonlinear] Ep 100, loss 0.0238
[Nonlinear] Ep 200, loss 0.0102
[Nonlinear] Ep 300, loss 0.0102
[Nonlinear] Ep 400, loss 0.0101
[Nonlinear] Ep 500, loss 0.0101
[Nonlinear] Ep 600, loss 0.0101
[Nonlinear] Ep 700, loss 0.0101
[Nonlinear] Ep 800, loss 0.0101
[Nonlinear] Ep 900, loss 0.0101
[Nonlinear] Ep 1000, loss 0.0101
[Nonlinear] Ep 1100, loss 0.0101
[Nonlinear] Ep 1200, loss 0.0101
[Nonlinear] Ep 1300, loss 0.0101
[Nonlinear] Ep 1400, loss 0.0101
[Nonlinear] Ep 1500, loss 0.0101
[Nonlinear] Ep 1600, loss 0.0101
[Nonlinear] Ep 1700, loss 0.0101
[Nonlinear] Ep 1800, loss 0.0101
[Nonlinear] Ep 1900, loss 0.0101

=== Current trial for n = 3000, trial = 7 ===
[1 1 2]
[Nonlinear] Ep 0, loss 1.7690
[Nonlinear] Ep 100, loss 0.0517
[Nonlinear] Ep 200, loss 0.0119
[Nonlinear] Ep 300, loss 0.0119
[Nonlinear] Ep 400, loss 0.0119
[Nonlinear] Ep 500, loss 0.0119
[Nonlinear] Ep 600, loss 0.0119
[Nonlinear] Ep 700, loss 0.0119
[Nonlinear] Ep 800, loss 0.0119
[Nonlinear] Ep 900, loss 0.0119
[Nonlinear] Ep 1000, loss 0.0119
[Nonlinear] Ep 1100, loss 0.0119
[Nonlinear] Ep 1200, loss 0.0119
[Nonlinear] Ep 1300, loss 0.0119
[Nonlinear] Ep 1400, loss 0.0119
[Nonlinear] Ep 1500, loss 0.0119
[Nonlinear] Ep 1600, loss 0.0119
[Nonlinear] Ep 1700, loss 0.0119
[Nonlinear] Ep 1800, loss 0.0119
[Nonlinear] Ep 1900, loss 0.0119
[Nonlinear] Ep 0, loss 2.2334
[Nonlinear] Ep 100, loss 0.5339
[Nonlinear] Ep 200, loss 0.0542
[Nonlinear] Ep 300, loss 0.0179
[Nonlinear] Ep 400, loss 0.0171
[Nonlinear] Ep 500, loss 0.0164
[Nonlinear] Ep 600, loss 0.0159
[Nonlinear] Ep 700, loss 0.0155
[Nonlinear] Ep 800, loss 0.0152
[Nonlinear] Ep 900, loss 0.0150
[Nonlinear] Ep 1000, loss 0.0148
[Nonlinear] Ep 1100, loss 0.0147
[Nonlinear] Ep 1200, loss 0.0145
[Nonlinear] Ep 1300, loss 0.0144
[Nonlinear] Ep 1400, loss 0.0143
[Nonlinear] Ep 1500, loss 0.0142
[Nonlinear] Ep 1600, loss 0.0141
[Nonlinear] Ep 1700, loss 0.0140
[Nonlinear] Ep 1800, loss 0.0139
[Nonlinear] Ep 1900, loss 0.0138
[Nonlinear] Ep 0, loss 1.9561
[Nonlinear] Ep 100, loss 0.0489
[Nonlinear] Ep 200, loss 0.0126
[Nonlinear] Ep 300, loss 0.0124
[Nonlinear] Ep 400, loss 0.0122
[Nonlinear] Ep 500, loss 0.0121
[Nonlinear] Ep 600, loss 0.0121
[Nonlinear] Ep 700, loss 0.0120
[Nonlinear] Ep 800, loss 0.0120
[Nonlinear] Ep 900, loss 0.0120
[Nonlinear] Ep 1000, loss 0.0120
[Nonlinear] Ep 1100, loss 0.0120
[Nonlinear] Ep 1200, loss 0.0120
[Nonlinear] Ep 1300, loss 0.0120
[Nonlinear] Ep 1400, loss 0.0120
[Nonlinear] Ep 1500, loss 0.0120
[Nonlinear] Ep 1600, loss 0.0120
[Nonlinear] Ep 1700, loss 0.0120
[Nonlinear] Ep 1800, loss 0.0120
[Nonlinear] Ep 1900, loss 0.0120

=== Current trial for n = 3000, trial = 8 ===
[1 1 2]
[Nonlinear] Ep 0, loss 38.9345
[Nonlinear] Ep 100, loss 21.3881
[Nonlinear] Ep 200, loss 10.4399
[Nonlinear] Ep 300, loss 4.0401
[Nonlinear] Ep 400, loss 1.0008
[Nonlinear] Ep 500, loss 0.1568
[Nonlinear] Ep 600, loss 0.0565
[Nonlinear] Ep 700, loss 0.0513
[Nonlinear] Ep 800, loss 0.0511
[Nonlinear] Ep 900, loss 0.0511
[Nonlinear] Ep 1000, loss 0.0510
[Nonlinear] Ep 1100, loss 0.0510
[Nonlinear] Ep 1200, loss 0.0510
[Nonlinear] Ep 1300, loss 0.0509
[Nonlinear] Ep 1400, loss 0.0509
[Nonlinear] Ep 1500, loss 0.0509
[Nonlinear] Ep 1600, loss 0.0508
[Nonlinear] Ep 1700, loss 0.0508
[Nonlinear] Ep 1800, loss 0.0508
[Nonlinear] Ep 1900, loss 0.0507
[Nonlinear] Ep 0, loss 42.4374
[Nonlinear] Ep 100, loss 28.2864
[Nonlinear] Ep 200, loss 13.6797
[Nonlinear] Ep 300, loss 5.6382
[Nonlinear] Ep 400, loss 1.9117
[Nonlinear] Ep 500, loss 0.4621
[Nonlinear] Ep 600, loss 0.1387
[Nonlinear] Ep 700, loss 0.0944
[Nonlinear] Ep 800, loss 0.0854
[Nonlinear] Ep 900, loss 0.0819
[Nonlinear] Ep 1000, loss 0.0804
[Nonlinear] Ep 1100, loss 0.0797
[Nonlinear] Ep 1200, loss 0.0792
[Nonlinear] Ep 1300, loss 0.0788
[Nonlinear] Ep 1400, loss 0.0785
[Nonlinear] Ep 1500, loss 0.0781
[Nonlinear] Ep 1600, loss 0.0778
[Nonlinear] Ep 1700, loss 0.0774
[Nonlinear] Ep 1800, loss 0.0773
[Nonlinear] Ep 1900, loss 0.0772
[Nonlinear] Ep 0, loss 39.6216
[Nonlinear] Ep 100, loss 16.8109
[Nonlinear] Ep 200, loss 10.4835
[Nonlinear] Ep 300, loss 6.5437
[Nonlinear] Ep 400, loss 3.6596
[Nonlinear] Ep 500, loss 1.9533
[Nonlinear] Ep 600, loss 1.1599
[Nonlinear] Ep 700, loss 0.8838
[Nonlinear] Ep 800, loss 0.8096
[Nonlinear] Ep 900, loss 0.7896
[Nonlinear] Ep 1000, loss 0.7813
[Nonlinear] Ep 1100, loss 0.7757
[Nonlinear] Ep 1200, loss 0.7711
[Nonlinear] Ep 1300, loss 0.7674
[Nonlinear] Ep 1400, loss 0.7644
[Nonlinear] Ep 1500, loss 0.7621
[Nonlinear] Ep 1600, loss 0.7603
[Nonlinear] Ep 1700, loss 0.7589
[Nonlinear] Ep 1800, loss 0.7578
[Nonlinear] Ep 1900, loss 0.7569

=== Current trial for n = 3000, trial = 9 ===
[1 1 2]
[Nonlinear] Ep 0, loss 39.6080
[Nonlinear] Ep 100, loss 20.5627
[Nonlinear] Ep 200, loss 10.3740
[Nonlinear] Ep 300, loss 4.9312
[Nonlinear] Ep 400, loss 1.7633
[Nonlinear] Ep 500, loss 0.4455
[Nonlinear] Ep 600, loss 0.1125
[Nonlinear] Ep 700, loss 0.0600
[Nonlinear] Ep 800, loss 0.0547
[Nonlinear] Ep 900, loss 0.0543
[Nonlinear] Ep 1000, loss 0.0542
[Nonlinear] Ep 1100, loss 0.0542
[Nonlinear] Ep 1200, loss 0.0542
[Nonlinear] Ep 1300, loss 0.0542
[Nonlinear] Ep 1400, loss 0.0541
[Nonlinear] Ep 1500, loss 0.0541
[Nonlinear] Ep 1600, loss 0.0541
[Nonlinear] Ep 1700, loss 0.0540
[Nonlinear] Ep 1800, loss 0.0540
[Nonlinear] Ep 1900, loss 0.0539
[Nonlinear] Ep 0, loss 45.3424
[Nonlinear] Ep 100, loss 29.8440
[Nonlinear] Ep 200, loss 13.6710
[Nonlinear] Ep 300, loss 6.4488
[Nonlinear] Ep 400, loss 3.5021
[Nonlinear] Ep 500, loss 1.6778
[Nonlinear] Ep 600, loss 0.7489
[Nonlinear] Ep 700, loss 0.3676
[Nonlinear] Ep 800, loss 0.2251
[Nonlinear] Ep 900, loss 0.1707
[Nonlinear] Ep 1000, loss 0.1477
[Nonlinear] Ep 1100, loss 0.1361
[Nonlinear] Ep 1200, loss 0.1294
[Nonlinear] Ep 1300, loss 0.1247
[Nonlinear] Ep 1400, loss 0.1213
[Nonlinear] Ep 1500, loss 0.1183
[Nonlinear] Ep 1600, loss 0.1156
[Nonlinear] Ep 1700, loss 0.1134
[Nonlinear] Ep 1800, loss 0.1117
[Nonlinear] Ep 1900, loss 0.1101
[Nonlinear] Ep 0, loss 36.8221
[Nonlinear] Ep 100, loss 15.7930
[Nonlinear] Ep 200, loss 10.8334
[Nonlinear] Ep 300, loss 6.2831
[Nonlinear] Ep 400, loss 2.9033
[Nonlinear] Ep 500, loss 1.2421
[Nonlinear] Ep 600, loss 0.7825
[Nonlinear] Ep 700, loss 0.7165
[Nonlinear] Ep 800, loss 0.7105
[Nonlinear] Ep 900, loss 0.7095
[Nonlinear] Ep 1000, loss 0.7089
[Nonlinear] Ep 1100, loss 0.7084
[Nonlinear] Ep 1200, loss 0.7079
[Nonlinear] Ep 1300, loss 0.7075
[Nonlinear] Ep 1400, loss 0.7070
[Nonlinear] Ep 1500, loss 0.7067
[Nonlinear] Ep 1600, loss 0.7063
[Nonlinear] Ep 1700, loss 0.7060
[Nonlinear] Ep 1800, loss 0.7057
[Nonlinear] Ep 1900, loss 0.7054

=== Current trial for n = 3000, trial = 10 ===
[1 1 2]
[Nonlinear] Ep 0, loss 43.5860
[Nonlinear] Ep 100, loss 22.4375
[Nonlinear] Ep 200, loss 10.9129
[Nonlinear] Ep 300, loss 5.0966
[Nonlinear] Ep 400, loss 1.6653
[Nonlinear] Ep 500, loss 0.3721
[Nonlinear] Ep 600, loss 0.0853
[Nonlinear] Ep 700, loss 0.0496
[Nonlinear] Ep 800, loss 0.0469
[Nonlinear] Ep 900, loss 0.0467
[Nonlinear] Ep 1000, loss 0.0466
[Nonlinear] Ep 1100, loss 0.0466
[Nonlinear] Ep 1200, loss 0.0465
[Nonlinear] Ep 1300, loss 0.0465
[Nonlinear] Ep 1400, loss 0.0464
[Nonlinear] Ep 1500, loss 0.0463
[Nonlinear] Ep 1600, loss 0.0463
[Nonlinear] Ep 1700, loss 0.0462
[Nonlinear] Ep 1800, loss 0.0462
[Nonlinear] Ep 1900, loss 0.0461
[Nonlinear] Ep 0, loss 42.1489
[Nonlinear] Ep 100, loss 28.7036
[Nonlinear] Ep 200, loss 15.8563
[Nonlinear] Ep 300, loss 8.0172
[Nonlinear] Ep 400, loss 3.9958
[Nonlinear] Ep 500, loss 1.5068
[Nonlinear] Ep 600, loss 0.5497
[Nonlinear] Ep 700, loss 0.2662
[Nonlinear] Ep 800, loss 0.1792
[Nonlinear] Ep 900, loss 0.1478
[Nonlinear] Ep 1000, loss 0.1315
[Nonlinear] Ep 1100, loss 0.1219
[Nonlinear] Ep 1200, loss 0.1165
[Nonlinear] Ep 1300, loss 0.1128
[Nonlinear] Ep 1400, loss 0.1096
[Nonlinear] Ep 1500, loss 0.1067
[Nonlinear] Ep 1600, loss 0.1043
[Nonlinear] Ep 1700, loss 0.1021
[Nonlinear] Ep 1800, loss 0.1007
[Nonlinear] Ep 1900, loss 0.0994
[Nonlinear] Ep 0, loss 40.3087
[Nonlinear] Ep 100, loss 17.4283
[Nonlinear] Ep 200, loss 12.4719
[Nonlinear] Ep 300, loss 8.8318
[Nonlinear] Ep 400, loss 5.3731
[Nonlinear] Ep 500, loss 2.9002
[Nonlinear] Ep 600, loss 1.5494
[Nonlinear] Ep 700, loss 0.9508
[Nonlinear] Ep 800, loss 0.7474
[Nonlinear] Ep 900, loss 0.6912
[Nonlinear] Ep 1000, loss 0.6751
[Nonlinear] Ep 1100, loss 0.6681
[Nonlinear] Ep 1200, loss 0.6632
[Nonlinear] Ep 1300, loss 0.6590
[Nonlinear] Ep 1400, loss 0.6554
[Nonlinear] Ep 1500, loss 0.6523
[Nonlinear] Ep 1600, loss 0.6497
[Nonlinear] Ep 1700, loss 0.6474
[Nonlinear] Ep 1800, loss 0.6455
[Nonlinear] Ep 1900, loss 0.6439

=== Current trial for n = 3000, trial = 11 ===
[1 1 2]
[Nonlinear] Ep 0, loss 45.8199
[Nonlinear] Ep 100, loss 23.4687
[Nonlinear] Ep 200, loss 10.2632
[Nonlinear] Ep 300, loss 4.1547
[Nonlinear] Ep 400, loss 1.0726
[Nonlinear] Ep 500, loss 0.1982
[Nonlinear] Ep 600, loss 0.0822
[Nonlinear] Ep 700, loss 0.0749
[Nonlinear] Ep 800, loss 0.0746
[Nonlinear] Ep 900, loss 0.0746
[Nonlinear] Ep 1000, loss 0.0745
[Nonlinear] Ep 1100, loss 0.0745
[Nonlinear] Ep 1200, loss 0.0744
[Nonlinear] Ep 1300, loss 0.0744
[Nonlinear] Ep 1400, loss 0.0743
[Nonlinear] Ep 1500, loss 0.0743
[Nonlinear] Ep 1600, loss 0.0742
[Nonlinear] Ep 1700, loss 0.0742
[Nonlinear] Ep 1800, loss 0.0741
[Nonlinear] Ep 1900, loss 0.0741
[Nonlinear] Ep 0, loss 40.1331
[Nonlinear] Ep 100, loss 26.5703
[Nonlinear] Ep 200, loss 12.9429
[Nonlinear] Ep 300, loss 6.0261
[Nonlinear] Ep 400, loss 2.6589
[Nonlinear] Ep 500, loss 1.1130
[Nonlinear] Ep 600, loss 0.4982
[Nonlinear] Ep 700, loss 0.2831
[Nonlinear] Ep 800, loss 0.2044
[Nonlinear] Ep 900, loss 0.1655
[Nonlinear] Ep 1000, loss 0.1421
[Nonlinear] Ep 1100, loss 0.1277
[Nonlinear] Ep 1200, loss 0.1193
[Nonlinear] Ep 1300, loss 0.1142
[Nonlinear] Ep 1400, loss 0.1091
[Nonlinear] Ep 1500, loss 0.1046
[Nonlinear] Ep 1600, loss 0.1016
[Nonlinear] Ep 1700, loss 0.0999
[Nonlinear] Ep 1800, loss 0.0989
[Nonlinear] Ep 1900, loss 0.0983
[Nonlinear] Ep 0, loss 38.4120
[Nonlinear] Ep 100, loss 17.4353
[Nonlinear] Ep 200, loss 12.1721
[Nonlinear] Ep 300, loss 8.1839
[Nonlinear] Ep 400, loss 4.5051
[Nonlinear] Ep 500, loss 2.0506
[Nonlinear] Ep 600, loss 0.9957
[Nonlinear] Ep 700, loss 0.7444
[Nonlinear] Ep 800, loss 0.7105
[Nonlinear] Ep 900, loss 0.7070
[Nonlinear] Ep 1000, loss 0.7061
[Nonlinear] Ep 1100, loss 0.7056
[Nonlinear] Ep 1200, loss 0.7051
[Nonlinear] Ep 1300, loss 0.7048
[Nonlinear] Ep 1400, loss 0.7046
[Nonlinear] Ep 1500, loss 0.7044
[Nonlinear] Ep 1600, loss 0.7042
[Nonlinear] Ep 1700, loss 0.7041
[Nonlinear] Ep 1800, loss 0.7039
[Nonlinear] Ep 1900, loss 0.7038

=== Current trial for n = 3000, trial = 12 ===
[1 1 2]
[Nonlinear] Ep 0, loss 2.5506
[Nonlinear] Ep 100, loss 0.0869
[Nonlinear] Ep 200, loss 0.0106
[Nonlinear] Ep 300, loss 0.0106
[Nonlinear] Ep 400, loss 0.0106
[Nonlinear] Ep 500, loss 0.0106
[Nonlinear] Ep 600, loss 0.0106
[Nonlinear] Ep 700, loss 0.0106
[Nonlinear] Ep 800, loss 0.0106
[Nonlinear] Ep 900, loss 0.0106
[Nonlinear] Ep 1000, loss 0.0106
[Nonlinear] Ep 1100, loss 0.0106
[Nonlinear] Ep 1200, loss 0.0106
[Nonlinear] Ep 1300, loss 0.0106
[Nonlinear] Ep 1400, loss 0.0106
[Nonlinear] Ep 1500, loss 0.0106
[Nonlinear] Ep 1600, loss 0.0106
[Nonlinear] Ep 1700, loss 0.0106
[Nonlinear] Ep 1800, loss 0.0106
[Nonlinear] Ep 1900, loss 0.0106
[Nonlinear] Ep 0, loss 2.1782
[Nonlinear] Ep 100, loss 0.3924
[Nonlinear] Ep 200, loss 0.0234
[Nonlinear] Ep 300, loss 0.0129
[Nonlinear] Ep 400, loss 0.0122
[Nonlinear] Ep 500, loss 0.0119
[Nonlinear] Ep 600, loss 0.0118
[Nonlinear] Ep 700, loss 0.0117
[Nonlinear] Ep 800, loss 0.0117
[Nonlinear] Ep 900, loss 0.0117
[Nonlinear] Ep 1000, loss 0.0116
[Nonlinear] Ep 1100, loss 0.0116
[Nonlinear] Ep 1200, loss 0.0116
[Nonlinear] Ep 1300, loss 0.0116
[Nonlinear] Ep 1400, loss 0.0115
[Nonlinear] Ep 1500, loss 0.0115
[Nonlinear] Ep 1600, loss 0.0115
[Nonlinear] Ep 1700, loss 0.0115
[Nonlinear] Ep 1800, loss 0.0115
[Nonlinear] Ep 1900, loss 0.0115
[Nonlinear] Ep 0, loss 1.2654
[Nonlinear] Ep 100, loss 0.0286
[Nonlinear] Ep 200, loss 0.0108
[Nonlinear] Ep 300, loss 0.0107
[Nonlinear] Ep 400, loss 0.0107
[Nonlinear] Ep 500, loss 0.0107
[Nonlinear] Ep 600, loss 0.0107
[Nonlinear] Ep 700, loss 0.0107
[Nonlinear] Ep 800, loss 0.0107
[Nonlinear] Ep 900, loss 0.0107
[Nonlinear] Ep 1000, loss 0.0107
[Nonlinear] Ep 1100, loss 0.0107
[Nonlinear] Ep 1200, loss 0.0107
[Nonlinear] Ep 1300, loss 0.0107
[Nonlinear] Ep 1400, loss 0.0107
[Nonlinear] Ep 1500, loss 0.0107
[Nonlinear] Ep 1600, loss 0.0107
[Nonlinear] Ep 1700, loss 0.0107
[Nonlinear] Ep 1800, loss 0.0107
[Nonlinear] Ep 1900, loss 0.0107

=== Current trial for n = 3000, trial = 13 ===
[1 1 2]
[Nonlinear] Ep 0, loss 43.4552
[Nonlinear] Ep 100, loss 22.9881
[Nonlinear] Ep 200, loss 12.5111
[Nonlinear] Ep 300, loss 7.2628
[Nonlinear] Ep 400, loss 3.2736
[Nonlinear] Ep 500, loss 1.0110
[Nonlinear] Ep 600, loss 0.2625
[Nonlinear] Ep 700, loss 0.0811
[Nonlinear] Ep 800, loss 0.0506
[Nonlinear] Ep 900, loss 0.0472
[Nonlinear] Ep 1000, loss 0.0469
[Nonlinear] Ep 1100, loss 0.0469
[Nonlinear] Ep 1200, loss 0.0469
[Nonlinear] Ep 1300, loss 0.0469
[Nonlinear] Ep 1400, loss 0.0469
[Nonlinear] Ep 1500, loss 0.0469
[Nonlinear] Ep 1600, loss 0.0469
[Nonlinear] Ep 1700, loss 0.0469
[Nonlinear] Ep 1800, loss 0.0469
[Nonlinear] Ep 1900, loss 0.0468
[Nonlinear] Ep 0, loss 43.4459
[Nonlinear] Ep 100, loss 30.6275
[Nonlinear] Ep 200, loss 17.0539
[Nonlinear] Ep 300, loss 7.6549
[Nonlinear] Ep 400, loss 3.2451
[Nonlinear] Ep 500, loss 1.2417
[Nonlinear] Ep 600, loss 0.4061
[Nonlinear] Ep 700, loss 0.1479
[Nonlinear] Ep 800, loss 0.0959
[Nonlinear] Ep 900, loss 0.0884
[Nonlinear] Ep 1000, loss 0.0869
[Nonlinear] Ep 1100, loss 0.0861
[Nonlinear] Ep 1200, loss 0.0855
[Nonlinear] Ep 1300, loss 0.0849
[Nonlinear] Ep 1400, loss 0.0843
[Nonlinear] Ep 1500, loss 0.0838
[Nonlinear] Ep 1600, loss 0.0834
[Nonlinear] Ep 1700, loss 0.0829
[Nonlinear] Ep 1800, loss 0.0825
[Nonlinear] Ep 1900, loss 0.0821
[Nonlinear] Ep 0, loss 37.9320
[Nonlinear] Ep 100, loss 16.0502
[Nonlinear] Ep 200, loss 9.8926
[Nonlinear] Ep 300, loss 5.6826
[Nonlinear] Ep 400, loss 2.6399
[Nonlinear] Ep 500, loss 1.1308
[Nonlinear] Ep 600, loss 0.6882
[Nonlinear] Ep 700, loss 0.6179
[Nonlinear] Ep 800, loss 0.6115
[Nonlinear] Ep 900, loss 0.6111
[Nonlinear] Ep 1000, loss 0.6110
[Nonlinear] Ep 1100, loss 0.6110
[Nonlinear] Ep 1200, loss 0.6109
[Nonlinear] Ep 1300, loss 0.6109
[Nonlinear] Ep 1400, loss 0.6108
[Nonlinear] Ep 1500, loss 0.6107
[Nonlinear] Ep 1600, loss 0.6107
[Nonlinear] Ep 1700, loss 0.6106
[Nonlinear] Ep 1800, loss 0.6106
[Nonlinear] Ep 1900, loss 0.6105

=== Current trial for n = 3000, trial = 14 ===
[1 1 2]
[Nonlinear] Ep 0, loss 41.9630
[Nonlinear] Ep 100, loss 22.6441
[Nonlinear] Ep 200, loss 12.4382
[Nonlinear] Ep 300, loss 6.3332
[Nonlinear] Ep 400, loss 2.3155
[Nonlinear] Ep 500, loss 0.5643
[Nonlinear] Ep 600, loss 0.1241
[Nonlinear] Ep 700, loss 0.0599
[Nonlinear] Ep 800, loss 0.0538
[Nonlinear] Ep 900, loss 0.0534
[Nonlinear] Ep 1000, loss 0.0533
[Nonlinear] Ep 1100, loss 0.0533
[Nonlinear] Ep 1200, loss 0.0533
[Nonlinear] Ep 1300, loss 0.0532
[Nonlinear] Ep 1400, loss 0.0531
[Nonlinear] Ep 1500, loss 0.0531
[Nonlinear] Ep 1600, loss 0.0530
[Nonlinear] Ep 1700, loss 0.0530
[Nonlinear] Ep 1800, loss 0.0529
[Nonlinear] Ep 1900, loss 0.0528
[Nonlinear] Ep 0, loss 40.6809
[Nonlinear] Ep 100, loss 27.8263
[Nonlinear] Ep 200, loss 13.9041
[Nonlinear] Ep 300, loss 6.0918
[Nonlinear] Ep 400, loss 2.3335
[Nonlinear] Ep 500, loss 0.5536
[Nonlinear] Ep 600, loss 0.1406
[Nonlinear] Ep 700, loss 0.0980
[Nonlinear] Ep 800, loss 0.0891
[Nonlinear] Ep 900, loss 0.0824
[Nonlinear] Ep 1000, loss 0.0764
[Nonlinear] Ep 1100, loss 0.0716
[Nonlinear] Ep 1200, loss 0.0676
[Nonlinear] Ep 1300, loss 0.0644
[Nonlinear] Ep 1400, loss 0.0618
[Nonlinear] Ep 1500, loss 0.0597
[Nonlinear] Ep 1600, loss 0.0582
[Nonlinear] Ep 1700, loss 0.0571
[Nonlinear] Ep 1800, loss 0.0563
[Nonlinear] Ep 1900, loss 0.0558
[Nonlinear] Ep 0, loss 40.8759
[Nonlinear] Ep 100, loss 19.1269
[Nonlinear] Ep 200, loss 12.4350
[Nonlinear] Ep 300, loss 8.2604
[Nonlinear] Ep 400, loss 4.6534
[Nonlinear] Ep 500, loss 2.2230
[Nonlinear] Ep 600, loss 1.1060
[Nonlinear] Ep 700, loss 0.7672
[Nonlinear] Ep 800, loss 0.6983
[Nonlinear] Ep 900, loss 0.6834
[Nonlinear] Ep 1000, loss 0.6760
[Nonlinear] Ep 1100, loss 0.6698
[Nonlinear] Ep 1200, loss 0.6644
[Nonlinear] Ep 1300, loss 0.6598
[Nonlinear] Ep 1400, loss 0.6560
[Nonlinear] Ep 1500, loss 0.6529
[Nonlinear] Ep 1600, loss 0.6504
[Nonlinear] Ep 1700, loss 0.6485
[Nonlinear] Ep 1800, loss 0.6471
[Nonlinear] Ep 1900, loss 0.6461

=== Current trial for n = 3000, trial = 15 ===
[1 1 2]
[Nonlinear] Ep 0, loss 44.4826
[Nonlinear] Ep 100, loss 23.1610
[Nonlinear] Ep 200, loss 9.7792
[Nonlinear] Ep 300, loss 4.5435
[Nonlinear] Ep 400, loss 1.9764
[Nonlinear] Ep 500, loss 0.7190
[Nonlinear] Ep 600, loss 0.2082
[Nonlinear] Ep 700, loss 0.0771
[Nonlinear] Ep 800, loss 0.0573
[Nonlinear] Ep 900, loss 0.0552
[Nonlinear] Ep 1000, loss 0.0549
[Nonlinear] Ep 1100, loss 0.0547
[Nonlinear] Ep 1200, loss 0.0545
[Nonlinear] Ep 1300, loss 0.0543
[Nonlinear] Ep 1400, loss 0.0541
[Nonlinear] Ep 1500, loss 0.0540
[Nonlinear] Ep 1600, loss 0.0538
[Nonlinear] Ep 1700, loss 0.0536
[Nonlinear] Ep 1800, loss 0.0535
[Nonlinear] Ep 1900, loss 0.0533
[Nonlinear] Ep 0, loss 41.9021
[Nonlinear] Ep 100, loss 28.9108
[Nonlinear] Ep 200, loss 14.9996
[Nonlinear] Ep 300, loss 6.3396
[Nonlinear] Ep 400, loss 2.0049
[Nonlinear] Ep 500, loss 0.5158
[Nonlinear] Ep 600, loss 0.1769
[Nonlinear] Ep 700, loss 0.1165
[Nonlinear] Ep 800, loss 0.1062
[Nonlinear] Ep 900, loss 0.1036
[Nonlinear] Ep 1000, loss 0.1025
[Nonlinear] Ep 1100, loss 0.1019
[Nonlinear] Ep 1200, loss 0.1014
[Nonlinear] Ep 1300, loss 0.1010
[Nonlinear] Ep 1400, loss 0.1007
[Nonlinear] Ep 1500, loss 0.1003
[Nonlinear] Ep 1600, loss 0.0999
[Nonlinear] Ep 1700, loss 0.0995
[Nonlinear] Ep 1800, loss 0.0992
[Nonlinear] Ep 1900, loss 0.0988
[Nonlinear] Ep 0, loss 44.1669
[Nonlinear] Ep 100, loss 18.1564
[Nonlinear] Ep 200, loss 10.8214
[Nonlinear] Ep 300, loss 6.7364
[Nonlinear] Ep 400, loss 3.5551
[Nonlinear] Ep 500, loss 1.6960
[Nonlinear] Ep 600, loss 0.9530
[Nonlinear] Ep 700, loss 0.7589
[Nonlinear] Ep 800, loss 0.7249
[Nonlinear] Ep 900, loss 0.7196
[Nonlinear] Ep 1000, loss 0.7178
[Nonlinear] Ep 1100, loss 0.7166
[Nonlinear] Ep 1200, loss 0.7156
[Nonlinear] Ep 1300, loss 0.7148
[Nonlinear] Ep 1400, loss 0.7142
[Nonlinear] Ep 1500, loss 0.7137
[Nonlinear] Ep 1600, loss 0.7133
[Nonlinear] Ep 1700, loss 0.7130
[Nonlinear] Ep 1800, loss 0.7127
[Nonlinear] Ep 1900, loss 0.7125

=== Current trial for n = 3000, trial = 16 ===
[1 1 2]
[Nonlinear] Ep 0, loss 45.9781
[Nonlinear] Ep 100, loss 24.5397
[Nonlinear] Ep 200, loss 11.9602
[Nonlinear] Ep 300, loss 5.4774
[Nonlinear] Ep 400, loss 2.0455
[Nonlinear] Ep 500, loss 0.5656
[Nonlinear] Ep 600, loss 0.1356
[Nonlinear] Ep 700, loss 0.0635
[Nonlinear] Ep 800, loss 0.0565
[Nonlinear] Ep 900, loss 0.0561
[Nonlinear] Ep 1000, loss 0.0560
[Nonlinear] Ep 1100, loss 0.0560
[Nonlinear] Ep 1200, loss 0.0560
[Nonlinear] Ep 1300, loss 0.0560
[Nonlinear] Ep 1400, loss 0.0560
[Nonlinear] Ep 1500, loss 0.0559
[Nonlinear] Ep 1600, loss 0.0559
[Nonlinear] Ep 1700, loss 0.0559
[Nonlinear] Ep 1800, loss 0.0559
[Nonlinear] Ep 1900, loss 0.0559
[Nonlinear] Ep 0, loss 39.6958
[Nonlinear] Ep 100, loss 27.4046
[Nonlinear] Ep 200, loss 14.2167
[Nonlinear] Ep 300, loss 6.1679
[Nonlinear] Ep 400, loss 1.9511
[Nonlinear] Ep 500, loss 0.3932
[Nonlinear] Ep 600, loss 0.1455
[Nonlinear] Ep 700, loss 0.1241
[Nonlinear] Ep 800, loss 0.1191
[Nonlinear] Ep 900, loss 0.1152
[Nonlinear] Ep 1000, loss 0.1122
[Nonlinear] Ep 1100, loss 0.1101
[Nonlinear] Ep 1200, loss 0.1087
[Nonlinear] Ep 1300, loss 0.1075
[Nonlinear] Ep 1400, loss 0.1065
[Nonlinear] Ep 1500, loss 0.1056
[Nonlinear] Ep 1600, loss 0.1048
[Nonlinear] Ep 1700, loss 0.1041
[Nonlinear] Ep 1800, loss 0.1035
[Nonlinear] Ep 1900, loss 0.1029
[Nonlinear] Ep 0, loss 49.9487
[Nonlinear] Ep 100, loss 20.7759
[Nonlinear] Ep 200, loss 12.7858
[Nonlinear] Ep 300, loss 8.1562
[Nonlinear] Ep 400, loss 3.9326
[Nonlinear] Ep 500, loss 1.5147
[Nonlinear] Ep 600, loss 0.8269
[Nonlinear] Ep 700, loss 0.7299
[Nonlinear] Ep 800, loss 0.7215
[Nonlinear] Ep 900, loss 0.7202
[Nonlinear] Ep 1000, loss 0.7194
[Nonlinear] Ep 1100, loss 0.7187
[Nonlinear] Ep 1200, loss 0.7182
[Nonlinear] Ep 1300, loss 0.7178
[Nonlinear] Ep 1400, loss 0.7175
[Nonlinear] Ep 1500, loss 0.7172
[Nonlinear] Ep 1600, loss 0.7169
[Nonlinear] Ep 1700, loss 0.7167
[Nonlinear] Ep 1800, loss 0.7166
[Nonlinear] Ep 1900, loss 0.7164

=== Current trial for n = 3000, trial = 17 ===
[1 1 2]
[Nonlinear] Ep 0, loss 41.2709
[Nonlinear] Ep 100, loss 22.2288
[Nonlinear] Ep 200, loss 11.1175
[Nonlinear] Ep 300, loss 4.9132
[Nonlinear] Ep 400, loss 1.6122
[Nonlinear] Ep 500, loss 0.3732
[Nonlinear] Ep 600, loss 0.0732
[Nonlinear] Ep 700, loss 0.0391
[Nonlinear] Ep 800, loss 0.0380
[Nonlinear] Ep 900, loss 0.0380
[Nonlinear] Ep 1000, loss 0.0379
[Nonlinear] Ep 1100, loss 0.0379
[Nonlinear] Ep 1200, loss 0.0379
[Nonlinear] Ep 1300, loss 0.0379
[Nonlinear] Ep 1400, loss 0.0378
[Nonlinear] Ep 1500, loss 0.0378
[Nonlinear] Ep 1600, loss 0.0378
[Nonlinear] Ep 1700, loss 0.0377
[Nonlinear] Ep 1800, loss 0.0377
[Nonlinear] Ep 1900, loss 0.0377
[Nonlinear] Ep 0, loss 41.4016
[Nonlinear] Ep 100, loss 27.6780
[Nonlinear] Ep 200, loss 12.8551
[Nonlinear] Ep 300, loss 5.9110
[Nonlinear] Ep 400, loss 2.6305
[Nonlinear] Ep 500, loss 0.9564
[Nonlinear] Ep 600, loss 0.3271
[Nonlinear] Ep 700, loss 0.1688
[Nonlinear] Ep 800, loss 0.1342
[Nonlinear] Ep 900, loss 0.1210
[Nonlinear] Ep 1000, loss 0.1120
[Nonlinear] Ep 1100, loss 0.1054
[Nonlinear] Ep 1200, loss 0.1003
[Nonlinear] Ep 1300, loss 0.0956
[Nonlinear] Ep 1400, loss 0.0913
[Nonlinear] Ep 1500, loss 0.0881
[Nonlinear] Ep 1600, loss 0.0857
[Nonlinear] Ep 1700, loss 0.0841
[Nonlinear] Ep 1800, loss 0.0830
[Nonlinear] Ep 1900, loss 0.0823
[Nonlinear] Ep 0, loss 46.7715
[Nonlinear] Ep 100, loss 19.8150
[Nonlinear] Ep 200, loss 12.3630
[Nonlinear] Ep 300, loss 8.3634
[Nonlinear] Ep 400, loss 4.9646
[Nonlinear] Ep 500, loss 2.5024
[Nonlinear] Ep 600, loss 1.2190
[Nonlinear] Ep 700, loss 0.7545
[Nonlinear] Ep 800, loss 0.6442
[Nonlinear] Ep 900, loss 0.6263
[Nonlinear] Ep 1000, loss 0.6240
[Nonlinear] Ep 1100, loss 0.6235
[Nonlinear] Ep 1200, loss 0.6232
[Nonlinear] Ep 1300, loss 0.6229
[Nonlinear] Ep 1400, loss 0.6227
[Nonlinear] Ep 1500, loss 0.6225
[Nonlinear] Ep 1600, loss 0.6224
[Nonlinear] Ep 1700, loss 0.6222
[Nonlinear] Ep 1800, loss 0.6221
[Nonlinear] Ep 1900, loss 0.6220

=== Current trial for n = 3000, trial = 18 ===
[1 1 2]
[Nonlinear] Ep 0, loss 3.4650
[Nonlinear] Ep 100, loss 0.1690
[Nonlinear] Ep 200, loss 0.0104
[Nonlinear] Ep 300, loss 0.0103
[Nonlinear] Ep 400, loss 0.0103
[Nonlinear] Ep 500, loss 0.0103
[Nonlinear] Ep 600, loss 0.0103
[Nonlinear] Ep 700, loss 0.0103
[Nonlinear] Ep 800, loss 0.0103
[Nonlinear] Ep 900, loss 0.0103
[Nonlinear] Ep 1000, loss 0.0103
[Nonlinear] Ep 1100, loss 0.0103
[Nonlinear] Ep 1200, loss 0.0103
[Nonlinear] Ep 1300, loss 0.0103
[Nonlinear] Ep 1400, loss 0.0103
[Nonlinear] Ep 1500, loss 0.0103
[Nonlinear] Ep 1600, loss 0.0103
[Nonlinear] Ep 1700, loss 0.0103
[Nonlinear] Ep 1800, loss 0.0103
[Nonlinear] Ep 1900, loss 0.0103
[Nonlinear] Ep 0, loss 1.8277
[Nonlinear] Ep 100, loss 0.3824
[Nonlinear] Ep 200, loss 0.0197
[Nonlinear] Ep 300, loss 0.0129
[Nonlinear] Ep 400, loss 0.0128
[Nonlinear] Ep 500, loss 0.0127
[Nonlinear] Ep 600, loss 0.0126
[Nonlinear] Ep 700, loss 0.0126
[Nonlinear] Ep 800, loss 0.0125
[Nonlinear] Ep 900, loss 0.0124
[Nonlinear] Ep 1000, loss 0.0124
[Nonlinear] Ep 1100, loss 0.0123
[Nonlinear] Ep 1200, loss 0.0122
[Nonlinear] Ep 1300, loss 0.0122
[Nonlinear] Ep 1400, loss 0.0121
[Nonlinear] Ep 1500, loss 0.0120
[Nonlinear] Ep 1600, loss 0.0119
[Nonlinear] Ep 1700, loss 0.0119
[Nonlinear] Ep 1800, loss 0.0118
[Nonlinear] Ep 1900, loss 0.0117
[Nonlinear] Ep 0, loss 2.1147
[Nonlinear] Ep 100, loss 0.1277
[Nonlinear] Ep 200, loss 0.0103
[Nonlinear] Ep 300, loss 0.0102
[Nonlinear] Ep 400, loss 0.0102
[Nonlinear] Ep 500, loss 0.0102
[Nonlinear] Ep 600, loss 0.0102
[Nonlinear] Ep 700, loss 0.0102
[Nonlinear] Ep 800, loss 0.0102
[Nonlinear] Ep 900, loss 0.0102
[Nonlinear] Ep 1000, loss 0.0102
[Nonlinear] Ep 1100, loss 0.0102
[Nonlinear] Ep 1200, loss 0.0102
[Nonlinear] Ep 1300, loss 0.0102
[Nonlinear] Ep 1400, loss 0.0102
[Nonlinear] Ep 1500, loss 0.0102
[Nonlinear] Ep 1600, loss 0.0102
[Nonlinear] Ep 1700, loss 0.0102
[Nonlinear] Ep 1800, loss 0.0102
[Nonlinear] Ep 1900, loss 0.0102

=== Current trial for n = 3000, trial = 19 ===
[1 1 2]
[Nonlinear] Ep 0, loss 2.3132
[Nonlinear] Ep 100, loss 0.0615
[Nonlinear] Ep 200, loss 0.0105
[Nonlinear] Ep 300, loss 0.0105
[Nonlinear] Ep 400, loss 0.0105
[Nonlinear] Ep 500, loss 0.0105
[Nonlinear] Ep 600, loss 0.0105
[Nonlinear] Ep 700, loss 0.0105
[Nonlinear] Ep 800, loss 0.0105
[Nonlinear] Ep 900, loss 0.0105
[Nonlinear] Ep 1000, loss 0.0105
[Nonlinear] Ep 1100, loss 0.0105
[Nonlinear] Ep 1200, loss 0.0105
[Nonlinear] Ep 1300, loss 0.0105
[Nonlinear] Ep 1400, loss 0.0105
[Nonlinear] Ep 1500, loss 0.0105
[Nonlinear] Ep 1600, loss 0.0105
[Nonlinear] Ep 1700, loss 0.0105
[Nonlinear] Ep 1800, loss 0.0105
[Nonlinear] Ep 1900, loss 0.0105
[Nonlinear] Ep 0, loss 1.8317
[Nonlinear] Ep 100, loss 0.2685
[Nonlinear] Ep 200, loss 0.0154
[Nonlinear] Ep 300, loss 0.0134
[Nonlinear] Ep 400, loss 0.0129
[Nonlinear] Ep 500, loss 0.0127
[Nonlinear] Ep 600, loss 0.0125
[Nonlinear] Ep 700, loss 0.0125
[Nonlinear] Ep 800, loss 0.0124
[Nonlinear] Ep 900, loss 0.0123
[Nonlinear] Ep 1000, loss 0.0122
[Nonlinear] Ep 1100, loss 0.0122
[Nonlinear] Ep 1200, loss 0.0121
[Nonlinear] Ep 1300, loss 0.0121
[Nonlinear] Ep 1400, loss 0.0120
[Nonlinear] Ep 1500, loss 0.0119
[Nonlinear] Ep 1600, loss 0.0119
[Nonlinear] Ep 1700, loss 0.0119
[Nonlinear] Ep 1800, loss 0.0118
[Nonlinear] Ep 1900, loss 0.0118
[Nonlinear] Ep 0, loss 2.1406
[Nonlinear] Ep 100, loss 0.0159
[Nonlinear] Ep 200, loss 0.0105
[Nonlinear] Ep 300, loss 0.0105
[Nonlinear] Ep 400, loss 0.0105
[Nonlinear] Ep 500, loss 0.0105
[Nonlinear] Ep 600, loss 0.0105
[Nonlinear] Ep 700, loss 0.0105
[Nonlinear] Ep 800, loss 0.0105
[Nonlinear] Ep 900, loss 0.0105
[Nonlinear] Ep 1000, loss 0.0105
[Nonlinear] Ep 1100, loss 0.0105
[Nonlinear] Ep 1200, loss 0.0105
[Nonlinear] Ep 1300, loss 0.0105
[Nonlinear] Ep 1400, loss 0.0105
[Nonlinear] Ep 1500, loss 0.0105
[Nonlinear] Ep 1600, loss 0.0105
[Nonlinear] Ep 1700, loss 0.0105
[Nonlinear] Ep 1800, loss 0.0105
[Nonlinear] Ep 1900, loss 0.0105

=== Current trial for n = 3000, trial = 20 ===
[1 1 2]
[Nonlinear] Ep 0, loss 2.3287
[Nonlinear] Ep 100, loss 0.0536
[Nonlinear] Ep 200, loss 0.0109
[Nonlinear] Ep 300, loss 0.0109
[Nonlinear] Ep 400, loss 0.0109
[Nonlinear] Ep 500, loss 0.0109
[Nonlinear] Ep 600, loss 0.0109
[Nonlinear] Ep 700, loss 0.0109
[Nonlinear] Ep 800, loss 0.0109
[Nonlinear] Ep 900, loss 0.0109
[Nonlinear] Ep 1000, loss 0.0109
[Nonlinear] Ep 1100, loss 0.0109
[Nonlinear] Ep 1200, loss 0.0109
[Nonlinear] Ep 1300, loss 0.0109
[Nonlinear] Ep 1400, loss 0.0109
[Nonlinear] Ep 1500, loss 0.0109
[Nonlinear] Ep 1600, loss 0.0109
[Nonlinear] Ep 1700, loss 0.0109
[Nonlinear] Ep 1800, loss 0.0109
[Nonlinear] Ep 1900, loss 0.0109
[Nonlinear] Ep 0, loss 1.8843
[Nonlinear] Ep 100, loss 0.2830
[Nonlinear] Ep 200, loss 0.0140
[Nonlinear] Ep 300, loss 0.0124
[Nonlinear] Ep 400, loss 0.0123
[Nonlinear] Ep 500, loss 0.0123
[Nonlinear] Ep 600, loss 0.0123
[Nonlinear] Ep 700, loss 0.0122
[Nonlinear] Ep 800, loss 0.0122
[Nonlinear] Ep 900, loss 0.0121
[Nonlinear] Ep 1000, loss 0.0121
[Nonlinear] Ep 1100, loss 0.0121
[Nonlinear] Ep 1200, loss 0.0120
[Nonlinear] Ep 1300, loss 0.0120
[Nonlinear] Ep 1400, loss 0.0119
[Nonlinear] Ep 1500, loss 0.0119
[Nonlinear] Ep 1600, loss 0.0119
[Nonlinear] Ep 1700, loss 0.0118
[Nonlinear] Ep 1800, loss 0.0118
[Nonlinear] Ep 1900, loss 0.0118
[Nonlinear] Ep 0, loss 1.6118
[Nonlinear] Ep 100, loss 0.1158
[Nonlinear] Ep 200, loss 0.0110
[Nonlinear] Ep 300, loss 0.0108
[Nonlinear] Ep 400, loss 0.0108
[Nonlinear] Ep 500, loss 0.0108
[Nonlinear] Ep 600, loss 0.0108
[Nonlinear] Ep 700, loss 0.0108
[Nonlinear] Ep 800, loss 0.0108
[Nonlinear] Ep 900, loss 0.0108
[Nonlinear] Ep 1000, loss 0.0108
[Nonlinear] Ep 1100, loss 0.0108
[Nonlinear] Ep 1200, loss 0.0108
[Nonlinear] Ep 1300, loss 0.0108
[Nonlinear] Ep 1400, loss 0.0108
[Nonlinear] Ep 1500, loss 0.0108
[Nonlinear] Ep 1600, loss 0.0108
[Nonlinear] Ep 1700, loss 0.0108
[Nonlinear] Ep 1800, loss 0.0108
[Nonlinear] Ep 1900, loss 0.0108

=== Current trial for n = 3000, trial = 21 ===
[1 1 2]
[Nonlinear] Ep 0, loss 50.8876
[Nonlinear] Ep 100, loss 25.3647
[Nonlinear] Ep 200, loss 12.2362
[Nonlinear] Ep 300, loss 7.2752
[Nonlinear] Ep 400, loss 3.9924
[Nonlinear] Ep 500, loss 1.7543
[Nonlinear] Ep 600, loss 0.5949
[Nonlinear] Ep 700, loss 0.1817
[Nonlinear] Ep 800, loss 0.0796
[Nonlinear] Ep 900, loss 0.0613
[Nonlinear] Ep 1000, loss 0.0587
[Nonlinear] Ep 1100, loss 0.0584
[Nonlinear] Ep 1200, loss 0.0584
[Nonlinear] Ep 1300, loss 0.0584
[Nonlinear] Ep 1400, loss 0.0584
[Nonlinear] Ep 1500, loss 0.0584
[Nonlinear] Ep 1600, loss 0.0584
[Nonlinear] Ep 1700, loss 0.0584
[Nonlinear] Ep 1800, loss 0.0583
[Nonlinear] Ep 1900, loss 0.0583
[Nonlinear] Ep 0, loss 45.2416
[Nonlinear] Ep 100, loss 32.3188
[Nonlinear] Ep 200, loss 18.7913
[Nonlinear] Ep 300, loss 8.8766
[Nonlinear] Ep 400, loss 4.6481
[Nonlinear] Ep 500, loss 2.2031
[Nonlinear] Ep 600, loss 1.0002
[Nonlinear] Ep 700, loss 0.5260
[Nonlinear] Ep 800, loss 0.3224
[Nonlinear] Ep 900, loss 0.2394
[Nonlinear] Ep 1000, loss 0.1996
[Nonlinear] Ep 1100, loss 0.1750
[Nonlinear] Ep 1200, loss 0.1593
[Nonlinear] Ep 1300, loss 0.1483
[Nonlinear] Ep 1400, loss 0.1397
[Nonlinear] Ep 1500, loss 0.1327
[Nonlinear] Ep 1600, loss 0.1271
[Nonlinear] Ep 1700, loss 0.1228
[Nonlinear] Ep 1800, loss 0.1196
[Nonlinear] Ep 1900, loss 0.1174
[Nonlinear] Ep 0, loss 42.3017
[Nonlinear] Ep 100, loss 18.3818
[Nonlinear] Ep 200, loss 13.3689
[Nonlinear] Ep 300, loss 9.3006
[Nonlinear] Ep 400, loss 5.2534
[Nonlinear] Ep 500, loss 2.3107
[Nonlinear] Ep 600, loss 1.0685
[Nonlinear] Ep 700, loss 0.7510
[Nonlinear] Ep 800, loss 0.6958
[Nonlinear] Ep 900, loss 0.6842
[Nonlinear] Ep 1000, loss 0.6777
[Nonlinear] Ep 1100, loss 0.6725
[Nonlinear] Ep 1200, loss 0.6681
[Nonlinear] Ep 1300, loss 0.6645
[Nonlinear] Ep 1400, loss 0.6616
[Nonlinear] Ep 1500, loss 0.6594
[Nonlinear] Ep 1600, loss 0.6576
[Nonlinear] Ep 1700, loss 0.6563
[Nonlinear] Ep 1800, loss 0.6553
[Nonlinear] Ep 1900, loss 0.6545

=== Current trial for n = 3000, trial = 22 ===
[1 1 2]
[Nonlinear] Ep 0, loss 42.6471
[Nonlinear] Ep 100, loss 23.0936
[Nonlinear] Ep 200, loss 9.9873
[Nonlinear] Ep 300, loss 3.8332
[Nonlinear] Ep 400, loss 1.0043
[Nonlinear] Ep 500, loss 0.1902
[Nonlinear] Ep 600, loss 0.0698
[Nonlinear] Ep 700, loss 0.0606
[Nonlinear] Ep 800, loss 0.0601
[Nonlinear] Ep 900, loss 0.0601
[Nonlinear] Ep 1000, loss 0.0601
[Nonlinear] Ep 1100, loss 0.0600
[Nonlinear] Ep 1200, loss 0.0600
[Nonlinear] Ep 1300, loss 0.0599
[Nonlinear] Ep 1400, loss 0.0599
[Nonlinear] Ep 1500, loss 0.0599
[Nonlinear] Ep 1600, loss 0.0598
[Nonlinear] Ep 1700, loss 0.0598
[Nonlinear] Ep 1800, loss 0.0597
[Nonlinear] Ep 1900, loss 0.0597
[Nonlinear] Ep 0, loss 43.6604
[Nonlinear] Ep 100, loss 30.7710
[Nonlinear] Ep 200, loss 16.7346
[Nonlinear] Ep 300, loss 7.7600
[Nonlinear] Ep 400, loss 3.5836
[Nonlinear] Ep 500, loss 1.4779
[Nonlinear] Ep 600, loss 0.5816
[Nonlinear] Ep 700, loss 0.2911
[Nonlinear] Ep 800, loss 0.1805
[Nonlinear] Ep 900, loss 0.1353
[Nonlinear] Ep 1000, loss 0.1105
[Nonlinear] Ep 1100, loss 0.0961
[Nonlinear] Ep 1200, loss 0.0880
[Nonlinear] Ep 1300, loss 0.0835
[Nonlinear] Ep 1400, loss 0.0823
[Nonlinear] Ep 1500, loss 0.0820
[Nonlinear] Ep 1600, loss 0.0818
[Nonlinear] Ep 1700, loss 0.0816
[Nonlinear] Ep 1800, loss 0.0815
[Nonlinear] Ep 1900, loss 0.0813
[Nonlinear] Ep 0, loss 43.4675
[Nonlinear] Ep 100, loss 17.1015
[Nonlinear] Ep 200, loss 10.2886
[Nonlinear] Ep 300, loss 5.4469
[Nonlinear] Ep 400, loss 2.3301
[Nonlinear] Ep 500, loss 1.0504
[Nonlinear] Ep 600, loss 0.7420
[Nonlinear] Ep 700, loss 0.6860
[Nonlinear] Ep 800, loss 0.6669
[Nonlinear] Ep 900, loss 0.6532
[Nonlinear] Ep 1000, loss 0.6423
[Nonlinear] Ep 1100, loss 0.6338
[Nonlinear] Ep 1200, loss 0.6273
[Nonlinear] Ep 1300, loss 0.6227
[Nonlinear] Ep 1400, loss 0.6194
[Nonlinear] Ep 1500, loss 0.6172
[Nonlinear] Ep 1600, loss 0.6157
[Nonlinear] Ep 1700, loss 0.6148
[Nonlinear] Ep 1800, loss 0.6141
[Nonlinear] Ep 1900, loss 0.6136

=== Current trial for n = 3000, trial = 23 ===
[1 1 2]
[Nonlinear] Ep 0, loss 1.7636
[Nonlinear] Ep 100, loss 0.0700
[Nonlinear] Ep 200, loss 0.0109
[Nonlinear] Ep 300, loss 0.0109
[Nonlinear] Ep 400, loss 0.0109
[Nonlinear] Ep 500, loss 0.0109
[Nonlinear] Ep 600, loss 0.0109
[Nonlinear] Ep 700, loss 0.0109
[Nonlinear] Ep 800, loss 0.0109
[Nonlinear] Ep 900, loss 0.0109
[Nonlinear] Ep 1000, loss 0.0109
[Nonlinear] Ep 1100, loss 0.0109
[Nonlinear] Ep 1200, loss 0.0109
[Nonlinear] Ep 1300, loss 0.0109
[Nonlinear] Ep 1400, loss 0.0109
[Nonlinear] Ep 1500, loss 0.0109
[Nonlinear] Ep 1600, loss 0.0109
[Nonlinear] Ep 1700, loss 0.0109
[Nonlinear] Ep 1800, loss 0.0109
[Nonlinear] Ep 1900, loss 0.0109
[Nonlinear] Ep 0, loss 2.2835
[Nonlinear] Ep 100, loss 0.4854
[Nonlinear] Ep 200, loss 0.0453
[Nonlinear] Ep 300, loss 0.0118
[Nonlinear] Ep 400, loss 0.0115
[Nonlinear] Ep 500, loss 0.0115
[Nonlinear] Ep 600, loss 0.0114
[Nonlinear] Ep 700, loss 0.0114
[Nonlinear] Ep 800, loss 0.0114
[Nonlinear] Ep 900, loss 0.0113
[Nonlinear] Ep 1000, loss 0.0113
[Nonlinear] Ep 1100, loss 0.0113
[Nonlinear] Ep 1200, loss 0.0113
[Nonlinear] Ep 1300, loss 0.0113
[Nonlinear] Ep 1400, loss 0.0112
[Nonlinear] Ep 1500, loss 0.0112
[Nonlinear] Ep 1600, loss 0.0112
[Nonlinear] Ep 1700, loss 0.0112
[Nonlinear] Ep 1800, loss 0.0112
[Nonlinear] Ep 1900, loss 0.0112
[Nonlinear] Ep 0, loss 1.4260
[Nonlinear] Ep 100, loss 0.0138
[Nonlinear] Ep 200, loss 0.0117
[Nonlinear] Ep 300, loss 0.0113
[Nonlinear] Ep 400, loss 0.0111
[Nonlinear] Ep 500, loss 0.0109
[Nonlinear] Ep 600, loss 0.0109
[Nonlinear] Ep 700, loss 0.0109
[Nonlinear] Ep 800, loss 0.0108
[Nonlinear] Ep 900, loss 0.0108
[Nonlinear] Ep 1000, loss 0.0108
[Nonlinear] Ep 1100, loss 0.0108
[Nonlinear] Ep 1200, loss 0.0108
[Nonlinear] Ep 1300, loss 0.0108
[Nonlinear] Ep 1400, loss 0.0108
[Nonlinear] Ep 1500, loss 0.0108
[Nonlinear] Ep 1600, loss 0.0108
[Nonlinear] Ep 1700, loss 0.0108
[Nonlinear] Ep 1800, loss 0.0108
[Nonlinear] Ep 1900, loss 0.0108

=== Current trial for n = 3000, trial = 24 ===
[1 1 2]
[Nonlinear] Ep 0, loss 49.8554
[Nonlinear] Ep 100, loss 25.1731
[Nonlinear] Ep 200, loss 12.2086
[Nonlinear] Ep 300, loss 6.6785
[Nonlinear] Ep 400, loss 3.2106
[Nonlinear] Ep 500, loss 1.2805
[Nonlinear] Ep 600, loss 0.4267
[Nonlinear] Ep 700, loss 0.1297
[Nonlinear] Ep 800, loss 0.0596
[Nonlinear] Ep 900, loss 0.0480
[Nonlinear] Ep 1000, loss 0.0466
[Nonlinear] Ep 1100, loss 0.0465
[Nonlinear] Ep 1200, loss 0.0465
[Nonlinear] Ep 1300, loss 0.0464
[Nonlinear] Ep 1400, loss 0.0464
[Nonlinear] Ep 1500, loss 0.0464
[Nonlinear] Ep 1600, loss 0.0463
[Nonlinear] Ep 1700, loss 0.0463
[Nonlinear] Ep 1800, loss 0.0463
[Nonlinear] Ep 1900, loss 0.0462
[Nonlinear] Ep 0, loss 45.9429
[Nonlinear] Ep 100, loss 32.9487
[Nonlinear] Ep 200, loss 18.4840
[Nonlinear] Ep 300, loss 7.5192
[Nonlinear] Ep 400, loss 2.8018
[Nonlinear] Ep 500, loss 0.8198
[Nonlinear] Ep 600, loss 0.1959
[Nonlinear] Ep 700, loss 0.0954
[Nonlinear] Ep 800, loss 0.0821
[Nonlinear] Ep 900, loss 0.0775
[Nonlinear] Ep 1000, loss 0.0741
[Nonlinear] Ep 1100, loss 0.0717
[Nonlinear] Ep 1200, loss 0.0698
[Nonlinear] Ep 1300, loss 0.0683
[Nonlinear] Ep 1400, loss 0.0671
[Nonlinear] Ep 1500, loss 0.0662
[Nonlinear] Ep 1600, loss 0.0654
[Nonlinear] Ep 1700, loss 0.0647
[Nonlinear] Ep 1800, loss 0.0643
[Nonlinear] Ep 1900, loss 0.0640
[Nonlinear] Ep 0, loss 49.0747
[Nonlinear] Ep 100, loss 20.8492
[Nonlinear] Ep 200, loss 12.1988
[Nonlinear] Ep 300, loss 7.5392
[Nonlinear] Ep 400, loss 4.0196
[Nonlinear] Ep 500, loss 1.9490
[Nonlinear] Ep 600, loss 1.0871
[Nonlinear] Ep 700, loss 0.8226
[Nonlinear] Ep 800, loss 0.7562
[Nonlinear] Ep 900, loss 0.7381
[Nonlinear] Ep 1000, loss 0.7293
[Nonlinear] Ep 1100, loss 0.7227
[Nonlinear] Ep 1200, loss 0.7169
[Nonlinear] Ep 1300, loss 0.7120
[Nonlinear] Ep 1400, loss 0.7077
[Nonlinear] Ep 1500, loss 0.7039
[Nonlinear] Ep 1600, loss 0.7006
[Nonlinear] Ep 1700, loss 0.6978
[Nonlinear] Ep 1800, loss 0.6953
[Nonlinear] Ep 1900, loss 0.6931

=== Current trial for n = 3000, trial = 25 ===
[1 1 2]
[Nonlinear] Ep 0, loss 39.3136
[Nonlinear] Ep 100, loss 20.6010
[Nonlinear] Ep 200, loss 12.0410
[Nonlinear] Ep 300, loss 7.1612
[Nonlinear] Ep 400, loss 2.9626
[Nonlinear] Ep 500, loss 0.8104
[Nonlinear] Ep 600, loss 0.1607
[Nonlinear] Ep 700, loss 0.0533
[Nonlinear] Ep 800, loss 0.0417
[Nonlinear] Ep 900, loss 0.0409
[Nonlinear] Ep 1000, loss 0.0408
[Nonlinear] Ep 1100, loss 0.0408
[Nonlinear] Ep 1200, loss 0.0408
[Nonlinear] Ep 1300, loss 0.0408
[Nonlinear] Ep 1400, loss 0.0408
[Nonlinear] Ep 1500, loss 0.0407
[Nonlinear] Ep 1600, loss 0.0407
[Nonlinear] Ep 1700, loss 0.0407
[Nonlinear] Ep 1800, loss 0.0407
[Nonlinear] Ep 1900, loss 0.0407
[Nonlinear] Ep 0, loss 42.6895
[Nonlinear] Ep 100, loss 28.9053
[Nonlinear] Ep 200, loss 14.0765
[Nonlinear] Ep 300, loss 5.5471
[Nonlinear] Ep 400, loss 1.8347
[Nonlinear] Ep 500, loss 0.4417
[Nonlinear] Ep 600, loss 0.1355
[Nonlinear] Ep 700, loss 0.0959
[Nonlinear] Ep 800, loss 0.0889
[Nonlinear] Ep 900, loss 0.0848
[Nonlinear] Ep 1000, loss 0.0813
[Nonlinear] Ep 1100, loss 0.0772
[Nonlinear] Ep 1200, loss 0.0742
[Nonlinear] Ep 1300, loss 0.0719
[Nonlinear] Ep 1400, loss 0.0702
[Nonlinear] Ep 1500, loss 0.0689
[Nonlinear] Ep 1600, loss 0.0679
[Nonlinear] Ep 1700, loss 0.0670
[Nonlinear] Ep 1800, loss 0.0663
[Nonlinear] Ep 1900, loss 0.0655
[Nonlinear] Ep 0, loss 36.1496
[Nonlinear] Ep 100, loss 15.8917
[Nonlinear] Ep 200, loss 11.8733
[Nonlinear] Ep 300, loss 8.1268
[Nonlinear] Ep 400, loss 4.4745
[Nonlinear] Ep 500, loss 2.0372
[Nonlinear] Ep 600, loss 1.0024
[Nonlinear] Ep 700, loss 0.7582
[Nonlinear] Ep 800, loss 0.7256
[Nonlinear] Ep 900, loss 0.7213
[Nonlinear] Ep 1000, loss 0.7196
[Nonlinear] Ep 1100, loss 0.7182
[Nonlinear] Ep 1200, loss 0.7172
[Nonlinear] Ep 1300, loss 0.7165
[Nonlinear] Ep 1400, loss 0.7159
[Nonlinear] Ep 1500, loss 0.7154
[Nonlinear] Ep 1600, loss 0.7151
[Nonlinear] Ep 1700, loss 0.7148
[Nonlinear] Ep 1800, loss 0.7146
[Nonlinear] Ep 1900, loss 0.7143

=== Current trial for n = 3000, trial = 26 ===
[1 1 2]
[Nonlinear] Ep 0, loss 2.8596
[Nonlinear] Ep 100, loss 0.2027
[Nonlinear] Ep 200, loss 0.0106
[Nonlinear] Ep 300, loss 0.0103
[Nonlinear] Ep 400, loss 0.0103
[Nonlinear] Ep 500, loss 0.0103
[Nonlinear] Ep 600, loss 0.0103
[Nonlinear] Ep 700, loss 0.0103
[Nonlinear] Ep 800, loss 0.0103
[Nonlinear] Ep 900, loss 0.0103
[Nonlinear] Ep 1000, loss 0.0103
[Nonlinear] Ep 1100, loss 0.0103
[Nonlinear] Ep 1200, loss 0.0103
[Nonlinear] Ep 1300, loss 0.0103
[Nonlinear] Ep 1400, loss 0.0103
[Nonlinear] Ep 1500, loss 0.0103
[Nonlinear] Ep 1600, loss 0.0103
[Nonlinear] Ep 1700, loss 0.0103
[Nonlinear] Ep 1800, loss 0.0103
[Nonlinear] Ep 1900, loss 0.0103
[Nonlinear] Ep 0, loss 2.7247
[Nonlinear] Ep 100, loss 0.9512
[Nonlinear] Ep 200, loss 0.1266
[Nonlinear] Ep 300, loss 0.0133
[Nonlinear] Ep 400, loss 0.0123
[Nonlinear] Ep 500, loss 0.0122
[Nonlinear] Ep 600, loss 0.0122
[Nonlinear] Ep 700, loss 0.0121
[Nonlinear] Ep 800, loss 0.0121
[Nonlinear] Ep 900, loss 0.0121
[Nonlinear] Ep 1000, loss 0.0120
[Nonlinear] Ep 1100, loss 0.0120
[Nonlinear] Ep 1200, loss 0.0120
[Nonlinear] Ep 1300, loss 0.0120
[Nonlinear] Ep 1400, loss 0.0120
[Nonlinear] Ep 1500, loss 0.0119
[Nonlinear] Ep 1600, loss 0.0119
[Nonlinear] Ep 1700, loss 0.0119
[Nonlinear] Ep 1800, loss 0.0119
[Nonlinear] Ep 1900, loss 0.0119
[Nonlinear] Ep 0, loss 2.5259
[Nonlinear] Ep 100, loss 0.2493
[Nonlinear] Ep 200, loss 0.0129
[Nonlinear] Ep 300, loss 0.0104
[Nonlinear] Ep 400, loss 0.0103
[Nonlinear] Ep 500, loss 0.0103
[Nonlinear] Ep 600, loss 0.0103
[Nonlinear] Ep 700, loss 0.0103
[Nonlinear] Ep 800, loss 0.0103
[Nonlinear] Ep 900, loss 0.0103
[Nonlinear] Ep 1000, loss 0.0103
[Nonlinear] Ep 1100, loss 0.0103
[Nonlinear] Ep 1200, loss 0.0103
[Nonlinear] Ep 1300, loss 0.0103
[Nonlinear] Ep 1400, loss 0.0103
[Nonlinear] Ep 1500, loss 0.0103
[Nonlinear] Ep 1600, loss 0.0103
[Nonlinear] Ep 1700, loss 0.0103
[Nonlinear] Ep 1800, loss 0.0103
[Nonlinear] Ep 1900, loss 0.0103

=== Current trial for n = 3000, trial = 27 ===
[1 1 2]
[Nonlinear] Ep 0, loss 43.0340
[Nonlinear] Ep 100, loss 21.7572
[Nonlinear] Ep 200, loss 11.2234
[Nonlinear] Ep 300, loss 5.8353
[Nonlinear] Ep 400, loss 2.5829
[Nonlinear] Ep 500, loss 0.9828
[Nonlinear] Ep 600, loss 0.3479
[Nonlinear] Ep 700, loss 0.1295
[Nonlinear] Ep 800, loss 0.0720
[Nonlinear] Ep 900, loss 0.0596
[Nonlinear] Ep 1000, loss 0.0574
[Nonlinear] Ep 1100, loss 0.0571
[Nonlinear] Ep 1200, loss 0.0570
[Nonlinear] Ep 1300, loss 0.0570
[Nonlinear] Ep 1400, loss 0.0570
[Nonlinear] Ep 1500, loss 0.0570
[Nonlinear] Ep 1600, loss 0.0569
[Nonlinear] Ep 1700, loss 0.0569
[Nonlinear] Ep 1800, loss 0.0568
[Nonlinear] Ep 1900, loss 0.0568
[Nonlinear] Ep 0, loss 43.2973
[Nonlinear] Ep 100, loss 29.6226
[Nonlinear] Ep 200, loss 16.0063
[Nonlinear] Ep 300, loss 7.2895
[Nonlinear] Ep 400, loss 2.8049
[Nonlinear] Ep 500, loss 0.8279
[Nonlinear] Ep 600, loss 0.2373
[Nonlinear] Ep 700, loss 0.1301
[Nonlinear] Ep 800, loss 0.1111
[Nonlinear] Ep 900, loss 0.1042
[Nonlinear] Ep 1000, loss 0.1002
[Nonlinear] Ep 1100, loss 0.0974
[Nonlinear] Ep 1200, loss 0.0955
[Nonlinear] Ep 1300, loss 0.0940
[Nonlinear] Ep 1400, loss 0.0930
[Nonlinear] Ep 1500, loss 0.0922
[Nonlinear] Ep 1600, loss 0.0916
[Nonlinear] Ep 1700, loss 0.0911
[Nonlinear] Ep 1800, loss 0.0906
[Nonlinear] Ep 1900, loss 0.0901
[Nonlinear] Ep 0, loss 44.2889
[Nonlinear] Ep 100, loss 18.8015
[Nonlinear] Ep 200, loss 12.8342
[Nonlinear] Ep 300, loss 8.6802
[Nonlinear] Ep 400, loss 4.6889
[Nonlinear] Ep 500, loss 2.1197
[Nonlinear] Ep 600, loss 1.0223
[Nonlinear] Ep 700, loss 0.7234
[Nonlinear] Ep 800, loss 0.6715
[Nonlinear] Ep 900, loss 0.6649
[Nonlinear] Ep 1000, loss 0.6637
[Nonlinear] Ep 1100, loss 0.6629
[Nonlinear] Ep 1200, loss 0.6622
[Nonlinear] Ep 1300, loss 0.6616
[Nonlinear] Ep 1400, loss 0.6609
[Nonlinear] Ep 1500, loss 0.6603
[Nonlinear] Ep 1600, loss 0.6597
[Nonlinear] Ep 1700, loss 0.6591
[Nonlinear] Ep 1800, loss 0.6585
[Nonlinear] Ep 1900, loss 0.6579

=== Current trial for n = 3000, trial = 28 ===
[1 1 2]
[Nonlinear] Ep 0, loss 40.1908
[Nonlinear] Ep 100, loss 19.7898
[Nonlinear] Ep 200, loss 9.7466
[Nonlinear] Ep 300, loss 4.1163
[Nonlinear] Ep 400, loss 1.1764
[Nonlinear] Ep 500, loss 0.2410
[Nonlinear] Ep 600, loss 0.0804
[Nonlinear] Ep 700, loss 0.0659
[Nonlinear] Ep 800, loss 0.0651
[Nonlinear] Ep 900, loss 0.0650
[Nonlinear] Ep 1000, loss 0.0648
[Nonlinear] Ep 1100, loss 0.0647
[Nonlinear] Ep 1200, loss 0.0646
[Nonlinear] Ep 1300, loss 0.0645
[Nonlinear] Ep 1400, loss 0.0644
[Nonlinear] Ep 1500, loss 0.0643
[Nonlinear] Ep 1600, loss 0.0642
[Nonlinear] Ep 1700, loss 0.0641
[Nonlinear] Ep 1800, loss 0.0640
[Nonlinear] Ep 1900, loss 0.0639
[Nonlinear] Ep 0, loss 41.5793
[Nonlinear] Ep 100, loss 28.4746
[Nonlinear] Ep 200, loss 13.5767
[Nonlinear] Ep 300, loss 5.5712
[Nonlinear] Ep 400, loss 2.3317
[Nonlinear] Ep 500, loss 0.7201
[Nonlinear] Ep 600, loss 0.2285
[Nonlinear] Ep 700, loss 0.1430
[Nonlinear] Ep 800, loss 0.1300
[Nonlinear] Ep 900, loss 0.1243
[Nonlinear] Ep 1000, loss 0.1201
[Nonlinear] Ep 1100, loss 0.1168
[Nonlinear] Ep 1200, loss 0.1121
[Nonlinear] Ep 1300, loss 0.1089
[Nonlinear] Ep 1400, loss 0.1068
[Nonlinear] Ep 1500, loss 0.1054
[Nonlinear] Ep 1600, loss 0.1044
[Nonlinear] Ep 1700, loss 0.1035
[Nonlinear] Ep 1800, loss 0.1028
[Nonlinear] Ep 1900, loss 0.1023
[Nonlinear] Ep 0, loss 37.3656
[Nonlinear] Ep 100, loss 16.0552
[Nonlinear] Ep 200, loss 10.5281
[Nonlinear] Ep 300, loss 5.9924
[Nonlinear] Ep 400, loss 2.7387
[Nonlinear] Ep 500, loss 1.2415
[Nonlinear] Ep 600, loss 0.8490
[Nonlinear] Ep 700, loss 0.7930
[Nonlinear] Ep 800, loss 0.7883
[Nonlinear] Ep 900, loss 0.7879
[Nonlinear] Ep 1000, loss 0.7878
[Nonlinear] Ep 1100, loss 0.7876
[Nonlinear] Ep 1200, loss 0.7875
[Nonlinear] Ep 1300, loss 0.7874
[Nonlinear] Ep 1400, loss 0.7872
[Nonlinear] Ep 1500, loss 0.7871
[Nonlinear] Ep 1600, loss 0.7869
[Nonlinear] Ep 1700, loss 0.7867
[Nonlinear] Ep 1800, loss 0.7865
[Nonlinear] Ep 1900, loss 0.7863

=== Current trial for n = 3000, trial = 29 ===
[1 1 2]
[Nonlinear] Ep 0, loss 2.1319
[Nonlinear] Ep 100, loss 0.0866
[Nonlinear] Ep 200, loss 0.0128
[Nonlinear] Ep 300, loss 0.0128
[Nonlinear] Ep 400, loss 0.0128
[Nonlinear] Ep 500, loss 0.0128
[Nonlinear] Ep 600, loss 0.0128
[Nonlinear] Ep 700, loss 0.0128
[Nonlinear] Ep 800, loss 0.0128
[Nonlinear] Ep 900, loss 0.0128
[Nonlinear] Ep 1000, loss 0.0128
[Nonlinear] Ep 1100, loss 0.0127
[Nonlinear] Ep 1200, loss 0.0127
[Nonlinear] Ep 1300, loss 0.0127
[Nonlinear] Ep 1400, loss 0.0127
[Nonlinear] Ep 1500, loss 0.0127
[Nonlinear] Ep 1600, loss 0.0127
[Nonlinear] Ep 1700, loss 0.0127
[Nonlinear] Ep 1800, loss 0.0127
[Nonlinear] Ep 1900, loss 0.0127
[Nonlinear] Ep 0, loss 1.6043
[Nonlinear] Ep 100, loss 0.2976
[Nonlinear] Ep 200, loss 0.0224
[Nonlinear] Ep 300, loss 0.0149
[Nonlinear] Ep 400, loss 0.0148
[Nonlinear] Ep 500, loss 0.0148
[Nonlinear] Ep 600, loss 0.0147
[Nonlinear] Ep 700, loss 0.0147
[Nonlinear] Ep 800, loss 0.0147
[Nonlinear] Ep 900, loss 0.0146
[Nonlinear] Ep 1000, loss 0.0146
[Nonlinear] Ep 1100, loss 0.0145
[Nonlinear] Ep 1200, loss 0.0145
[Nonlinear] Ep 1300, loss 0.0145
[Nonlinear] Ep 1400, loss 0.0144
[Nonlinear] Ep 1500, loss 0.0144
[Nonlinear] Ep 1600, loss 0.0143
[Nonlinear] Ep 1700, loss 0.0142
[Nonlinear] Ep 1800, loss 0.0141
[Nonlinear] Ep 1900, loss 0.0140
[Nonlinear] Ep 0, loss 2.1850
[Nonlinear] Ep 100, loss 0.0769
[Nonlinear] Ep 200, loss 0.0131
[Nonlinear] Ep 300, loss 0.0129
[Nonlinear] Ep 400, loss 0.0128
[Nonlinear] Ep 500, loss 0.0127
[Nonlinear] Ep 600, loss 0.0127
[Nonlinear] Ep 700, loss 0.0127
[Nonlinear] Ep 800, loss 0.0126
[Nonlinear] Ep 900, loss 0.0126
[Nonlinear] Ep 1000, loss 0.0126
[Nonlinear] Ep 1100, loss 0.0126
[Nonlinear] Ep 1200, loss 0.0126
[Nonlinear] Ep 1300, loss 0.0126
[Nonlinear] Ep 1400, loss 0.0126
[Nonlinear] Ep 1500, loss 0.0126
[Nonlinear] Ep 1600, loss 0.0126
[Nonlinear] Ep 1700, loss 0.0126
[Nonlinear] Ep 1800, loss 0.0126
[Nonlinear] Ep 1900, loss 0.0126

=== Current trial for n = 3000, trial = 30 ===
[1 1 2]
[Nonlinear] Ep 0, loss 1.4679
[Nonlinear] Ep 100, loss 0.0182
[Nonlinear] Ep 200, loss 0.0107
[Nonlinear] Ep 300, loss 0.0107
[Nonlinear] Ep 400, loss 0.0107
[Nonlinear] Ep 500, loss 0.0107
[Nonlinear] Ep 600, loss 0.0107
[Nonlinear] Ep 700, loss 0.0107
[Nonlinear] Ep 800, loss 0.0107
[Nonlinear] Ep 900, loss 0.0107
[Nonlinear] Ep 1000, loss 0.0107
[Nonlinear] Ep 1100, loss 0.0107
[Nonlinear] Ep 1200, loss 0.0107
[Nonlinear] Ep 1300, loss 0.0107
[Nonlinear] Ep 1400, loss 0.0107
[Nonlinear] Ep 1500, loss 0.0107
[Nonlinear] Ep 1600, loss 0.0107
[Nonlinear] Ep 1700, loss 0.0107
[Nonlinear] Ep 1800, loss 0.0107
[Nonlinear] Ep 1900, loss 0.0107
[Nonlinear] Ep 0, loss 1.9902
[Nonlinear] Ep 100, loss 0.2890
[Nonlinear] Ep 200, loss 0.0158
[Nonlinear] Ep 300, loss 0.0133
[Nonlinear] Ep 400, loss 0.0131
[Nonlinear] Ep 500, loss 0.0131
[Nonlinear] Ep 600, loss 0.0130
[Nonlinear] Ep 700, loss 0.0130
[Nonlinear] Ep 800, loss 0.0129
[Nonlinear] Ep 900, loss 0.0128
[Nonlinear] Ep 1000, loss 0.0128
[Nonlinear] Ep 1100, loss 0.0127
[Nonlinear] Ep 1200, loss 0.0127
[Nonlinear] Ep 1300, loss 0.0126
[Nonlinear] Ep 1400, loss 0.0125
[Nonlinear] Ep 1500, loss 0.0125
[Nonlinear] Ep 1600, loss 0.0124
[Nonlinear] Ep 1700, loss 0.0124
[Nonlinear] Ep 1800, loss 0.0123
[Nonlinear] Ep 1900, loss 0.0122
[Nonlinear] Ep 0, loss 3.0709
[Nonlinear] Ep 100, loss 0.1305
[Nonlinear] Ep 200, loss 0.0108
[Nonlinear] Ep 300, loss 0.0107
[Nonlinear] Ep 400, loss 0.0107
[Nonlinear] Ep 500, loss 0.0107
[Nonlinear] Ep 600, loss 0.0107
[Nonlinear] Ep 700, loss 0.0107
[Nonlinear] Ep 800, loss 0.0107
[Nonlinear] Ep 900, loss 0.0107
[Nonlinear] Ep 1000, loss 0.0107
[Nonlinear] Ep 1100, loss 0.0107
[Nonlinear] Ep 1200, loss 0.0107
[Nonlinear] Ep 1300, loss 0.0107
[Nonlinear] Ep 1400, loss 0.0107
[Nonlinear] Ep 1500, loss 0.0107
[Nonlinear] Ep 1600, loss 0.0107
[Nonlinear] Ep 1700, loss 0.0107
[Nonlinear] Ep 1800, loss 0.0107
[Nonlinear] Ep 1900, loss 0.0107
>>> Finished experiment for n = 3000
>>> Result: {'n': 3000, 'clustered': [np.float64(0.01815535443407299), np.float64(0.021398313495670774), np.float64(0.001602756391400311)], 'same_cluster': [np.float64(0.04972103430634545), np.float64(0.06595800044233423), np.float64(0.025236691962410723)], 'distinct_clusters': [np.float64(0.03747357215260295), np.float64(0.04521986829051903), np.float64(0.0016327519869893156)], 'pred_clustered': np.float64(0.03928619674360278), 'pred_same_cluster': np.float64(0.06038740381517276), 'pred_distinct_clusters': np.float64(0.41742871040178886)}
>>> Saving CSV
>>> Plots saved
!!! Error during saving/plotting for n = 3000: [Errno 2] No such file or directory: 'Plots/pred_nl_comp_singid/clustered_n_3000.png'
