=== Starting job ID 3 on node midway3-0060.rcc.local ===
Running AMP experiment for n = 3500
>>> Script started
>>> Running AMP comparison experiment with n = 3500

=== Current trial for n = 3500, trial = 1 ===
[1 1 2]
[Nonlinear] Ep 0, loss 41.4587
[Nonlinear] Ep 100, loss 23.0025
[Nonlinear] Ep 200, loss 11.9806
[Nonlinear] Ep 300, loss 6.0017
[Nonlinear] Ep 400, loss 2.0897
[Nonlinear] Ep 500, loss 0.4505
[Nonlinear] Ep 600, loss 0.0950
[Nonlinear] Ep 700, loss 0.0522
[Nonlinear] Ep 800, loss 0.0492
[Nonlinear] Ep 900, loss 0.0490
[Nonlinear] Ep 1000, loss 0.0490
[Nonlinear] Ep 1100, loss 0.0490
[Nonlinear] Ep 1200, loss 0.0489
[Nonlinear] Ep 1300, loss 0.0489
[Nonlinear] Ep 1400, loss 0.0489
[Nonlinear] Ep 1500, loss 0.0488
[Nonlinear] Ep 1600, loss 0.0488
[Nonlinear] Ep 1700, loss 0.0487
[Nonlinear] Ep 1800, loss 0.0487
[Nonlinear] Ep 1900, loss 0.0487
[Nonlinear] Ep 0, loss 42.0903
[Nonlinear] Ep 100, loss 28.3581
[Nonlinear] Ep 200, loss 15.3007
[Nonlinear] Ep 300, loss 7.8903
[Nonlinear] Ep 400, loss 4.4250
[Nonlinear] Ep 500, loss 1.9637
[Nonlinear] Ep 600, loss 0.6009
[Nonlinear] Ep 700, loss 0.1912
[Nonlinear] Ep 800, loss 0.1016
[Nonlinear] Ep 900, loss 0.0833
[Nonlinear] Ep 1000, loss 0.0781
[Nonlinear] Ep 1100, loss 0.0759
[Nonlinear] Ep 1200, loss 0.0747
[Nonlinear] Ep 1300, loss 0.0738
[Nonlinear] Ep 1400, loss 0.0732
[Nonlinear] Ep 1500, loss 0.0726
[Nonlinear] Ep 1600, loss 0.0722
[Nonlinear] Ep 1700, loss 0.0719
[Nonlinear] Ep 1800, loss 0.0717
[Nonlinear] Ep 1900, loss 0.0714
[Nonlinear] Ep 0, loss 44.9352
[Nonlinear] Ep 100, loss 19.6404
[Nonlinear] Ep 200, loss 13.6212
[Nonlinear] Ep 300, loss 9.6615
[Nonlinear] Ep 400, loss 6.1475
[Nonlinear] Ep 500, loss 3.2587
[Nonlinear] Ep 600, loss 1.5187
[Nonlinear] Ep 700, loss 0.8964
[Nonlinear] Ep 800, loss 0.7484
[Nonlinear] Ep 900, loss 0.7243
[Nonlinear] Ep 1000, loss 0.7211
[Nonlinear] Ep 1100, loss 0.7204
[Nonlinear] Ep 1200, loss 0.7198
[Nonlinear] Ep 1300, loss 0.7193
[Nonlinear] Ep 1400, loss 0.7188
[Nonlinear] Ep 1500, loss 0.7182
[Nonlinear] Ep 1600, loss 0.7176
[Nonlinear] Ep 1700, loss 0.7170
[Nonlinear] Ep 1800, loss 0.7163
[Nonlinear] Ep 1900, loss 0.7156

=== Current trial for n = 3500, trial = 2 ===
[1 1 2]
[Nonlinear] Ep 0, loss 4.8452
[Nonlinear] Ep 100, loss 0.1761
[Nonlinear] Ep 200, loss 0.0122
[Nonlinear] Ep 300, loss 0.0104
[Nonlinear] Ep 400, loss 0.0104
[Nonlinear] Ep 500, loss 0.0104
[Nonlinear] Ep 600, loss 0.0104
[Nonlinear] Ep 700, loss 0.0104
[Nonlinear] Ep 800, loss 0.0104
[Nonlinear] Ep 900, loss 0.0104
[Nonlinear] Ep 1000, loss 0.0104
[Nonlinear] Ep 1100, loss 0.0104
[Nonlinear] Ep 1200, loss 0.0104
[Nonlinear] Ep 1300, loss 0.0104
[Nonlinear] Ep 1400, loss 0.0104
[Nonlinear] Ep 1500, loss 0.0104
[Nonlinear] Ep 1600, loss 0.0104
[Nonlinear] Ep 1700, loss 0.0104
[Nonlinear] Ep 1800, loss 0.0104
[Nonlinear] Ep 1900, loss 0.0104
[Nonlinear] Ep 0, loss 2.1532
[Nonlinear] Ep 100, loss 0.2982
[Nonlinear] Ep 200, loss 0.0269
[Nonlinear] Ep 300, loss 0.0153
[Nonlinear] Ep 400, loss 0.0135
[Nonlinear] Ep 500, loss 0.0128
[Nonlinear] Ep 600, loss 0.0125
[Nonlinear] Ep 700, loss 0.0123
[Nonlinear] Ep 800, loss 0.0122
[Nonlinear] Ep 900, loss 0.0121
[Nonlinear] Ep 1000, loss 0.0121
[Nonlinear] Ep 1100, loss 0.0120
[Nonlinear] Ep 1200, loss 0.0119
[Nonlinear] Ep 1300, loss 0.0119
[Nonlinear] Ep 1400, loss 0.0118
[Nonlinear] Ep 1500, loss 0.0118
[Nonlinear] Ep 1600, loss 0.0117
[Nonlinear] Ep 1700, loss 0.0117
[Nonlinear] Ep 1800, loss 0.0117
[Nonlinear] Ep 1900, loss 0.0116
[Nonlinear] Ep 0, loss 0.8916
[Nonlinear] Ep 100, loss 0.0153
[Nonlinear] Ep 200, loss 0.0104
[Nonlinear] Ep 300, loss 0.0104
[Nonlinear] Ep 400, loss 0.0104
[Nonlinear] Ep 500, loss 0.0104
[Nonlinear] Ep 600, loss 0.0104
[Nonlinear] Ep 700, loss 0.0104
[Nonlinear] Ep 800, loss 0.0104
[Nonlinear] Ep 900, loss 0.0104
[Nonlinear] Ep 1000, loss 0.0104
[Nonlinear] Ep 1100, loss 0.0104
[Nonlinear] Ep 1200, loss 0.0104
[Nonlinear] Ep 1300, loss 0.0104
[Nonlinear] Ep 1400, loss 0.0104
[Nonlinear] Ep 1500, loss 0.0104
[Nonlinear] Ep 1600, loss 0.0104
[Nonlinear] Ep 1700, loss 0.0104
[Nonlinear] Ep 1800, loss 0.0104
[Nonlinear] Ep 1900, loss 0.0104

=== Current trial for n = 3500, trial = 3 ===
[1 1 2]
[Nonlinear] Ep 0, loss 46.0987
[Nonlinear] Ep 100, loss 22.9197
[Nonlinear] Ep 200, loss 10.7479
[Nonlinear] Ep 300, loss 5.3204
[Nonlinear] Ep 400, loss 2.0346
[Nonlinear] Ep 500, loss 0.6101
[Nonlinear] Ep 600, loss 0.1695
[Nonlinear] Ep 700, loss 0.0759
[Nonlinear] Ep 800, loss 0.0621
[Nonlinear] Ep 900, loss 0.0606
[Nonlinear] Ep 1000, loss 0.0604
[Nonlinear] Ep 1100, loss 0.0603
[Nonlinear] Ep 1200, loss 0.0603
[Nonlinear] Ep 1300, loss 0.0603
[Nonlinear] Ep 1400, loss 0.0602
[Nonlinear] Ep 1500, loss 0.0602
[Nonlinear] Ep 1600, loss 0.0601
[Nonlinear] Ep 1700, loss 0.0601
[Nonlinear] Ep 1800, loss 0.0600
[Nonlinear] Ep 1900, loss 0.0600
[Nonlinear] Ep 0, loss 42.3233
[Nonlinear] Ep 100, loss 28.7487
[Nonlinear] Ep 200, loss 14.0954
[Nonlinear] Ep 300, loss 6.3333
[Nonlinear] Ep 400, loss 2.8818
[Nonlinear] Ep 500, loss 1.1495
[Nonlinear] Ep 600, loss 0.4235
[Nonlinear] Ep 700, loss 0.1958
[Nonlinear] Ep 800, loss 0.1349
[Nonlinear] Ep 900, loss 0.1169
[Nonlinear] Ep 1000, loss 0.1086
[Nonlinear] Ep 1100, loss 0.1025
[Nonlinear] Ep 1200, loss 0.0980
[Nonlinear] Ep 1300, loss 0.0949
[Nonlinear] Ep 1400, loss 0.0928
[Nonlinear] Ep 1500, loss 0.0914
[Nonlinear] Ep 1600, loss 0.0905
[Nonlinear] Ep 1700, loss 0.0898
[Nonlinear] Ep 1800, loss 0.0893
[Nonlinear] Ep 1900, loss 0.0890
[Nonlinear] Ep 0, loss 40.8188
[Nonlinear] Ep 100, loss 17.2910
[Nonlinear] Ep 200, loss 12.0366
[Nonlinear] Ep 300, loss 7.8451
[Nonlinear] Ep 400, loss 4.0260
[Nonlinear] Ep 500, loss 1.7931
[Nonlinear] Ep 600, loss 0.9610
[Nonlinear] Ep 700, loss 0.7800
[Nonlinear] Ep 800, loss 0.7561
[Nonlinear] Ep 900, loss 0.7539
[Nonlinear] Ep 1000, loss 0.7537
[Nonlinear] Ep 1100, loss 0.7536
[Nonlinear] Ep 1200, loss 0.7535
[Nonlinear] Ep 1300, loss 0.7533
[Nonlinear] Ep 1400, loss 0.7532
[Nonlinear] Ep 1500, loss 0.7531
[Nonlinear] Ep 1600, loss 0.7530
[Nonlinear] Ep 1700, loss 0.7529
[Nonlinear] Ep 1800, loss 0.7528
[Nonlinear] Ep 1900, loss 0.7527

=== Current trial for n = 3500, trial = 4 ===
[1 1 2]
[Nonlinear] Ep 0, loss 2.7001
[Nonlinear] Ep 100, loss 0.0900
[Nonlinear] Ep 200, loss 0.0104
[Nonlinear] Ep 300, loss 0.0104
[Nonlinear] Ep 400, loss 0.0104
[Nonlinear] Ep 500, loss 0.0104
[Nonlinear] Ep 600, loss 0.0104
[Nonlinear] Ep 700, loss 0.0104
[Nonlinear] Ep 800, loss 0.0104
[Nonlinear] Ep 900, loss 0.0104
[Nonlinear] Ep 1000, loss 0.0104
[Nonlinear] Ep 1100, loss 0.0104
[Nonlinear] Ep 1200, loss 0.0104
[Nonlinear] Ep 1300, loss 0.0104
[Nonlinear] Ep 1400, loss 0.0104
[Nonlinear] Ep 1500, loss 0.0104
[Nonlinear] Ep 1600, loss 0.0104
[Nonlinear] Ep 1700, loss 0.0104
[Nonlinear] Ep 1800, loss 0.0104
[Nonlinear] Ep 1900, loss 0.0104
[Nonlinear] Ep 0, loss 2.0560
[Nonlinear] Ep 100, loss 0.4622
[Nonlinear] Ep 200, loss 0.0217
[Nonlinear] Ep 300, loss 0.0128
[Nonlinear] Ep 400, loss 0.0126
[Nonlinear] Ep 500, loss 0.0124
[Nonlinear] Ep 600, loss 0.0123
[Nonlinear] Ep 700, loss 0.0122
[Nonlinear] Ep 800, loss 0.0121
[Nonlinear] Ep 900, loss 0.0120
[Nonlinear] Ep 1000, loss 0.0119
[Nonlinear] Ep 1100, loss 0.0119
[Nonlinear] Ep 1200, loss 0.0118
[Nonlinear] Ep 1300, loss 0.0117
[Nonlinear] Ep 1400, loss 0.0117
[Nonlinear] Ep 1500, loss 0.0116
[Nonlinear] Ep 1600, loss 0.0116
[Nonlinear] Ep 1700, loss 0.0115
[Nonlinear] Ep 1800, loss 0.0115
[Nonlinear] Ep 1900, loss 0.0115
[Nonlinear] Ep 0, loss 1.7785
[Nonlinear] Ep 100, loss 0.0129
[Nonlinear] Ep 200, loss 0.0110
[Nonlinear] Ep 300, loss 0.0107
[Nonlinear] Ep 400, loss 0.0105
[Nonlinear] Ep 500, loss 0.0104
[Nonlinear] Ep 600, loss 0.0103
[Nonlinear] Ep 700, loss 0.0103
[Nonlinear] Ep 800, loss 0.0103
[Nonlinear] Ep 900, loss 0.0103
[Nonlinear] Ep 1000, loss 0.0103
[Nonlinear] Ep 1100, loss 0.0103
[Nonlinear] Ep 1200, loss 0.0103
[Nonlinear] Ep 1300, loss 0.0103
[Nonlinear] Ep 1400, loss 0.0103
[Nonlinear] Ep 1500, loss 0.0103
[Nonlinear] Ep 1600, loss 0.0103
[Nonlinear] Ep 1700, loss 0.0103
[Nonlinear] Ep 1800, loss 0.0103
[Nonlinear] Ep 1900, loss 0.0103

=== Current trial for n = 3500, trial = 5 ===
[1 1 2]
[Nonlinear] Ep 0, loss 35.8819
[Nonlinear] Ep 100, loss 17.6609
[Nonlinear] Ep 200, loss 8.7506
[Nonlinear] Ep 300, loss 3.3511
[Nonlinear] Ep 400, loss 0.8223
[Nonlinear] Ep 500, loss 0.1553
[Nonlinear] Ep 600, loss 0.0638
[Nonlinear] Ep 700, loss 0.0570
[Nonlinear] Ep 800, loss 0.0567
[Nonlinear] Ep 900, loss 0.0567
[Nonlinear] Ep 1000, loss 0.0566
[Nonlinear] Ep 1100, loss 0.0566
[Nonlinear] Ep 1200, loss 0.0566
[Nonlinear] Ep 1300, loss 0.0566
[Nonlinear] Ep 1400, loss 0.0565
[Nonlinear] Ep 1500, loss 0.0565
[Nonlinear] Ep 1600, loss 0.0565
[Nonlinear] Ep 1700, loss 0.0564
[Nonlinear] Ep 1800, loss 0.0564
[Nonlinear] Ep 1900, loss 0.0564
[Nonlinear] Ep 0, loss 38.8108
[Nonlinear] Ep 100, loss 26.1584
[Nonlinear] Ep 200, loss 11.4774
[Nonlinear] Ep 300, loss 4.4935
[Nonlinear] Ep 400, loss 1.7715
[Nonlinear] Ep 500, loss 0.6930
[Nonlinear] Ep 600, loss 0.3063
[Nonlinear] Ep 700, loss 0.1877
[Nonlinear] Ep 800, loss 0.1383
[Nonlinear] Ep 900, loss 0.1141
[Nonlinear] Ep 1000, loss 0.0993
[Nonlinear] Ep 1100, loss 0.0907
[Nonlinear] Ep 1200, loss 0.0849
[Nonlinear] Ep 1300, loss 0.0811
[Nonlinear] Ep 1400, loss 0.0792
[Nonlinear] Ep 1500, loss 0.0783
[Nonlinear] Ep 1600, loss 0.0776
[Nonlinear] Ep 1700, loss 0.0771
[Nonlinear] Ep 1800, loss 0.0766
[Nonlinear] Ep 1900, loss 0.0760
[Nonlinear] Ep 0, loss 52.7421
[Nonlinear] Ep 100, loss 22.4854
[Nonlinear] Ep 200, loss 13.4271
[Nonlinear] Ep 300, loss 9.4391
[Nonlinear] Ep 400, loss 5.7651
[Nonlinear] Ep 500, loss 2.8497
[Nonlinear] Ep 600, loss 1.2823
[Nonlinear] Ep 700, loss 0.7870
[Nonlinear] Ep 800, loss 0.6944
[Nonlinear] Ep 900, loss 0.6824
[Nonlinear] Ep 1000, loss 0.6800
[Nonlinear] Ep 1100, loss 0.6786
[Nonlinear] Ep 1200, loss 0.6772
[Nonlinear] Ep 1300, loss 0.6758
[Nonlinear] Ep 1400, loss 0.6745
[Nonlinear] Ep 1500, loss 0.6732
[Nonlinear] Ep 1600, loss 0.6720
[Nonlinear] Ep 1700, loss 0.6711
[Nonlinear] Ep 1800, loss 0.6702
[Nonlinear] Ep 1900, loss 0.6693

=== Current trial for n = 3500, trial = 6 ===
[1 1 2]
[Nonlinear] Ep 0, loss 1.1580
[Nonlinear] Ep 100, loss 0.0188
[Nonlinear] Ep 200, loss 0.0104
[Nonlinear] Ep 300, loss 0.0104
[Nonlinear] Ep 400, loss 0.0104
[Nonlinear] Ep 500, loss 0.0104
[Nonlinear] Ep 600, loss 0.0104
[Nonlinear] Ep 700, loss 0.0104
[Nonlinear] Ep 800, loss 0.0104
[Nonlinear] Ep 900, loss 0.0104
[Nonlinear] Ep 1000, loss 0.0104
[Nonlinear] Ep 1100, loss 0.0104
[Nonlinear] Ep 1200, loss 0.0104
[Nonlinear] Ep 1300, loss 0.0104
[Nonlinear] Ep 1400, loss 0.0104
[Nonlinear] Ep 1500, loss 0.0104
[Nonlinear] Ep 1600, loss 0.0104
[Nonlinear] Ep 1700, loss 0.0104
[Nonlinear] Ep 1800, loss 0.0104
[Nonlinear] Ep 1900, loss 0.0104
[Nonlinear] Ep 0, loss 1.7113
[Nonlinear] Ep 100, loss 0.2105
[Nonlinear] Ep 200, loss 0.0126
[Nonlinear] Ep 300, loss 0.0120
[Nonlinear] Ep 400, loss 0.0119
[Nonlinear] Ep 500, loss 0.0118
[Nonlinear] Ep 600, loss 0.0118
[Nonlinear] Ep 700, loss 0.0118
[Nonlinear] Ep 800, loss 0.0117
[Nonlinear] Ep 900, loss 0.0117
[Nonlinear] Ep 1000, loss 0.0117
[Nonlinear] Ep 1100, loss 0.0116
[Nonlinear] Ep 1200, loss 0.0116
[Nonlinear] Ep 1300, loss 0.0116
[Nonlinear] Ep 1400, loss 0.0116
[Nonlinear] Ep 1500, loss 0.0115
[Nonlinear] Ep 1600, loss 0.0115
[Nonlinear] Ep 1700, loss 0.0115
[Nonlinear] Ep 1800, loss 0.0115
[Nonlinear] Ep 1900, loss 0.0115
[Nonlinear] Ep 0, loss 3.0754
[Nonlinear] Ep 100, loss 0.1117
[Nonlinear] Ep 200, loss 0.0106
[Nonlinear] Ep 300, loss 0.0103
[Nonlinear] Ep 400, loss 0.0103
[Nonlinear] Ep 500, loss 0.0103
[Nonlinear] Ep 600, loss 0.0103
[Nonlinear] Ep 700, loss 0.0103
[Nonlinear] Ep 800, loss 0.0103
[Nonlinear] Ep 900, loss 0.0103
[Nonlinear] Ep 1000, loss 0.0103
[Nonlinear] Ep 1100, loss 0.0103
[Nonlinear] Ep 1200, loss 0.0103
[Nonlinear] Ep 1300, loss 0.0103
[Nonlinear] Ep 1400, loss 0.0103
[Nonlinear] Ep 1500, loss 0.0103
[Nonlinear] Ep 1600, loss 0.0103
[Nonlinear] Ep 1700, loss 0.0103
[Nonlinear] Ep 1800, loss 0.0103
[Nonlinear] Ep 1900, loss 0.0103

=== Current trial for n = 3500, trial = 7 ===
[1 1 2]
[Nonlinear] Ep 0, loss 1.9664
[Nonlinear] Ep 100, loss 0.0524
[Nonlinear] Ep 200, loss 0.0100
[Nonlinear] Ep 300, loss 0.0100
[Nonlinear] Ep 400, loss 0.0100
[Nonlinear] Ep 500, loss 0.0100
[Nonlinear] Ep 600, loss 0.0100
[Nonlinear] Ep 700, loss 0.0100
[Nonlinear] Ep 800, loss 0.0100
[Nonlinear] Ep 900, loss 0.0100
[Nonlinear] Ep 1000, loss 0.0100
[Nonlinear] Ep 1100, loss 0.0100
[Nonlinear] Ep 1200, loss 0.0100
[Nonlinear] Ep 1300, loss 0.0100
[Nonlinear] Ep 1400, loss 0.0100
[Nonlinear] Ep 1500, loss 0.0100
[Nonlinear] Ep 1600, loss 0.0100
[Nonlinear] Ep 1700, loss 0.0100
[Nonlinear] Ep 1800, loss 0.0100
[Nonlinear] Ep 1900, loss 0.0100
[Nonlinear] Ep 0, loss 3.0134
[Nonlinear] Ep 100, loss 0.8691
[Nonlinear] Ep 200, loss 0.1215
[Nonlinear] Ep 300, loss 0.0190
[Nonlinear] Ep 400, loss 0.0152
[Nonlinear] Ep 500, loss 0.0148
[Nonlinear] Ep 600, loss 0.0145
[Nonlinear] Ep 700, loss 0.0144
[Nonlinear] Ep 800, loss 0.0142
[Nonlinear] Ep 900, loss 0.0141
[Nonlinear] Ep 1000, loss 0.0139
[Nonlinear] Ep 1100, loss 0.0138
[Nonlinear] Ep 1200, loss 0.0137
[Nonlinear] Ep 1300, loss 0.0135
[Nonlinear] Ep 1400, loss 0.0134
[Nonlinear] Ep 1500, loss 0.0133
[Nonlinear] Ep 1600, loss 0.0131
[Nonlinear] Ep 1700, loss 0.0130
[Nonlinear] Ep 1800, loss 0.0129
[Nonlinear] Ep 1900, loss 0.0128
[Nonlinear] Ep 0, loss 2.5432
[Nonlinear] Ep 100, loss 0.1473
[Nonlinear] Ep 200, loss 0.0103
[Nonlinear] Ep 300, loss 0.0099
[Nonlinear] Ep 400, loss 0.0099
[Nonlinear] Ep 500, loss 0.0099
[Nonlinear] Ep 600, loss 0.0099
[Nonlinear] Ep 700, loss 0.0099
[Nonlinear] Ep 800, loss 0.0099
[Nonlinear] Ep 900, loss 0.0099
[Nonlinear] Ep 1000, loss 0.0099
[Nonlinear] Ep 1100, loss 0.0099
[Nonlinear] Ep 1200, loss 0.0099
[Nonlinear] Ep 1300, loss 0.0099
[Nonlinear] Ep 1400, loss 0.0099
[Nonlinear] Ep 1500, loss 0.0099
[Nonlinear] Ep 1600, loss 0.0099
[Nonlinear] Ep 1700, loss 0.0099
[Nonlinear] Ep 1800, loss 0.0099
[Nonlinear] Ep 1900, loss 0.0099

=== Current trial for n = 3500, trial = 8 ===
[1 1 2]
[Nonlinear] Ep 0, loss 3.4084
[Nonlinear] Ep 100, loss 0.2941
[Nonlinear] Ep 200, loss 0.0120
[Nonlinear] Ep 300, loss 0.0116
[Nonlinear] Ep 400, loss 0.0116
[Nonlinear] Ep 500, loss 0.0116
[Nonlinear] Ep 600, loss 0.0116
[Nonlinear] Ep 700, loss 0.0116
[Nonlinear] Ep 800, loss 0.0116
[Nonlinear] Ep 900, loss 0.0116
[Nonlinear] Ep 1000, loss 0.0116
[Nonlinear] Ep 1100, loss 0.0116
[Nonlinear] Ep 1200, loss 0.0116
[Nonlinear] Ep 1300, loss 0.0116
[Nonlinear] Ep 1400, loss 0.0116
[Nonlinear] Ep 1500, loss 0.0116
[Nonlinear] Ep 1600, loss 0.0116
[Nonlinear] Ep 1700, loss 0.0116
[Nonlinear] Ep 1800, loss 0.0116
[Nonlinear] Ep 1900, loss 0.0116
[Nonlinear] Ep 0, loss 1.7174
[Nonlinear] Ep 100, loss 0.2119
[Nonlinear] Ep 200, loss 0.0214
[Nonlinear] Ep 300, loss 0.0178
[Nonlinear] Ep 400, loss 0.0173
[Nonlinear] Ep 500, loss 0.0170
[Nonlinear] Ep 600, loss 0.0168
[Nonlinear] Ep 700, loss 0.0166
[Nonlinear] Ep 800, loss 0.0165
[Nonlinear] Ep 900, loss 0.0163
[Nonlinear] Ep 1000, loss 0.0162
[Nonlinear] Ep 1100, loss 0.0161
[Nonlinear] Ep 1200, loss 0.0159
[Nonlinear] Ep 1300, loss 0.0158
[Nonlinear] Ep 1400, loss 0.0157
[Nonlinear] Ep 1500, loss 0.0156
[Nonlinear] Ep 1600, loss 0.0154
[Nonlinear] Ep 1700, loss 0.0153
[Nonlinear] Ep 1800, loss 0.0152
[Nonlinear] Ep 1900, loss 0.0151
[Nonlinear] Ep 0, loss 1.2973
[Nonlinear] Ep 100, loss 0.0357
[Nonlinear] Ep 200, loss 0.0117
[Nonlinear] Ep 300, loss 0.0116
[Nonlinear] Ep 400, loss 0.0116
[Nonlinear] Ep 500, loss 0.0116
[Nonlinear] Ep 600, loss 0.0116
[Nonlinear] Ep 700, loss 0.0116
[Nonlinear] Ep 800, loss 0.0116
[Nonlinear] Ep 900, loss 0.0116
[Nonlinear] Ep 1000, loss 0.0116
[Nonlinear] Ep 1100, loss 0.0116
[Nonlinear] Ep 1200, loss 0.0116
[Nonlinear] Ep 1300, loss 0.0116
[Nonlinear] Ep 1400, loss 0.0116
[Nonlinear] Ep 1500, loss 0.0116
[Nonlinear] Ep 1600, loss 0.0116
[Nonlinear] Ep 1700, loss 0.0116
[Nonlinear] Ep 1800, loss 0.0116
[Nonlinear] Ep 1900, loss 0.0116

=== Current trial for n = 3500, trial = 9 ===
[1 1 2]
[Nonlinear] Ep 0, loss 1.9255
[Nonlinear] Ep 100, loss 0.1011
[Nonlinear] Ep 200, loss 0.0110
[Nonlinear] Ep 300, loss 0.0108
[Nonlinear] Ep 400, loss 0.0108
[Nonlinear] Ep 500, loss 0.0108
[Nonlinear] Ep 600, loss 0.0108
[Nonlinear] Ep 700, loss 0.0108
[Nonlinear] Ep 800, loss 0.0108
[Nonlinear] Ep 900, loss 0.0108
[Nonlinear] Ep 1000, loss 0.0108
[Nonlinear] Ep 1100, loss 0.0108
[Nonlinear] Ep 1200, loss 0.0108
[Nonlinear] Ep 1300, loss 0.0108
[Nonlinear] Ep 1400, loss 0.0107
[Nonlinear] Ep 1500, loss 0.0107
[Nonlinear] Ep 1600, loss 0.0107
[Nonlinear] Ep 1700, loss 0.0107
[Nonlinear] Ep 1800, loss 0.0107
[Nonlinear] Ep 1900, loss 0.0107
[Nonlinear] Ep 0, loss 1.4278
[Nonlinear] Ep 100, loss 0.1645
[Nonlinear] Ep 200, loss 0.0138
[Nonlinear] Ep 300, loss 0.0134
[Nonlinear] Ep 400, loss 0.0133
[Nonlinear] Ep 500, loss 0.0133
[Nonlinear] Ep 600, loss 0.0132
[Nonlinear] Ep 700, loss 0.0131
[Nonlinear] Ep 800, loss 0.0131
[Nonlinear] Ep 900, loss 0.0130
[Nonlinear] Ep 1000, loss 0.0129
[Nonlinear] Ep 1100, loss 0.0128
[Nonlinear] Ep 1200, loss 0.0128
[Nonlinear] Ep 1300, loss 0.0127
[Nonlinear] Ep 1400, loss 0.0126
[Nonlinear] Ep 1500, loss 0.0126
[Nonlinear] Ep 1600, loss 0.0125
[Nonlinear] Ep 1700, loss 0.0124
[Nonlinear] Ep 1800, loss 0.0124
[Nonlinear] Ep 1900, loss 0.0123
[Nonlinear] Ep 0, loss 2.8963
[Nonlinear] Ep 100, loss 0.0860
[Nonlinear] Ep 200, loss 0.0117
[Nonlinear] Ep 300, loss 0.0108
[Nonlinear] Ep 400, loss 0.0107
[Nonlinear] Ep 500, loss 0.0106
[Nonlinear] Ep 600, loss 0.0106
[Nonlinear] Ep 700, loss 0.0106
[Nonlinear] Ep 800, loss 0.0106
[Nonlinear] Ep 900, loss 0.0106
[Nonlinear] Ep 1000, loss 0.0106
[Nonlinear] Ep 1100, loss 0.0106
[Nonlinear] Ep 1200, loss 0.0106
[Nonlinear] Ep 1300, loss 0.0106
[Nonlinear] Ep 1400, loss 0.0106
[Nonlinear] Ep 1500, loss 0.0106
[Nonlinear] Ep 1600, loss 0.0106
[Nonlinear] Ep 1700, loss 0.0106
[Nonlinear] Ep 1800, loss 0.0106
[Nonlinear] Ep 1900, loss 0.0106

=== Current trial for n = 3500, trial = 10 ===
[1 1 2]
[Nonlinear] Ep 0, loss 1.4257
[Nonlinear] Ep 100, loss 0.0188
[Nonlinear] Ep 200, loss 0.0121
[Nonlinear] Ep 300, loss 0.0121
[Nonlinear] Ep 400, loss 0.0121
[Nonlinear] Ep 500, loss 0.0121
[Nonlinear] Ep 600, loss 0.0121
[Nonlinear] Ep 700, loss 0.0121
[Nonlinear] Ep 800, loss 0.0121
[Nonlinear] Ep 900, loss 0.0121
[Nonlinear] Ep 1000, loss 0.0121
[Nonlinear] Ep 1100, loss 0.0121
[Nonlinear] Ep 1200, loss 0.0121
[Nonlinear] Ep 1300, loss 0.0121
[Nonlinear] Ep 1400, loss 0.0121
[Nonlinear] Ep 1500, loss 0.0121
[Nonlinear] Ep 1600, loss 0.0121
[Nonlinear] Ep 1700, loss 0.0121
[Nonlinear] Ep 1800, loss 0.0121
[Nonlinear] Ep 1900, loss 0.0121
[Nonlinear] Ep 0, loss 1.8253
[Nonlinear] Ep 100, loss 0.3547
[Nonlinear] Ep 200, loss 0.0194
[Nonlinear] Ep 300, loss 0.0144
[Nonlinear] Ep 400, loss 0.0143
[Nonlinear] Ep 500, loss 0.0143
[Nonlinear] Ep 600, loss 0.0142
[Nonlinear] Ep 700, loss 0.0142
[Nonlinear] Ep 800, loss 0.0141
[Nonlinear] Ep 900, loss 0.0141
[Nonlinear] Ep 1000, loss 0.0141
[Nonlinear] Ep 1100, loss 0.0140
[Nonlinear] Ep 1200, loss 0.0140
[Nonlinear] Ep 1300, loss 0.0140
[Nonlinear] Ep 1400, loss 0.0139
[Nonlinear] Ep 1500, loss 0.0139
[Nonlinear] Ep 1600, loss 0.0139
[Nonlinear] Ep 1700, loss 0.0138
[Nonlinear] Ep 1800, loss 0.0138
[Nonlinear] Ep 1900, loss 0.0138
[Nonlinear] Ep 0, loss 1.6662
[Nonlinear] Ep 100, loss 0.0202
[Nonlinear] Ep 200, loss 0.0121
[Nonlinear] Ep 300, loss 0.0121
[Nonlinear] Ep 400, loss 0.0121
[Nonlinear] Ep 500, loss 0.0121
[Nonlinear] Ep 600, loss 0.0121
[Nonlinear] Ep 700, loss 0.0121
[Nonlinear] Ep 800, loss 0.0121
[Nonlinear] Ep 900, loss 0.0121
[Nonlinear] Ep 1000, loss 0.0121
[Nonlinear] Ep 1100, loss 0.0121
[Nonlinear] Ep 1200, loss 0.0121
[Nonlinear] Ep 1300, loss 0.0121
[Nonlinear] Ep 1400, loss 0.0121
[Nonlinear] Ep 1500, loss 0.0121
[Nonlinear] Ep 1600, loss 0.0121
[Nonlinear] Ep 1700, loss 0.0121
[Nonlinear] Ep 1800, loss 0.0121
[Nonlinear] Ep 1900, loss 0.0121

=== Current trial for n = 3500, trial = 11 ===
[1 1 2]
[Nonlinear] Ep 0, loss 41.6260
[Nonlinear] Ep 100, loss 21.8374
[Nonlinear] Ep 200, loss 11.3718
[Nonlinear] Ep 300, loss 5.9381
[Nonlinear] Ep 400, loss 2.4311
[Nonlinear] Ep 500, loss 0.7254
[Nonlinear] Ep 600, loss 0.1762
[Nonlinear] Ep 700, loss 0.0659
[Nonlinear] Ep 800, loss 0.0520
[Nonlinear] Ep 900, loss 0.0508
[Nonlinear] Ep 1000, loss 0.0508
[Nonlinear] Ep 1100, loss 0.0508
[Nonlinear] Ep 1200, loss 0.0508
[Nonlinear] Ep 1300, loss 0.0508
[Nonlinear] Ep 1400, loss 0.0507
[Nonlinear] Ep 1500, loss 0.0507
[Nonlinear] Ep 1600, loss 0.0507
[Nonlinear] Ep 1700, loss 0.0507
[Nonlinear] Ep 1800, loss 0.0507
[Nonlinear] Ep 1900, loss 0.0507
[Nonlinear] Ep 0, loss 42.6478
[Nonlinear] Ep 100, loss 28.6060
[Nonlinear] Ep 200, loss 13.4688
[Nonlinear] Ep 300, loss 6.1734
[Nonlinear] Ep 400, loss 3.0744
[Nonlinear] Ep 500, loss 1.3644
[Nonlinear] Ep 600, loss 0.5186
[Nonlinear] Ep 700, loss 0.2034
[Nonlinear] Ep 800, loss 0.1199
[Nonlinear] Ep 900, loss 0.1036
[Nonlinear] Ep 1000, loss 0.1001
[Nonlinear] Ep 1100, loss 0.0988
[Nonlinear] Ep 1200, loss 0.0980
[Nonlinear] Ep 1300, loss 0.0975
[Nonlinear] Ep 1400, loss 0.0970
[Nonlinear] Ep 1500, loss 0.0966
[Nonlinear] Ep 1600, loss 0.0963
[Nonlinear] Ep 1700, loss 0.0960
[Nonlinear] Ep 1800, loss 0.0956
[Nonlinear] Ep 1900, loss 0.0953
[Nonlinear] Ep 0, loss 36.1419
[Nonlinear] Ep 100, loss 16.8457
[Nonlinear] Ep 200, loss 12.3184
[Nonlinear] Ep 300, loss 8.6997
[Nonlinear] Ep 400, loss 5.1574
[Nonlinear] Ep 500, loss 2.5306
[Nonlinear] Ep 600, loss 1.2340
[Nonlinear] Ep 700, loss 0.8157
[Nonlinear] Ep 800, loss 0.7265
[Nonlinear] Ep 900, loss 0.7134
[Nonlinear] Ep 1000, loss 0.7118
[Nonlinear] Ep 1100, loss 0.7114
[Nonlinear] Ep 1200, loss 0.7111
[Nonlinear] Ep 1300, loss 0.7108
[Nonlinear] Ep 1400, loss 0.7105
[Nonlinear] Ep 1500, loss 0.7102
[Nonlinear] Ep 1600, loss 0.7100
[Nonlinear] Ep 1700, loss 0.7098
[Nonlinear] Ep 1800, loss 0.7095
[Nonlinear] Ep 1900, loss 0.7093

=== Current trial for n = 3500, trial = 12 ===
[1 1 2]
[Nonlinear] Ep 0, loss 44.8011
[Nonlinear] Ep 100, loss 20.2548
[Nonlinear] Ep 200, loss 9.7636
[Nonlinear] Ep 300, loss 4.6444
[Nonlinear] Ep 400, loss 1.6606
[Nonlinear] Ep 500, loss 0.4428
[Nonlinear] Ep 600, loss 0.1028
[Nonlinear] Ep 700, loss 0.0492
[Nonlinear] Ep 800, loss 0.0443
[Nonlinear] Ep 900, loss 0.0440
[Nonlinear] Ep 1000, loss 0.0440
[Nonlinear] Ep 1100, loss 0.0440
[Nonlinear] Ep 1200, loss 0.0440
[Nonlinear] Ep 1300, loss 0.0440
[Nonlinear] Ep 1400, loss 0.0440
[Nonlinear] Ep 1500, loss 0.0440
[Nonlinear] Ep 1600, loss 0.0440
[Nonlinear] Ep 1700, loss 0.0440
[Nonlinear] Ep 1800, loss 0.0440
[Nonlinear] Ep 1900, loss 0.0440
[Nonlinear] Ep 0, loss 41.2811
[Nonlinear] Ep 100, loss 25.9863
[Nonlinear] Ep 200, loss 11.3076
[Nonlinear] Ep 300, loss 5.1608
[Nonlinear] Ep 400, loss 2.4284
[Nonlinear] Ep 500, loss 0.9298
[Nonlinear] Ep 600, loss 0.2947
[Nonlinear] Ep 700, loss 0.1189
[Nonlinear] Ep 800, loss 0.0869
[Nonlinear] Ep 900, loss 0.0826
[Nonlinear] Ep 1000, loss 0.0818
[Nonlinear] Ep 1100, loss 0.0813
[Nonlinear] Ep 1200, loss 0.0808
[Nonlinear] Ep 1300, loss 0.0804
[Nonlinear] Ep 1400, loss 0.0799
[Nonlinear] Ep 1500, loss 0.0795
[Nonlinear] Ep 1600, loss 0.0791
[Nonlinear] Ep 1700, loss 0.0786
[Nonlinear] Ep 1800, loss 0.0783
[Nonlinear] Ep 1900, loss 0.0778
[Nonlinear] Ep 0, loss 49.0491
[Nonlinear] Ep 100, loss 21.9334
[Nonlinear] Ep 200, loss 14.2090
[Nonlinear] Ep 300, loss 9.6865
[Nonlinear] Ep 400, loss 5.6056
[Nonlinear] Ep 500, loss 2.7115
[Nonlinear] Ep 600, loss 1.2433
[Nonlinear] Ep 700, loss 0.7644
[Nonlinear] Ep 800, loss 0.6694
[Nonlinear] Ep 900, loss 0.6565
[Nonlinear] Ep 1000, loss 0.6548
[Nonlinear] Ep 1100, loss 0.6542
[Nonlinear] Ep 1200, loss 0.6537
[Nonlinear] Ep 1300, loss 0.6533
[Nonlinear] Ep 1400, loss 0.6530
[Nonlinear] Ep 1500, loss 0.6527
[Nonlinear] Ep 1600, loss 0.6525
[Nonlinear] Ep 1700, loss 0.6523
[Nonlinear] Ep 1800, loss 0.6522
[Nonlinear] Ep 1900, loss 0.6520

=== Current trial for n = 3500, trial = 13 ===
[1 1 2]
[Nonlinear] Ep 0, loss 2.8052
[Nonlinear] Ep 100, loss 0.1088
[Nonlinear] Ep 200, loss 0.0105
[Nonlinear] Ep 300, loss 0.0105
[Nonlinear] Ep 400, loss 0.0105
[Nonlinear] Ep 500, loss 0.0105
[Nonlinear] Ep 600, loss 0.0105
[Nonlinear] Ep 700, loss 0.0105
[Nonlinear] Ep 800, loss 0.0105
[Nonlinear] Ep 900, loss 0.0105
[Nonlinear] Ep 1000, loss 0.0105
[Nonlinear] Ep 1100, loss 0.0105
[Nonlinear] Ep 1200, loss 0.0105
[Nonlinear] Ep 1300, loss 0.0104
[Nonlinear] Ep 1400, loss 0.0104
[Nonlinear] Ep 1500, loss 0.0104
[Nonlinear] Ep 1600, loss 0.0104
[Nonlinear] Ep 1700, loss 0.0104
[Nonlinear] Ep 1800, loss 0.0104
[Nonlinear] Ep 1900, loss 0.0104
[Nonlinear] Ep 0, loss 1.7392
[Nonlinear] Ep 100, loss 0.3479
[Nonlinear] Ep 200, loss 0.0212
[Nonlinear] Ep 300, loss 0.0130
[Nonlinear] Ep 400, loss 0.0123
[Nonlinear] Ep 500, loss 0.0121
[Nonlinear] Ep 600, loss 0.0120
[Nonlinear] Ep 700, loss 0.0119
[Nonlinear] Ep 800, loss 0.0119
[Nonlinear] Ep 900, loss 0.0118
[Nonlinear] Ep 1000, loss 0.0118
[Nonlinear] Ep 1100, loss 0.0117
[Nonlinear] Ep 1200, loss 0.0116
[Nonlinear] Ep 1300, loss 0.0116
[Nonlinear] Ep 1400, loss 0.0115
[Nonlinear] Ep 1500, loss 0.0115
[Nonlinear] Ep 1600, loss 0.0115
[Nonlinear] Ep 1700, loss 0.0114
[Nonlinear] Ep 1800, loss 0.0114
[Nonlinear] Ep 1900, loss 0.0113
[Nonlinear] Ep 0, loss 1.4243
[Nonlinear] Ep 100, loss 0.0519
[Nonlinear] Ep 200, loss 0.0105
[Nonlinear] Ep 300, loss 0.0104
[Nonlinear] Ep 400, loss 0.0104
[Nonlinear] Ep 500, loss 0.0104
[Nonlinear] Ep 600, loss 0.0104
[Nonlinear] Ep 700, loss 0.0104
[Nonlinear] Ep 800, loss 0.0104
[Nonlinear] Ep 900, loss 0.0104
[Nonlinear] Ep 1000, loss 0.0104
[Nonlinear] Ep 1100, loss 0.0104
[Nonlinear] Ep 1200, loss 0.0104
[Nonlinear] Ep 1300, loss 0.0104
[Nonlinear] Ep 1400, loss 0.0104
[Nonlinear] Ep 1500, loss 0.0104
[Nonlinear] Ep 1600, loss 0.0104
[Nonlinear] Ep 1700, loss 0.0104
[Nonlinear] Ep 1800, loss 0.0104
[Nonlinear] Ep 1900, loss 0.0104

=== Current trial for n = 3500, trial = 14 ===
[1 1 2]
[Nonlinear] Ep 0, loss 1.6659
[Nonlinear] Ep 100, loss 0.0195
[Nonlinear] Ep 200, loss 0.0108
[Nonlinear] Ep 300, loss 0.0108
[Nonlinear] Ep 400, loss 0.0108
[Nonlinear] Ep 500, loss 0.0108
[Nonlinear] Ep 600, loss 0.0108
[Nonlinear] Ep 700, loss 0.0108
[Nonlinear] Ep 800, loss 0.0108
[Nonlinear] Ep 900, loss 0.0108
[Nonlinear] Ep 1000, loss 0.0108
[Nonlinear] Ep 1100, loss 0.0108
[Nonlinear] Ep 1200, loss 0.0108
[Nonlinear] Ep 1300, loss 0.0108
[Nonlinear] Ep 1400, loss 0.0108
[Nonlinear] Ep 1500, loss 0.0108
[Nonlinear] Ep 1600, loss 0.0108
[Nonlinear] Ep 1700, loss 0.0107
[Nonlinear] Ep 1800, loss 0.0107
[Nonlinear] Ep 1900, loss 0.0107
[Nonlinear] Ep 0, loss 1.5957
[Nonlinear] Ep 100, loss 0.2385
[Nonlinear] Ep 200, loss 0.0130
[Nonlinear] Ep 300, loss 0.0119
[Nonlinear] Ep 400, loss 0.0118
[Nonlinear] Ep 500, loss 0.0118
[Nonlinear] Ep 600, loss 0.0118
[Nonlinear] Ep 700, loss 0.0117
[Nonlinear] Ep 800, loss 0.0117
[Nonlinear] Ep 900, loss 0.0117
[Nonlinear] Ep 1000, loss 0.0117
[Nonlinear] Ep 1100, loss 0.0117
[Nonlinear] Ep 1200, loss 0.0117
[Nonlinear] Ep 1300, loss 0.0117
[Nonlinear] Ep 1400, loss 0.0117
[Nonlinear] Ep 1500, loss 0.0117
[Nonlinear] Ep 1600, loss 0.0117
[Nonlinear] Ep 1700, loss 0.0117
[Nonlinear] Ep 1800, loss 0.0117
[Nonlinear] Ep 1900, loss 0.0116
[Nonlinear] Ep 0, loss 1.4742
[Nonlinear] Ep 100, loss 0.0461
[Nonlinear] Ep 200, loss 0.0108
[Nonlinear] Ep 300, loss 0.0107
[Nonlinear] Ep 400, loss 0.0107
[Nonlinear] Ep 500, loss 0.0107
[Nonlinear] Ep 600, loss 0.0107
[Nonlinear] Ep 700, loss 0.0107
[Nonlinear] Ep 800, loss 0.0107
[Nonlinear] Ep 900, loss 0.0107
[Nonlinear] Ep 1000, loss 0.0107
[Nonlinear] Ep 1100, loss 0.0107
[Nonlinear] Ep 1200, loss 0.0106
[Nonlinear] Ep 1300, loss 0.0106
[Nonlinear] Ep 1400, loss 0.0106
[Nonlinear] Ep 1500, loss 0.0106
[Nonlinear] Ep 1600, loss 0.0106
[Nonlinear] Ep 1700, loss 0.0106
[Nonlinear] Ep 1800, loss 0.0106
[Nonlinear] Ep 1900, loss 0.0106

=== Current trial for n = 3500, trial = 15 ===
[1 1 2]
[Nonlinear] Ep 0, loss 39.9491
[Nonlinear] Ep 100, loss 18.0832
[Nonlinear] Ep 200, loss 9.1372
[Nonlinear] Ep 300, loss 4.8731
[Nonlinear] Ep 400, loss 1.9677
[Nonlinear] Ep 500, loss 0.5971
[Nonlinear] Ep 600, loss 0.1504
[Nonlinear] Ep 700, loss 0.0602
[Nonlinear] Ep 800, loss 0.0490
[Nonlinear] Ep 900, loss 0.0480
[Nonlinear] Ep 1000, loss 0.0480
[Nonlinear] Ep 1100, loss 0.0480
[Nonlinear] Ep 1200, loss 0.0480
[Nonlinear] Ep 1300, loss 0.0479
[Nonlinear] Ep 1400, loss 0.0479
[Nonlinear] Ep 1500, loss 0.0479
[Nonlinear] Ep 1600, loss 0.0479
[Nonlinear] Ep 1700, loss 0.0479
[Nonlinear] Ep 1800, loss 0.0479
[Nonlinear] Ep 1900, loss 0.0479
[Nonlinear] Ep 0, loss 43.4997
[Nonlinear] Ep 100, loss 30.8134
[Nonlinear] Ep 200, loss 17.1147
[Nonlinear] Ep 300, loss 6.8505
[Nonlinear] Ep 400, loss 2.2852
[Nonlinear] Ep 500, loss 0.5871
[Nonlinear] Ep 600, loss 0.1506
[Nonlinear] Ep 700, loss 0.0784
[Nonlinear] Ep 800, loss 0.0696
[Nonlinear] Ep 900, loss 0.0676
[Nonlinear] Ep 1000, loss 0.0665
[Nonlinear] Ep 1100, loss 0.0655
[Nonlinear] Ep 1200, loss 0.0647
[Nonlinear] Ep 1300, loss 0.0643
[Nonlinear] Ep 1400, loss 0.0641
[Nonlinear] Ep 1500, loss 0.0639
[Nonlinear] Ep 1600, loss 0.0637
[Nonlinear] Ep 1700, loss 0.0636
[Nonlinear] Ep 1800, loss 0.0634
[Nonlinear] Ep 1900, loss 0.0632
[Nonlinear] Ep 0, loss 44.6199
[Nonlinear] Ep 100, loss 18.6343
[Nonlinear] Ep 200, loss 12.5335
[Nonlinear] Ep 300, loss 8.7124
[Nonlinear] Ep 400, loss 5.0305
[Nonlinear] Ep 500, loss 2.4463
[Nonlinear] Ep 600, loss 1.2609
[Nonlinear] Ep 700, loss 0.9054
[Nonlinear] Ep 800, loss 0.8306
[Nonlinear] Ep 900, loss 0.8140
[Nonlinear] Ep 1000, loss 0.8063
[Nonlinear] Ep 1100, loss 0.8005
[Nonlinear] Ep 1200, loss 0.7960
[Nonlinear] Ep 1300, loss 0.7925
[Nonlinear] Ep 1400, loss 0.7898
[Nonlinear] Ep 1500, loss 0.7878
[Nonlinear] Ep 1600, loss 0.7861
[Nonlinear] Ep 1700, loss 0.7848
[Nonlinear] Ep 1800, loss 0.7838
[Nonlinear] Ep 1900, loss 0.7828

=== Current trial for n = 3500, trial = 16 ===
[1 1 2]
[Nonlinear] Ep 0, loss 38.3088
[Nonlinear] Ep 100, loss 18.3490
[Nonlinear] Ep 200, loss 8.7267
[Nonlinear] Ep 300, loss 3.3692
[Nonlinear] Ep 400, loss 0.8032
[Nonlinear] Ep 500, loss 0.1473
[Nonlinear] Ep 600, loss 0.0654
[Nonlinear] Ep 700, loss 0.0600
[Nonlinear] Ep 800, loss 0.0597
[Nonlinear] Ep 900, loss 0.0596
[Nonlinear] Ep 1000, loss 0.0595
[Nonlinear] Ep 1100, loss 0.0594
[Nonlinear] Ep 1200, loss 0.0593
[Nonlinear] Ep 1300, loss 0.0592
[Nonlinear] Ep 1400, loss 0.0591
[Nonlinear] Ep 1500, loss 0.0590
[Nonlinear] Ep 1600, loss 0.0589
[Nonlinear] Ep 1700, loss 0.0588
[Nonlinear] Ep 1800, loss 0.0587
[Nonlinear] Ep 1900, loss 0.0587
[Nonlinear] Ep 0, loss 47.7195
[Nonlinear] Ep 100, loss 33.2695
[Nonlinear] Ep 200, loss 17.8925
[Nonlinear] Ep 300, loss 7.7908
[Nonlinear] Ep 400, loss 3.3320
[Nonlinear] Ep 500, loss 1.1376
[Nonlinear] Ep 600, loss 0.3477
[Nonlinear] Ep 700, loss 0.1520
[Nonlinear] Ep 800, loss 0.1123
[Nonlinear] Ep 900, loss 0.1013
[Nonlinear] Ep 1000, loss 0.0960
[Nonlinear] Ep 1100, loss 0.0926
[Nonlinear] Ep 1200, loss 0.0902
[Nonlinear] Ep 1300, loss 0.0883
[Nonlinear] Ep 1400, loss 0.0869
[Nonlinear] Ep 1500, loss 0.0858
[Nonlinear] Ep 1600, loss 0.0851
[Nonlinear] Ep 1700, loss 0.0845
[Nonlinear] Ep 1800, loss 0.0841
[Nonlinear] Ep 1900, loss 0.0838
[Nonlinear] Ep 0, loss 33.5380
[Nonlinear] Ep 100, loss 15.8215
[Nonlinear] Ep 200, loss 11.1076
[Nonlinear] Ep 300, loss 6.9284
[Nonlinear] Ep 400, loss 3.5135
[Nonlinear] Ep 500, loss 1.5599
[Nonlinear] Ep 600, loss 0.9109
[Nonlinear] Ep 700, loss 0.7820
[Nonlinear] Ep 800, loss 0.7601
[Nonlinear] Ep 900, loss 0.7522
[Nonlinear] Ep 1000, loss 0.7466
[Nonlinear] Ep 1100, loss 0.7422
[Nonlinear] Ep 1200, loss 0.7389
[Nonlinear] Ep 1300, loss 0.7364
[Nonlinear] Ep 1400, loss 0.7347
[Nonlinear] Ep 1500, loss 0.7335
[Nonlinear] Ep 1600, loss 0.7327
[Nonlinear] Ep 1700, loss 0.7321
[Nonlinear] Ep 1800, loss 0.7317
[Nonlinear] Ep 1900, loss 0.7315

=== Current trial for n = 3500, trial = 17 ===
[1 1 2]
[Nonlinear] Ep 0, loss 3.2488
[Nonlinear] Ep 100, loss 0.0833
[Nonlinear] Ep 200, loss 0.0104
[Nonlinear] Ep 300, loss 0.0103
[Nonlinear] Ep 400, loss 0.0103
[Nonlinear] Ep 500, loss 0.0103
[Nonlinear] Ep 600, loss 0.0103
[Nonlinear] Ep 700, loss 0.0103
[Nonlinear] Ep 800, loss 0.0103
[Nonlinear] Ep 900, loss 0.0103
[Nonlinear] Ep 1000, loss 0.0103
[Nonlinear] Ep 1100, loss 0.0103
[Nonlinear] Ep 1200, loss 0.0103
[Nonlinear] Ep 1300, loss 0.0103
[Nonlinear] Ep 1400, loss 0.0103
[Nonlinear] Ep 1500, loss 0.0103
[Nonlinear] Ep 1600, loss 0.0103
[Nonlinear] Ep 1700, loss 0.0103
[Nonlinear] Ep 1800, loss 0.0103
[Nonlinear] Ep 1900, loss 0.0103
[Nonlinear] Ep 0, loss 2.6497
[Nonlinear] Ep 100, loss 0.4897
[Nonlinear] Ep 200, loss 0.0296
[Nonlinear] Ep 300, loss 0.0111
[Nonlinear] Ep 400, loss 0.0111
[Nonlinear] Ep 500, loss 0.0111
[Nonlinear] Ep 600, loss 0.0111
[Nonlinear] Ep 700, loss 0.0111
[Nonlinear] Ep 800, loss 0.0110
[Nonlinear] Ep 900, loss 0.0110
[Nonlinear] Ep 1000, loss 0.0110
[Nonlinear] Ep 1100, loss 0.0110
[Nonlinear] Ep 1200, loss 0.0110
[Nonlinear] Ep 1300, loss 0.0110
[Nonlinear] Ep 1400, loss 0.0110
[Nonlinear] Ep 1500, loss 0.0110
[Nonlinear] Ep 1600, loss 0.0110
[Nonlinear] Ep 1700, loss 0.0110
[Nonlinear] Ep 1800, loss 0.0109
[Nonlinear] Ep 1900, loss 0.0109
[Nonlinear] Ep 0, loss 4.3302
[Nonlinear] Ep 100, loss 0.3070
[Nonlinear] Ep 200, loss 0.0164
[Nonlinear] Ep 300, loss 0.0114
[Nonlinear] Ep 400, loss 0.0109
[Nonlinear] Ep 500, loss 0.0106
[Nonlinear] Ep 600, loss 0.0104
[Nonlinear] Ep 700, loss 0.0103
[Nonlinear] Ep 800, loss 0.0102
[Nonlinear] Ep 900, loss 0.0102
[Nonlinear] Ep 1000, loss 0.0102
[Nonlinear] Ep 1100, loss 0.0102
[Nonlinear] Ep 1200, loss 0.0102
[Nonlinear] Ep 1300, loss 0.0102
[Nonlinear] Ep 1400, loss 0.0102
[Nonlinear] Ep 1500, loss 0.0102
[Nonlinear] Ep 1600, loss 0.0102
[Nonlinear] Ep 1700, loss 0.0102
[Nonlinear] Ep 1800, loss 0.0102
[Nonlinear] Ep 1900, loss 0.0102

=== Current trial for n = 3500, trial = 18 ===
[1 1 2]
[Nonlinear] Ep 0, loss 2.4803
[Nonlinear] Ep 100, loss 0.1527
[Nonlinear] Ep 200, loss 0.0122
[Nonlinear] Ep 300, loss 0.0121
[Nonlinear] Ep 400, loss 0.0121
[Nonlinear] Ep 500, loss 0.0121
[Nonlinear] Ep 600, loss 0.0121
[Nonlinear] Ep 700, loss 0.0121
[Nonlinear] Ep 800, loss 0.0121
[Nonlinear] Ep 900, loss 0.0121
[Nonlinear] Ep 1000, loss 0.0121
[Nonlinear] Ep 1100, loss 0.0121
[Nonlinear] Ep 1200, loss 0.0121
[Nonlinear] Ep 1300, loss 0.0121
[Nonlinear] Ep 1400, loss 0.0121
[Nonlinear] Ep 1500, loss 0.0121
[Nonlinear] Ep 1600, loss 0.0121
[Nonlinear] Ep 1700, loss 0.0121
[Nonlinear] Ep 1800, loss 0.0121
[Nonlinear] Ep 1900, loss 0.0121
[Nonlinear] Ep 0, loss 2.3701
[Nonlinear] Ep 100, loss 0.3205
[Nonlinear] Ep 200, loss 0.0276
[Nonlinear] Ep 300, loss 0.0181
[Nonlinear] Ep 400, loss 0.0175
[Nonlinear] Ep 500, loss 0.0172
[Nonlinear] Ep 600, loss 0.0170
[Nonlinear] Ep 700, loss 0.0168
[Nonlinear] Ep 800, loss 0.0166
[Nonlinear] Ep 900, loss 0.0164
[Nonlinear] Ep 1000, loss 0.0162
[Nonlinear] Ep 1100, loss 0.0161
[Nonlinear] Ep 1200, loss 0.0159
[Nonlinear] Ep 1300, loss 0.0158
[Nonlinear] Ep 1400, loss 0.0156
[Nonlinear] Ep 1500, loss 0.0155
[Nonlinear] Ep 1600, loss 0.0154
[Nonlinear] Ep 1700, loss 0.0153
[Nonlinear] Ep 1800, loss 0.0152
[Nonlinear] Ep 1900, loss 0.0151
[Nonlinear] Ep 0, loss 2.2204
[Nonlinear] Ep 100, loss 0.0271
[Nonlinear] Ep 200, loss 0.0120
[Nonlinear] Ep 300, loss 0.0120
[Nonlinear] Ep 400, loss 0.0120
[Nonlinear] Ep 500, loss 0.0120
[Nonlinear] Ep 600, loss 0.0120
[Nonlinear] Ep 700, loss 0.0119
[Nonlinear] Ep 800, loss 0.0119
[Nonlinear] Ep 900, loss 0.0119
[Nonlinear] Ep 1000, loss 0.0119
[Nonlinear] Ep 1100, loss 0.0119
[Nonlinear] Ep 1200, loss 0.0119
[Nonlinear] Ep 1300, loss 0.0119
[Nonlinear] Ep 1400, loss 0.0119
[Nonlinear] Ep 1500, loss 0.0119
[Nonlinear] Ep 1600, loss 0.0119
[Nonlinear] Ep 1700, loss 0.0119
[Nonlinear] Ep 1800, loss 0.0119
[Nonlinear] Ep 1900, loss 0.0119

=== Current trial for n = 3500, trial = 19 ===
[1 1 2]
[Nonlinear] Ep 0, loss 38.6119
[Nonlinear] Ep 100, loss 19.1248
[Nonlinear] Ep 200, loss 9.9051
[Nonlinear] Ep 300, loss 4.3365
[Nonlinear] Ep 400, loss 1.2522
[Nonlinear] Ep 500, loss 0.2508
[Nonlinear] Ep 600, loss 0.0807
[Nonlinear] Ep 700, loss 0.0678
[Nonlinear] Ep 800, loss 0.0674
[Nonlinear] Ep 900, loss 0.0673
[Nonlinear] Ep 1000, loss 0.0673
[Nonlinear] Ep 1100, loss 0.0673
[Nonlinear] Ep 1200, loss 0.0673
[Nonlinear] Ep 1300, loss 0.0673
[Nonlinear] Ep 1400, loss 0.0673
[Nonlinear] Ep 1500, loss 0.0672
[Nonlinear] Ep 1600, loss 0.0672
[Nonlinear] Ep 1700, loss 0.0672
[Nonlinear] Ep 1800, loss 0.0672
[Nonlinear] Ep 1900, loss 0.0672
[Nonlinear] Ep 0, loss 43.2751
[Nonlinear] Ep 100, loss 30.7657
[Nonlinear] Ep 200, loss 16.4870
[Nonlinear] Ep 300, loss 7.0304
[Nonlinear] Ep 400, loss 3.5830
[Nonlinear] Ep 500, loss 1.6252
[Nonlinear] Ep 600, loss 0.5222
[Nonlinear] Ep 700, loss 0.1248
[Nonlinear] Ep 800, loss 0.0813
[Nonlinear] Ep 900, loss 0.0788
[Nonlinear] Ep 1000, loss 0.0785
[Nonlinear] Ep 1100, loss 0.0783
[Nonlinear] Ep 1200, loss 0.0782
[Nonlinear] Ep 1300, loss 0.0781
[Nonlinear] Ep 1400, loss 0.0780
[Nonlinear] Ep 1500, loss 0.0779
[Nonlinear] Ep 1600, loss 0.0778
[Nonlinear] Ep 1700, loss 0.0777
[Nonlinear] Ep 1800, loss 0.0777
[Nonlinear] Ep 1900, loss 0.0776
[Nonlinear] Ep 0, loss 37.6421
[Nonlinear] Ep 100, loss 16.0229
[Nonlinear] Ep 200, loss 11.4174
[Nonlinear] Ep 300, loss 7.8111
[Nonlinear] Ep 400, loss 4.4301
[Nonlinear] Ep 500, loss 2.1445
[Nonlinear] Ep 600, loss 1.1051
[Nonlinear] Ep 700, loss 0.7982
[Nonlinear] Ep 800, loss 0.7336
[Nonlinear] Ep 900, loss 0.7206
[Nonlinear] Ep 1000, loss 0.7153
[Nonlinear] Ep 1100, loss 0.7113
[Nonlinear] Ep 1200, loss 0.7081
[Nonlinear] Ep 1300, loss 0.7055
[Nonlinear] Ep 1400, loss 0.7035
[Nonlinear] Ep 1500, loss 0.7020
[Nonlinear] Ep 1600, loss 0.7008
[Nonlinear] Ep 1700, loss 0.6998
[Nonlinear] Ep 1800, loss 0.6991
[Nonlinear] Ep 1900, loss 0.6985

=== Current trial for n = 3500, trial = 20 ===
[1 1 2]
[Nonlinear] Ep 0, loss 2.1110
[Nonlinear] Ep 100, loss 0.0499
[Nonlinear] Ep 200, loss 0.0116
[Nonlinear] Ep 300, loss 0.0116
[Nonlinear] Ep 400, loss 0.0116
[Nonlinear] Ep 500, loss 0.0116
[Nonlinear] Ep 600, loss 0.0116
[Nonlinear] Ep 700, loss 0.0116
[Nonlinear] Ep 800, loss 0.0116
[Nonlinear] Ep 900, loss 0.0116
[Nonlinear] Ep 1000, loss 0.0116
[Nonlinear] Ep 1100, loss 0.0116
[Nonlinear] Ep 1200, loss 0.0116
[Nonlinear] Ep 1300, loss 0.0116
[Nonlinear] Ep 1400, loss 0.0116
[Nonlinear] Ep 1500, loss 0.0116
[Nonlinear] Ep 1600, loss 0.0116
[Nonlinear] Ep 1700, loss 0.0116
[Nonlinear] Ep 1800, loss 0.0116
[Nonlinear] Ep 1900, loss 0.0116
[Nonlinear] Ep 0, loss 1.3786
[Nonlinear] Ep 100, loss 0.1302
[Nonlinear] Ep 200, loss 0.0156
[Nonlinear] Ep 300, loss 0.0142
[Nonlinear] Ep 400, loss 0.0137
[Nonlinear] Ep 500, loss 0.0135
[Nonlinear] Ep 600, loss 0.0134
[Nonlinear] Ep 700, loss 0.0133
[Nonlinear] Ep 800, loss 0.0132
[Nonlinear] Ep 900, loss 0.0131
[Nonlinear] Ep 1000, loss 0.0130
[Nonlinear] Ep 1100, loss 0.0130
[Nonlinear] Ep 1200, loss 0.0129
[Nonlinear] Ep 1300, loss 0.0129
[Nonlinear] Ep 1400, loss 0.0129
[Nonlinear] Ep 1500, loss 0.0128
[Nonlinear] Ep 1600, loss 0.0128
[Nonlinear] Ep 1700, loss 0.0128
[Nonlinear] Ep 1800, loss 0.0127
[Nonlinear] Ep 1900, loss 0.0127
[Nonlinear] Ep 0, loss 2.4191
[Nonlinear] Ep 100, loss 0.0260
[Nonlinear] Ep 200, loss 0.0118
[Nonlinear] Ep 300, loss 0.0117
[Nonlinear] Ep 400, loss 0.0116
[Nonlinear] Ep 500, loss 0.0116
[Nonlinear] Ep 600, loss 0.0115
[Nonlinear] Ep 700, loss 0.0115
[Nonlinear] Ep 800, loss 0.0115
[Nonlinear] Ep 900, loss 0.0115
[Nonlinear] Ep 1000, loss 0.0115
[Nonlinear] Ep 1100, loss 0.0115
[Nonlinear] Ep 1200, loss 0.0115
[Nonlinear] Ep 1300, loss 0.0115
[Nonlinear] Ep 1400, loss 0.0115
[Nonlinear] Ep 1500, loss 0.0115
[Nonlinear] Ep 1600, loss 0.0115
[Nonlinear] Ep 1700, loss 0.0115
[Nonlinear] Ep 1800, loss 0.0115
[Nonlinear] Ep 1900, loss 0.0115

=== Current trial for n = 3500, trial = 21 ===
[1 1 2]
[Nonlinear] Ep 0, loss 39.7062
[Nonlinear] Ep 100, loss 20.8530
[Nonlinear] Ep 200, loss 11.0864
[Nonlinear] Ep 300, loss 4.8588
[Nonlinear] Ep 400, loss 1.4022
[Nonlinear] Ep 500, loss 0.3012
[Nonlinear] Ep 600, loss 0.0860
[Nonlinear] Ep 700, loss 0.0590
[Nonlinear] Ep 800, loss 0.0568
[Nonlinear] Ep 900, loss 0.0566
[Nonlinear] Ep 1000, loss 0.0566
[Nonlinear] Ep 1100, loss 0.0565
[Nonlinear] Ep 1200, loss 0.0565
[Nonlinear] Ep 1300, loss 0.0564
[Nonlinear] Ep 1400, loss 0.0564
[Nonlinear] Ep 1500, loss 0.0563
[Nonlinear] Ep 1600, loss 0.0563
[Nonlinear] Ep 1700, loss 0.0562
[Nonlinear] Ep 1800, loss 0.0562
[Nonlinear] Ep 1900, loss 0.0561
[Nonlinear] Ep 0, loss 44.0322
[Nonlinear] Ep 100, loss 30.5015
[Nonlinear] Ep 200, loss 15.3827
[Nonlinear] Ep 300, loss 6.1830
[Nonlinear] Ep 400, loss 2.7097
[Nonlinear] Ep 500, loss 1.0894
[Nonlinear] Ep 600, loss 0.4027
[Nonlinear] Ep 700, loss 0.2099
[Nonlinear] Ep 800, loss 0.1479
[Nonlinear] Ep 900, loss 0.1217
[Nonlinear] Ep 1000, loss 0.1083
[Nonlinear] Ep 1100, loss 0.0993
[Nonlinear] Ep 1200, loss 0.0926
[Nonlinear] Ep 1300, loss 0.0885
[Nonlinear] Ep 1400, loss 0.0855
[Nonlinear] Ep 1500, loss 0.0832
[Nonlinear] Ep 1600, loss 0.0815
[Nonlinear] Ep 1700, loss 0.0801
[Nonlinear] Ep 1800, loss 0.0791
[Nonlinear] Ep 1900, loss 0.0783
[Nonlinear] Ep 0, loss 40.4478
[Nonlinear] Ep 100, loss 17.8631
[Nonlinear] Ep 200, loss 10.8845
[Nonlinear] Ep 300, loss 6.3064
[Nonlinear] Ep 400, loss 3.0378
[Nonlinear] Ep 500, loss 1.3684
[Nonlinear] Ep 600, loss 0.8463
[Nonlinear] Ep 700, loss 0.7445
[Nonlinear] Ep 800, loss 0.7250
[Nonlinear] Ep 900, loss 0.7163
[Nonlinear] Ep 1000, loss 0.7100
[Nonlinear] Ep 1100, loss 0.7053
[Nonlinear] Ep 1200, loss 0.7019
[Nonlinear] Ep 1300, loss 0.6995
[Nonlinear] Ep 1400, loss 0.6978
[Nonlinear] Ep 1500, loss 0.6966
[Nonlinear] Ep 1600, loss 0.6958
[Nonlinear] Ep 1700, loss 0.6953
[Nonlinear] Ep 1800, loss 0.6950
[Nonlinear] Ep 1900, loss 0.6947

=== Current trial for n = 3500, trial = 22 ===
[1 1 2]
[Nonlinear] Ep 0, loss 3.3399
[Nonlinear] Ep 100, loss 0.3041
[Nonlinear] Ep 200, loss 0.0158
[Nonlinear] Ep 300, loss 0.0116
[Nonlinear] Ep 400, loss 0.0116
[Nonlinear] Ep 500, loss 0.0116
[Nonlinear] Ep 600, loss 0.0116
[Nonlinear] Ep 700, loss 0.0116
[Nonlinear] Ep 800, loss 0.0116
[Nonlinear] Ep 900, loss 0.0116
[Nonlinear] Ep 1000, loss 0.0116
[Nonlinear] Ep 1100, loss 0.0116
[Nonlinear] Ep 1200, loss 0.0116
[Nonlinear] Ep 1300, loss 0.0116
[Nonlinear] Ep 1400, loss 0.0116
[Nonlinear] Ep 1500, loss 0.0116
[Nonlinear] Ep 1600, loss 0.0116
[Nonlinear] Ep 1700, loss 0.0116
[Nonlinear] Ep 1800, loss 0.0116
[Nonlinear] Ep 1900, loss 0.0116
[Nonlinear] Ep 0, loss 1.8777
[Nonlinear] Ep 100, loss 0.3995
[Nonlinear] Ep 200, loss 0.0250
[Nonlinear] Ep 300, loss 0.0139
[Nonlinear] Ep 400, loss 0.0136
[Nonlinear] Ep 500, loss 0.0136
[Nonlinear] Ep 600, loss 0.0135
[Nonlinear] Ep 700, loss 0.0135
[Nonlinear] Ep 800, loss 0.0134
[Nonlinear] Ep 900, loss 0.0134
[Nonlinear] Ep 1000, loss 0.0133
[Nonlinear] Ep 1100, loss 0.0133
[Nonlinear] Ep 1200, loss 0.0132
[Nonlinear] Ep 1300, loss 0.0132
[Nonlinear] Ep 1400, loss 0.0132
[Nonlinear] Ep 1500, loss 0.0131
[Nonlinear] Ep 1600, loss 0.0131
[Nonlinear] Ep 1700, loss 0.0130
[Nonlinear] Ep 1800, loss 0.0130
[Nonlinear] Ep 1900, loss 0.0130
[Nonlinear] Ep 0, loss 2.8453
[Nonlinear] Ep 100, loss 0.0695
[Nonlinear] Ep 200, loss 0.0139
[Nonlinear] Ep 300, loss 0.0129
[Nonlinear] Ep 400, loss 0.0123
[Nonlinear] Ep 500, loss 0.0119
[Nonlinear] Ep 600, loss 0.0117
[Nonlinear] Ep 700, loss 0.0116
[Nonlinear] Ep 800, loss 0.0115
[Nonlinear] Ep 900, loss 0.0115
[Nonlinear] Ep 1000, loss 0.0115
[Nonlinear] Ep 1100, loss 0.0115
[Nonlinear] Ep 1200, loss 0.0115
[Nonlinear] Ep 1300, loss 0.0115
[Nonlinear] Ep 1400, loss 0.0115
[Nonlinear] Ep 1500, loss 0.0115
[Nonlinear] Ep 1600, loss 0.0115
[Nonlinear] Ep 1700, loss 0.0115
[Nonlinear] Ep 1800, loss 0.0115
[Nonlinear] Ep 1900, loss 0.0115

=== Current trial for n = 3500, trial = 23 ===
[1 1 2]
[Nonlinear] Ep 0, loss 2.5727
[Nonlinear] Ep 100, loss 0.2299
[Nonlinear] Ep 200, loss 0.0129
[Nonlinear] Ep 300, loss 0.0112
[Nonlinear] Ep 400, loss 0.0112
[Nonlinear] Ep 500, loss 0.0112
[Nonlinear] Ep 600, loss 0.0112
[Nonlinear] Ep 700, loss 0.0112
[Nonlinear] Ep 800, loss 0.0112
[Nonlinear] Ep 900, loss 0.0112
[Nonlinear] Ep 1000, loss 0.0112
[Nonlinear] Ep 1100, loss 0.0112
[Nonlinear] Ep 1200, loss 0.0112
[Nonlinear] Ep 1300, loss 0.0112
[Nonlinear] Ep 1400, loss 0.0112
[Nonlinear] Ep 1500, loss 0.0112
[Nonlinear] Ep 1600, loss 0.0112
[Nonlinear] Ep 1700, loss 0.0112
[Nonlinear] Ep 1800, loss 0.0112
[Nonlinear] Ep 1900, loss 0.0112
[Nonlinear] Ep 0, loss 2.5602
[Nonlinear] Ep 100, loss 0.5517
[Nonlinear] Ep 200, loss 0.0273
[Nonlinear] Ep 300, loss 0.0138
[Nonlinear] Ep 400, loss 0.0137
[Nonlinear] Ep 500, loss 0.0136
[Nonlinear] Ep 600, loss 0.0135
[Nonlinear] Ep 700, loss 0.0135
[Nonlinear] Ep 800, loss 0.0134
[Nonlinear] Ep 900, loss 0.0133
[Nonlinear] Ep 1000, loss 0.0133
[Nonlinear] Ep 1100, loss 0.0132
[Nonlinear] Ep 1200, loss 0.0132
[Nonlinear] Ep 1300, loss 0.0131
[Nonlinear] Ep 1400, loss 0.0131
[Nonlinear] Ep 1500, loss 0.0131
[Nonlinear] Ep 1600, loss 0.0130
[Nonlinear] Ep 1700, loss 0.0130
[Nonlinear] Ep 1800, loss 0.0130
[Nonlinear] Ep 1900, loss 0.0129
[Nonlinear] Ep 0, loss 2.1558
[Nonlinear] Ep 100, loss 0.0666
[Nonlinear] Ep 200, loss 0.0114
[Nonlinear] Ep 300, loss 0.0113
[Nonlinear] Ep 400, loss 0.0113
[Nonlinear] Ep 500, loss 0.0112
[Nonlinear] Ep 600, loss 0.0112
[Nonlinear] Ep 700, loss 0.0112
[Nonlinear] Ep 800, loss 0.0112
[Nonlinear] Ep 900, loss 0.0112
[Nonlinear] Ep 1000, loss 0.0112
[Nonlinear] Ep 1100, loss 0.0112
[Nonlinear] Ep 1200, loss 0.0112
[Nonlinear] Ep 1300, loss 0.0112
[Nonlinear] Ep 1400, loss 0.0112
[Nonlinear] Ep 1500, loss 0.0112
[Nonlinear] Ep 1600, loss 0.0112
[Nonlinear] Ep 1700, loss 0.0112
[Nonlinear] Ep 1800, loss 0.0112
[Nonlinear] Ep 1900, loss 0.0112

=== Current trial for n = 3500, trial = 24 ===
[1 1 2]
[Nonlinear] Ep 0, loss 1.9198
[Nonlinear] Ep 100, loss 0.1059
[Nonlinear] Ep 200, loss 0.0114
[Nonlinear] Ep 300, loss 0.0114
[Nonlinear] Ep 400, loss 0.0114
[Nonlinear] Ep 500, loss 0.0114
[Nonlinear] Ep 600, loss 0.0114
[Nonlinear] Ep 700, loss 0.0114
[Nonlinear] Ep 800, loss 0.0114
[Nonlinear] Ep 900, loss 0.0114
[Nonlinear] Ep 1000, loss 0.0114
[Nonlinear] Ep 1100, loss 0.0114
[Nonlinear] Ep 1200, loss 0.0114
[Nonlinear] Ep 1300, loss 0.0114
[Nonlinear] Ep 1400, loss 0.0114
[Nonlinear] Ep 1500, loss 0.0114
[Nonlinear] Ep 1600, loss 0.0114
[Nonlinear] Ep 1700, loss 0.0114
[Nonlinear] Ep 1800, loss 0.0114
[Nonlinear] Ep 1900, loss 0.0114
[Nonlinear] Ep 0, loss 2.1389
[Nonlinear] Ep 100, loss 0.3420
[Nonlinear] Ep 200, loss 0.0263
[Nonlinear] Ep 300, loss 0.0134
[Nonlinear] Ep 400, loss 0.0133
[Nonlinear] Ep 500, loss 0.0132
[Nonlinear] Ep 600, loss 0.0132
[Nonlinear] Ep 700, loss 0.0132
[Nonlinear] Ep 800, loss 0.0131
[Nonlinear] Ep 900, loss 0.0131
[Nonlinear] Ep 1000, loss 0.0130
[Nonlinear] Ep 1100, loss 0.0130
[Nonlinear] Ep 1200, loss 0.0129
[Nonlinear] Ep 1300, loss 0.0129
[Nonlinear] Ep 1400, loss 0.0129
[Nonlinear] Ep 1500, loss 0.0128
[Nonlinear] Ep 1600, loss 0.0128
[Nonlinear] Ep 1700, loss 0.0128
[Nonlinear] Ep 1800, loss 0.0127
[Nonlinear] Ep 1900, loss 0.0127
[Nonlinear] Ep 0, loss 1.5409
[Nonlinear] Ep 100, loss 0.0983
[Nonlinear] Ep 200, loss 0.0114
[Nonlinear] Ep 300, loss 0.0113
[Nonlinear] Ep 400, loss 0.0113
[Nonlinear] Ep 500, loss 0.0113
[Nonlinear] Ep 600, loss 0.0113
[Nonlinear] Ep 700, loss 0.0113
[Nonlinear] Ep 800, loss 0.0113
[Nonlinear] Ep 900, loss 0.0113
[Nonlinear] Ep 1000, loss 0.0113
[Nonlinear] Ep 1100, loss 0.0113
[Nonlinear] Ep 1200, loss 0.0113
[Nonlinear] Ep 1300, loss 0.0113
[Nonlinear] Ep 1400, loss 0.0113
[Nonlinear] Ep 1500, loss 0.0113
[Nonlinear] Ep 1600, loss 0.0113
[Nonlinear] Ep 1700, loss 0.0113
[Nonlinear] Ep 1800, loss 0.0113
[Nonlinear] Ep 1900, loss 0.0113

=== Current trial for n = 3500, trial = 25 ===
[1 1 2]
[Nonlinear] Ep 0, loss 42.6374
[Nonlinear] Ep 100, loss 25.1860
[Nonlinear] Ep 200, loss 13.6070
[Nonlinear] Ep 300, loss 6.9610
[Nonlinear] Ep 400, loss 2.7724
[Nonlinear] Ep 500, loss 0.7603
[Nonlinear] Ep 600, loss 0.1743
[Nonlinear] Ep 700, loss 0.0776
[Nonlinear] Ep 800, loss 0.0679
[Nonlinear] Ep 900, loss 0.0672
[Nonlinear] Ep 1000, loss 0.0671
[Nonlinear] Ep 1100, loss 0.0670
[Nonlinear] Ep 1200, loss 0.0670
[Nonlinear] Ep 1300, loss 0.0669
[Nonlinear] Ep 1400, loss 0.0668
[Nonlinear] Ep 1500, loss 0.0667
[Nonlinear] Ep 1600, loss 0.0667
[Nonlinear] Ep 1700, loss 0.0666
[Nonlinear] Ep 1800, loss 0.0665
[Nonlinear] Ep 1900, loss 0.0664
[Nonlinear] Ep 0, loss 39.0024
[Nonlinear] Ep 100, loss 25.1897
[Nonlinear] Ep 200, loss 12.0373
[Nonlinear] Ep 300, loss 5.3387
[Nonlinear] Ep 400, loss 2.2123
[Nonlinear] Ep 500, loss 0.8403
[Nonlinear] Ep 600, loss 0.3409
[Nonlinear] Ep 700, loss 0.1971
[Nonlinear] Ep 800, loss 0.1649
[Nonlinear] Ep 900, loss 0.1576
[Nonlinear] Ep 1000, loss 0.1547
[Nonlinear] Ep 1100, loss 0.1532
[Nonlinear] Ep 1200, loss 0.1523
[Nonlinear] Ep 1300, loss 0.1515
[Nonlinear] Ep 1400, loss 0.1508
[Nonlinear] Ep 1500, loss 0.1502
[Nonlinear] Ep 1600, loss 0.1496
[Nonlinear] Ep 1700, loss 0.1490
[Nonlinear] Ep 1800, loss 0.1484
[Nonlinear] Ep 1900, loss 0.1479
[Nonlinear] Ep 0, loss 41.3629
[Nonlinear] Ep 100, loss 19.1727
[Nonlinear] Ep 200, loss 12.3878
[Nonlinear] Ep 300, loss 7.9231
[Nonlinear] Ep 400, loss 4.2062
[Nonlinear] Ep 500, loss 1.9064
[Nonlinear] Ep 600, loss 0.9997
[Nonlinear] Ep 700, loss 0.7762
[Nonlinear] Ep 800, loss 0.7416
[Nonlinear] Ep 900, loss 0.7380
[Nonlinear] Ep 1000, loss 0.7376
[Nonlinear] Ep 1100, loss 0.7373
[Nonlinear] Ep 1200, loss 0.7371
[Nonlinear] Ep 1300, loss 0.7369
[Nonlinear] Ep 1400, loss 0.7366
[Nonlinear] Ep 1500, loss 0.7364
[Nonlinear] Ep 1600, loss 0.7362
[Nonlinear] Ep 1700, loss 0.7359
[Nonlinear] Ep 1800, loss 0.7356
[Nonlinear] Ep 1900, loss 0.7354

=== Current trial for n = 3500, trial = 26 ===
[1 1 2]
[Nonlinear] Ep 0, loss 2.0739
[Nonlinear] Ep 100, loss 0.0713
[Nonlinear] Ep 200, loss 0.0104
[Nonlinear] Ep 300, loss 0.0104
[Nonlinear] Ep 400, loss 0.0104
[Nonlinear] Ep 500, loss 0.0104
[Nonlinear] Ep 600, loss 0.0104
[Nonlinear] Ep 700, loss 0.0104
[Nonlinear] Ep 800, loss 0.0104
[Nonlinear] Ep 900, loss 0.0104
[Nonlinear] Ep 1000, loss 0.0103
[Nonlinear] Ep 1100, loss 0.0103
[Nonlinear] Ep 1200, loss 0.0103
[Nonlinear] Ep 1300, loss 0.0103
[Nonlinear] Ep 1400, loss 0.0103
[Nonlinear] Ep 1500, loss 0.0103
[Nonlinear] Ep 1600, loss 0.0103
[Nonlinear] Ep 1700, loss 0.0103
[Nonlinear] Ep 1800, loss 0.0103
[Nonlinear] Ep 1900, loss 0.0103
[Nonlinear] Ep 0, loss 1.4594
[Nonlinear] Ep 100, loss 0.1261
[Nonlinear] Ep 200, loss 0.0128
[Nonlinear] Ep 300, loss 0.0126
[Nonlinear] Ep 400, loss 0.0125
[Nonlinear] Ep 500, loss 0.0124
[Nonlinear] Ep 600, loss 0.0123
[Nonlinear] Ep 700, loss 0.0123
[Nonlinear] Ep 800, loss 0.0122
[Nonlinear] Ep 900, loss 0.0122
[Nonlinear] Ep 1000, loss 0.0122
[Nonlinear] Ep 1100, loss 0.0121
[Nonlinear] Ep 1200, loss 0.0121
[Nonlinear] Ep 1300, loss 0.0121
[Nonlinear] Ep 1400, loss 0.0120
[Nonlinear] Ep 1500, loss 0.0120
[Nonlinear] Ep 1600, loss 0.0119
[Nonlinear] Ep 1700, loss 0.0119
[Nonlinear] Ep 1800, loss 0.0119
[Nonlinear] Ep 1900, loss 0.0118
[Nonlinear] Ep 0, loss 3.6384
[Nonlinear] Ep 100, loss 0.1429
[Nonlinear] Ep 200, loss 0.0144
[Nonlinear] Ep 300, loss 0.0112
[Nonlinear] Ep 400, loss 0.0109
[Nonlinear] Ep 500, loss 0.0107
[Nonlinear] Ep 600, loss 0.0106
[Nonlinear] Ep 700, loss 0.0104
[Nonlinear] Ep 800, loss 0.0104
[Nonlinear] Ep 900, loss 0.0103
[Nonlinear] Ep 1000, loss 0.0102
[Nonlinear] Ep 1100, loss 0.0102
[Nonlinear] Ep 1200, loss 0.0102
[Nonlinear] Ep 1300, loss 0.0102
[Nonlinear] Ep 1400, loss 0.0102
[Nonlinear] Ep 1500, loss 0.0102
[Nonlinear] Ep 1600, loss 0.0102
[Nonlinear] Ep 1700, loss 0.0102
[Nonlinear] Ep 1800, loss 0.0102
[Nonlinear] Ep 1900, loss 0.0102

=== Current trial for n = 3500, trial = 27 ===
[1 1 2]
[Nonlinear] Ep 0, loss 3.3748
[Nonlinear] Ep 100, loss 0.2189
[Nonlinear] Ep 200, loss 0.0146
[Nonlinear] Ep 300, loss 0.0116
[Nonlinear] Ep 400, loss 0.0115
[Nonlinear] Ep 500, loss 0.0115
[Nonlinear] Ep 600, loss 0.0115
[Nonlinear] Ep 700, loss 0.0115
[Nonlinear] Ep 800, loss 0.0115
[Nonlinear] Ep 900, loss 0.0115
[Nonlinear] Ep 1000, loss 0.0115
[Nonlinear] Ep 1100, loss 0.0115
[Nonlinear] Ep 1200, loss 0.0115
[Nonlinear] Ep 1300, loss 0.0115
[Nonlinear] Ep 1400, loss 0.0115
[Nonlinear] Ep 1500, loss 0.0115
[Nonlinear] Ep 1600, loss 0.0115
[Nonlinear] Ep 1700, loss 0.0115
[Nonlinear] Ep 1800, loss 0.0115
[Nonlinear] Ep 1900, loss 0.0115
[Nonlinear] Ep 0, loss 2.2799
[Nonlinear] Ep 100, loss 0.6638
[Nonlinear] Ep 200, loss 0.0878
[Nonlinear] Ep 300, loss 0.0149
[Nonlinear] Ep 400, loss 0.0140
[Nonlinear] Ep 500, loss 0.0139
[Nonlinear] Ep 600, loss 0.0138
[Nonlinear] Ep 700, loss 0.0137
[Nonlinear] Ep 800, loss 0.0137
[Nonlinear] Ep 900, loss 0.0136
[Nonlinear] Ep 1000, loss 0.0135
[Nonlinear] Ep 1100, loss 0.0135
[Nonlinear] Ep 1200, loss 0.0134
[Nonlinear] Ep 1300, loss 0.0134
[Nonlinear] Ep 1400, loss 0.0134
[Nonlinear] Ep 1500, loss 0.0133
[Nonlinear] Ep 1600, loss 0.0133
[Nonlinear] Ep 1700, loss 0.0132
[Nonlinear] Ep 1800, loss 0.0132
[Nonlinear] Ep 1900, loss 0.0132
[Nonlinear] Ep 0, loss 1.8045
[Nonlinear] Ep 100, loss 0.0745
[Nonlinear] Ep 200, loss 0.0132
[Nonlinear] Ep 300, loss 0.0120
[Nonlinear] Ep 400, loss 0.0116
[Nonlinear] Ep 500, loss 0.0116
[Nonlinear] Ep 600, loss 0.0116
[Nonlinear] Ep 700, loss 0.0116
[Nonlinear] Ep 800, loss 0.0116
[Nonlinear] Ep 900, loss 0.0116
[Nonlinear] Ep 1000, loss 0.0116
[Nonlinear] Ep 1100, loss 0.0116
[Nonlinear] Ep 1200, loss 0.0116
[Nonlinear] Ep 1300, loss 0.0116
[Nonlinear] Ep 1400, loss 0.0116
[Nonlinear] Ep 1500, loss 0.0116
[Nonlinear] Ep 1600, loss 0.0116
[Nonlinear] Ep 1700, loss 0.0116
[Nonlinear] Ep 1800, loss 0.0115
[Nonlinear] Ep 1900, loss 0.0115

=== Current trial for n = 3500, trial = 28 ===
[1 1 2]
[Nonlinear] Ep 0, loss 1.7257
[Nonlinear] Ep 100, loss 0.0296
[Nonlinear] Ep 200, loss 0.0105
[Nonlinear] Ep 300, loss 0.0105
[Nonlinear] Ep 400, loss 0.0105
[Nonlinear] Ep 500, loss 0.0105
[Nonlinear] Ep 600, loss 0.0105
[Nonlinear] Ep 700, loss 0.0105
[Nonlinear] Ep 800, loss 0.0105
[Nonlinear] Ep 900, loss 0.0105
[Nonlinear] Ep 1000, loss 0.0105
[Nonlinear] Ep 1100, loss 0.0105
[Nonlinear] Ep 1200, loss 0.0105
[Nonlinear] Ep 1300, loss 0.0105
[Nonlinear] Ep 1400, loss 0.0105
[Nonlinear] Ep 1500, loss 0.0105
[Nonlinear] Ep 1600, loss 0.0105
[Nonlinear] Ep 1700, loss 0.0105
[Nonlinear] Ep 1800, loss 0.0105
[Nonlinear] Ep 1900, loss 0.0105
[Nonlinear] Ep 0, loss 2.5948
[Nonlinear] Ep 100, loss 0.3341
[Nonlinear] Ep 200, loss 0.0198
[Nonlinear] Ep 300, loss 0.0116
[Nonlinear] Ep 400, loss 0.0115
[Nonlinear] Ep 500, loss 0.0115
[Nonlinear] Ep 600, loss 0.0114
[Nonlinear] Ep 700, loss 0.0114
[Nonlinear] Ep 800, loss 0.0114
[Nonlinear] Ep 900, loss 0.0113
[Nonlinear] Ep 1000, loss 0.0113
[Nonlinear] Ep 1100, loss 0.0113
[Nonlinear] Ep 1200, loss 0.0113
[Nonlinear] Ep 1300, loss 0.0112
[Nonlinear] Ep 1400, loss 0.0112
[Nonlinear] Ep 1500, loss 0.0112
[Nonlinear] Ep 1600, loss 0.0112
[Nonlinear] Ep 1700, loss 0.0112
[Nonlinear] Ep 1800, loss 0.0112
[Nonlinear] Ep 1900, loss 0.0112
[Nonlinear] Ep 0, loss 4.0828
[Nonlinear] Ep 100, loss 0.1480
[Nonlinear] Ep 200, loss 0.0118
[Nonlinear] Ep 300, loss 0.0106
[Nonlinear] Ep 400, loss 0.0105
[Nonlinear] Ep 500, loss 0.0105
[Nonlinear] Ep 600, loss 0.0105
[Nonlinear] Ep 700, loss 0.0105
[Nonlinear] Ep 800, loss 0.0105
[Nonlinear] Ep 900, loss 0.0105
[Nonlinear] Ep 1000, loss 0.0105
[Nonlinear] Ep 1100, loss 0.0105
[Nonlinear] Ep 1200, loss 0.0105
[Nonlinear] Ep 1300, loss 0.0105
[Nonlinear] Ep 1400, loss 0.0105
[Nonlinear] Ep 1500, loss 0.0105
[Nonlinear] Ep 1600, loss 0.0105
[Nonlinear] Ep 1700, loss 0.0105
[Nonlinear] Ep 1800, loss 0.0105
[Nonlinear] Ep 1900, loss 0.0105

=== Current trial for n = 3500, trial = 29 ===
[1 1 2]
[Nonlinear] Ep 0, loss 46.9692
[Nonlinear] Ep 100, loss 24.0732
[Nonlinear] Ep 200, loss 10.9432
[Nonlinear] Ep 300, loss 5.2338
[Nonlinear] Ep 400, loss 2.0857
[Nonlinear] Ep 500, loss 0.6129
[Nonlinear] Ep 600, loss 0.1506
[Nonlinear] Ep 700, loss 0.0581
[Nonlinear] Ep 800, loss 0.0450
[Nonlinear] Ep 900, loss 0.0436
[Nonlinear] Ep 1000, loss 0.0434
[Nonlinear] Ep 1100, loss 0.0434
[Nonlinear] Ep 1200, loss 0.0434
[Nonlinear] Ep 1300, loss 0.0433
[Nonlinear] Ep 1400, loss 0.0433
[Nonlinear] Ep 1500, loss 0.0433
[Nonlinear] Ep 1600, loss 0.0433
[Nonlinear] Ep 1700, loss 0.0432
[Nonlinear] Ep 1800, loss 0.0432
[Nonlinear] Ep 1900, loss 0.0432
[Nonlinear] Ep 0, loss 44.2295
[Nonlinear] Ep 100, loss 29.2059
[Nonlinear] Ep 200, loss 13.8045
[Nonlinear] Ep 300, loss 6.7570
[Nonlinear] Ep 400, loss 3.7505
[Nonlinear] Ep 500, loss 1.7820
[Nonlinear] Ep 600, loss 0.7454
[Nonlinear] Ep 700, loss 0.3697
[Nonlinear] Ep 800, loss 0.2228
[Nonlinear] Ep 900, loss 0.1559
[Nonlinear] Ep 1000, loss 0.1205
[Nonlinear] Ep 1100, loss 0.1003
[Nonlinear] Ep 1200, loss 0.0862
[Nonlinear] Ep 1300, loss 0.0779
[Nonlinear] Ep 1400, loss 0.0734
[Nonlinear] Ep 1500, loss 0.0709
[Nonlinear] Ep 1600, loss 0.0695
[Nonlinear] Ep 1700, loss 0.0687
[Nonlinear] Ep 1800, loss 0.0682
[Nonlinear] Ep 1900, loss 0.0678
[Nonlinear] Ep 0, loss 50.5273
[Nonlinear] Ep 100, loss 19.6685
[Nonlinear] Ep 200, loss 12.2658
[Nonlinear] Ep 300, loss 8.2640
[Nonlinear] Ep 400, loss 4.8094
[Nonlinear] Ep 500, loss 2.5067
[Nonlinear] Ep 600, loss 1.3389
[Nonlinear] Ep 700, loss 0.8844
[Nonlinear] Ep 800, loss 0.7493
[Nonlinear] Ep 900, loss 0.7192
[Nonlinear] Ep 1000, loss 0.7124
[Nonlinear] Ep 1100, loss 0.7093
[Nonlinear] Ep 1200, loss 0.7069
[Nonlinear] Ep 1300, loss 0.7048
[Nonlinear] Ep 1400, loss 0.7030
[Nonlinear] Ep 1500, loss 0.7015
[Nonlinear] Ep 1600, loss 0.7002
[Nonlinear] Ep 1700, loss 0.6992
[Nonlinear] Ep 1800, loss 0.6983
[Nonlinear] Ep 1900, loss 0.6976

=== Current trial for n = 3500, trial = 30 ===
[1 1 2]
[Nonlinear] Ep 0, loss 1.9810
[Nonlinear] Ep 100, loss 0.0327
[Nonlinear] Ep 200, loss 0.0109
[Nonlinear] Ep 300, loss 0.0109
[Nonlinear] Ep 400, loss 0.0109
[Nonlinear] Ep 500, loss 0.0109
[Nonlinear] Ep 600, loss 0.0109
[Nonlinear] Ep 700, loss 0.0109
[Nonlinear] Ep 800, loss 0.0109
[Nonlinear] Ep 900, loss 0.0109
[Nonlinear] Ep 1000, loss 0.0109
[Nonlinear] Ep 1100, loss 0.0109
[Nonlinear] Ep 1200, loss 0.0109
[Nonlinear] Ep 1300, loss 0.0109
[Nonlinear] Ep 1400, loss 0.0109
[Nonlinear] Ep 1500, loss 0.0109
[Nonlinear] Ep 1600, loss 0.0109
[Nonlinear] Ep 1700, loss 0.0109
[Nonlinear] Ep 1800, loss 0.0109
[Nonlinear] Ep 1900, loss 0.0109
[Nonlinear] Ep 0, loss 2.3917
[Nonlinear] Ep 100, loss 0.4764
[Nonlinear] Ep 200, loss 0.0424
[Nonlinear] Ep 300, loss 0.0130
[Nonlinear] Ep 400, loss 0.0123
[Nonlinear] Ep 500, loss 0.0120
[Nonlinear] Ep 600, loss 0.0119
[Nonlinear] Ep 700, loss 0.0118
[Nonlinear] Ep 800, loss 0.0118
[Nonlinear] Ep 900, loss 0.0118
[Nonlinear] Ep 1000, loss 0.0118
[Nonlinear] Ep 1100, loss 0.0117
[Nonlinear] Ep 1200, loss 0.0117
[Nonlinear] Ep 1300, loss 0.0117
[Nonlinear] Ep 1400, loss 0.0117
[Nonlinear] Ep 1500, loss 0.0116
[Nonlinear] Ep 1600, loss 0.0116
[Nonlinear] Ep 1700, loss 0.0116
[Nonlinear] Ep 1800, loss 0.0116
[Nonlinear] Ep 1900, loss 0.0116
[Nonlinear] Ep 0, loss 2.6417
[Nonlinear] Ep 100, loss 0.2320
[Nonlinear] Ep 200, loss 0.0126
[Nonlinear] Ep 300, loss 0.0112
[Nonlinear] Ep 400, loss 0.0111
[Nonlinear] Ep 500, loss 0.0110
[Nonlinear] Ep 600, loss 0.0109
[Nonlinear] Ep 700, loss 0.0109
[Nonlinear] Ep 800, loss 0.0109
[Nonlinear] Ep 900, loss 0.0109
[Nonlinear] Ep 1000, loss 0.0109
[Nonlinear] Ep 1100, loss 0.0109
[Nonlinear] Ep 1200, loss 0.0109
[Nonlinear] Ep 1300, loss 0.0109
[Nonlinear] Ep 1400, loss 0.0109
[Nonlinear] Ep 1500, loss 0.0109
[Nonlinear] Ep 1600, loss 0.0109
[Nonlinear] Ep 1700, loss 0.0109
[Nonlinear] Ep 1800, loss 0.0109
[Nonlinear] Ep 1900, loss 0.0109
>>> Finished experiment for n = 3500
>>> Result: {'n': 3500, 'clustered': [np.float64(0.014370010467849295), np.float64(0.018384885488157914), np.float64(0.0016381226751511601)], 'same_cluster': [np.float64(0.05361564511344264), np.float64(0.06575976860351189), np.float64(0.025567514254799074)], 'distinct_clusters': [np.float64(0.03940819438156366), np.float64(0.04511653748015929), np.float64(0.001655826328184524)], 'pred_clustered': np.float64(0.0226662338669133), 'pred_same_cluster': np.float64(0.03595472885593196), 'pred_distinct_clusters': np.float64(0.27427561502861314)}
>>> Saving CSV
>>> Plots saved
!!! Error during saving/plotting for n = 3500: [Errno 2] No such file or directory: 'Plots/pred_nl_comp_singid/clustered_n_3500.png'
