=== Starting job ID 0 on node midway3-0090.rcc.local ===
Running AMP experiment for n = 2000
>>> Script started
>>> Running AMP comparison experiment with n = 2000

=== Current trial for n = 2000, trial = 1 ===
[1 1 2]

=== Current trial for n = 2000, trial = 2 ===
[1 1 2]

=== Current trial for n = 2000, trial = 3 ===
[1 1 2]

=== Current trial for n = 2000, trial = 4 ===
[1 1 2]

=== Current trial for n = 2000, trial = 5 ===
[1 1 2]

=== Current trial for n = 2000, trial = 6 ===
[1 1 2]

=== Current trial for n = 2000, trial = 7 ===
[1 1 2]

=== Current trial for n = 2000, trial = 8 ===
[1 1 2]

=== Current trial for n = 2000, trial = 9 ===
[1 1 2]

=== Current trial for n = 2000, trial = 10 ===
[1 1 2]

=== Current trial for n = 2000, trial = 11 ===
[1 1 2]

=== Current trial for n = 2000, trial = 12 ===
[1 1 2]

=== Current trial for n = 2000, trial = 13 ===
[1 1 2]

=== Current trial for n = 2000, trial = 14 ===
[1 1 2]

=== Current trial for n = 2000, trial = 15 ===
[1 1 2]

=== Current trial for n = 2000, trial = 16 ===
[1 1 2]

=== Current trial for n = 2000, trial = 17 ===
[1 1 2]

=== Current trial for n = 2000, trial = 18 ===
[1 1 2]

=== Current trial for n = 2000, trial = 19 ===
[1 1 2]

=== Current trial for n = 2000, trial = 20 ===
[1 1 2]

=== Current trial for n = 2000, trial = 21 ===
[1 1 2]

=== Current trial for n = 2000, trial = 22 ===
[1 1 2]

=== Current trial for n = 2000, trial = 23 ===
[1 1 2]

=== Current trial for n = 2000, trial = 24 ===
[1 1 2]

=== Current trial for n = 2000, trial = 25 ===
[1 1 2]

=== Current trial for n = 2000, trial = 26 ===
[1 1 2]

=== Current trial for n = 2000, trial = 27 ===
[1 1 2]

=== Current trial for n = 2000, trial = 28 ===
[1 1 2]

=== Current trial for n = 2000, trial = 29 ===
[1 1 2]

=== Current trial for n = 2000, trial = 30 ===
[1 1 2]

=== Current trial for n = 2000, trial = 31 ===
[1 1 2]

=== Current trial for n = 2000, trial = 32 ===
[1 1 2]

=== Current trial for n = 2000, trial = 33 ===
[1 1 2]

=== Current trial for n = 2000, trial = 34 ===
[1 1 2]

=== Current trial for n = 2000, trial = 35 ===
[1 1 2]

=== Current trial for n = 2000, trial = 36 ===
[1 1 2]

=== Current trial for n = 2000, trial = 37 ===
[1 1 2]

=== Current trial for n = 2000, trial = 38 ===
[1 1 2]

=== Current trial for n = 2000, trial = 39 ===
[1 1 2]

=== Current trial for n = 2000, trial = 40 ===
[1 1 2]

=== Current trial for n = 2000, trial = 41 ===
[1 1 2]

=== Current trial for n = 2000, trial = 42 ===
[1 1 2]

=== Current trial for n = 2000, trial = 43 ===
[1 1 2]

=== Current trial for n = 2000, trial = 44 ===
[1 1 2]

=== Current trial for n = 2000, trial = 45 ===
[1 1 2]

=== Current trial for n = 2000, trial = 46 ===
[1 1 2]

=== Current trial for n = 2000, trial = 47 ===
[1 1 2]

=== Current trial for n = 2000, trial = 48 ===
[1 1 2]

=== Current trial for n = 2000, trial = 49 ===
[1 1 2]

=== Current trial for n = 2000, trial = 50 ===
[1 1 2]
>>> Finished experiment for n = 2000
>>> Result: {'n': 2000, 'clustered': [np.float64(0.01562910164938162), np.float64(0.018617007843124617), np.float64(0.0015859913690367045)], 'same_cluster': [np.float64(0.053377267725101214), np.float64(0.06489952312441137), np.float64(0.026699151063967873)], 'distinct_clusters': [np.float64(0.037763306939598784), np.float64(0.04499340875229414), np.float64(0.0015944131756873993)]}
>>> Saving CSV
Saved Results/vary_n/partial_result_2000.csv
>>> Plotting
>>> Plots saved
