=== Starting job ID 3 on node midway3-0105.rcc.local ===
Running AMP experiment for n = 3500
>>> Script started
>>> Running AMP comparison experiment with n = 3500

=== Current trial for n = 3500, trial = 1 ===
[1 1 2]

=== Current trial for n = 3500, trial = 2 ===
[1 1 2]

=== Current trial for n = 3500, trial = 3 ===
[1 1 2]

=== Current trial for n = 3500, trial = 4 ===
[1 1 2]

=== Current trial for n = 3500, trial = 5 ===
[1 1 2]

=== Current trial for n = 3500, trial = 6 ===
[1 1 2]

=== Current trial for n = 3500, trial = 7 ===
[1 1 2]

=== Current trial for n = 3500, trial = 8 ===
[1 1 2]

=== Current trial for n = 3500, trial = 9 ===
[1 1 2]

=== Current trial for n = 3500, trial = 10 ===
[1 1 2]

=== Current trial for n = 3500, trial = 11 ===
[1 1 2]

=== Current trial for n = 3500, trial = 12 ===
[1 1 2]

=== Current trial for n = 3500, trial = 13 ===
[1 1 2]

=== Current trial for n = 3500, trial = 14 ===
[1 1 2]

=== Current trial for n = 3500, trial = 15 ===
[1 1 2]

=== Current trial for n = 3500, trial = 16 ===
[1 1 2]

=== Current trial for n = 3500, trial = 17 ===
[1 1 2]

=== Current trial for n = 3500, trial = 18 ===
[1 1 2]

=== Current trial for n = 3500, trial = 19 ===
[1 1 2]

=== Current trial for n = 3500, trial = 20 ===
[1 1 2]

=== Current trial for n = 3500, trial = 21 ===
[1 1 2]

=== Current trial for n = 3500, trial = 22 ===
[1 1 2]

=== Current trial for n = 3500, trial = 23 ===
[1 1 2]

=== Current trial for n = 3500, trial = 24 ===
[1 1 2]

=== Current trial for n = 3500, trial = 25 ===
[1 1 2]

=== Current trial for n = 3500, trial = 26 ===
[1 1 2]

=== Current trial for n = 3500, trial = 27 ===
[1 1 2]

=== Current trial for n = 3500, trial = 28 ===
[1 1 2]

=== Current trial for n = 3500, trial = 29 ===
[1 1 2]

=== Current trial for n = 3500, trial = 30 ===
[1 1 2]

=== Current trial for n = 3500, trial = 31 ===
[1 1 2]

=== Current trial for n = 3500, trial = 32 ===
[1 1 2]

=== Current trial for n = 3500, trial = 33 ===
[1 1 2]

=== Current trial for n = 3500, trial = 34 ===
[1 1 2]

=== Current trial for n = 3500, trial = 35 ===
[1 1 2]

=== Current trial for n = 3500, trial = 36 ===
[1 1 2]

=== Current trial for n = 3500, trial = 37 ===
[1 1 2]

=== Current trial for n = 3500, trial = 38 ===
[1 1 2]

=== Current trial for n = 3500, trial = 39 ===
[1 1 2]

=== Current trial for n = 3500, trial = 40 ===
[1 1 2]

=== Current trial for n = 3500, trial = 41 ===
[1 1 2]

=== Current trial for n = 3500, trial = 42 ===
[1 1 2]

=== Current trial for n = 3500, trial = 43 ===
[1 1 2]

=== Current trial for n = 3500, trial = 44 ===
[1 1 2]

=== Current trial for n = 3500, trial = 45 ===
[1 1 2]

=== Current trial for n = 3500, trial = 46 ===
[1 1 2]

=== Current trial for n = 3500, trial = 47 ===
[1 1 2]

=== Current trial for n = 3500, trial = 48 ===
[1 1 2]

=== Current trial for n = 3500, trial = 49 ===
[1 1 2]

=== Current trial for n = 3500, trial = 50 ===
[1 1 2]
>>> Finished experiment for n = 3500
>>> Result: {'n': 3500, 'clustered': [np.float64(0.015994834748572474), np.float64(0.019376093857821297), np.float64(0.001358774384077033)], 'same_cluster': [np.float64(0.04910901945891035), np.float64(0.06177933099310194), np.float64(0.024486700734279197)], 'distinct_clusters': [np.float64(0.03821978505677188), np.float64(0.04695933008465596), np.float64(0.0014042148678490957)]}
>>> Saving CSV
Saved Results/vary_n/partial_result_3500.csv
>>> Plotting
>>> Plots saved
